	.text
	.syntax unified
	.eabi_attribute	67, "2.09"	@ Tag_conformance
	.cpu	cortex-m4
	.eabi_attribute	6, 13	@ Tag_CPU_arch
	.eabi_attribute	7, 77	@ Tag_CPU_arch_profile
	.eabi_attribute	8, 0	@ Tag_ARM_ISA_use
	.eabi_attribute	9, 2	@ Tag_THUMB_ISA_use
	.fpu	fpv4-sp-d16
	.eabi_attribute	27, 1	@ Tag_ABI_HardFP_use
	.eabi_attribute	36, 1	@ Tag_FP_HP_extension
	.eabi_attribute	34, 1	@ Tag_CPU_unaligned_access
	.eabi_attribute	17, 1	@ Tag_ABI_PCS_GOT_use
	.eabi_attribute	20, 2	@ Tag_ABI_FP_denormal
	.eabi_attribute	21, 0	@ Tag_ABI_FP_exceptions
	.eabi_attribute	23, 1	@ Tag_ABI_FP_number_model
	.eabi_attribute	24, 1	@ Tag_ABI_align_needed
	.eabi_attribute	25, 1	@ Tag_ABI_align_preserved
	.eabi_attribute	28, 1	@ Tag_ABI_VFP_args
	.eabi_attribute	38, 1	@ Tag_ABI_FP_16bit_format
	.eabi_attribute	18, 2	@ Tag_ABI_PCS_wchar_t
	.eabi_attribute	26, 1	@ Tag_ABI_enum_size
	.eabi_attribute	14, 0	@ Tag_ABI_PCS_R9_use
	.file	"cordic.c"
	.file	1 "C:\\" "Keil_v5\\ARM\\ARMCLANG\\Bin\\..\\include\\stdint.h"
	.file	2 "C:\\Users\\grodriguez\\Documents\\iit\\icub-firmware\\emBODY\\eBcode\\arch-arm\\libs\\lowlevel\\stm32hal\\proj" "../src/driver/stm32g4-v120/inc/stm32g474xx.h"
	.file	3 "C:\\Users\\grodriguez\\Documents\\iit\\icub-firmware\\emBODY\\eBcode\\arch-arm\\libs\\lowlevel\\stm32hal\\proj" "../api\\../src/driver/stm32g4-v120/inc/stm32g4xx_hal_cordic.h"
	.file	4 "C:\\Users\\grodriguez\\Documents\\iit\\icub-firmware\\emBODY\\eBcode\\arch-arm\\libs\\lowlevel\\stm32hal\\proj" "../api\\../src/driver/stm32g4-v120/inc/stm32g4xx_hal_dma.h"
	.file	5 "C:\\Users\\grodriguez\\Documents\\iit\\icub-firmware\\emBODY\\eBcode\\arch-arm\\libs\\lowlevel\\stm32hal\\proj" "../src/driver/stm32g4-v120/inc/stm32g4xx_hal_def.h"
	.file	6 "C:\\Users\\grodriguez\\Documents\\iit\\icub-firmware\\emBODY\\eBcode\\arch-arm\\libs\\lowlevel\\stm32hal\\proj" "../src/board/amcbldc/v120/src/cordic.c"
	.section	.text.MX_CORDIC_Init,"ax",%progbits
	.hidden	MX_CORDIC_Init                  @ -- Begin function MX_CORDIC_Init
	.globl	MX_CORDIC_Init
	.p2align	1
	.type	MX_CORDIC_Init,%function
	.code	16                              @ @MX_CORDIC_Init
	.thumb_func
MX_CORDIC_Init:
.Lfunc_begin0:
	.loc	6 31 0                          @ ../src/board/amcbldc/v120/src/cordic.c:31:0
	.fnstart
	.cfi_sections .debug_frame
	.cfi_startproc
@ %bb.0:
	.save	{r7, lr}
	push	{r7, lr}
	.cfi_def_cfa_offset 8
	.cfi_offset lr, -4
	.cfi_offset r7, -8
.Ltmp0:
	.loc	6 33 20 prologue_end            @ ../src/board/amcbldc/v120/src/cordic.c:33:20
	movw	r0, :lower16:hcordic
	movw	r1, #3072
	movt	r0, :upper16:hcordic
	movt	r1, #16386
	str	r1, [r0]
.Ltmp1:
	.loc	6 34 7                          @ ../src/board/amcbldc/v120/src/cordic.c:34:7
	bl	HAL_CORDIC_Init
.Ltmp2:
	.loc	6 34 7 is_stmt 0                @ ../src/board/amcbldc/v120/src/cordic.c:34:7
	cbz	r0, .LBB0_2
@ %bb.1:
.Ltmp3:
	.loc	6 36 5 is_stmt 1                @ ../src/board/amcbldc/v120/src/cordic.c:36:5
	pop.w	{r7, lr}
.Ltmp4:
	b	Error_Handler
.Ltmp5:
.LBB0_2:
	.loc	6 39 1                          @ ../src/board/amcbldc/v120/src/cordic.c:39:1
	pop	{r7, pc}
.Ltmp6:
.Lfunc_end0:
	.size	MX_CORDIC_Init, .Lfunc_end0-MX_CORDIC_Init
	.cfi_endproc
	.file	7 "C:\\Users\\grodriguez\\Documents\\iit\\icub-firmware\\emBODY\\eBcode\\arch-arm\\libs\\lowlevel\\stm32hal\\proj" "../api/../src/board/amcbldc/v120/inc/main.h"
	.cantunwind
	.fnend
                                        @ -- End function
	.section	.text.HAL_CORDIC_MspInit,"ax",%progbits
	.hidden	HAL_CORDIC_MspInit              @ -- Begin function HAL_CORDIC_MspInit
	.globl	HAL_CORDIC_MspInit
	.p2align	1
	.type	HAL_CORDIC_MspInit,%function
	.code	16                              @ @HAL_CORDIC_MspInit
	.thumb_func
HAL_CORDIC_MspInit:
.Lfunc_begin1:
	.loc	6 42 0                          @ ../src/board/amcbldc/v120/src/cordic.c:42:0
	.fnstart
	.cfi_startproc
@ %bb.0:
	@DEBUG_VALUE: HAL_CORDIC_MspInit:cordicHandle <- $r0
	.pad	#4
	sub	sp, #4
	.cfi_def_cfa_offset 4
	movw	r1, #4168
	movt	r1, #16386
	@DEBUG_VALUE: HAL_CORDIC_MspInit:cordicHandle <- $r0
.Ltmp7:
	.loc	6 44 20 prologue_end            @ ../src/board/amcbldc/v120/src/cordic.c:44:20
	ldr	r0, [r0]
.Ltmp8:
	@DEBUG_VALUE: HAL_CORDIC_MspInit:cordicHandle <- [DW_OP_LLVM_entry_value 1] $r0
	.loc	6 44 28 is_stmt 0               @ ../src/board/amcbldc/v120/src/cordic.c:44:28
	sub.w	r2, r1, #1096
.Ltmp9:
	.loc	6 44 6                          @ ../src/board/amcbldc/v120/src/cordic.c:44:6
	cmp	r0, r2
	bne	.LBB1_2
.Ltmp10:
@ %bb.1:
	@DEBUG_VALUE: HAL_CORDIC_MspInit:cordicHandle <- [DW_OP_LLVM_entry_value 1] $r0
	.loc	6 50 5 is_stmt 1                @ ../src/board/amcbldc/v120/src/cordic.c:50:5
	ldr	r0, [r1]
	orr	r0, r0, #8
	str	r0, [r1]
	ldr	r0, [r1]
	and	r0, r0, #8
	str	r0, [sp]
	ldr	r0, [sp]
.Ltmp11:
.LBB1_2:
	@DEBUG_VALUE: HAL_CORDIC_MspInit:cordicHandle <- [DW_OP_LLVM_entry_value 1] $r0
	.loc	6 55 1                          @ ../src/board/amcbldc/v120/src/cordic.c:55:1
	add	sp, #4
	bx	lr
.Ltmp12:
.Lfunc_end1:
	.size	HAL_CORDIC_MspInit, .Lfunc_end1-HAL_CORDIC_MspInit
	.cfi_endproc
	.cantunwind
	.fnend
                                        @ -- End function
	.section	.text.HAL_CORDIC_MspDeInit,"ax",%progbits
	.hidden	HAL_CORDIC_MspDeInit            @ -- Begin function HAL_CORDIC_MspDeInit
	.globl	HAL_CORDIC_MspDeInit
	.p2align	1
	.type	HAL_CORDIC_MspDeInit,%function
	.code	16                              @ @HAL_CORDIC_MspDeInit
	.thumb_func
HAL_CORDIC_MspDeInit:
.Lfunc_begin2:
	.loc	6 58 0                          @ ../src/board/amcbldc/v120/src/cordic.c:58:0
	.fnstart
	.cfi_startproc
@ %bb.0:
	@DEBUG_VALUE: HAL_CORDIC_MspDeInit:cordicHandle <- $r0
	movw	r1, #4168
	movt	r1, #16386
	@DEBUG_VALUE: HAL_CORDIC_MspDeInit:cordicHandle <- $r0
.Ltmp13:
	.loc	6 60 20 prologue_end            @ ../src/board/amcbldc/v120/src/cordic.c:60:20
	ldr	r0, [r0]
.Ltmp14:
	@DEBUG_VALUE: HAL_CORDIC_MspDeInit:cordicHandle <- [DW_OP_LLVM_entry_value 1] $r0
	.loc	6 60 28 is_stmt 0               @ ../src/board/amcbldc/v120/src/cordic.c:60:28
	sub.w	r2, r1, #1096
.Ltmp15:
	.loc	6 60 6                          @ ../src/board/amcbldc/v120/src/cordic.c:60:6
	cmp	r0, r2
	.loc	6 71 1 is_stmt 1                @ ../src/board/amcbldc/v120/src/cordic.c:71:1
	it	ne
	bxne	lr
.Ltmp16:
.LBB2_1:
	@DEBUG_VALUE: HAL_CORDIC_MspDeInit:cordicHandle <- [DW_OP_LLVM_entry_value 1] $r0
	.loc	6 66 5                          @ ../src/board/amcbldc/v120/src/cordic.c:66:5
	ldr	r0, [r1]
	bic	r0, r0, #8
	str	r0, [r1]
.Ltmp17:
	.loc	6 71 1                          @ ../src/board/amcbldc/v120/src/cordic.c:71:1
	bx	lr
.Ltmp18:
.Lfunc_end2:
	.size	HAL_CORDIC_MspDeInit, .Lfunc_end2-HAL_CORDIC_MspDeInit
	.cfi_endproc
	.cantunwind
	.fnend
                                        @ -- End function
	.hidden	hcordic                         @ @hcordic
	.type	hcordic,%object
	.section	.bss.hcordic,"aw",%nobits
	.globl	hcordic
	.p2align	2
hcordic:
	.zero	40
	.size	hcordic, 40

	.section	.debug_loc,"",%progbits
.Ldebug_loc0:
	.long	-1
	.long	.Lfunc_begin1                   @   base address
	.long	.Lfunc_begin1-.Lfunc_begin1
	.long	.Ltmp8-.Lfunc_begin1
	.short	1                               @ Loc expr size
	.byte	80                              @ DW_OP_reg0
	.long	.Ltmp8-.Lfunc_begin1
	.long	.Lfunc_end1-.Lfunc_begin1
	.short	4                               @ Loc expr size
	.byte	243                             @ DW_OP_GNU_entry_value
	.byte	1                               @ 1
	.byte	80                              @ DW_OP_reg0
	.byte	159                             @ DW_OP_stack_value
	.long	0
	.long	0
.Ldebug_loc1:
	.long	-1
	.long	.Lfunc_begin2                   @   base address
	.long	.Lfunc_begin2-.Lfunc_begin2
	.long	.Ltmp14-.Lfunc_begin2
	.short	1                               @ Loc expr size
	.byte	80                              @ DW_OP_reg0
	.long	.Ltmp14-.Lfunc_begin2
	.long	.Lfunc_end2-.Lfunc_begin2
	.short	4                               @ Loc expr size
	.byte	243                             @ DW_OP_GNU_entry_value
	.byte	1                               @ 1
	.byte	80                              @ DW_OP_reg0
	.byte	159                             @ DW_OP_stack_value
	.long	0
	.long	0
	.section	.debug_abbrev,"",%progbits
	.byte	1                               @ Abbreviation Code
	.byte	17                              @ DW_TAG_compile_unit
	.byte	1                               @ DW_CHILDREN_yes
	.byte	37                              @ DW_AT_producer
	.byte	14                              @ DW_FORM_strp
	.byte	19                              @ DW_AT_language
	.byte	5                               @ DW_FORM_data2
	.byte	3                               @ DW_AT_name
	.byte	14                              @ DW_FORM_strp
	.byte	16                              @ DW_AT_stmt_list
	.byte	23                              @ DW_FORM_sec_offset
	.byte	27                              @ DW_AT_comp_dir
	.byte	14                              @ DW_FORM_strp
	.byte	17                              @ DW_AT_low_pc
	.byte	1                               @ DW_FORM_addr
	.byte	85                              @ DW_AT_ranges
	.byte	23                              @ DW_FORM_sec_offset
	.byte	0                               @ EOM(1)
	.byte	0                               @ EOM(2)
	.byte	2                               @ Abbreviation Code
	.byte	52                              @ DW_TAG_variable
	.byte	0                               @ DW_CHILDREN_no
	.byte	3                               @ DW_AT_name
	.byte	14                              @ DW_FORM_strp
	.byte	73                              @ DW_AT_type
	.byte	19                              @ DW_FORM_ref4
	.byte	63                              @ DW_AT_external
	.byte	25                              @ DW_FORM_flag_present
	.byte	58                              @ DW_AT_decl_file
	.byte	11                              @ DW_FORM_data1
	.byte	59                              @ DW_AT_decl_line
	.byte	11                              @ DW_FORM_data1
	.byte	2                               @ DW_AT_location
	.byte	24                              @ DW_FORM_exprloc
	.byte	0                               @ EOM(1)
	.byte	0                               @ EOM(2)
	.byte	3                               @ Abbreviation Code
	.byte	22                              @ DW_TAG_typedef
	.byte	0                               @ DW_CHILDREN_no
	.byte	73                              @ DW_AT_type
	.byte	19                              @ DW_FORM_ref4
	.byte	3                               @ DW_AT_name
	.byte	14                              @ DW_FORM_strp
	.byte	58                              @ DW_AT_decl_file
	.byte	11                              @ DW_FORM_data1
	.byte	59                              @ DW_AT_decl_line
	.byte	11                              @ DW_FORM_data1
	.byte	0                               @ EOM(1)
	.byte	0                               @ EOM(2)
	.byte	4                               @ Abbreviation Code
	.byte	19                              @ DW_TAG_structure_type
	.byte	1                               @ DW_CHILDREN_yes
	.byte	11                              @ DW_AT_byte_size
	.byte	11                              @ DW_FORM_data1
	.byte	58                              @ DW_AT_decl_file
	.byte	11                              @ DW_FORM_data1
	.byte	59                              @ DW_AT_decl_line
	.byte	11                              @ DW_FORM_data1
	.byte	0                               @ EOM(1)
	.byte	0                               @ EOM(2)
	.byte	5                               @ Abbreviation Code
	.byte	13                              @ DW_TAG_member
	.byte	0                               @ DW_CHILDREN_no
	.byte	3                               @ DW_AT_name
	.byte	14                              @ DW_FORM_strp
	.byte	73                              @ DW_AT_type
	.byte	19                              @ DW_FORM_ref4
	.byte	58                              @ DW_AT_decl_file
	.byte	11                              @ DW_FORM_data1
	.byte	59                              @ DW_AT_decl_line
	.byte	11                              @ DW_FORM_data1
	.byte	56                              @ DW_AT_data_member_location
	.byte	11                              @ DW_FORM_data1
	.byte	0                               @ EOM(1)
	.byte	0                               @ EOM(2)
	.byte	6                               @ Abbreviation Code
	.byte	15                              @ DW_TAG_pointer_type
	.byte	0                               @ DW_CHILDREN_no
	.byte	73                              @ DW_AT_type
	.byte	19                              @ DW_FORM_ref4
	.byte	0                               @ EOM(1)
	.byte	0                               @ EOM(2)
	.byte	7                               @ Abbreviation Code
	.byte	22                              @ DW_TAG_typedef
	.byte	0                               @ DW_CHILDREN_no
	.byte	73                              @ DW_AT_type
	.byte	19                              @ DW_FORM_ref4
	.byte	3                               @ DW_AT_name
	.byte	14                              @ DW_FORM_strp
	.byte	58                              @ DW_AT_decl_file
	.byte	11                              @ DW_FORM_data1
	.byte	59                              @ DW_AT_decl_line
	.byte	5                               @ DW_FORM_data2
	.byte	0                               @ EOM(1)
	.byte	0                               @ EOM(2)
	.byte	8                               @ Abbreviation Code
	.byte	19                              @ DW_TAG_structure_type
	.byte	1                               @ DW_CHILDREN_yes
	.byte	11                              @ DW_AT_byte_size
	.byte	11                              @ DW_FORM_data1
	.byte	58                              @ DW_AT_decl_file
	.byte	11                              @ DW_FORM_data1
	.byte	59                              @ DW_AT_decl_line
	.byte	5                               @ DW_FORM_data2
	.byte	0                               @ EOM(1)
	.byte	0                               @ EOM(2)
	.byte	9                               @ Abbreviation Code
	.byte	13                              @ DW_TAG_member
	.byte	0                               @ DW_CHILDREN_no
	.byte	3                               @ DW_AT_name
	.byte	14                              @ DW_FORM_strp
	.byte	73                              @ DW_AT_type
	.byte	19                              @ DW_FORM_ref4
	.byte	58                              @ DW_AT_decl_file
	.byte	11                              @ DW_FORM_data1
	.byte	59                              @ DW_AT_decl_line
	.byte	5                               @ DW_FORM_data2
	.byte	56                              @ DW_AT_data_member_location
	.byte	11                              @ DW_FORM_data1
	.byte	0                               @ EOM(1)
	.byte	0                               @ EOM(2)
	.byte	10                              @ Abbreviation Code
	.byte	53                              @ DW_TAG_volatile_type
	.byte	0                               @ DW_CHILDREN_no
	.byte	73                              @ DW_AT_type
	.byte	19                              @ DW_FORM_ref4
	.byte	0                               @ EOM(1)
	.byte	0                               @ EOM(2)
	.byte	11                              @ Abbreviation Code
	.byte	36                              @ DW_TAG_base_type
	.byte	0                               @ DW_CHILDREN_no
	.byte	3                               @ DW_AT_name
	.byte	14                              @ DW_FORM_strp
	.byte	62                              @ DW_AT_encoding
	.byte	11                              @ DW_FORM_data1
	.byte	11                              @ DW_AT_byte_size
	.byte	11                              @ DW_FORM_data1
	.byte	0                               @ EOM(1)
	.byte	0                               @ EOM(2)
	.byte	12                              @ Abbreviation Code
	.byte	19                              @ DW_TAG_structure_type
	.byte	1                               @ DW_CHILDREN_yes
	.byte	3                               @ DW_AT_name
	.byte	14                              @ DW_FORM_strp
	.byte	11                              @ DW_AT_byte_size
	.byte	11                              @ DW_FORM_data1
	.byte	58                              @ DW_AT_decl_file
	.byte	11                              @ DW_FORM_data1
	.byte	59                              @ DW_AT_decl_line
	.byte	11                              @ DW_FORM_data1
	.byte	0                               @ EOM(1)
	.byte	0                               @ EOM(2)
	.byte	13                              @ Abbreviation Code
	.byte	4                               @ DW_TAG_enumeration_type
	.byte	1                               @ DW_CHILDREN_yes
	.byte	73                              @ DW_AT_type
	.byte	19                              @ DW_FORM_ref4
	.byte	11                              @ DW_AT_byte_size
	.byte	11                              @ DW_FORM_data1
	.byte	58                              @ DW_AT_decl_file
	.byte	11                              @ DW_FORM_data1
	.byte	59                              @ DW_AT_decl_line
	.byte	11                              @ DW_FORM_data1
	.byte	0                               @ EOM(1)
	.byte	0                               @ EOM(2)
	.byte	14                              @ Abbreviation Code
	.byte	40                              @ DW_TAG_enumerator
	.byte	0                               @ DW_CHILDREN_no
	.byte	3                               @ DW_AT_name
	.byte	14                              @ DW_FORM_strp
	.byte	28                              @ DW_AT_const_value
	.byte	15                              @ DW_FORM_udata
	.byte	0                               @ EOM(1)
	.byte	0                               @ EOM(2)
	.byte	15                              @ Abbreviation Code
	.byte	15                              @ DW_TAG_pointer_type
	.byte	0                               @ DW_CHILDREN_no
	.byte	0                               @ EOM(1)
	.byte	0                               @ EOM(2)
	.byte	16                              @ Abbreviation Code
	.byte	21                              @ DW_TAG_subroutine_type
	.byte	1                               @ DW_CHILDREN_yes
	.byte	39                              @ DW_AT_prototyped
	.byte	25                              @ DW_FORM_flag_present
	.byte	0                               @ EOM(1)
	.byte	0                               @ EOM(2)
	.byte	17                              @ Abbreviation Code
	.byte	5                               @ DW_TAG_formal_parameter
	.byte	0                               @ DW_CHILDREN_no
	.byte	73                              @ DW_AT_type
	.byte	19                              @ DW_FORM_ref4
	.byte	0                               @ EOM(1)
	.byte	0                               @ EOM(2)
	.byte	18                              @ Abbreviation Code
	.byte	46                              @ DW_TAG_subprogram
	.byte	1                               @ DW_CHILDREN_yes
	.byte	17                              @ DW_AT_low_pc
	.byte	1                               @ DW_FORM_addr
	.byte	18                              @ DW_AT_high_pc
	.byte	6                               @ DW_FORM_data4
	.byte	64                              @ DW_AT_frame_base
	.byte	24                              @ DW_FORM_exprloc
	.ascii	"\227B"                         @ DW_AT_GNU_all_call_sites
	.byte	25                              @ DW_FORM_flag_present
	.byte	3                               @ DW_AT_name
	.byte	14                              @ DW_FORM_strp
	.byte	58                              @ DW_AT_decl_file
	.byte	11                              @ DW_FORM_data1
	.byte	59                              @ DW_AT_decl_line
	.byte	11                              @ DW_FORM_data1
	.byte	39                              @ DW_AT_prototyped
	.byte	25                              @ DW_FORM_flag_present
	.byte	63                              @ DW_AT_external
	.byte	25                              @ DW_FORM_flag_present
	.byte	0                               @ EOM(1)
	.byte	0                               @ EOM(2)
	.byte	19                              @ Abbreviation Code
	.ascii	"\211\202\001"                  @ DW_TAG_GNU_call_site
	.byte	0                               @ DW_CHILDREN_no
	.byte	49                              @ DW_AT_abstract_origin
	.byte	19                              @ DW_FORM_ref4
	.ascii	"\225B"                         @ DW_AT_GNU_tail_call
	.byte	25                              @ DW_FORM_flag_present
	.byte	17                              @ DW_AT_low_pc
	.byte	1                               @ DW_FORM_addr
	.byte	0                               @ EOM(1)
	.byte	0                               @ EOM(2)
	.byte	20                              @ Abbreviation Code
	.byte	46                              @ DW_TAG_subprogram
	.byte	0                               @ DW_CHILDREN_no
	.byte	3                               @ DW_AT_name
	.byte	14                              @ DW_FORM_strp
	.byte	58                              @ DW_AT_decl_file
	.byte	11                              @ DW_FORM_data1
	.byte	59                              @ DW_AT_decl_line
	.byte	11                              @ DW_FORM_data1
	.byte	39                              @ DW_AT_prototyped
	.byte	25                              @ DW_FORM_flag_present
	.byte	60                              @ DW_AT_declaration
	.byte	25                              @ DW_FORM_flag_present
	.byte	63                              @ DW_AT_external
	.byte	25                              @ DW_FORM_flag_present
	.byte	0                               @ EOM(1)
	.byte	0                               @ EOM(2)
	.byte	21                              @ Abbreviation Code
	.byte	5                               @ DW_TAG_formal_parameter
	.byte	0                               @ DW_CHILDREN_no
	.byte	2                               @ DW_AT_location
	.byte	23                              @ DW_FORM_sec_offset
	.byte	3                               @ DW_AT_name
	.byte	14                              @ DW_FORM_strp
	.byte	58                              @ DW_AT_decl_file
	.byte	11                              @ DW_FORM_data1
	.byte	59                              @ DW_AT_decl_line
	.byte	11                              @ DW_FORM_data1
	.byte	73                              @ DW_AT_type
	.byte	19                              @ DW_FORM_ref4
	.byte	0                               @ EOM(1)
	.byte	0                               @ EOM(2)
	.byte	22                              @ Abbreviation Code
	.byte	11                              @ DW_TAG_lexical_block
	.byte	1                               @ DW_CHILDREN_yes
	.byte	17                              @ DW_AT_low_pc
	.byte	1                               @ DW_FORM_addr
	.byte	18                              @ DW_AT_high_pc
	.byte	6                               @ DW_FORM_data4
	.byte	0                               @ EOM(1)
	.byte	0                               @ EOM(2)
	.byte	23                              @ Abbreviation Code
	.byte	52                              @ DW_TAG_variable
	.byte	0                               @ DW_CHILDREN_no
	.byte	2                               @ DW_AT_location
	.byte	24                              @ DW_FORM_exprloc
	.byte	3                               @ DW_AT_name
	.byte	14                              @ DW_FORM_strp
	.byte	58                              @ DW_AT_decl_file
	.byte	11                              @ DW_FORM_data1
	.byte	59                              @ DW_AT_decl_line
	.byte	11                              @ DW_FORM_data1
	.byte	73                              @ DW_AT_type
	.byte	19                              @ DW_FORM_ref4
	.byte	0                               @ EOM(1)
	.byte	0                               @ EOM(2)
	.byte	0                               @ EOM(3)
	.section	.debug_info,"",%progbits
.Lcu_begin0:
	.long	.Ldebug_info_end0-.Ldebug_info_start0 @ Length of Unit
.Ldebug_info_start0:
	.short	4                               @ DWARF version number
	.long	.debug_abbrev                   @ Offset Into Abbrev. Section
	.byte	4                               @ Address Size (in bytes)
	.byte	1                               @ Abbrev [1] 0xb:0x710 DW_TAG_compile_unit
	.long	.Linfo_string0                  @ DW_AT_producer
	.short	12                              @ DW_AT_language
	.long	.Linfo_string1                  @ DW_AT_name
	.long	.Lline_table_start0             @ DW_AT_stmt_list
	.long	.Linfo_string2                  @ DW_AT_comp_dir
	.long	0                               @ DW_AT_low_pc
	.long	.Ldebug_ranges0                 @ DW_AT_ranges
	.byte	2                               @ Abbrev [2] 0x26:0x11 DW_TAG_variable
	.long	.Linfo_string3                  @ DW_AT_name
	.long	55                              @ DW_AT_type
                                        @ DW_AT_external
	.byte	6                               @ DW_AT_decl_file
	.byte	27                              @ DW_AT_decl_line
	.byte	5                               @ DW_AT_location
	.byte	3
	.long	hcordic
	.byte	3                               @ Abbrev [3] 0x37:0xb DW_TAG_typedef
	.long	66                              @ DW_AT_type
	.long	.Linfo_string78                 @ DW_AT_name
	.byte	3                               @ DW_AT_decl_file
	.byte	98                              @ DW_AT_decl_line
	.byte	4                               @ Abbrev [4] 0x42:0x89 DW_TAG_structure_type
	.byte	40                              @ DW_AT_byte_size
	.byte	3                               @ DW_AT_decl_file
	.byte	63                              @ DW_AT_decl_line
	.byte	5                               @ Abbrev [5] 0x46:0xc DW_TAG_member
	.long	.Linfo_string4                  @ DW_AT_name
	.long	203                             @ DW_AT_type
	.byte	3                               @ DW_AT_decl_file
	.byte	66                              @ DW_AT_decl_line
	.byte	0                               @ DW_AT_data_member_location
	.byte	5                               @ Abbrev [5] 0x52:0xc DW_TAG_member
	.long	.Linfo_string11                 @ DW_AT_name
	.long	288                             @ DW_AT_type
	.byte	3                               @ DW_AT_decl_file
	.byte	68                              @ DW_AT_decl_line
	.byte	4                               @ DW_AT_data_member_location
	.byte	5                               @ Abbrev [5] 0x5e:0xc DW_TAG_member
	.long	.Linfo_string14                 @ DW_AT_name
	.long	288                             @ DW_AT_type
	.byte	3                               @ DW_AT_decl_file
	.byte	70                              @ DW_AT_decl_line
	.byte	8                               @ DW_AT_data_member_location
	.byte	5                               @ Abbrev [5] 0x6a:0xc DW_TAG_member
	.long	.Linfo_string15                 @ DW_AT_name
	.long	270                             @ DW_AT_type
	.byte	3                               @ DW_AT_decl_file
	.byte	72                              @ DW_AT_decl_line
	.byte	12                              @ DW_AT_data_member_location
	.byte	5                               @ Abbrev [5] 0x76:0xc DW_TAG_member
	.long	.Linfo_string16                 @ DW_AT_name
	.long	270                             @ DW_AT_type
	.byte	3                               @ DW_AT_decl_file
	.byte	74                              @ DW_AT_decl_line
	.byte	16                              @ DW_AT_data_member_location
	.byte	5                               @ Abbrev [5] 0x82:0xc DW_TAG_member
	.long	.Linfo_string17                 @ DW_AT_name
	.long	270                             @ DW_AT_type
	.byte	3                               @ DW_AT_decl_file
	.byte	76                              @ DW_AT_decl_line
	.byte	20                              @ DW_AT_data_member_location
	.byte	5                               @ Abbrev [5] 0x8e:0xc DW_TAG_member
	.long	.Linfo_string18                 @ DW_AT_name
	.long	311                             @ DW_AT_type
	.byte	3                               @ DW_AT_decl_file
	.byte	78                              @ DW_AT_decl_line
	.byte	24                              @ DW_AT_data_member_location
	.byte	5                               @ Abbrev [5] 0x9a:0xc DW_TAG_member
	.long	.Linfo_string72                 @ DW_AT_name
	.long	311                             @ DW_AT_type
	.byte	3                               @ DW_AT_decl_file
	.byte	80                              @ DW_AT_decl_line
	.byte	28                              @ DW_AT_data_member_location
	.byte	5                               @ Abbrev [5] 0xa6:0xc DW_TAG_member
	.long	.Linfo_string34                 @ DW_AT_name
	.long	739                             @ DW_AT_type
	.byte	3                               @ DW_AT_decl_file
	.byte	82                              @ DW_AT_decl_line
	.byte	32                              @ DW_AT_data_member_location
	.byte	5                               @ Abbrev [5] 0xb2:0xc DW_TAG_member
	.long	.Linfo_string39                 @ DW_AT_name
	.long	1064                            @ DW_AT_type
	.byte	3                               @ DW_AT_decl_file
	.byte	84                              @ DW_AT_decl_line
	.byte	33                              @ DW_AT_data_member_location
	.byte	5                               @ Abbrev [5] 0xbe:0xc DW_TAG_member
	.long	.Linfo_string50                 @ DW_AT_name
	.long	265                             @ DW_AT_type
	.byte	3                               @ DW_AT_decl_file
	.byte	86                              @ DW_AT_decl_line
	.byte	36                              @ DW_AT_data_member_location
	.byte	0                               @ End Of Children Mark
	.byte	6                               @ Abbrev [6] 0xcb:0x5 DW_TAG_pointer_type
	.long	208                             @ DW_AT_type
	.byte	7                               @ Abbrev [7] 0xd0:0xc DW_TAG_typedef
	.long	220                             @ DW_AT_type
	.long	.Linfo_string10                 @ DW_AT_name
	.byte	2                               @ DW_AT_decl_file
	.short	994                             @ DW_AT_decl_line
	.byte	8                               @ Abbrev [8] 0xdc:0x2d DW_TAG_structure_type
	.byte	12                              @ DW_AT_byte_size
	.byte	2                               @ DW_AT_decl_file
	.short	989                             @ DW_AT_decl_line
	.byte	9                               @ Abbrev [9] 0xe1:0xd DW_TAG_member
	.long	.Linfo_string5                  @ DW_AT_name
	.long	265                             @ DW_AT_type
	.byte	2                               @ DW_AT_decl_file
	.short	991                             @ DW_AT_decl_line
	.byte	0                               @ DW_AT_data_member_location
	.byte	9                               @ Abbrev [9] 0xee:0xd DW_TAG_member
	.long	.Linfo_string8                  @ DW_AT_name
	.long	265                             @ DW_AT_type
	.byte	2                               @ DW_AT_decl_file
	.short	992                             @ DW_AT_decl_line
	.byte	4                               @ DW_AT_data_member_location
	.byte	9                               @ Abbrev [9] 0xfb:0xd DW_TAG_member
	.long	.Linfo_string9                  @ DW_AT_name
	.long	265                             @ DW_AT_type
	.byte	2                               @ DW_AT_decl_file
	.short	993                             @ DW_AT_decl_line
	.byte	8                               @ DW_AT_data_member_location
	.byte	0                               @ End Of Children Mark
	.byte	10                              @ Abbrev [10] 0x109:0x5 DW_TAG_volatile_type
	.long	270                             @ DW_AT_type
	.byte	3                               @ Abbrev [3] 0x10e:0xb DW_TAG_typedef
	.long	281                             @ DW_AT_type
	.long	.Linfo_string7                  @ DW_AT_name
	.byte	1                               @ DW_AT_decl_file
	.byte	64                              @ DW_AT_decl_line
	.byte	11                              @ Abbrev [11] 0x119:0x7 DW_TAG_base_type
	.long	.Linfo_string6                  @ DW_AT_name
	.byte	7                               @ DW_AT_encoding
	.byte	4                               @ DW_AT_byte_size
	.byte	6                               @ Abbrev [6] 0x120:0x5 DW_TAG_pointer_type
	.long	293                             @ DW_AT_type
	.byte	3                               @ Abbrev [3] 0x125:0xb DW_TAG_typedef
	.long	304                             @ DW_AT_type
	.long	.Linfo_string13                 @ DW_AT_name
	.byte	1                               @ DW_AT_decl_file
	.byte	58                              @ DW_AT_decl_line
	.byte	11                              @ Abbrev [11] 0x130:0x7 DW_TAG_base_type
	.long	.Linfo_string12                 @ DW_AT_name
	.byte	5                               @ DW_AT_encoding
	.byte	4                               @ DW_AT_byte_size
	.byte	6                               @ Abbrev [6] 0x137:0x5 DW_TAG_pointer_type
	.long	316                             @ DW_AT_type
	.byte	3                               @ Abbrev [3] 0x13c:0xb DW_TAG_typedef
	.long	327                             @ DW_AT_type
	.long	.Linfo_string71                 @ DW_AT_name
	.byte	4                               @ DW_AT_decl_file
	.byte	152                             @ DW_AT_decl_line
	.byte	12                              @ Abbrev [12] 0x147:0xe1 DW_TAG_structure_type
	.long	.Linfo_string70                 @ DW_AT_name
	.byte	96                              @ DW_AT_byte_size
	.byte	4                               @ DW_AT_decl_file
	.byte	114                             @ DW_AT_decl_line
	.byte	5                               @ Abbrev [5] 0x14f:0xc DW_TAG_member
	.long	.Linfo_string4                  @ DW_AT_name
	.long	552                             @ DW_AT_type
	.byte	4                               @ DW_AT_decl_file
	.byte	116                             @ DW_AT_decl_line
	.byte	0                               @ DW_AT_data_member_location
	.byte	5                               @ Abbrev [5] 0x15b:0xc DW_TAG_member
	.long	.Linfo_string24                 @ DW_AT_name
	.long	627                             @ DW_AT_type
	.byte	4                               @ DW_AT_decl_file
	.byte	118                             @ DW_AT_decl_line
	.byte	4                               @ DW_AT_data_member_location
	.byte	5                               @ Abbrev [5] 0x167:0xc DW_TAG_member
	.long	.Linfo_string34                 @ DW_AT_name
	.long	739                             @ DW_AT_type
	.byte	4                               @ DW_AT_decl_file
	.byte	120                             @ DW_AT_decl_line
	.byte	36                              @ DW_AT_data_member_location
	.byte	5                               @ Abbrev [5] 0x173:0xc DW_TAG_member
	.long	.Linfo_string39                 @ DW_AT_name
	.long	778                             @ DW_AT_type
	.byte	4                               @ DW_AT_decl_file
	.byte	122                             @ DW_AT_decl_line
	.byte	37                              @ DW_AT_data_member_location
	.byte	5                               @ Abbrev [5] 0x17f:0xc DW_TAG_member
	.long	.Linfo_string45                 @ DW_AT_name
	.long	827                             @ DW_AT_type
	.byte	4                               @ DW_AT_decl_file
	.byte	124                             @ DW_AT_decl_line
	.byte	40                              @ DW_AT_data_member_location
	.byte	5                               @ Abbrev [5] 0x18b:0xc DW_TAG_member
	.long	.Linfo_string46                 @ DW_AT_name
	.long	828                             @ DW_AT_type
	.byte	4                               @ DW_AT_decl_file
	.byte	126                             @ DW_AT_decl_line
	.byte	44                              @ DW_AT_data_member_location
	.byte	5                               @ Abbrev [5] 0x197:0xc DW_TAG_member
	.long	.Linfo_string47                 @ DW_AT_name
	.long	828                             @ DW_AT_type
	.byte	4                               @ DW_AT_decl_file
	.byte	128                             @ DW_AT_decl_line
	.byte	48                              @ DW_AT_data_member_location
	.byte	5                               @ Abbrev [5] 0x1a3:0xc DW_TAG_member
	.long	.Linfo_string48                 @ DW_AT_name
	.long	828                             @ DW_AT_type
	.byte	4                               @ DW_AT_decl_file
	.byte	130                             @ DW_AT_decl_line
	.byte	52                              @ DW_AT_data_member_location
	.byte	5                               @ Abbrev [5] 0x1af:0xc DW_TAG_member
	.long	.Linfo_string49                 @ DW_AT_name
	.long	828                             @ DW_AT_type
	.byte	4                               @ DW_AT_decl_file
	.byte	132                             @ DW_AT_decl_line
	.byte	56                              @ DW_AT_data_member_location
	.byte	5                               @ Abbrev [5] 0x1bb:0xc DW_TAG_member
	.long	.Linfo_string50                 @ DW_AT_name
	.long	265                             @ DW_AT_type
	.byte	4                               @ DW_AT_decl_file
	.byte	134                             @ DW_AT_decl_line
	.byte	60                              @ DW_AT_data_member_location
	.byte	5                               @ Abbrev [5] 0x1c7:0xc DW_TAG_member
	.long	.Linfo_string51                 @ DW_AT_name
	.long	845                             @ DW_AT_type
	.byte	4                               @ DW_AT_decl_file
	.byte	136                             @ DW_AT_decl_line
	.byte	64                              @ DW_AT_data_member_location
	.byte	5                               @ Abbrev [5] 0x1d3:0xc DW_TAG_member
	.long	.Linfo_string55                 @ DW_AT_name
	.long	270                             @ DW_AT_type
	.byte	4                               @ DW_AT_decl_file
	.byte	138                             @ DW_AT_decl_line
	.byte	68                              @ DW_AT_data_member_location
	.byte	5                               @ Abbrev [5] 0x1df:0xc DW_TAG_member
	.long	.Linfo_string56                 @ DW_AT_name
	.long	894                             @ DW_AT_type
	.byte	4                               @ DW_AT_decl_file
	.byte	140                             @ DW_AT_decl_line
	.byte	72                              @ DW_AT_data_member_location
	.byte	5                               @ Abbrev [5] 0x1eb:0xc DW_TAG_member
	.long	.Linfo_string58                 @ DW_AT_name
	.long	930                             @ DW_AT_type
	.byte	4                               @ DW_AT_decl_file
	.byte	142                             @ DW_AT_decl_line
	.byte	76                              @ DW_AT_data_member_location
	.byte	5                               @ Abbrev [5] 0x1f7:0xc DW_TAG_member
	.long	.Linfo_string61                 @ DW_AT_name
	.long	270                             @ DW_AT_type
	.byte	4                               @ DW_AT_decl_file
	.byte	144                             @ DW_AT_decl_line
	.byte	80                              @ DW_AT_data_member_location
	.byte	5                               @ Abbrev [5] 0x203:0xc DW_TAG_member
	.long	.Linfo_string62                 @ DW_AT_name
	.long	979                             @ DW_AT_type
	.byte	4                               @ DW_AT_decl_file
	.byte	146                             @ DW_AT_decl_line
	.byte	84                              @ DW_AT_data_member_location
	.byte	5                               @ Abbrev [5] 0x20f:0xc DW_TAG_member
	.long	.Linfo_string65                 @ DW_AT_name
	.long	1015                            @ DW_AT_type
	.byte	4                               @ DW_AT_decl_file
	.byte	148                             @ DW_AT_decl_line
	.byte	88                              @ DW_AT_data_member_location
	.byte	5                               @ Abbrev [5] 0x21b:0xc DW_TAG_member
	.long	.Linfo_string69                 @ DW_AT_name
	.long	270                             @ DW_AT_type
	.byte	4                               @ DW_AT_decl_file
	.byte	150                             @ DW_AT_decl_line
	.byte	92                              @ DW_AT_data_member_location
	.byte	0                               @ End Of Children Mark
	.byte	6                               @ Abbrev [6] 0x228:0x5 DW_TAG_pointer_type
	.long	557                             @ DW_AT_type
	.byte	7                               @ Abbrev [7] 0x22d:0xc DW_TAG_typedef
	.long	569                             @ DW_AT_type
	.long	.Linfo_string23                 @ DW_AT_name
	.byte	2                               @ DW_AT_decl_file
	.short	397                             @ DW_AT_decl_line
	.byte	8                               @ Abbrev [8] 0x239:0x3a DW_TAG_structure_type
	.byte	16                              @ DW_AT_byte_size
	.byte	2                               @ DW_AT_decl_file
	.short	391                             @ DW_AT_decl_line
	.byte	9                               @ Abbrev [9] 0x23e:0xd DW_TAG_member
	.long	.Linfo_string19                 @ DW_AT_name
	.long	265                             @ DW_AT_type
	.byte	2                               @ DW_AT_decl_file
	.short	393                             @ DW_AT_decl_line
	.byte	0                               @ DW_AT_data_member_location
	.byte	9                               @ Abbrev [9] 0x24b:0xd DW_TAG_member
	.long	.Linfo_string20                 @ DW_AT_name
	.long	265                             @ DW_AT_type
	.byte	2                               @ DW_AT_decl_file
	.short	394                             @ DW_AT_decl_line
	.byte	4                               @ DW_AT_data_member_location
	.byte	9                               @ Abbrev [9] 0x258:0xd DW_TAG_member
	.long	.Linfo_string21                 @ DW_AT_name
	.long	265                             @ DW_AT_type
	.byte	2                               @ DW_AT_decl_file
	.short	395                             @ DW_AT_decl_line
	.byte	8                               @ DW_AT_data_member_location
	.byte	9                               @ Abbrev [9] 0x265:0xd DW_TAG_member
	.long	.Linfo_string22                 @ DW_AT_name
	.long	265                             @ DW_AT_type
	.byte	2                               @ DW_AT_decl_file
	.short	396                             @ DW_AT_decl_line
	.byte	12                              @ DW_AT_data_member_location
	.byte	0                               @ End Of Children Mark
	.byte	3                               @ Abbrev [3] 0x273:0xb DW_TAG_typedef
	.long	638                             @ DW_AT_type
	.long	.Linfo_string33                 @ DW_AT_name
	.byte	4                               @ DW_AT_decl_file
	.byte	75                              @ DW_AT_decl_line
	.byte	4                               @ Abbrev [4] 0x27e:0x65 DW_TAG_structure_type
	.byte	32                              @ DW_AT_byte_size
	.byte	4                               @ DW_AT_decl_file
	.byte	47                              @ DW_AT_decl_line
	.byte	5                               @ Abbrev [5] 0x282:0xc DW_TAG_member
	.long	.Linfo_string25                 @ DW_AT_name
	.long	270                             @ DW_AT_type
	.byte	4                               @ DW_AT_decl_file
	.byte	49                              @ DW_AT_decl_line
	.byte	0                               @ DW_AT_data_member_location
	.byte	5                               @ Abbrev [5] 0x28e:0xc DW_TAG_member
	.long	.Linfo_string26                 @ DW_AT_name
	.long	270                             @ DW_AT_type
	.byte	4                               @ DW_AT_decl_file
	.byte	52                              @ DW_AT_decl_line
	.byte	4                               @ DW_AT_data_member_location
	.byte	5                               @ Abbrev [5] 0x29a:0xc DW_TAG_member
	.long	.Linfo_string27                 @ DW_AT_name
	.long	270                             @ DW_AT_type
	.byte	4                               @ DW_AT_decl_file
	.byte	56                              @ DW_AT_decl_line
	.byte	8                               @ DW_AT_data_member_location
	.byte	5                               @ Abbrev [5] 0x2a6:0xc DW_TAG_member
	.long	.Linfo_string28                 @ DW_AT_name
	.long	270                             @ DW_AT_type
	.byte	4                               @ DW_AT_decl_file
	.byte	59                              @ DW_AT_decl_line
	.byte	12                              @ DW_AT_data_member_location
	.byte	5                               @ Abbrev [5] 0x2b2:0xc DW_TAG_member
	.long	.Linfo_string29                 @ DW_AT_name
	.long	270                             @ DW_AT_type
	.byte	4                               @ DW_AT_decl_file
	.byte	62                              @ DW_AT_decl_line
	.byte	16                              @ DW_AT_data_member_location
	.byte	5                               @ Abbrev [5] 0x2be:0xc DW_TAG_member
	.long	.Linfo_string30                 @ DW_AT_name
	.long	270                             @ DW_AT_type
	.byte	4                               @ DW_AT_decl_file
	.byte	65                              @ DW_AT_decl_line
	.byte	20                              @ DW_AT_data_member_location
	.byte	5                               @ Abbrev [5] 0x2ca:0xc DW_TAG_member
	.long	.Linfo_string31                 @ DW_AT_name
	.long	270                             @ DW_AT_type
	.byte	4                               @ DW_AT_decl_file
	.byte	68                              @ DW_AT_decl_line
	.byte	24                              @ DW_AT_data_member_location
	.byte	5                               @ Abbrev [5] 0x2d6:0xc DW_TAG_member
	.long	.Linfo_string32                 @ DW_AT_name
	.long	270                             @ DW_AT_type
	.byte	4                               @ DW_AT_decl_file
	.byte	73                              @ DW_AT_decl_line
	.byte	28                              @ DW_AT_data_member_location
	.byte	0                               @ End Of Children Mark
	.byte	3                               @ Abbrev [3] 0x2e3:0xb DW_TAG_typedef
	.long	750                             @ DW_AT_type
	.long	.Linfo_string38                 @ DW_AT_name
	.byte	5                               @ DW_AT_decl_file
	.byte	54                              @ DW_AT_decl_line
	.byte	13                              @ Abbrev [13] 0x2ee:0x15 DW_TAG_enumeration_type
	.long	771                             @ DW_AT_type
	.byte	1                               @ DW_AT_byte_size
	.byte	5                               @ DW_AT_decl_file
	.byte	50                              @ DW_AT_decl_line
	.byte	14                              @ Abbrev [14] 0x2f6:0x6 DW_TAG_enumerator
	.long	.Linfo_string36                 @ DW_AT_name
	.byte	0                               @ DW_AT_const_value
	.byte	14                              @ Abbrev [14] 0x2fc:0x6 DW_TAG_enumerator
	.long	.Linfo_string37                 @ DW_AT_name
	.byte	1                               @ DW_AT_const_value
	.byte	0                               @ End Of Children Mark
	.byte	11                              @ Abbrev [11] 0x303:0x7 DW_TAG_base_type
	.long	.Linfo_string35                 @ DW_AT_name
	.byte	8                               @ DW_AT_encoding
	.byte	1                               @ DW_AT_byte_size
	.byte	10                              @ Abbrev [10] 0x30a:0x5 DW_TAG_volatile_type
	.long	783                             @ DW_AT_type
	.byte	3                               @ Abbrev [3] 0x30f:0xb DW_TAG_typedef
	.long	794                             @ DW_AT_type
	.long	.Linfo_string44                 @ DW_AT_name
	.byte	4                               @ DW_AT_decl_file
	.byte	86                              @ DW_AT_decl_line
	.byte	13                              @ Abbrev [13] 0x31a:0x21 DW_TAG_enumeration_type
	.long	771                             @ DW_AT_type
	.byte	1                               @ DW_AT_byte_size
	.byte	4                               @ DW_AT_decl_file
	.byte	80                              @ DW_AT_decl_line
	.byte	14                              @ Abbrev [14] 0x322:0x6 DW_TAG_enumerator
	.long	.Linfo_string40                 @ DW_AT_name
	.byte	0                               @ DW_AT_const_value
	.byte	14                              @ Abbrev [14] 0x328:0x6 DW_TAG_enumerator
	.long	.Linfo_string41                 @ DW_AT_name
	.byte	1                               @ DW_AT_const_value
	.byte	14                              @ Abbrev [14] 0x32e:0x6 DW_TAG_enumerator
	.long	.Linfo_string42                 @ DW_AT_name
	.byte	2                               @ DW_AT_const_value
	.byte	14                              @ Abbrev [14] 0x334:0x6 DW_TAG_enumerator
	.long	.Linfo_string43                 @ DW_AT_name
	.byte	3                               @ DW_AT_const_value
	.byte	0                               @ End Of Children Mark
	.byte	15                              @ Abbrev [15] 0x33b:0x1 DW_TAG_pointer_type
	.byte	6                               @ Abbrev [6] 0x33c:0x5 DW_TAG_pointer_type
	.long	833                             @ DW_AT_type
	.byte	16                              @ Abbrev [16] 0x341:0x7 DW_TAG_subroutine_type
                                        @ DW_AT_prototyped
	.byte	17                              @ Abbrev [17] 0x342:0x5 DW_TAG_formal_parameter
	.long	840                             @ DW_AT_type
	.byte	0                               @ End Of Children Mark
	.byte	6                               @ Abbrev [6] 0x348:0x5 DW_TAG_pointer_type
	.long	327                             @ DW_AT_type
	.byte	6                               @ Abbrev [6] 0x34d:0x5 DW_TAG_pointer_type
	.long	850                             @ DW_AT_type
	.byte	7                               @ Abbrev [7] 0x352:0xc DW_TAG_typedef
	.long	862                             @ DW_AT_type
	.long	.Linfo_string54                 @ DW_AT_name
	.byte	2                               @ DW_AT_decl_file
	.short	403                             @ DW_AT_decl_line
	.byte	8                               @ Abbrev [8] 0x35e:0x20 DW_TAG_structure_type
	.byte	8                               @ DW_AT_byte_size
	.byte	2                               @ DW_AT_decl_file
	.short	399                             @ DW_AT_decl_line
	.byte	9                               @ Abbrev [9] 0x363:0xd DW_TAG_member
	.long	.Linfo_string52                 @ DW_AT_name
	.long	265                             @ DW_AT_type
	.byte	2                               @ DW_AT_decl_file
	.short	401                             @ DW_AT_decl_line
	.byte	0                               @ DW_AT_data_member_location
	.byte	9                               @ Abbrev [9] 0x370:0xd DW_TAG_member
	.long	.Linfo_string53                 @ DW_AT_name
	.long	265                             @ DW_AT_type
	.byte	2                               @ DW_AT_decl_file
	.short	402                             @ DW_AT_decl_line
	.byte	4                               @ DW_AT_data_member_location
	.byte	0                               @ End Of Children Mark
	.byte	6                               @ Abbrev [6] 0x37e:0x5 DW_TAG_pointer_type
	.long	899                             @ DW_AT_type
	.byte	7                               @ Abbrev [7] 0x383:0xc DW_TAG_typedef
	.long	911                             @ DW_AT_type
	.long	.Linfo_string57                 @ DW_AT_name
	.byte	2                               @ DW_AT_decl_file
	.short	412                             @ DW_AT_decl_line
	.byte	8                               @ Abbrev [8] 0x38f:0x13 DW_TAG_structure_type
	.byte	4                               @ DW_AT_byte_size
	.byte	2                               @ DW_AT_decl_file
	.short	409                             @ DW_AT_decl_line
	.byte	9                               @ Abbrev [9] 0x394:0xd DW_TAG_member
	.long	.Linfo_string19                 @ DW_AT_name
	.long	265                             @ DW_AT_type
	.byte	2                               @ DW_AT_decl_file
	.short	411                             @ DW_AT_decl_line
	.byte	0                               @ DW_AT_data_member_location
	.byte	0                               @ End Of Children Mark
	.byte	6                               @ Abbrev [6] 0x3a2:0x5 DW_TAG_pointer_type
	.long	935                             @ DW_AT_type
	.byte	7                               @ Abbrev [7] 0x3a7:0xc DW_TAG_typedef
	.long	947                             @ DW_AT_type
	.long	.Linfo_string60                 @ DW_AT_name
	.byte	2                               @ DW_AT_decl_file
	.short	418                             @ DW_AT_decl_line
	.byte	8                               @ Abbrev [8] 0x3b3:0x20 DW_TAG_structure_type
	.byte	8                               @ DW_AT_byte_size
	.byte	2                               @ DW_AT_decl_file
	.short	414                             @ DW_AT_decl_line
	.byte	9                               @ Abbrev [9] 0x3b8:0xd DW_TAG_member
	.long	.Linfo_string5                  @ DW_AT_name
	.long	265                             @ DW_AT_type
	.byte	2                               @ DW_AT_decl_file
	.short	416                             @ DW_AT_decl_line
	.byte	0                               @ DW_AT_data_member_location
	.byte	9                               @ Abbrev [9] 0x3c5:0xd DW_TAG_member
	.long	.Linfo_string59                 @ DW_AT_name
	.long	265                             @ DW_AT_type
	.byte	2                               @ DW_AT_decl_file
	.short	417                             @ DW_AT_decl_line
	.byte	4                               @ DW_AT_data_member_location
	.byte	0                               @ End Of Children Mark
	.byte	6                               @ Abbrev [6] 0x3d3:0x5 DW_TAG_pointer_type
	.long	984                             @ DW_AT_type
	.byte	7                               @ Abbrev [7] 0x3d8:0xc DW_TAG_typedef
	.long	996                             @ DW_AT_type
	.long	.Linfo_string64                 @ DW_AT_name
	.byte	2                               @ DW_AT_decl_file
	.short	423                             @ DW_AT_decl_line
	.byte	8                               @ Abbrev [8] 0x3e4:0x13 DW_TAG_structure_type
	.byte	4                               @ DW_AT_byte_size
	.byte	2                               @ DW_AT_decl_file
	.short	420                             @ DW_AT_decl_line
	.byte	9                               @ Abbrev [9] 0x3e9:0xd DW_TAG_member
	.long	.Linfo_string63                 @ DW_AT_name
	.long	265                             @ DW_AT_type
	.byte	2                               @ DW_AT_decl_file
	.short	422                             @ DW_AT_decl_line
	.byte	0                               @ DW_AT_data_member_location
	.byte	0                               @ End Of Children Mark
	.byte	6                               @ Abbrev [6] 0x3f7:0x5 DW_TAG_pointer_type
	.long	1020                            @ DW_AT_type
	.byte	7                               @ Abbrev [7] 0x3fc:0xc DW_TAG_typedef
	.long	1032                            @ DW_AT_type
	.long	.Linfo_string68                 @ DW_AT_name
	.byte	2                               @ DW_AT_decl_file
	.short	429                             @ DW_AT_decl_line
	.byte	8                               @ Abbrev [8] 0x408:0x20 DW_TAG_structure_type
	.byte	8                               @ DW_AT_byte_size
	.byte	2                               @ DW_AT_decl_file
	.short	425                             @ DW_AT_decl_line
	.byte	9                               @ Abbrev [9] 0x40d:0xd DW_TAG_member
	.long	.Linfo_string66                 @ DW_AT_name
	.long	265                             @ DW_AT_type
	.byte	2                               @ DW_AT_decl_file
	.short	427                             @ DW_AT_decl_line
	.byte	0                               @ DW_AT_data_member_location
	.byte	9                               @ Abbrev [9] 0x41a:0xd DW_TAG_member
	.long	.Linfo_string67                 @ DW_AT_name
	.long	265                             @ DW_AT_type
	.byte	2                               @ DW_AT_decl_file
	.short	428                             @ DW_AT_decl_line
	.byte	4                               @ DW_AT_data_member_location
	.byte	0                               @ End Of Children Mark
	.byte	10                              @ Abbrev [10] 0x428:0x5 DW_TAG_volatile_type
	.long	1069                            @ DW_AT_type
	.byte	3                               @ Abbrev [3] 0x42d:0xb DW_TAG_typedef
	.long	1080                            @ DW_AT_type
	.long	.Linfo_string77                 @ DW_AT_name
	.byte	3                               @ DW_AT_decl_file
	.byte	55                              @ DW_AT_decl_line
	.byte	13                              @ Abbrev [13] 0x438:0x21 DW_TAG_enumeration_type
	.long	771                             @ DW_AT_type
	.byte	1                               @ DW_AT_byte_size
	.byte	3                               @ DW_AT_decl_file
	.byte	49                              @ DW_AT_decl_line
	.byte	14                              @ Abbrev [14] 0x440:0x6 DW_TAG_enumerator
	.long	.Linfo_string73                 @ DW_AT_name
	.byte	0                               @ DW_AT_const_value
	.byte	14                              @ Abbrev [14] 0x446:0x6 DW_TAG_enumerator
	.long	.Linfo_string74                 @ DW_AT_name
	.byte	1                               @ DW_AT_const_value
	.byte	14                              @ Abbrev [14] 0x44c:0x6 DW_TAG_enumerator
	.long	.Linfo_string75                 @ DW_AT_name
	.byte	2                               @ DW_AT_const_value
	.byte	14                              @ Abbrev [14] 0x452:0x6 DW_TAG_enumerator
	.long	.Linfo_string76                 @ DW_AT_name
	.byte	3                               @ DW_AT_const_value
	.byte	0                               @ End Of Children Mark
	.byte	13                              @ Abbrev [13] 0x459:0x21 DW_TAG_enumeration_type
	.long	771                             @ DW_AT_type
	.byte	1                               @ DW_AT_byte_size
	.byte	5                               @ DW_AT_decl_file
	.byte	39                              @ DW_AT_decl_line
	.byte	14                              @ Abbrev [14] 0x461:0x6 DW_TAG_enumerator
	.long	.Linfo_string79                 @ DW_AT_name
	.byte	0                               @ DW_AT_const_value
	.byte	14                              @ Abbrev [14] 0x467:0x6 DW_TAG_enumerator
	.long	.Linfo_string80                 @ DW_AT_name
	.byte	1                               @ DW_AT_const_value
	.byte	14                              @ Abbrev [14] 0x46d:0x6 DW_TAG_enumerator
	.long	.Linfo_string81                 @ DW_AT_name
	.byte	2                               @ DW_AT_const_value
	.byte	14                              @ Abbrev [14] 0x473:0x6 DW_TAG_enumerator
	.long	.Linfo_string82                 @ DW_AT_name
	.byte	3                               @ DW_AT_const_value
	.byte	0                               @ End Of Children Mark
	.byte	6                               @ Abbrev [6] 0x47a:0x5 DW_TAG_pointer_type
	.long	1151                            @ DW_AT_type
	.byte	7                               @ Abbrev [7] 0x47f:0xc DW_TAG_typedef
	.long	1163                            @ DW_AT_type
	.long	.Linfo_string122                @ DW_AT_name
	.byte	2                               @ DW_AT_decl_file
	.short	707                             @ DW_AT_decl_line
	.byte	8                               @ Abbrev [8] 0x48b:0x20e DW_TAG_structure_type
	.byte	160                             @ DW_AT_byte_size
	.byte	2                               @ DW_AT_decl_file
	.short	665                             @ DW_AT_decl_line
	.byte	9                               @ Abbrev [9] 0x490:0xd DW_TAG_member
	.long	.Linfo_string83                 @ DW_AT_name
	.long	265                             @ DW_AT_type
	.byte	2                               @ DW_AT_decl_file
	.short	667                             @ DW_AT_decl_line
	.byte	0                               @ DW_AT_data_member_location
	.byte	9                               @ Abbrev [9] 0x49d:0xd DW_TAG_member
	.long	.Linfo_string84                 @ DW_AT_name
	.long	265                             @ DW_AT_type
	.byte	2                               @ DW_AT_decl_file
	.short	668                             @ DW_AT_decl_line
	.byte	4                               @ DW_AT_data_member_location
	.byte	9                               @ Abbrev [9] 0x4aa:0xd DW_TAG_member
	.long	.Linfo_string85                 @ DW_AT_name
	.long	265                             @ DW_AT_type
	.byte	2                               @ DW_AT_decl_file
	.short	669                             @ DW_AT_decl_line
	.byte	8                               @ DW_AT_data_member_location
	.byte	9                               @ Abbrev [9] 0x4b7:0xd DW_TAG_member
	.long	.Linfo_string86                 @ DW_AT_name
	.long	265                             @ DW_AT_type
	.byte	2                               @ DW_AT_decl_file
	.short	670                             @ DW_AT_decl_line
	.byte	12                              @ DW_AT_data_member_location
	.byte	9                               @ Abbrev [9] 0x4c4:0xd DW_TAG_member
	.long	.Linfo_string87                 @ DW_AT_name
	.long	270                             @ DW_AT_type
	.byte	2                               @ DW_AT_decl_file
	.short	671                             @ DW_AT_decl_line
	.byte	16                              @ DW_AT_data_member_location
	.byte	9                               @ Abbrev [9] 0x4d1:0xd DW_TAG_member
	.long	.Linfo_string88                 @ DW_AT_name
	.long	270                             @ DW_AT_type
	.byte	2                               @ DW_AT_decl_file
	.short	672                             @ DW_AT_decl_line
	.byte	20                              @ DW_AT_data_member_location
	.byte	9                               @ Abbrev [9] 0x4de:0xd DW_TAG_member
	.long	.Linfo_string89                 @ DW_AT_name
	.long	265                             @ DW_AT_type
	.byte	2                               @ DW_AT_decl_file
	.short	673                             @ DW_AT_decl_line
	.byte	24                              @ DW_AT_data_member_location
	.byte	9                               @ Abbrev [9] 0x4eb:0xd DW_TAG_member
	.long	.Linfo_string90                 @ DW_AT_name
	.long	265                             @ DW_AT_type
	.byte	2                               @ DW_AT_decl_file
	.short	674                             @ DW_AT_decl_line
	.byte	28                              @ DW_AT_data_member_location
	.byte	9                               @ Abbrev [9] 0x4f8:0xd DW_TAG_member
	.long	.Linfo_string91                 @ DW_AT_name
	.long	265                             @ DW_AT_type
	.byte	2                               @ DW_AT_decl_file
	.short	675                             @ DW_AT_decl_line
	.byte	32                              @ DW_AT_data_member_location
	.byte	9                               @ Abbrev [9] 0x505:0xd DW_TAG_member
	.long	.Linfo_string92                 @ DW_AT_name
	.long	270                             @ DW_AT_type
	.byte	2                               @ DW_AT_decl_file
	.short	676                             @ DW_AT_decl_line
	.byte	36                              @ DW_AT_data_member_location
	.byte	9                               @ Abbrev [9] 0x512:0xd DW_TAG_member
	.long	.Linfo_string93                 @ DW_AT_name
	.long	265                             @ DW_AT_type
	.byte	2                               @ DW_AT_decl_file
	.short	677                             @ DW_AT_decl_line
	.byte	40                              @ DW_AT_data_member_location
	.byte	9                               @ Abbrev [9] 0x51f:0xd DW_TAG_member
	.long	.Linfo_string94                 @ DW_AT_name
	.long	265                             @ DW_AT_type
	.byte	2                               @ DW_AT_decl_file
	.short	678                             @ DW_AT_decl_line
	.byte	44                              @ DW_AT_data_member_location
	.byte	9                               @ Abbrev [9] 0x52c:0xd DW_TAG_member
	.long	.Linfo_string95                 @ DW_AT_name
	.long	265                             @ DW_AT_type
	.byte	2                               @ DW_AT_decl_file
	.short	679                             @ DW_AT_decl_line
	.byte	48                              @ DW_AT_data_member_location
	.byte	9                               @ Abbrev [9] 0x539:0xd DW_TAG_member
	.long	.Linfo_string96                 @ DW_AT_name
	.long	270                             @ DW_AT_type
	.byte	2                               @ DW_AT_decl_file
	.short	680                             @ DW_AT_decl_line
	.byte	52                              @ DW_AT_data_member_location
	.byte	9                               @ Abbrev [9] 0x546:0xd DW_TAG_member
	.long	.Linfo_string97                 @ DW_AT_name
	.long	265                             @ DW_AT_type
	.byte	2                               @ DW_AT_decl_file
	.short	681                             @ DW_AT_decl_line
	.byte	56                              @ DW_AT_data_member_location
	.byte	9                               @ Abbrev [9] 0x553:0xd DW_TAG_member
	.long	.Linfo_string98                 @ DW_AT_name
	.long	265                             @ DW_AT_type
	.byte	2                               @ DW_AT_decl_file
	.short	682                             @ DW_AT_decl_line
	.byte	60                              @ DW_AT_data_member_location
	.byte	9                               @ Abbrev [9] 0x560:0xd DW_TAG_member
	.long	.Linfo_string99                 @ DW_AT_name
	.long	265                             @ DW_AT_type
	.byte	2                               @ DW_AT_decl_file
	.short	683                             @ DW_AT_decl_line
	.byte	64                              @ DW_AT_data_member_location
	.byte	9                               @ Abbrev [9] 0x56d:0xd DW_TAG_member
	.long	.Linfo_string100                @ DW_AT_name
	.long	270                             @ DW_AT_type
	.byte	2                               @ DW_AT_decl_file
	.short	684                             @ DW_AT_decl_line
	.byte	68                              @ DW_AT_data_member_location
	.byte	9                               @ Abbrev [9] 0x57a:0xd DW_TAG_member
	.long	.Linfo_string101                @ DW_AT_name
	.long	265                             @ DW_AT_type
	.byte	2                               @ DW_AT_decl_file
	.short	685                             @ DW_AT_decl_line
	.byte	72                              @ DW_AT_data_member_location
	.byte	9                               @ Abbrev [9] 0x587:0xd DW_TAG_member
	.long	.Linfo_string102                @ DW_AT_name
	.long	265                             @ DW_AT_type
	.byte	2                               @ DW_AT_decl_file
	.short	686                             @ DW_AT_decl_line
	.byte	76                              @ DW_AT_data_member_location
	.byte	9                               @ Abbrev [9] 0x594:0xd DW_TAG_member
	.long	.Linfo_string103                @ DW_AT_name
	.long	265                             @ DW_AT_type
	.byte	2                               @ DW_AT_decl_file
	.short	687                             @ DW_AT_decl_line
	.byte	80                              @ DW_AT_data_member_location
	.byte	9                               @ Abbrev [9] 0x5a1:0xd DW_TAG_member
	.long	.Linfo_string104                @ DW_AT_name
	.long	270                             @ DW_AT_type
	.byte	2                               @ DW_AT_decl_file
	.short	688                             @ DW_AT_decl_line
	.byte	84                              @ DW_AT_data_member_location
	.byte	9                               @ Abbrev [9] 0x5ae:0xd DW_TAG_member
	.long	.Linfo_string105                @ DW_AT_name
	.long	265                             @ DW_AT_type
	.byte	2                               @ DW_AT_decl_file
	.short	689                             @ DW_AT_decl_line
	.byte	88                              @ DW_AT_data_member_location
	.byte	9                               @ Abbrev [9] 0x5bb:0xd DW_TAG_member
	.long	.Linfo_string106                @ DW_AT_name
	.long	265                             @ DW_AT_type
	.byte	2                               @ DW_AT_decl_file
	.short	690                             @ DW_AT_decl_line
	.byte	92                              @ DW_AT_data_member_location
	.byte	9                               @ Abbrev [9] 0x5c8:0xd DW_TAG_member
	.long	.Linfo_string107                @ DW_AT_name
	.long	265                             @ DW_AT_type
	.byte	2                               @ DW_AT_decl_file
	.short	691                             @ DW_AT_decl_line
	.byte	96                              @ DW_AT_data_member_location
	.byte	9                               @ Abbrev [9] 0x5d5:0xd DW_TAG_member
	.long	.Linfo_string108                @ DW_AT_name
	.long	270                             @ DW_AT_type
	.byte	2                               @ DW_AT_decl_file
	.short	692                             @ DW_AT_decl_line
	.byte	100                             @ DW_AT_data_member_location
	.byte	9                               @ Abbrev [9] 0x5e2:0xd DW_TAG_member
	.long	.Linfo_string109                @ DW_AT_name
	.long	265                             @ DW_AT_type
	.byte	2                               @ DW_AT_decl_file
	.short	693                             @ DW_AT_decl_line
	.byte	104                             @ DW_AT_data_member_location
	.byte	9                               @ Abbrev [9] 0x5ef:0xd DW_TAG_member
	.long	.Linfo_string110                @ DW_AT_name
	.long	265                             @ DW_AT_type
	.byte	2                               @ DW_AT_decl_file
	.short	694                             @ DW_AT_decl_line
	.byte	108                             @ DW_AT_data_member_location
	.byte	9                               @ Abbrev [9] 0x5fc:0xd DW_TAG_member
	.long	.Linfo_string111                @ DW_AT_name
	.long	265                             @ DW_AT_type
	.byte	2                               @ DW_AT_decl_file
	.short	695                             @ DW_AT_decl_line
	.byte	112                             @ DW_AT_data_member_location
	.byte	9                               @ Abbrev [9] 0x609:0xd DW_TAG_member
	.long	.Linfo_string112                @ DW_AT_name
	.long	270                             @ DW_AT_type
	.byte	2                               @ DW_AT_decl_file
	.short	696                             @ DW_AT_decl_line
	.byte	116                             @ DW_AT_data_member_location
	.byte	9                               @ Abbrev [9] 0x616:0xd DW_TAG_member
	.long	.Linfo_string113                @ DW_AT_name
	.long	265                             @ DW_AT_type
	.byte	2                               @ DW_AT_decl_file
	.short	697                             @ DW_AT_decl_line
	.byte	120                             @ DW_AT_data_member_location
	.byte	9                               @ Abbrev [9] 0x623:0xd DW_TAG_member
	.long	.Linfo_string114                @ DW_AT_name
	.long	265                             @ DW_AT_type
	.byte	2                               @ DW_AT_decl_file
	.short	698                             @ DW_AT_decl_line
	.byte	124                             @ DW_AT_data_member_location
	.byte	9                               @ Abbrev [9] 0x630:0xd DW_TAG_member
	.long	.Linfo_string115                @ DW_AT_name
	.long	265                             @ DW_AT_type
	.byte	2                               @ DW_AT_decl_file
	.short	699                             @ DW_AT_decl_line
	.byte	128                             @ DW_AT_data_member_location
	.byte	9                               @ Abbrev [9] 0x63d:0xd DW_TAG_member
	.long	.Linfo_string116                @ DW_AT_name
	.long	270                             @ DW_AT_type
	.byte	2                               @ DW_AT_decl_file
	.short	700                             @ DW_AT_decl_line
	.byte	132                             @ DW_AT_data_member_location
	.byte	9                               @ Abbrev [9] 0x64a:0xd DW_TAG_member
	.long	.Linfo_string117                @ DW_AT_name
	.long	265                             @ DW_AT_type
	.byte	2                               @ DW_AT_decl_file
	.short	701                             @ DW_AT_decl_line
	.byte	136                             @ DW_AT_data_member_location
	.byte	9                               @ Abbrev [9] 0x657:0xd DW_TAG_member
	.long	.Linfo_string118                @ DW_AT_name
	.long	270                             @ DW_AT_type
	.byte	2                               @ DW_AT_decl_file
	.short	702                             @ DW_AT_decl_line
	.byte	140                             @ DW_AT_data_member_location
	.byte	9                               @ Abbrev [9] 0x664:0xd DW_TAG_member
	.long	.Linfo_string119                @ DW_AT_name
	.long	265                             @ DW_AT_type
	.byte	2                               @ DW_AT_decl_file
	.short	703                             @ DW_AT_decl_line
	.byte	144                             @ DW_AT_data_member_location
	.byte	9                               @ Abbrev [9] 0x671:0xd DW_TAG_member
	.long	.Linfo_string5                  @ DW_AT_name
	.long	265                             @ DW_AT_type
	.byte	2                               @ DW_AT_decl_file
	.short	704                             @ DW_AT_decl_line
	.byte	148                             @ DW_AT_data_member_location
	.byte	9                               @ Abbrev [9] 0x67e:0xd DW_TAG_member
	.long	.Linfo_string120                @ DW_AT_name
	.long	265                             @ DW_AT_type
	.byte	2                               @ DW_AT_decl_file
	.short	705                             @ DW_AT_decl_line
	.byte	152                             @ DW_AT_data_member_location
	.byte	9                               @ Abbrev [9] 0x68b:0xd DW_TAG_member
	.long	.Linfo_string121                @ DW_AT_name
	.long	265                             @ DW_AT_type
	.byte	2                               @ DW_AT_decl_file
	.short	706                             @ DW_AT_decl_line
	.byte	156                             @ DW_AT_data_member_location
	.byte	0                               @ End Of Children Mark
	.byte	18                              @ Abbrev [18] 0x699:0x1b DW_TAG_subprogram
	.long	.Lfunc_begin0                   @ DW_AT_low_pc
	.long	.Lfunc_end0-.Lfunc_begin0       @ DW_AT_high_pc
	.byte	1                               @ DW_AT_frame_base
	.byte	93
                                        @ DW_AT_GNU_all_call_sites
	.long	.Linfo_string124                @ DW_AT_name
	.byte	6                               @ DW_AT_decl_file
	.byte	30                              @ DW_AT_decl_line
                                        @ DW_AT_prototyped
                                        @ DW_AT_external
	.byte	19                              @ Abbrev [19] 0x6aa:0x9 DW_TAG_GNU_call_site
	.long	1716                            @ DW_AT_abstract_origin
                                        @ DW_AT_GNU_tail_call
	.long	.Ltmp5                          @ DW_AT_low_pc
	.byte	0                               @ End Of Children Mark
	.byte	20                              @ Abbrev [20] 0x6b4:0x7 DW_TAG_subprogram
	.long	.Linfo_string123                @ DW_AT_name
	.byte	7                               @ DW_AT_decl_file
	.byte	55                              @ DW_AT_decl_line
                                        @ DW_AT_prototyped
                                        @ DW_AT_declaration
                                        @ DW_AT_external
	.byte	18                              @ Abbrev [18] 0x6bb:0x39 DW_TAG_subprogram
	.long	.Lfunc_begin1                   @ DW_AT_low_pc
	.long	.Lfunc_end1-.Lfunc_begin1       @ DW_AT_high_pc
	.byte	1                               @ DW_AT_frame_base
	.byte	93
                                        @ DW_AT_GNU_all_call_sites
	.long	.Linfo_string125                @ DW_AT_name
	.byte	6                               @ DW_AT_decl_file
	.byte	41                              @ DW_AT_decl_line
                                        @ DW_AT_prototyped
                                        @ DW_AT_external
	.byte	21                              @ Abbrev [21] 0x6cc:0xf DW_TAG_formal_parameter
	.long	.Ldebug_loc0                    @ DW_AT_location
	.long	.Linfo_string128                @ DW_AT_name
	.byte	6                               @ DW_AT_decl_file
	.byte	41                              @ DW_AT_decl_line
	.long	1813                            @ DW_AT_type
	.byte	22                              @ Abbrev [22] 0x6db:0x18 DW_TAG_lexical_block
	.long	.Ltmp10                         @ DW_AT_low_pc
	.long	.Ltmp11-.Ltmp10                 @ DW_AT_high_pc
	.byte	23                              @ Abbrev [23] 0x6e4:0xe DW_TAG_variable
	.byte	2                               @ DW_AT_location
	.byte	145
	.byte	0
	.long	.Linfo_string127                @ DW_AT_name
	.byte	6                               @ DW_AT_decl_file
	.byte	50                              @ DW_AT_decl_line
	.long	265                             @ DW_AT_type
	.byte	0                               @ End Of Children Mark
	.byte	0                               @ End Of Children Mark
	.byte	18                              @ Abbrev [18] 0x6f4:0x21 DW_TAG_subprogram
	.long	.Lfunc_begin2                   @ DW_AT_low_pc
	.long	.Lfunc_end2-.Lfunc_begin2       @ DW_AT_high_pc
	.byte	1                               @ DW_AT_frame_base
	.byte	93
                                        @ DW_AT_GNU_all_call_sites
	.long	.Linfo_string126                @ DW_AT_name
	.byte	6                               @ DW_AT_decl_file
	.byte	57                              @ DW_AT_decl_line
                                        @ DW_AT_prototyped
                                        @ DW_AT_external
	.byte	21                              @ Abbrev [21] 0x705:0xf DW_TAG_formal_parameter
	.long	.Ldebug_loc1                    @ DW_AT_location
	.long	.Linfo_string128                @ DW_AT_name
	.byte	6                               @ DW_AT_decl_file
	.byte	57                              @ DW_AT_decl_line
	.long	1813                            @ DW_AT_type
	.byte	0                               @ End Of Children Mark
	.byte	6                               @ Abbrev [6] 0x715:0x5 DW_TAG_pointer_type
	.long	55                              @ DW_AT_type
	.byte	0                               @ End Of Children Mark
.Ldebug_info_end0:
	.section	.debug_ranges,"",%progbits
.Ldebug_ranges0:
	.long	.Lfunc_begin0
	.long	.Lfunc_end0
	.long	.Lfunc_begin1
	.long	.Lfunc_end1
	.long	.Lfunc_begin2
	.long	.Lfunc_end2
	.long	0
	.long	0
	.section	.debug_str,"MS",%progbits,1
.Linfo_string0:
	.asciz	"Component: ARM Compiler 6.16 Tool: armclang [5dfeb700]" @ string offset=0
.Linfo_string1:
	.asciz	"../src/board/amcbldc/v120/src\\cordic.c" @ string offset=55
.Linfo_string2:
	.asciz	"C:\\Users\\grodriguez\\Documents\\iit\\icub-firmware\\emBODY\\eBcode\\arch-arm\\libs\\lowlevel\\stm32hal\\proj" @ string offset=94
.Linfo_string3:
	.asciz	"hcordic"                       @ string offset=193
.Linfo_string4:
	.asciz	"Instance"                      @ string offset=201
.Linfo_string5:
	.asciz	"CSR"                           @ string offset=210
.Linfo_string6:
	.asciz	"unsigned int"                  @ string offset=214
.Linfo_string7:
	.asciz	"uint32_t"                      @ string offset=227
.Linfo_string8:
	.asciz	"WDATA"                         @ string offset=236
.Linfo_string9:
	.asciz	"RDATA"                         @ string offset=242
.Linfo_string10:
	.asciz	"CORDIC_TypeDef"                @ string offset=248
.Linfo_string11:
	.asciz	"pInBuff"                       @ string offset=263
.Linfo_string12:
	.asciz	"int"                           @ string offset=271
.Linfo_string13:
	.asciz	"int32_t"                       @ string offset=275
.Linfo_string14:
	.asciz	"pOutBuff"                      @ string offset=283
.Linfo_string15:
	.asciz	"NbCalcToOrder"                 @ string offset=292
.Linfo_string16:
	.asciz	"NbCalcToGet"                   @ string offset=306
.Linfo_string17:
	.asciz	"DMADirection"                  @ string offset=318
.Linfo_string18:
	.asciz	"hdmaIn"                        @ string offset=331
.Linfo_string19:
	.asciz	"CCR"                           @ string offset=338
.Linfo_string20:
	.asciz	"CNDTR"                         @ string offset=342
.Linfo_string21:
	.asciz	"CPAR"                          @ string offset=348
.Linfo_string22:
	.asciz	"CMAR"                          @ string offset=353
.Linfo_string23:
	.asciz	"DMA_Channel_TypeDef"           @ string offset=358
.Linfo_string24:
	.asciz	"Init"                          @ string offset=378
.Linfo_string25:
	.asciz	"Request"                       @ string offset=383
.Linfo_string26:
	.asciz	"Direction"                     @ string offset=391
.Linfo_string27:
	.asciz	"PeriphInc"                     @ string offset=401
.Linfo_string28:
	.asciz	"MemInc"                        @ string offset=411
.Linfo_string29:
	.asciz	"PeriphDataAlignment"           @ string offset=418
.Linfo_string30:
	.asciz	"MemDataAlignment"              @ string offset=438
.Linfo_string31:
	.asciz	"Mode"                          @ string offset=455
.Linfo_string32:
	.asciz	"Priority"                      @ string offset=460
.Linfo_string33:
	.asciz	"DMA_InitTypeDef"               @ string offset=469
.Linfo_string34:
	.asciz	"Lock"                          @ string offset=485
.Linfo_string35:
	.asciz	"unsigned char"                 @ string offset=490
.Linfo_string36:
	.asciz	"HAL_UNLOCKED"                  @ string offset=504
.Linfo_string37:
	.asciz	"HAL_LOCKED"                    @ string offset=517
.Linfo_string38:
	.asciz	"HAL_LockTypeDef"               @ string offset=528
.Linfo_string39:
	.asciz	"State"                         @ string offset=544
.Linfo_string40:
	.asciz	"HAL_DMA_STATE_RESET"           @ string offset=550
.Linfo_string41:
	.asciz	"HAL_DMA_STATE_READY"           @ string offset=570
.Linfo_string42:
	.asciz	"HAL_DMA_STATE_BUSY"            @ string offset=590
.Linfo_string43:
	.asciz	"HAL_DMA_STATE_TIMEOUT"         @ string offset=609
.Linfo_string44:
	.asciz	"HAL_DMA_StateTypeDef"          @ string offset=631
.Linfo_string45:
	.asciz	"Parent"                        @ string offset=652
.Linfo_string46:
	.asciz	"XferCpltCallback"              @ string offset=659
.Linfo_string47:
	.asciz	"XferHalfCpltCallback"          @ string offset=676
.Linfo_string48:
	.asciz	"XferErrorCallback"             @ string offset=697
.Linfo_string49:
	.asciz	"XferAbortCallback"             @ string offset=715
.Linfo_string50:
	.asciz	"ErrorCode"                     @ string offset=733
.Linfo_string51:
	.asciz	"DmaBaseAddress"                @ string offset=743
.Linfo_string52:
	.asciz	"ISR"                           @ string offset=758
.Linfo_string53:
	.asciz	"IFCR"                          @ string offset=762
.Linfo_string54:
	.asciz	"DMA_TypeDef"                   @ string offset=767
.Linfo_string55:
	.asciz	"ChannelIndex"                  @ string offset=779
.Linfo_string56:
	.asciz	"DMAmuxChannel"                 @ string offset=792
.Linfo_string57:
	.asciz	"DMAMUX_Channel_TypeDef"        @ string offset=806
.Linfo_string58:
	.asciz	"DMAmuxChannelStatus"           @ string offset=829
.Linfo_string59:
	.asciz	"CFR"                           @ string offset=849
.Linfo_string60:
	.asciz	"DMAMUX_ChannelStatus_TypeDef"  @ string offset=853
.Linfo_string61:
	.asciz	"DMAmuxChannelStatusMask"       @ string offset=882
.Linfo_string62:
	.asciz	"DMAmuxRequestGen"              @ string offset=906
.Linfo_string63:
	.asciz	"RGCR"                          @ string offset=923
.Linfo_string64:
	.asciz	"DMAMUX_RequestGen_TypeDef"     @ string offset=928
.Linfo_string65:
	.asciz	"DMAmuxRequestGenStatus"        @ string offset=954
.Linfo_string66:
	.asciz	"RGSR"                          @ string offset=977
.Linfo_string67:
	.asciz	"RGCFR"                         @ string offset=982
.Linfo_string68:
	.asciz	"DMAMUX_RequestGenStatus_TypeDef" @ string offset=988
.Linfo_string69:
	.asciz	"DMAmuxRequestGenStatusMask"    @ string offset=1020
.Linfo_string70:
	.asciz	"__DMA_HandleTypeDef"           @ string offset=1047
.Linfo_string71:
	.asciz	"DMA_HandleTypeDef"             @ string offset=1067
.Linfo_string72:
	.asciz	"hdmaOut"                       @ string offset=1085
.Linfo_string73:
	.asciz	"HAL_CORDIC_STATE_RESET"        @ string offset=1093
.Linfo_string74:
	.asciz	"HAL_CORDIC_STATE_READY"        @ string offset=1116
.Linfo_string75:
	.asciz	"HAL_CORDIC_STATE_BUSY"         @ string offset=1139
.Linfo_string76:
	.asciz	"HAL_CORDIC_STATE_ERROR"        @ string offset=1161
.Linfo_string77:
	.asciz	"HAL_CORDIC_StateTypeDef"       @ string offset=1184
.Linfo_string78:
	.asciz	"CORDIC_HandleTypeDef"          @ string offset=1208
.Linfo_string79:
	.asciz	"HAL_OK"                        @ string offset=1229
.Linfo_string80:
	.asciz	"HAL_ERROR"                     @ string offset=1236
.Linfo_string81:
	.asciz	"HAL_BUSY"                      @ string offset=1246
.Linfo_string82:
	.asciz	"HAL_TIMEOUT"                   @ string offset=1255
.Linfo_string83:
	.asciz	"CR"                            @ string offset=1267
.Linfo_string84:
	.asciz	"ICSCR"                         @ string offset=1270
.Linfo_string85:
	.asciz	"CFGR"                          @ string offset=1276
.Linfo_string86:
	.asciz	"PLLCFGR"                       @ string offset=1281
.Linfo_string87:
	.asciz	"RESERVED0"                     @ string offset=1289
.Linfo_string88:
	.asciz	"RESERVED1"                     @ string offset=1299
.Linfo_string89:
	.asciz	"CIER"                          @ string offset=1309
.Linfo_string90:
	.asciz	"CIFR"                          @ string offset=1314
.Linfo_string91:
	.asciz	"CICR"                          @ string offset=1319
.Linfo_string92:
	.asciz	"RESERVED2"                     @ string offset=1324
.Linfo_string93:
	.asciz	"AHB1RSTR"                      @ string offset=1334
.Linfo_string94:
	.asciz	"AHB2RSTR"                      @ string offset=1343
.Linfo_string95:
	.asciz	"AHB3RSTR"                      @ string offset=1352
.Linfo_string96:
	.asciz	"RESERVED3"                     @ string offset=1361
.Linfo_string97:
	.asciz	"APB1RSTR1"                     @ string offset=1371
.Linfo_string98:
	.asciz	"APB1RSTR2"                     @ string offset=1381
.Linfo_string99:
	.asciz	"APB2RSTR"                      @ string offset=1391
.Linfo_string100:
	.asciz	"RESERVED4"                     @ string offset=1400
.Linfo_string101:
	.asciz	"AHB1ENR"                       @ string offset=1410
.Linfo_string102:
	.asciz	"AHB2ENR"                       @ string offset=1418
.Linfo_string103:
	.asciz	"AHB3ENR"                       @ string offset=1426
.Linfo_string104:
	.asciz	"RESERVED5"                     @ string offset=1434
.Linfo_string105:
	.asciz	"APB1ENR1"                      @ string offset=1444
.Linfo_string106:
	.asciz	"APB1ENR2"                      @ string offset=1453
.Linfo_string107:
	.asciz	"APB2ENR"                       @ string offset=1462
.Linfo_string108:
	.asciz	"RESERVED6"                     @ string offset=1470
.Linfo_string109:
	.asciz	"AHB1SMENR"                     @ string offset=1480
.Linfo_string110:
	.asciz	"AHB2SMENR"                     @ string offset=1490
.Linfo_string111:
	.asciz	"AHB3SMENR"                     @ string offset=1500
.Linfo_string112:
	.asciz	"RESERVED7"                     @ string offset=1510
.Linfo_string113:
	.asciz	"APB1SMENR1"                    @ string offset=1520
.Linfo_string114:
	.asciz	"APB1SMENR2"                    @ string offset=1531
.Linfo_string115:
	.asciz	"APB2SMENR"                     @ string offset=1542
.Linfo_string116:
	.asciz	"RESERVED8"                     @ string offset=1552
.Linfo_string117:
	.asciz	"CCIPR"                         @ string offset=1562
.Linfo_string118:
	.asciz	"RESERVED9"                     @ string offset=1568
.Linfo_string119:
	.asciz	"BDCR"                          @ string offset=1578
.Linfo_string120:
	.asciz	"CRRCR"                         @ string offset=1583
.Linfo_string121:
	.asciz	"CCIPR2"                        @ string offset=1589
.Linfo_string122:
	.asciz	"RCC_TypeDef"                   @ string offset=1596
.Linfo_string123:
	.asciz	"Error_Handler"                 @ string offset=1608
.Linfo_string124:
	.asciz	"MX_CORDIC_Init"                @ string offset=1622
.Linfo_string125:
	.asciz	"HAL_CORDIC_MspInit"            @ string offset=1637
.Linfo_string126:
	.asciz	"HAL_CORDIC_MspDeInit"          @ string offset=1656
.Linfo_string127:
	.asciz	"tmpreg"                        @ string offset=1677
.Linfo_string128:
	.asciz	"cordicHandle"                  @ string offset=1684
	.ident	"Component: ARM Compiler 6.16 Tool: armclang [5dfeb700]"
	.section	".note.GNU-stack","",%progbits
	.eabi_attribute	30, 3	@ Tag_ABI_optimization_goals
	.ARM_attribute	16, 1	@ Tag_AV_eba
	.section	.debug_line,"",%progbits
.Lline_table_start0:
