	.text
	.syntax unified
	.eabi_attribute	67, "2.09"	@ Tag_conformance
	.cpu	cortex-m4
	.eabi_attribute	6, 13	@ Tag_CPU_arch
	.eabi_attribute	7, 77	@ Tag_CPU_arch_profile
	.eabi_attribute	8, 0	@ Tag_ARM_ISA_use
	.eabi_attribute	9, 2	@ Tag_THUMB_ISA_use
	.fpu	fpv4-sp-d16
	.eabi_attribute	27, 1	@ Tag_ABI_HardFP_use
	.eabi_attribute	36, 1	@ Tag_FP_HP_extension
	.eabi_attribute	34, 1	@ Tag_CPU_unaligned_access
	.eabi_attribute	17, 1	@ Tag_ABI_PCS_GOT_use
	.eabi_attribute	20, 2	@ Tag_ABI_FP_denormal
	.eabi_attribute	21, 0	@ Tag_ABI_FP_exceptions
	.eabi_attribute	23, 1	@ Tag_ABI_FP_number_model
	.eabi_attribute	24, 1	@ Tag_ABI_align_needed
	.eabi_attribute	25, 1	@ Tag_ABI_align_preserved
	.eabi_attribute	28, 1	@ Tag_ABI_VFP_args
	.eabi_attribute	38, 1	@ Tag_ABI_FP_16bit_format
	.eabi_attribute	18, 2	@ Tag_ABI_PCS_wchar_t
	.eabi_attribute	26, 1	@ Tag_ABI_enum_size
	.eabi_attribute	14, 0	@ Tag_ABI_PCS_R9_use
	.file	"dma.c"
	.file	1 "C:\\Users\\grodriguez\\Documents\\iit\\icub-firmware\\emBODY\\eBcode\\arch-arm\\libs\\lowlevel\\stm32hal\\proj" "../src/driver/stm32g4-v120/inc/stm32g474xx.h"
	.file	2 "C:\\" "Keil_v5\\ARM\\ARMCLANG\\Bin\\..\\include\\stdint.h"
	.section	.text.MX_DMA_Init,"ax",%progbits
	.hidden	MX_DMA_Init                     @ -- Begin function MX_DMA_Init
	.globl	MX_DMA_Init
	.p2align	1
	.type	MX_DMA_Init,%function
	.code	16                              @ @MX_DMA_Init
	.thumb_func
MX_DMA_Init:
.Lfunc_begin0:
	.file	3 "C:\\Users\\grodriguez\\Documents\\iit\\icub-firmware\\emBODY\\eBcode\\arch-arm\\libs\\lowlevel\\stm32hal\\proj" "../src/board/amcbldc/v120/src/dma.c"
	.loc	3 39 0                          @ ../src/board/amcbldc/v120/src/dma.c:39:0
	.fnstart
	.cfi_sections .debug_frame
	.cfi_startproc
@ %bb.0:
	.save	{r7, lr}
	push	{r7, lr}
	.cfi_def_cfa_offset 8
	.cfi_offset lr, -4
	.cfi_offset r7, -8
	.pad	#8
	sub	sp, #8
	.cfi_def_cfa_offset 16
	movw	r0, #4168
	movt	r0, #16386
.Ltmp0:
	.loc	3 42 3 prologue_end             @ ../src/board/amcbldc/v120/src/dma.c:42:3
	ldr	r1, [r0]
.Ltmp1:
	.loc	3 47 3                          @ ../src/board/amcbldc/v120/src/dma.c:47:3
	movs	r2, #0
.Ltmp2:
	.loc	3 42 3                          @ ../src/board/amcbldc/v120/src/dma.c:42:3
	orr	r1, r1, #4
	str	r1, [r0]
	ldr	r1, [r0]
	and	r1, r1, #4
	str	r1, [sp, #4]
	ldr	r1, [sp, #4]
.Ltmp3:
	.loc	3 43 3                          @ ../src/board/amcbldc/v120/src/dma.c:43:3
	ldr	r1, [r0]
	orr	r1, r1, #1
	str	r1, [r0]
	ldr	r0, [r0]
.Ltmp4:
	.loc	3 47 3                          @ ../src/board/amcbldc/v120/src/dma.c:47:3
	movs	r1, #0
.Ltmp5:
	.loc	3 43 3                          @ ../src/board/amcbldc/v120/src/dma.c:43:3
	and	r0, r0, #1
	str	r0, [sp]
	ldr	r0, [sp]
.Ltmp6:
	.loc	3 47 3                          @ ../src/board/amcbldc/v120/src/dma.c:47:3
	movs	r0, #11
	bl	HAL_NVIC_SetPriority
.Ltmp7:
	.loc	3 48 3                          @ ../src/board/amcbldc/v120/src/dma.c:48:3
	movs	r0, #11
	bl	HAL_NVIC_EnableIRQ
.Ltmp8:
	.loc	3 50 3                          @ ../src/board/amcbldc/v120/src/dma.c:50:3
	movs	r0, #12
	movs	r1, #0
	movs	r2, #0
	bl	HAL_NVIC_SetPriority
.Ltmp9:
	.loc	3 51 3                          @ ../src/board/amcbldc/v120/src/dma.c:51:3
	movs	r0, #12
	add	sp, #8
	pop.w	{r7, lr}
.Ltmp10:
	b	HAL_NVIC_EnableIRQ
.Ltmp11:
.Lfunc_end0:
	.size	MX_DMA_Init, .Lfunc_end0-MX_DMA_Init
	.cfi_endproc
	.file	4 "C:\\Users\\grodriguez\\Documents\\iit\\icub-firmware\\emBODY\\eBcode\\arch-arm\\libs\\lowlevel\\stm32hal\\proj" "../api\\../src/driver/stm32g4-v120/inc/stm32g4xx_hal_cortex.h"
	.cantunwind
	.fnend
                                        @ -- End function
	.section	.debug_abbrev,"",%progbits
	.byte	1                               @ Abbreviation Code
	.byte	17                              @ DW_TAG_compile_unit
	.byte	1                               @ DW_CHILDREN_yes
	.byte	37                              @ DW_AT_producer
	.byte	14                              @ DW_FORM_strp
	.byte	19                              @ DW_AT_language
	.byte	5                               @ DW_FORM_data2
	.byte	3                               @ DW_AT_name
	.byte	14                              @ DW_FORM_strp
	.byte	16                              @ DW_AT_stmt_list
	.byte	23                              @ DW_FORM_sec_offset
	.byte	27                              @ DW_AT_comp_dir
	.byte	14                              @ DW_FORM_strp
	.byte	17                              @ DW_AT_low_pc
	.byte	1                               @ DW_FORM_addr
	.byte	18                              @ DW_AT_high_pc
	.byte	6                               @ DW_FORM_data4
	.byte	0                               @ EOM(1)
	.byte	0                               @ EOM(2)
	.byte	2                               @ Abbreviation Code
	.byte	4                               @ DW_TAG_enumeration_type
	.byte	1                               @ DW_CHILDREN_yes
	.byte	73                              @ DW_AT_type
	.byte	19                              @ DW_FORM_ref4
	.byte	11                              @ DW_AT_byte_size
	.byte	11                              @ DW_FORM_data1
	.byte	58                              @ DW_AT_decl_file
	.byte	11                              @ DW_FORM_data1
	.byte	59                              @ DW_AT_decl_line
	.byte	11                              @ DW_FORM_data1
	.byte	0                               @ EOM(1)
	.byte	0                               @ EOM(2)
	.byte	3                               @ Abbreviation Code
	.byte	40                              @ DW_TAG_enumerator
	.byte	0                               @ DW_CHILDREN_no
	.byte	3                               @ DW_AT_name
	.byte	14                              @ DW_FORM_strp
	.byte	28                              @ DW_AT_const_value
	.byte	13                              @ DW_FORM_sdata
	.byte	0                               @ EOM(1)
	.byte	0                               @ EOM(2)
	.byte	4                               @ Abbreviation Code
	.byte	36                              @ DW_TAG_base_type
	.byte	0                               @ DW_CHILDREN_no
	.byte	3                               @ DW_AT_name
	.byte	14                              @ DW_FORM_strp
	.byte	62                              @ DW_AT_encoding
	.byte	11                              @ DW_FORM_data1
	.byte	11                              @ DW_AT_byte_size
	.byte	11                              @ DW_FORM_data1
	.byte	0                               @ EOM(1)
	.byte	0                               @ EOM(2)
	.byte	5                               @ Abbreviation Code
	.byte	15                              @ DW_TAG_pointer_type
	.byte	0                               @ DW_CHILDREN_no
	.byte	73                              @ DW_AT_type
	.byte	19                              @ DW_FORM_ref4
	.byte	0                               @ EOM(1)
	.byte	0                               @ EOM(2)
	.byte	6                               @ Abbreviation Code
	.byte	22                              @ DW_TAG_typedef
	.byte	0                               @ DW_CHILDREN_no
	.byte	73                              @ DW_AT_type
	.byte	19                              @ DW_FORM_ref4
	.byte	3                               @ DW_AT_name
	.byte	14                              @ DW_FORM_strp
	.byte	58                              @ DW_AT_decl_file
	.byte	11                              @ DW_FORM_data1
	.byte	59                              @ DW_AT_decl_line
	.byte	5                               @ DW_FORM_data2
	.byte	0                               @ EOM(1)
	.byte	0                               @ EOM(2)
	.byte	7                               @ Abbreviation Code
	.byte	19                              @ DW_TAG_structure_type
	.byte	1                               @ DW_CHILDREN_yes
	.byte	11                              @ DW_AT_byte_size
	.byte	11                              @ DW_FORM_data1
	.byte	58                              @ DW_AT_decl_file
	.byte	11                              @ DW_FORM_data1
	.byte	59                              @ DW_AT_decl_line
	.byte	5                               @ DW_FORM_data2
	.byte	0                               @ EOM(1)
	.byte	0                               @ EOM(2)
	.byte	8                               @ Abbreviation Code
	.byte	13                              @ DW_TAG_member
	.byte	0                               @ DW_CHILDREN_no
	.byte	3                               @ DW_AT_name
	.byte	14                              @ DW_FORM_strp
	.byte	73                              @ DW_AT_type
	.byte	19                              @ DW_FORM_ref4
	.byte	58                              @ DW_AT_decl_file
	.byte	11                              @ DW_FORM_data1
	.byte	59                              @ DW_AT_decl_line
	.byte	5                               @ DW_FORM_data2
	.byte	56                              @ DW_AT_data_member_location
	.byte	11                              @ DW_FORM_data1
	.byte	0                               @ EOM(1)
	.byte	0                               @ EOM(2)
	.byte	9                               @ Abbreviation Code
	.byte	53                              @ DW_TAG_volatile_type
	.byte	0                               @ DW_CHILDREN_no
	.byte	73                              @ DW_AT_type
	.byte	19                              @ DW_FORM_ref4
	.byte	0                               @ EOM(1)
	.byte	0                               @ EOM(2)
	.byte	10                              @ Abbreviation Code
	.byte	22                              @ DW_TAG_typedef
	.byte	0                               @ DW_CHILDREN_no
	.byte	73                              @ DW_AT_type
	.byte	19                              @ DW_FORM_ref4
	.byte	3                               @ DW_AT_name
	.byte	14                              @ DW_FORM_strp
	.byte	58                              @ DW_AT_decl_file
	.byte	11                              @ DW_FORM_data1
	.byte	59                              @ DW_AT_decl_line
	.byte	11                              @ DW_FORM_data1
	.byte	0                               @ EOM(1)
	.byte	0                               @ EOM(2)
	.byte	11                              @ Abbreviation Code
	.byte	46                              @ DW_TAG_subprogram
	.byte	1                               @ DW_CHILDREN_yes
	.byte	17                              @ DW_AT_low_pc
	.byte	1                               @ DW_FORM_addr
	.byte	18                              @ DW_AT_high_pc
	.byte	6                               @ DW_FORM_data4
	.byte	64                              @ DW_AT_frame_base
	.byte	24                              @ DW_FORM_exprloc
	.ascii	"\227B"                         @ DW_AT_GNU_all_call_sites
	.byte	25                              @ DW_FORM_flag_present
	.byte	3                               @ DW_AT_name
	.byte	14                              @ DW_FORM_strp
	.byte	58                              @ DW_AT_decl_file
	.byte	11                              @ DW_FORM_data1
	.byte	59                              @ DW_AT_decl_line
	.byte	11                              @ DW_FORM_data1
	.byte	39                              @ DW_AT_prototyped
	.byte	25                              @ DW_FORM_flag_present
	.byte	63                              @ DW_AT_external
	.byte	25                              @ DW_FORM_flag_present
	.byte	0                               @ EOM(1)
	.byte	0                               @ EOM(2)
	.byte	12                              @ Abbreviation Code
	.byte	11                              @ DW_TAG_lexical_block
	.byte	1                               @ DW_CHILDREN_yes
	.byte	85                              @ DW_AT_ranges
	.byte	23                              @ DW_FORM_sec_offset
	.byte	0                               @ EOM(1)
	.byte	0                               @ EOM(2)
	.byte	13                              @ Abbreviation Code
	.byte	52                              @ DW_TAG_variable
	.byte	0                               @ DW_CHILDREN_no
	.byte	2                               @ DW_AT_location
	.byte	24                              @ DW_FORM_exprloc
	.byte	3                               @ DW_AT_name
	.byte	14                              @ DW_FORM_strp
	.byte	58                              @ DW_AT_decl_file
	.byte	11                              @ DW_FORM_data1
	.byte	59                              @ DW_AT_decl_line
	.byte	11                              @ DW_FORM_data1
	.byte	73                              @ DW_AT_type
	.byte	19                              @ DW_FORM_ref4
	.byte	0                               @ EOM(1)
	.byte	0                               @ EOM(2)
	.byte	14                              @ Abbreviation Code
	.ascii	"\211\202\001"                  @ DW_TAG_GNU_call_site
	.byte	0                               @ DW_CHILDREN_no
	.byte	49                              @ DW_AT_abstract_origin
	.byte	19                              @ DW_FORM_ref4
	.ascii	"\225B"                         @ DW_AT_GNU_tail_call
	.byte	25                              @ DW_FORM_flag_present
	.byte	17                              @ DW_AT_low_pc
	.byte	1                               @ DW_FORM_addr
	.byte	0                               @ EOM(1)
	.byte	0                               @ EOM(2)
	.byte	15                              @ Abbreviation Code
	.byte	46                              @ DW_TAG_subprogram
	.byte	1                               @ DW_CHILDREN_yes
	.byte	3                               @ DW_AT_name
	.byte	14                              @ DW_FORM_strp
	.byte	58                              @ DW_AT_decl_file
	.byte	11                              @ DW_FORM_data1
	.byte	59                              @ DW_AT_decl_line
	.byte	5                               @ DW_FORM_data2
	.byte	39                              @ DW_AT_prototyped
	.byte	25                              @ DW_FORM_flag_present
	.byte	60                              @ DW_AT_declaration
	.byte	25                              @ DW_FORM_flag_present
	.byte	63                              @ DW_AT_external
	.byte	25                              @ DW_FORM_flag_present
	.byte	0                               @ EOM(1)
	.byte	0                               @ EOM(2)
	.byte	16                              @ Abbreviation Code
	.byte	5                               @ DW_TAG_formal_parameter
	.byte	0                               @ DW_CHILDREN_no
	.byte	73                              @ DW_AT_type
	.byte	19                              @ DW_FORM_ref4
	.byte	0                               @ EOM(1)
	.byte	0                               @ EOM(2)
	.byte	0                               @ EOM(3)
	.section	.debug_info,"",%progbits
.Lcu_begin0:
	.long	.Ldebug_info_end0-.Ldebug_info_start0 @ Length of Unit
.Ldebug_info_start0:
	.short	4                               @ DWARF version number
	.long	.debug_abbrev                   @ Offset Into Abbrev. Section
	.byte	4                               @ Address Size (in bytes)
	.byte	1                               @ Abbrev [1] 0xb:0x56c DW_TAG_compile_unit
	.long	.Linfo_string0                  @ DW_AT_producer
	.short	12                              @ DW_AT_language
	.long	.Linfo_string1                  @ DW_AT_name
	.long	.Lline_table_start0             @ DW_AT_stmt_list
	.long	.Linfo_string2                  @ DW_AT_comp_dir
	.long	.Lfunc_begin0                   @ DW_AT_low_pc
	.long	.Lfunc_end0-.Lfunc_begin0       @ DW_AT_high_pc
	.byte	2                               @ Abbrev [2] 0x26:0x2c2 DW_TAG_enumeration_type
	.long	744                             @ DW_AT_type
	.byte	1                               @ DW_AT_byte_size
	.byte	1                               @ DW_AT_decl_file
	.byte	66                              @ DW_AT_decl_line
	.byte	3                               @ Abbrev [3] 0x2e:0x6 DW_TAG_enumerator
	.long	.Linfo_string4                  @ DW_AT_name
	.byte	114                             @ DW_AT_const_value
	.byte	3                               @ Abbrev [3] 0x34:0x6 DW_TAG_enumerator
	.long	.Linfo_string5                  @ DW_AT_name
	.byte	115                             @ DW_AT_const_value
	.byte	3                               @ Abbrev [3] 0x3a:0x6 DW_TAG_enumerator
	.long	.Linfo_string6                  @ DW_AT_name
	.byte	116                             @ DW_AT_const_value
	.byte	3                               @ Abbrev [3] 0x40:0x6 DW_TAG_enumerator
	.long	.Linfo_string7                  @ DW_AT_name
	.byte	117                             @ DW_AT_const_value
	.byte	3                               @ Abbrev [3] 0x46:0x6 DW_TAG_enumerator
	.long	.Linfo_string8                  @ DW_AT_name
	.byte	118                             @ DW_AT_const_value
	.byte	3                               @ Abbrev [3] 0x4c:0x6 DW_TAG_enumerator
	.long	.Linfo_string9                  @ DW_AT_name
	.byte	123                             @ DW_AT_const_value
	.byte	3                               @ Abbrev [3] 0x52:0x6 DW_TAG_enumerator
	.long	.Linfo_string10                 @ DW_AT_name
	.byte	124                             @ DW_AT_const_value
	.byte	3                               @ Abbrev [3] 0x58:0x6 DW_TAG_enumerator
	.long	.Linfo_string11                 @ DW_AT_name
	.byte	126                             @ DW_AT_const_value
	.byte	3                               @ Abbrev [3] 0x5e:0x6 DW_TAG_enumerator
	.long	.Linfo_string12                 @ DW_AT_name
	.byte	127                             @ DW_AT_const_value
	.byte	3                               @ Abbrev [3] 0x64:0x6 DW_TAG_enumerator
	.long	.Linfo_string13                 @ DW_AT_name
	.byte	0                               @ DW_AT_const_value
	.byte	3                               @ Abbrev [3] 0x6a:0x6 DW_TAG_enumerator
	.long	.Linfo_string14                 @ DW_AT_name
	.byte	1                               @ DW_AT_const_value
	.byte	3                               @ Abbrev [3] 0x70:0x6 DW_TAG_enumerator
	.long	.Linfo_string15                 @ DW_AT_name
	.byte	2                               @ DW_AT_const_value
	.byte	3                               @ Abbrev [3] 0x76:0x6 DW_TAG_enumerator
	.long	.Linfo_string16                 @ DW_AT_name
	.byte	3                               @ DW_AT_const_value
	.byte	3                               @ Abbrev [3] 0x7c:0x6 DW_TAG_enumerator
	.long	.Linfo_string17                 @ DW_AT_name
	.byte	4                               @ DW_AT_const_value
	.byte	3                               @ Abbrev [3] 0x82:0x6 DW_TAG_enumerator
	.long	.Linfo_string18                 @ DW_AT_name
	.byte	5                               @ DW_AT_const_value
	.byte	3                               @ Abbrev [3] 0x88:0x6 DW_TAG_enumerator
	.long	.Linfo_string19                 @ DW_AT_name
	.byte	6                               @ DW_AT_const_value
	.byte	3                               @ Abbrev [3] 0x8e:0x6 DW_TAG_enumerator
	.long	.Linfo_string20                 @ DW_AT_name
	.byte	7                               @ DW_AT_const_value
	.byte	3                               @ Abbrev [3] 0x94:0x6 DW_TAG_enumerator
	.long	.Linfo_string21                 @ DW_AT_name
	.byte	8                               @ DW_AT_const_value
	.byte	3                               @ Abbrev [3] 0x9a:0x6 DW_TAG_enumerator
	.long	.Linfo_string22                 @ DW_AT_name
	.byte	9                               @ DW_AT_const_value
	.byte	3                               @ Abbrev [3] 0xa0:0x6 DW_TAG_enumerator
	.long	.Linfo_string23                 @ DW_AT_name
	.byte	10                              @ DW_AT_const_value
	.byte	3                               @ Abbrev [3] 0xa6:0x6 DW_TAG_enumerator
	.long	.Linfo_string24                 @ DW_AT_name
	.byte	11                              @ DW_AT_const_value
	.byte	3                               @ Abbrev [3] 0xac:0x6 DW_TAG_enumerator
	.long	.Linfo_string25                 @ DW_AT_name
	.byte	12                              @ DW_AT_const_value
	.byte	3                               @ Abbrev [3] 0xb2:0x6 DW_TAG_enumerator
	.long	.Linfo_string26                 @ DW_AT_name
	.byte	13                              @ DW_AT_const_value
	.byte	3                               @ Abbrev [3] 0xb8:0x6 DW_TAG_enumerator
	.long	.Linfo_string27                 @ DW_AT_name
	.byte	14                              @ DW_AT_const_value
	.byte	3                               @ Abbrev [3] 0xbe:0x6 DW_TAG_enumerator
	.long	.Linfo_string28                 @ DW_AT_name
	.byte	15                              @ DW_AT_const_value
	.byte	3                               @ Abbrev [3] 0xc4:0x6 DW_TAG_enumerator
	.long	.Linfo_string29                 @ DW_AT_name
	.byte	16                              @ DW_AT_const_value
	.byte	3                               @ Abbrev [3] 0xca:0x6 DW_TAG_enumerator
	.long	.Linfo_string30                 @ DW_AT_name
	.byte	17                              @ DW_AT_const_value
	.byte	3                               @ Abbrev [3] 0xd0:0x6 DW_TAG_enumerator
	.long	.Linfo_string31                 @ DW_AT_name
	.byte	18                              @ DW_AT_const_value
	.byte	3                               @ Abbrev [3] 0xd6:0x6 DW_TAG_enumerator
	.long	.Linfo_string32                 @ DW_AT_name
	.byte	19                              @ DW_AT_const_value
	.byte	3                               @ Abbrev [3] 0xdc:0x6 DW_TAG_enumerator
	.long	.Linfo_string33                 @ DW_AT_name
	.byte	20                              @ DW_AT_const_value
	.byte	3                               @ Abbrev [3] 0xe2:0x6 DW_TAG_enumerator
	.long	.Linfo_string34                 @ DW_AT_name
	.byte	21                              @ DW_AT_const_value
	.byte	3                               @ Abbrev [3] 0xe8:0x6 DW_TAG_enumerator
	.long	.Linfo_string35                 @ DW_AT_name
	.byte	22                              @ DW_AT_const_value
	.byte	3                               @ Abbrev [3] 0xee:0x6 DW_TAG_enumerator
	.long	.Linfo_string36                 @ DW_AT_name
	.byte	23                              @ DW_AT_const_value
	.byte	3                               @ Abbrev [3] 0xf4:0x6 DW_TAG_enumerator
	.long	.Linfo_string37                 @ DW_AT_name
	.byte	24                              @ DW_AT_const_value
	.byte	3                               @ Abbrev [3] 0xfa:0x6 DW_TAG_enumerator
	.long	.Linfo_string38                 @ DW_AT_name
	.byte	25                              @ DW_AT_const_value
	.byte	3                               @ Abbrev [3] 0x100:0x6 DW_TAG_enumerator
	.long	.Linfo_string39                 @ DW_AT_name
	.byte	26                              @ DW_AT_const_value
	.byte	3                               @ Abbrev [3] 0x106:0x6 DW_TAG_enumerator
	.long	.Linfo_string40                 @ DW_AT_name
	.byte	27                              @ DW_AT_const_value
	.byte	3                               @ Abbrev [3] 0x10c:0x6 DW_TAG_enumerator
	.long	.Linfo_string41                 @ DW_AT_name
	.byte	28                              @ DW_AT_const_value
	.byte	3                               @ Abbrev [3] 0x112:0x6 DW_TAG_enumerator
	.long	.Linfo_string42                 @ DW_AT_name
	.byte	29                              @ DW_AT_const_value
	.byte	3                               @ Abbrev [3] 0x118:0x6 DW_TAG_enumerator
	.long	.Linfo_string43                 @ DW_AT_name
	.byte	30                              @ DW_AT_const_value
	.byte	3                               @ Abbrev [3] 0x11e:0x6 DW_TAG_enumerator
	.long	.Linfo_string44                 @ DW_AT_name
	.byte	31                              @ DW_AT_const_value
	.byte	3                               @ Abbrev [3] 0x124:0x6 DW_TAG_enumerator
	.long	.Linfo_string45                 @ DW_AT_name
	.byte	32                              @ DW_AT_const_value
	.byte	3                               @ Abbrev [3] 0x12a:0x6 DW_TAG_enumerator
	.long	.Linfo_string46                 @ DW_AT_name
	.byte	33                              @ DW_AT_const_value
	.byte	3                               @ Abbrev [3] 0x130:0x6 DW_TAG_enumerator
	.long	.Linfo_string47                 @ DW_AT_name
	.byte	34                              @ DW_AT_const_value
	.byte	3                               @ Abbrev [3] 0x136:0x6 DW_TAG_enumerator
	.long	.Linfo_string48                 @ DW_AT_name
	.byte	35                              @ DW_AT_const_value
	.byte	3                               @ Abbrev [3] 0x13c:0x6 DW_TAG_enumerator
	.long	.Linfo_string49                 @ DW_AT_name
	.byte	36                              @ DW_AT_const_value
	.byte	3                               @ Abbrev [3] 0x142:0x6 DW_TAG_enumerator
	.long	.Linfo_string50                 @ DW_AT_name
	.byte	37                              @ DW_AT_const_value
	.byte	3                               @ Abbrev [3] 0x148:0x6 DW_TAG_enumerator
	.long	.Linfo_string51                 @ DW_AT_name
	.byte	38                              @ DW_AT_const_value
	.byte	3                               @ Abbrev [3] 0x14e:0x6 DW_TAG_enumerator
	.long	.Linfo_string52                 @ DW_AT_name
	.byte	39                              @ DW_AT_const_value
	.byte	3                               @ Abbrev [3] 0x154:0x6 DW_TAG_enumerator
	.long	.Linfo_string53                 @ DW_AT_name
	.byte	40                              @ DW_AT_const_value
	.byte	3                               @ Abbrev [3] 0x15a:0x6 DW_TAG_enumerator
	.long	.Linfo_string54                 @ DW_AT_name
	.byte	41                              @ DW_AT_const_value
	.byte	3                               @ Abbrev [3] 0x160:0x6 DW_TAG_enumerator
	.long	.Linfo_string55                 @ DW_AT_name
	.byte	42                              @ DW_AT_const_value
	.byte	3                               @ Abbrev [3] 0x166:0x6 DW_TAG_enumerator
	.long	.Linfo_string56                 @ DW_AT_name
	.byte	43                              @ DW_AT_const_value
	.byte	3                               @ Abbrev [3] 0x16c:0x6 DW_TAG_enumerator
	.long	.Linfo_string57                 @ DW_AT_name
	.byte	44                              @ DW_AT_const_value
	.byte	3                               @ Abbrev [3] 0x172:0x6 DW_TAG_enumerator
	.long	.Linfo_string58                 @ DW_AT_name
	.byte	45                              @ DW_AT_const_value
	.byte	3                               @ Abbrev [3] 0x178:0x6 DW_TAG_enumerator
	.long	.Linfo_string59                 @ DW_AT_name
	.byte	46                              @ DW_AT_const_value
	.byte	3                               @ Abbrev [3] 0x17e:0x6 DW_TAG_enumerator
	.long	.Linfo_string60                 @ DW_AT_name
	.byte	47                              @ DW_AT_const_value
	.byte	3                               @ Abbrev [3] 0x184:0x6 DW_TAG_enumerator
	.long	.Linfo_string61                 @ DW_AT_name
	.byte	48                              @ DW_AT_const_value
	.byte	3                               @ Abbrev [3] 0x18a:0x6 DW_TAG_enumerator
	.long	.Linfo_string62                 @ DW_AT_name
	.byte	49                              @ DW_AT_const_value
	.byte	3                               @ Abbrev [3] 0x190:0x6 DW_TAG_enumerator
	.long	.Linfo_string63                 @ DW_AT_name
	.byte	50                              @ DW_AT_const_value
	.byte	3                               @ Abbrev [3] 0x196:0x6 DW_TAG_enumerator
	.long	.Linfo_string64                 @ DW_AT_name
	.byte	51                              @ DW_AT_const_value
	.byte	3                               @ Abbrev [3] 0x19c:0x6 DW_TAG_enumerator
	.long	.Linfo_string65                 @ DW_AT_name
	.byte	52                              @ DW_AT_const_value
	.byte	3                               @ Abbrev [3] 0x1a2:0x6 DW_TAG_enumerator
	.long	.Linfo_string66                 @ DW_AT_name
	.byte	53                              @ DW_AT_const_value
	.byte	3                               @ Abbrev [3] 0x1a8:0x6 DW_TAG_enumerator
	.long	.Linfo_string67                 @ DW_AT_name
	.byte	54                              @ DW_AT_const_value
	.byte	3                               @ Abbrev [3] 0x1ae:0x6 DW_TAG_enumerator
	.long	.Linfo_string68                 @ DW_AT_name
	.byte	55                              @ DW_AT_const_value
	.byte	3                               @ Abbrev [3] 0x1b4:0x6 DW_TAG_enumerator
	.long	.Linfo_string69                 @ DW_AT_name
	.byte	56                              @ DW_AT_const_value
	.byte	3                               @ Abbrev [3] 0x1ba:0x6 DW_TAG_enumerator
	.long	.Linfo_string70                 @ DW_AT_name
	.byte	57                              @ DW_AT_const_value
	.byte	3                               @ Abbrev [3] 0x1c0:0x6 DW_TAG_enumerator
	.long	.Linfo_string71                 @ DW_AT_name
	.byte	58                              @ DW_AT_const_value
	.byte	3                               @ Abbrev [3] 0x1c6:0x6 DW_TAG_enumerator
	.long	.Linfo_string72                 @ DW_AT_name
	.byte	59                              @ DW_AT_const_value
	.byte	3                               @ Abbrev [3] 0x1cc:0x6 DW_TAG_enumerator
	.long	.Linfo_string73                 @ DW_AT_name
	.byte	60                              @ DW_AT_const_value
	.byte	3                               @ Abbrev [3] 0x1d2:0x6 DW_TAG_enumerator
	.long	.Linfo_string74                 @ DW_AT_name
	.byte	61                              @ DW_AT_const_value
	.byte	3                               @ Abbrev [3] 0x1d8:0x6 DW_TAG_enumerator
	.long	.Linfo_string75                 @ DW_AT_name
	.byte	62                              @ DW_AT_const_value
	.byte	3                               @ Abbrev [3] 0x1de:0x6 DW_TAG_enumerator
	.long	.Linfo_string76                 @ DW_AT_name
	.byte	63                              @ DW_AT_const_value
	.byte	3                               @ Abbrev [3] 0x1e4:0x7 DW_TAG_enumerator
	.long	.Linfo_string77                 @ DW_AT_name
	.asciz	"\300"                          @ DW_AT_const_value
	.byte	3                               @ Abbrev [3] 0x1eb:0x7 DW_TAG_enumerator
	.long	.Linfo_string78                 @ DW_AT_name
	.asciz	"\301"                          @ DW_AT_const_value
	.byte	3                               @ Abbrev [3] 0x1f2:0x7 DW_TAG_enumerator
	.long	.Linfo_string79                 @ DW_AT_name
	.asciz	"\302"                          @ DW_AT_const_value
	.byte	3                               @ Abbrev [3] 0x1f9:0x7 DW_TAG_enumerator
	.long	.Linfo_string80                 @ DW_AT_name
	.asciz	"\303"                          @ DW_AT_const_value
	.byte	3                               @ Abbrev [3] 0x200:0x7 DW_TAG_enumerator
	.long	.Linfo_string81                 @ DW_AT_name
	.asciz	"\304"                          @ DW_AT_const_value
	.byte	3                               @ Abbrev [3] 0x207:0x7 DW_TAG_enumerator
	.long	.Linfo_string82                 @ DW_AT_name
	.asciz	"\305"                          @ DW_AT_const_value
	.byte	3                               @ Abbrev [3] 0x20e:0x7 DW_TAG_enumerator
	.long	.Linfo_string83                 @ DW_AT_name
	.asciz	"\306"                          @ DW_AT_const_value
	.byte	3                               @ Abbrev [3] 0x215:0x7 DW_TAG_enumerator
	.long	.Linfo_string84                 @ DW_AT_name
	.asciz	"\307"                          @ DW_AT_const_value
	.byte	3                               @ Abbrev [3] 0x21c:0x7 DW_TAG_enumerator
	.long	.Linfo_string85                 @ DW_AT_name
	.asciz	"\310"                          @ DW_AT_const_value
	.byte	3                               @ Abbrev [3] 0x223:0x7 DW_TAG_enumerator
	.long	.Linfo_string86                 @ DW_AT_name
	.asciz	"\311"                          @ DW_AT_const_value
	.byte	3                               @ Abbrev [3] 0x22a:0x7 DW_TAG_enumerator
	.long	.Linfo_string87                 @ DW_AT_name
	.asciz	"\312"                          @ DW_AT_const_value
	.byte	3                               @ Abbrev [3] 0x231:0x7 DW_TAG_enumerator
	.long	.Linfo_string88                 @ DW_AT_name
	.asciz	"\313"                          @ DW_AT_const_value
	.byte	3                               @ Abbrev [3] 0x238:0x7 DW_TAG_enumerator
	.long	.Linfo_string89                 @ DW_AT_name
	.asciz	"\314"                          @ DW_AT_const_value
	.byte	3                               @ Abbrev [3] 0x23f:0x7 DW_TAG_enumerator
	.long	.Linfo_string90                 @ DW_AT_name
	.asciz	"\315"                          @ DW_AT_const_value
	.byte	3                               @ Abbrev [3] 0x246:0x7 DW_TAG_enumerator
	.long	.Linfo_string91                 @ DW_AT_name
	.asciz	"\316"                          @ DW_AT_const_value
	.byte	3                               @ Abbrev [3] 0x24d:0x7 DW_TAG_enumerator
	.long	.Linfo_string92                 @ DW_AT_name
	.asciz	"\317"                          @ DW_AT_const_value
	.byte	3                               @ Abbrev [3] 0x254:0x7 DW_TAG_enumerator
	.long	.Linfo_string93                 @ DW_AT_name
	.asciz	"\320"                          @ DW_AT_const_value
	.byte	3                               @ Abbrev [3] 0x25b:0x7 DW_TAG_enumerator
	.long	.Linfo_string94                 @ DW_AT_name
	.asciz	"\321"                          @ DW_AT_const_value
	.byte	3                               @ Abbrev [3] 0x262:0x7 DW_TAG_enumerator
	.long	.Linfo_string95                 @ DW_AT_name
	.asciz	"\322"                          @ DW_AT_const_value
	.byte	3                               @ Abbrev [3] 0x269:0x7 DW_TAG_enumerator
	.long	.Linfo_string96                 @ DW_AT_name
	.asciz	"\323"                          @ DW_AT_const_value
	.byte	3                               @ Abbrev [3] 0x270:0x7 DW_TAG_enumerator
	.long	.Linfo_string97                 @ DW_AT_name
	.asciz	"\324"                          @ DW_AT_const_value
	.byte	3                               @ Abbrev [3] 0x277:0x7 DW_TAG_enumerator
	.long	.Linfo_string98                 @ DW_AT_name
	.asciz	"\326"                          @ DW_AT_const_value
	.byte	3                               @ Abbrev [3] 0x27e:0x7 DW_TAG_enumerator
	.long	.Linfo_string99                 @ DW_AT_name
	.asciz	"\327"                          @ DW_AT_const_value
	.byte	3                               @ Abbrev [3] 0x285:0x7 DW_TAG_enumerator
	.long	.Linfo_string100                @ DW_AT_name
	.asciz	"\330"                          @ DW_AT_const_value
	.byte	3                               @ Abbrev [3] 0x28c:0x7 DW_TAG_enumerator
	.long	.Linfo_string101                @ DW_AT_name
	.asciz	"\331"                          @ DW_AT_const_value
	.byte	3                               @ Abbrev [3] 0x293:0x7 DW_TAG_enumerator
	.long	.Linfo_string102                @ DW_AT_name
	.asciz	"\332"                          @ DW_AT_const_value
	.byte	3                               @ Abbrev [3] 0x29a:0x7 DW_TAG_enumerator
	.long	.Linfo_string103                @ DW_AT_name
	.asciz	"\333"                          @ DW_AT_const_value
	.byte	3                               @ Abbrev [3] 0x2a1:0x7 DW_TAG_enumerator
	.long	.Linfo_string104                @ DW_AT_name
	.asciz	"\334"                          @ DW_AT_const_value
	.byte	3                               @ Abbrev [3] 0x2a8:0x7 DW_TAG_enumerator
	.long	.Linfo_string105                @ DW_AT_name
	.asciz	"\335"                          @ DW_AT_const_value
	.byte	3                               @ Abbrev [3] 0x2af:0x7 DW_TAG_enumerator
	.long	.Linfo_string106                @ DW_AT_name
	.asciz	"\336"                          @ DW_AT_const_value
	.byte	3                               @ Abbrev [3] 0x2b6:0x7 DW_TAG_enumerator
	.long	.Linfo_string107                @ DW_AT_name
	.asciz	"\337"                          @ DW_AT_const_value
	.byte	3                               @ Abbrev [3] 0x2bd:0x7 DW_TAG_enumerator
	.long	.Linfo_string108                @ DW_AT_name
	.asciz	"\340"                          @ DW_AT_const_value
	.byte	3                               @ Abbrev [3] 0x2c4:0x7 DW_TAG_enumerator
	.long	.Linfo_string109                @ DW_AT_name
	.asciz	"\341"                          @ DW_AT_const_value
	.byte	3                               @ Abbrev [3] 0x2cb:0x7 DW_TAG_enumerator
	.long	.Linfo_string110                @ DW_AT_name
	.asciz	"\342"                          @ DW_AT_const_value
	.byte	3                               @ Abbrev [3] 0x2d2:0x7 DW_TAG_enumerator
	.long	.Linfo_string111                @ DW_AT_name
	.asciz	"\343"                          @ DW_AT_const_value
	.byte	3                               @ Abbrev [3] 0x2d9:0x7 DW_TAG_enumerator
	.long	.Linfo_string112                @ DW_AT_name
	.asciz	"\344"                          @ DW_AT_const_value
	.byte	3                               @ Abbrev [3] 0x2e0:0x7 DW_TAG_enumerator
	.long	.Linfo_string113                @ DW_AT_name
	.asciz	"\345"                          @ DW_AT_const_value
	.byte	0                               @ End Of Children Mark
	.byte	4                               @ Abbrev [4] 0x2e8:0x7 DW_TAG_base_type
	.long	.Linfo_string3                  @ DW_AT_name
	.byte	6                               @ DW_AT_encoding
	.byte	1                               @ DW_AT_byte_size
	.byte	5                               @ Abbrev [5] 0x2ef:0x5 DW_TAG_pointer_type
	.long	756                             @ DW_AT_type
	.byte	6                               @ Abbrev [6] 0x2f4:0xc DW_TAG_typedef
	.long	768                             @ DW_AT_type
	.long	.Linfo_string156                @ DW_AT_name
	.byte	1                               @ DW_AT_decl_file
	.short	707                             @ DW_AT_decl_line
	.byte	7                               @ Abbrev [7] 0x300:0x20e DW_TAG_structure_type
	.byte	160                             @ DW_AT_byte_size
	.byte	1                               @ DW_AT_decl_file
	.short	665                             @ DW_AT_decl_line
	.byte	8                               @ Abbrev [8] 0x305:0xd DW_TAG_member
	.long	.Linfo_string114                @ DW_AT_name
	.long	1294                            @ DW_AT_type
	.byte	1                               @ DW_AT_decl_file
	.short	667                             @ DW_AT_decl_line
	.byte	0                               @ DW_AT_data_member_location
	.byte	8                               @ Abbrev [8] 0x312:0xd DW_TAG_member
	.long	.Linfo_string117                @ DW_AT_name
	.long	1294                            @ DW_AT_type
	.byte	1                               @ DW_AT_decl_file
	.short	668                             @ DW_AT_decl_line
	.byte	4                               @ DW_AT_data_member_location
	.byte	8                               @ Abbrev [8] 0x31f:0xd DW_TAG_member
	.long	.Linfo_string118                @ DW_AT_name
	.long	1294                            @ DW_AT_type
	.byte	1                               @ DW_AT_decl_file
	.short	669                             @ DW_AT_decl_line
	.byte	8                               @ DW_AT_data_member_location
	.byte	8                               @ Abbrev [8] 0x32c:0xd DW_TAG_member
	.long	.Linfo_string119                @ DW_AT_name
	.long	1294                            @ DW_AT_type
	.byte	1                               @ DW_AT_decl_file
	.short	670                             @ DW_AT_decl_line
	.byte	12                              @ DW_AT_data_member_location
	.byte	8                               @ Abbrev [8] 0x339:0xd DW_TAG_member
	.long	.Linfo_string120                @ DW_AT_name
	.long	1299                            @ DW_AT_type
	.byte	1                               @ DW_AT_decl_file
	.short	671                             @ DW_AT_decl_line
	.byte	16                              @ DW_AT_data_member_location
	.byte	8                               @ Abbrev [8] 0x346:0xd DW_TAG_member
	.long	.Linfo_string121                @ DW_AT_name
	.long	1299                            @ DW_AT_type
	.byte	1                               @ DW_AT_decl_file
	.short	672                             @ DW_AT_decl_line
	.byte	20                              @ DW_AT_data_member_location
	.byte	8                               @ Abbrev [8] 0x353:0xd DW_TAG_member
	.long	.Linfo_string122                @ DW_AT_name
	.long	1294                            @ DW_AT_type
	.byte	1                               @ DW_AT_decl_file
	.short	673                             @ DW_AT_decl_line
	.byte	24                              @ DW_AT_data_member_location
	.byte	8                               @ Abbrev [8] 0x360:0xd DW_TAG_member
	.long	.Linfo_string123                @ DW_AT_name
	.long	1294                            @ DW_AT_type
	.byte	1                               @ DW_AT_decl_file
	.short	674                             @ DW_AT_decl_line
	.byte	28                              @ DW_AT_data_member_location
	.byte	8                               @ Abbrev [8] 0x36d:0xd DW_TAG_member
	.long	.Linfo_string124                @ DW_AT_name
	.long	1294                            @ DW_AT_type
	.byte	1                               @ DW_AT_decl_file
	.short	675                             @ DW_AT_decl_line
	.byte	32                              @ DW_AT_data_member_location
	.byte	8                               @ Abbrev [8] 0x37a:0xd DW_TAG_member
	.long	.Linfo_string125                @ DW_AT_name
	.long	1299                            @ DW_AT_type
	.byte	1                               @ DW_AT_decl_file
	.short	676                             @ DW_AT_decl_line
	.byte	36                              @ DW_AT_data_member_location
	.byte	8                               @ Abbrev [8] 0x387:0xd DW_TAG_member
	.long	.Linfo_string126                @ DW_AT_name
	.long	1294                            @ DW_AT_type
	.byte	1                               @ DW_AT_decl_file
	.short	677                             @ DW_AT_decl_line
	.byte	40                              @ DW_AT_data_member_location
	.byte	8                               @ Abbrev [8] 0x394:0xd DW_TAG_member
	.long	.Linfo_string127                @ DW_AT_name
	.long	1294                            @ DW_AT_type
	.byte	1                               @ DW_AT_decl_file
	.short	678                             @ DW_AT_decl_line
	.byte	44                              @ DW_AT_data_member_location
	.byte	8                               @ Abbrev [8] 0x3a1:0xd DW_TAG_member
	.long	.Linfo_string128                @ DW_AT_name
	.long	1294                            @ DW_AT_type
	.byte	1                               @ DW_AT_decl_file
	.short	679                             @ DW_AT_decl_line
	.byte	48                              @ DW_AT_data_member_location
	.byte	8                               @ Abbrev [8] 0x3ae:0xd DW_TAG_member
	.long	.Linfo_string129                @ DW_AT_name
	.long	1299                            @ DW_AT_type
	.byte	1                               @ DW_AT_decl_file
	.short	680                             @ DW_AT_decl_line
	.byte	52                              @ DW_AT_data_member_location
	.byte	8                               @ Abbrev [8] 0x3bb:0xd DW_TAG_member
	.long	.Linfo_string130                @ DW_AT_name
	.long	1294                            @ DW_AT_type
	.byte	1                               @ DW_AT_decl_file
	.short	681                             @ DW_AT_decl_line
	.byte	56                              @ DW_AT_data_member_location
	.byte	8                               @ Abbrev [8] 0x3c8:0xd DW_TAG_member
	.long	.Linfo_string131                @ DW_AT_name
	.long	1294                            @ DW_AT_type
	.byte	1                               @ DW_AT_decl_file
	.short	682                             @ DW_AT_decl_line
	.byte	60                              @ DW_AT_data_member_location
	.byte	8                               @ Abbrev [8] 0x3d5:0xd DW_TAG_member
	.long	.Linfo_string132                @ DW_AT_name
	.long	1294                            @ DW_AT_type
	.byte	1                               @ DW_AT_decl_file
	.short	683                             @ DW_AT_decl_line
	.byte	64                              @ DW_AT_data_member_location
	.byte	8                               @ Abbrev [8] 0x3e2:0xd DW_TAG_member
	.long	.Linfo_string133                @ DW_AT_name
	.long	1299                            @ DW_AT_type
	.byte	1                               @ DW_AT_decl_file
	.short	684                             @ DW_AT_decl_line
	.byte	68                              @ DW_AT_data_member_location
	.byte	8                               @ Abbrev [8] 0x3ef:0xd DW_TAG_member
	.long	.Linfo_string134                @ DW_AT_name
	.long	1294                            @ DW_AT_type
	.byte	1                               @ DW_AT_decl_file
	.short	685                             @ DW_AT_decl_line
	.byte	72                              @ DW_AT_data_member_location
	.byte	8                               @ Abbrev [8] 0x3fc:0xd DW_TAG_member
	.long	.Linfo_string135                @ DW_AT_name
	.long	1294                            @ DW_AT_type
	.byte	1                               @ DW_AT_decl_file
	.short	686                             @ DW_AT_decl_line
	.byte	76                              @ DW_AT_data_member_location
	.byte	8                               @ Abbrev [8] 0x409:0xd DW_TAG_member
	.long	.Linfo_string136                @ DW_AT_name
	.long	1294                            @ DW_AT_type
	.byte	1                               @ DW_AT_decl_file
	.short	687                             @ DW_AT_decl_line
	.byte	80                              @ DW_AT_data_member_location
	.byte	8                               @ Abbrev [8] 0x416:0xd DW_TAG_member
	.long	.Linfo_string137                @ DW_AT_name
	.long	1299                            @ DW_AT_type
	.byte	1                               @ DW_AT_decl_file
	.short	688                             @ DW_AT_decl_line
	.byte	84                              @ DW_AT_data_member_location
	.byte	8                               @ Abbrev [8] 0x423:0xd DW_TAG_member
	.long	.Linfo_string138                @ DW_AT_name
	.long	1294                            @ DW_AT_type
	.byte	1                               @ DW_AT_decl_file
	.short	689                             @ DW_AT_decl_line
	.byte	88                              @ DW_AT_data_member_location
	.byte	8                               @ Abbrev [8] 0x430:0xd DW_TAG_member
	.long	.Linfo_string139                @ DW_AT_name
	.long	1294                            @ DW_AT_type
	.byte	1                               @ DW_AT_decl_file
	.short	690                             @ DW_AT_decl_line
	.byte	92                              @ DW_AT_data_member_location
	.byte	8                               @ Abbrev [8] 0x43d:0xd DW_TAG_member
	.long	.Linfo_string140                @ DW_AT_name
	.long	1294                            @ DW_AT_type
	.byte	1                               @ DW_AT_decl_file
	.short	691                             @ DW_AT_decl_line
	.byte	96                              @ DW_AT_data_member_location
	.byte	8                               @ Abbrev [8] 0x44a:0xd DW_TAG_member
	.long	.Linfo_string141                @ DW_AT_name
	.long	1299                            @ DW_AT_type
	.byte	1                               @ DW_AT_decl_file
	.short	692                             @ DW_AT_decl_line
	.byte	100                             @ DW_AT_data_member_location
	.byte	8                               @ Abbrev [8] 0x457:0xd DW_TAG_member
	.long	.Linfo_string142                @ DW_AT_name
	.long	1294                            @ DW_AT_type
	.byte	1                               @ DW_AT_decl_file
	.short	693                             @ DW_AT_decl_line
	.byte	104                             @ DW_AT_data_member_location
	.byte	8                               @ Abbrev [8] 0x464:0xd DW_TAG_member
	.long	.Linfo_string143                @ DW_AT_name
	.long	1294                            @ DW_AT_type
	.byte	1                               @ DW_AT_decl_file
	.short	694                             @ DW_AT_decl_line
	.byte	108                             @ DW_AT_data_member_location
	.byte	8                               @ Abbrev [8] 0x471:0xd DW_TAG_member
	.long	.Linfo_string144                @ DW_AT_name
	.long	1294                            @ DW_AT_type
	.byte	1                               @ DW_AT_decl_file
	.short	695                             @ DW_AT_decl_line
	.byte	112                             @ DW_AT_data_member_location
	.byte	8                               @ Abbrev [8] 0x47e:0xd DW_TAG_member
	.long	.Linfo_string145                @ DW_AT_name
	.long	1299                            @ DW_AT_type
	.byte	1                               @ DW_AT_decl_file
	.short	696                             @ DW_AT_decl_line
	.byte	116                             @ DW_AT_data_member_location
	.byte	8                               @ Abbrev [8] 0x48b:0xd DW_TAG_member
	.long	.Linfo_string146                @ DW_AT_name
	.long	1294                            @ DW_AT_type
	.byte	1                               @ DW_AT_decl_file
	.short	697                             @ DW_AT_decl_line
	.byte	120                             @ DW_AT_data_member_location
	.byte	8                               @ Abbrev [8] 0x498:0xd DW_TAG_member
	.long	.Linfo_string147                @ DW_AT_name
	.long	1294                            @ DW_AT_type
	.byte	1                               @ DW_AT_decl_file
	.short	698                             @ DW_AT_decl_line
	.byte	124                             @ DW_AT_data_member_location
	.byte	8                               @ Abbrev [8] 0x4a5:0xd DW_TAG_member
	.long	.Linfo_string148                @ DW_AT_name
	.long	1294                            @ DW_AT_type
	.byte	1                               @ DW_AT_decl_file
	.short	699                             @ DW_AT_decl_line
	.byte	128                             @ DW_AT_data_member_location
	.byte	8                               @ Abbrev [8] 0x4b2:0xd DW_TAG_member
	.long	.Linfo_string149                @ DW_AT_name
	.long	1299                            @ DW_AT_type
	.byte	1                               @ DW_AT_decl_file
	.short	700                             @ DW_AT_decl_line
	.byte	132                             @ DW_AT_data_member_location
	.byte	8                               @ Abbrev [8] 0x4bf:0xd DW_TAG_member
	.long	.Linfo_string150                @ DW_AT_name
	.long	1294                            @ DW_AT_type
	.byte	1                               @ DW_AT_decl_file
	.short	701                             @ DW_AT_decl_line
	.byte	136                             @ DW_AT_data_member_location
	.byte	8                               @ Abbrev [8] 0x4cc:0xd DW_TAG_member
	.long	.Linfo_string151                @ DW_AT_name
	.long	1299                            @ DW_AT_type
	.byte	1                               @ DW_AT_decl_file
	.short	702                             @ DW_AT_decl_line
	.byte	140                             @ DW_AT_data_member_location
	.byte	8                               @ Abbrev [8] 0x4d9:0xd DW_TAG_member
	.long	.Linfo_string152                @ DW_AT_name
	.long	1294                            @ DW_AT_type
	.byte	1                               @ DW_AT_decl_file
	.short	703                             @ DW_AT_decl_line
	.byte	144                             @ DW_AT_data_member_location
	.byte	8                               @ Abbrev [8] 0x4e6:0xd DW_TAG_member
	.long	.Linfo_string153                @ DW_AT_name
	.long	1294                            @ DW_AT_type
	.byte	1                               @ DW_AT_decl_file
	.short	704                             @ DW_AT_decl_line
	.byte	148                             @ DW_AT_data_member_location
	.byte	8                               @ Abbrev [8] 0x4f3:0xd DW_TAG_member
	.long	.Linfo_string154                @ DW_AT_name
	.long	1294                            @ DW_AT_type
	.byte	1                               @ DW_AT_decl_file
	.short	705                             @ DW_AT_decl_line
	.byte	152                             @ DW_AT_data_member_location
	.byte	8                               @ Abbrev [8] 0x500:0xd DW_TAG_member
	.long	.Linfo_string155                @ DW_AT_name
	.long	1294                            @ DW_AT_type
	.byte	1                               @ DW_AT_decl_file
	.short	706                             @ DW_AT_decl_line
	.byte	156                             @ DW_AT_data_member_location
	.byte	0                               @ End Of Children Mark
	.byte	9                               @ Abbrev [9] 0x50e:0x5 DW_TAG_volatile_type
	.long	1299                            @ DW_AT_type
	.byte	10                              @ Abbrev [10] 0x513:0xb DW_TAG_typedef
	.long	1310                            @ DW_AT_type
	.long	.Linfo_string116                @ DW_AT_name
	.byte	2                               @ DW_AT_decl_file
	.byte	64                              @ DW_AT_decl_line
	.byte	4                               @ Abbrev [4] 0x51e:0x7 DW_TAG_base_type
	.long	.Linfo_string115                @ DW_AT_name
	.byte	7                               @ DW_AT_encoding
	.byte	4                               @ DW_AT_byte_size
	.byte	11                              @ Abbrev [11] 0x525:0x43 DW_TAG_subprogram
	.long	.Lfunc_begin0                   @ DW_AT_low_pc
	.long	.Lfunc_end0-.Lfunc_begin0       @ DW_AT_high_pc
	.byte	1                               @ DW_AT_frame_base
	.byte	93
                                        @ DW_AT_GNU_all_call_sites
	.long	.Linfo_string158                @ DW_AT_name
	.byte	3                               @ DW_AT_decl_file
	.byte	38                              @ DW_AT_decl_line
                                        @ DW_AT_prototyped
                                        @ DW_AT_external
	.byte	12                              @ Abbrev [12] 0x536:0x14 DW_TAG_lexical_block
	.long	.Ldebug_ranges0                 @ DW_AT_ranges
	.byte	13                              @ Abbrev [13] 0x53b:0xe DW_TAG_variable
	.byte	2                               @ DW_AT_location
	.byte	145
	.byte	4
	.long	.Linfo_string159                @ DW_AT_name
	.byte	3                               @ DW_AT_decl_file
	.byte	42                              @ DW_AT_decl_line
	.long	1294                            @ DW_AT_type
	.byte	0                               @ End Of Children Mark
	.byte	12                              @ Abbrev [12] 0x54a:0x14 DW_TAG_lexical_block
	.long	.Ldebug_ranges1                 @ DW_AT_ranges
	.byte	13                              @ Abbrev [13] 0x54f:0xe DW_TAG_variable
	.byte	2                               @ DW_AT_location
	.byte	145
	.byte	0
	.long	.Linfo_string159                @ DW_AT_name
	.byte	3                               @ DW_AT_decl_file
	.byte	43                              @ DW_AT_decl_line
	.long	1294                            @ DW_AT_type
	.byte	0                               @ End Of Children Mark
	.byte	14                              @ Abbrev [14] 0x55e:0x9 DW_TAG_GNU_call_site
	.long	1384                            @ DW_AT_abstract_origin
                                        @ DW_AT_GNU_tail_call
	.long	.Ltmp11                         @ DW_AT_low_pc
	.byte	0                               @ End Of Children Mark
	.byte	15                              @ Abbrev [15] 0x568:0xe DW_TAG_subprogram
	.long	.Linfo_string157                @ DW_AT_name
	.byte	4                               @ DW_AT_decl_file
	.short	272                             @ DW_AT_decl_line
                                        @ DW_AT_prototyped
                                        @ DW_AT_declaration
                                        @ DW_AT_external
	.byte	16                              @ Abbrev [16] 0x570:0x5 DW_TAG_formal_parameter
	.long	38                              @ DW_AT_type
	.byte	0                               @ End Of Children Mark
	.byte	0                               @ End Of Children Mark
.Ldebug_info_end0:
	.section	.debug_ranges,"",%progbits
.Ldebug_ranges0:
	.long	.Ltmp0-.Lfunc_begin0
	.long	.Ltmp1-.Lfunc_begin0
	.long	.Ltmp2-.Lfunc_begin0
	.long	.Ltmp3-.Lfunc_begin0
	.long	0
	.long	0
.Ldebug_ranges1:
	.long	.Ltmp3-.Lfunc_begin0
	.long	.Ltmp4-.Lfunc_begin0
	.long	.Ltmp5-.Lfunc_begin0
	.long	.Ltmp6-.Lfunc_begin0
	.long	0
	.long	0
	.section	.debug_str,"MS",%progbits,1
.Linfo_string0:
	.asciz	"Component: ARM Compiler 6.16 Tool: armclang [5dfeb700]" @ string offset=0
.Linfo_string1:
	.asciz	"../src/board/amcbldc/v120/src\\dma.c" @ string offset=55
.Linfo_string2:
	.asciz	"C:\\Users\\grodriguez\\Documents\\iit\\icub-firmware\\emBODY\\eBcode\\arch-arm\\libs\\lowlevel\\stm32hal\\proj" @ string offset=91
.Linfo_string3:
	.asciz	"signed char"                   @ string offset=190
.Linfo_string4:
	.asciz	"NonMaskableInt_IRQn"           @ string offset=202
.Linfo_string5:
	.asciz	"HardFault_IRQn"                @ string offset=222
.Linfo_string6:
	.asciz	"MemoryManagement_IRQn"         @ string offset=237
.Linfo_string7:
	.asciz	"BusFault_IRQn"                 @ string offset=259
.Linfo_string8:
	.asciz	"UsageFault_IRQn"               @ string offset=273
.Linfo_string9:
	.asciz	"SVCall_IRQn"                   @ string offset=289
.Linfo_string10:
	.asciz	"DebugMonitor_IRQn"             @ string offset=301
.Linfo_string11:
	.asciz	"PendSV_IRQn"                   @ string offset=319
.Linfo_string12:
	.asciz	"SysTick_IRQn"                  @ string offset=331
.Linfo_string13:
	.asciz	"WWDG_IRQn"                     @ string offset=344
.Linfo_string14:
	.asciz	"PVD_PVM_IRQn"                  @ string offset=354
.Linfo_string15:
	.asciz	"RTC_TAMP_LSECSS_IRQn"          @ string offset=367
.Linfo_string16:
	.asciz	"RTC_WKUP_IRQn"                 @ string offset=388
.Linfo_string17:
	.asciz	"FLASH_IRQn"                    @ string offset=402
.Linfo_string18:
	.asciz	"RCC_IRQn"                      @ string offset=413
.Linfo_string19:
	.asciz	"EXTI0_IRQn"                    @ string offset=422
.Linfo_string20:
	.asciz	"EXTI1_IRQn"                    @ string offset=433
.Linfo_string21:
	.asciz	"EXTI2_IRQn"                    @ string offset=444
.Linfo_string22:
	.asciz	"EXTI3_IRQn"                    @ string offset=455
.Linfo_string23:
	.asciz	"EXTI4_IRQn"                    @ string offset=466
.Linfo_string24:
	.asciz	"DMA1_Channel1_IRQn"            @ string offset=477
.Linfo_string25:
	.asciz	"DMA1_Channel2_IRQn"            @ string offset=496
.Linfo_string26:
	.asciz	"DMA1_Channel3_IRQn"            @ string offset=515
.Linfo_string27:
	.asciz	"DMA1_Channel4_IRQn"            @ string offset=534
.Linfo_string28:
	.asciz	"DMA1_Channel5_IRQn"            @ string offset=553
.Linfo_string29:
	.asciz	"DMA1_Channel6_IRQn"            @ string offset=572
.Linfo_string30:
	.asciz	"DMA1_Channel7_IRQn"            @ string offset=591
.Linfo_string31:
	.asciz	"ADC1_2_IRQn"                   @ string offset=610
.Linfo_string32:
	.asciz	"USB_HP_IRQn"                   @ string offset=622
.Linfo_string33:
	.asciz	"USB_LP_IRQn"                   @ string offset=634
.Linfo_string34:
	.asciz	"FDCAN1_IT0_IRQn"               @ string offset=646
.Linfo_string35:
	.asciz	"FDCAN1_IT1_IRQn"               @ string offset=662
.Linfo_string36:
	.asciz	"EXTI9_5_IRQn"                  @ string offset=678
.Linfo_string37:
	.asciz	"TIM1_BRK_TIM15_IRQn"           @ string offset=691
.Linfo_string38:
	.asciz	"TIM1_UP_TIM16_IRQn"            @ string offset=711
.Linfo_string39:
	.asciz	"TIM1_TRG_COM_TIM17_IRQn"       @ string offset=730
.Linfo_string40:
	.asciz	"TIM1_CC_IRQn"                  @ string offset=754
.Linfo_string41:
	.asciz	"TIM2_IRQn"                     @ string offset=767
.Linfo_string42:
	.asciz	"TIM3_IRQn"                     @ string offset=777
.Linfo_string43:
	.asciz	"TIM4_IRQn"                     @ string offset=787
.Linfo_string44:
	.asciz	"I2C1_EV_IRQn"                  @ string offset=797
.Linfo_string45:
	.asciz	"I2C1_ER_IRQn"                  @ string offset=810
.Linfo_string46:
	.asciz	"I2C2_EV_IRQn"                  @ string offset=823
.Linfo_string47:
	.asciz	"I2C2_ER_IRQn"                  @ string offset=836
.Linfo_string48:
	.asciz	"SPI1_IRQn"                     @ string offset=849
.Linfo_string49:
	.asciz	"SPI2_IRQn"                     @ string offset=859
.Linfo_string50:
	.asciz	"USART1_IRQn"                   @ string offset=869
.Linfo_string51:
	.asciz	"USART2_IRQn"                   @ string offset=881
.Linfo_string52:
	.asciz	"USART3_IRQn"                   @ string offset=893
.Linfo_string53:
	.asciz	"EXTI15_10_IRQn"                @ string offset=905
.Linfo_string54:
	.asciz	"RTC_Alarm_IRQn"                @ string offset=920
.Linfo_string55:
	.asciz	"USBWakeUp_IRQn"                @ string offset=935
.Linfo_string56:
	.asciz	"TIM8_BRK_IRQn"                 @ string offset=950
.Linfo_string57:
	.asciz	"TIM8_UP_IRQn"                  @ string offset=964
.Linfo_string58:
	.asciz	"TIM8_TRG_COM_IRQn"             @ string offset=977
.Linfo_string59:
	.asciz	"TIM8_CC_IRQn"                  @ string offset=995
.Linfo_string60:
	.asciz	"ADC3_IRQn"                     @ string offset=1008
.Linfo_string61:
	.asciz	"FMC_IRQn"                      @ string offset=1018
.Linfo_string62:
	.asciz	"LPTIM1_IRQn"                   @ string offset=1027
.Linfo_string63:
	.asciz	"TIM5_IRQn"                     @ string offset=1039
.Linfo_string64:
	.asciz	"SPI3_IRQn"                     @ string offset=1049
.Linfo_string65:
	.asciz	"UART4_IRQn"                    @ string offset=1059
.Linfo_string66:
	.asciz	"UART5_IRQn"                    @ string offset=1070
.Linfo_string67:
	.asciz	"TIM6_DAC_IRQn"                 @ string offset=1081
.Linfo_string68:
	.asciz	"TIM7_DAC_IRQn"                 @ string offset=1095
.Linfo_string69:
	.asciz	"DMA2_Channel1_IRQn"            @ string offset=1109
.Linfo_string70:
	.asciz	"DMA2_Channel2_IRQn"            @ string offset=1128
.Linfo_string71:
	.asciz	"DMA2_Channel3_IRQn"            @ string offset=1147
.Linfo_string72:
	.asciz	"DMA2_Channel4_IRQn"            @ string offset=1166
.Linfo_string73:
	.asciz	"DMA2_Channel5_IRQn"            @ string offset=1185
.Linfo_string74:
	.asciz	"ADC4_IRQn"                     @ string offset=1204
.Linfo_string75:
	.asciz	"ADC5_IRQn"                     @ string offset=1214
.Linfo_string76:
	.asciz	"UCPD1_IRQn"                    @ string offset=1224
.Linfo_string77:
	.asciz	"COMP1_2_3_IRQn"                @ string offset=1235
.Linfo_string78:
	.asciz	"COMP4_5_6_IRQn"                @ string offset=1250
.Linfo_string79:
	.asciz	"COMP7_IRQn"                    @ string offset=1265
.Linfo_string80:
	.asciz	"HRTIM1_Master_IRQn"            @ string offset=1276
.Linfo_string81:
	.asciz	"HRTIM1_TIMA_IRQn"              @ string offset=1295
.Linfo_string82:
	.asciz	"HRTIM1_TIMB_IRQn"              @ string offset=1312
.Linfo_string83:
	.asciz	"HRTIM1_TIMC_IRQn"              @ string offset=1329
.Linfo_string84:
	.asciz	"HRTIM1_TIMD_IRQn"              @ string offset=1346
.Linfo_string85:
	.asciz	"HRTIM1_TIME_IRQn"              @ string offset=1363
.Linfo_string86:
	.asciz	"HRTIM1_FLT_IRQn"               @ string offset=1380
.Linfo_string87:
	.asciz	"HRTIM1_TIMF_IRQn"              @ string offset=1396
.Linfo_string88:
	.asciz	"CRS_IRQn"                      @ string offset=1413
.Linfo_string89:
	.asciz	"SAI1_IRQn"                     @ string offset=1422
.Linfo_string90:
	.asciz	"TIM20_BRK_IRQn"                @ string offset=1432
.Linfo_string91:
	.asciz	"TIM20_UP_IRQn"                 @ string offset=1447
.Linfo_string92:
	.asciz	"TIM20_TRG_COM_IRQn"            @ string offset=1461
.Linfo_string93:
	.asciz	"TIM20_CC_IRQn"                 @ string offset=1480
.Linfo_string94:
	.asciz	"FPU_IRQn"                      @ string offset=1494
.Linfo_string95:
	.asciz	"I2C4_EV_IRQn"                  @ string offset=1503
.Linfo_string96:
	.asciz	"I2C4_ER_IRQn"                  @ string offset=1516
.Linfo_string97:
	.asciz	"SPI4_IRQn"                     @ string offset=1529
.Linfo_string98:
	.asciz	"FDCAN2_IT0_IRQn"               @ string offset=1539
.Linfo_string99:
	.asciz	"FDCAN2_IT1_IRQn"               @ string offset=1555
.Linfo_string100:
	.asciz	"FDCAN3_IT0_IRQn"               @ string offset=1571
.Linfo_string101:
	.asciz	"FDCAN3_IT1_IRQn"               @ string offset=1587
.Linfo_string102:
	.asciz	"RNG_IRQn"                      @ string offset=1603
.Linfo_string103:
	.asciz	"LPUART1_IRQn"                  @ string offset=1612
.Linfo_string104:
	.asciz	"I2C3_EV_IRQn"                  @ string offset=1625
.Linfo_string105:
	.asciz	"I2C3_ER_IRQn"                  @ string offset=1638
.Linfo_string106:
	.asciz	"DMAMUX_OVR_IRQn"               @ string offset=1651
.Linfo_string107:
	.asciz	"QUADSPI_IRQn"                  @ string offset=1667
.Linfo_string108:
	.asciz	"DMA1_Channel8_IRQn"            @ string offset=1680
.Linfo_string109:
	.asciz	"DMA2_Channel6_IRQn"            @ string offset=1699
.Linfo_string110:
	.asciz	"DMA2_Channel7_IRQn"            @ string offset=1718
.Linfo_string111:
	.asciz	"DMA2_Channel8_IRQn"            @ string offset=1737
.Linfo_string112:
	.asciz	"CORDIC_IRQn"                   @ string offset=1756
.Linfo_string113:
	.asciz	"FMAC_IRQn"                     @ string offset=1768
.Linfo_string114:
	.asciz	"CR"                            @ string offset=1778
.Linfo_string115:
	.asciz	"unsigned int"                  @ string offset=1781
.Linfo_string116:
	.asciz	"uint32_t"                      @ string offset=1794
.Linfo_string117:
	.asciz	"ICSCR"                         @ string offset=1803
.Linfo_string118:
	.asciz	"CFGR"                          @ string offset=1809
.Linfo_string119:
	.asciz	"PLLCFGR"                       @ string offset=1814
.Linfo_string120:
	.asciz	"RESERVED0"                     @ string offset=1822
.Linfo_string121:
	.asciz	"RESERVED1"                     @ string offset=1832
.Linfo_string122:
	.asciz	"CIER"                          @ string offset=1842
.Linfo_string123:
	.asciz	"CIFR"                          @ string offset=1847
.Linfo_string124:
	.asciz	"CICR"                          @ string offset=1852
.Linfo_string125:
	.asciz	"RESERVED2"                     @ string offset=1857
.Linfo_string126:
	.asciz	"AHB1RSTR"                      @ string offset=1867
.Linfo_string127:
	.asciz	"AHB2RSTR"                      @ string offset=1876
.Linfo_string128:
	.asciz	"AHB3RSTR"                      @ string offset=1885
.Linfo_string129:
	.asciz	"RESERVED3"                     @ string offset=1894
.Linfo_string130:
	.asciz	"APB1RSTR1"                     @ string offset=1904
.Linfo_string131:
	.asciz	"APB1RSTR2"                     @ string offset=1914
.Linfo_string132:
	.asciz	"APB2RSTR"                      @ string offset=1924
.Linfo_string133:
	.asciz	"RESERVED4"                     @ string offset=1933
.Linfo_string134:
	.asciz	"AHB1ENR"                       @ string offset=1943
.Linfo_string135:
	.asciz	"AHB2ENR"                       @ string offset=1951
.Linfo_string136:
	.asciz	"AHB3ENR"                       @ string offset=1959
.Linfo_string137:
	.asciz	"RESERVED5"                     @ string offset=1967
.Linfo_string138:
	.asciz	"APB1ENR1"                      @ string offset=1977
.Linfo_string139:
	.asciz	"APB1ENR2"                      @ string offset=1986
.Linfo_string140:
	.asciz	"APB2ENR"                       @ string offset=1995
.Linfo_string141:
	.asciz	"RESERVED6"                     @ string offset=2003
.Linfo_string142:
	.asciz	"AHB1SMENR"                     @ string offset=2013
.Linfo_string143:
	.asciz	"AHB2SMENR"                     @ string offset=2023
.Linfo_string144:
	.asciz	"AHB3SMENR"                     @ string offset=2033
.Linfo_string145:
	.asciz	"RESERVED7"                     @ string offset=2043
.Linfo_string146:
	.asciz	"APB1SMENR1"                    @ string offset=2053
.Linfo_string147:
	.asciz	"APB1SMENR2"                    @ string offset=2064
.Linfo_string148:
	.asciz	"APB2SMENR"                     @ string offset=2075
.Linfo_string149:
	.asciz	"RESERVED8"                     @ string offset=2085
.Linfo_string150:
	.asciz	"CCIPR"                         @ string offset=2095
.Linfo_string151:
	.asciz	"RESERVED9"                     @ string offset=2101
.Linfo_string152:
	.asciz	"BDCR"                          @ string offset=2111
.Linfo_string153:
	.asciz	"CSR"                           @ string offset=2116
.Linfo_string154:
	.asciz	"CRRCR"                         @ string offset=2120
.Linfo_string155:
	.asciz	"CCIPR2"                        @ string offset=2126
.Linfo_string156:
	.asciz	"RCC_TypeDef"                   @ string offset=2133
.Linfo_string157:
	.asciz	"HAL_NVIC_EnableIRQ"            @ string offset=2145
.Linfo_string158:
	.asciz	"MX_DMA_Init"                   @ string offset=2164
.Linfo_string159:
	.asciz	"tmpreg"                        @ string offset=2176
	.ident	"Component: ARM Compiler 6.16 Tool: armclang [5dfeb700]"
	.section	".note.GNU-stack","",%progbits
	.eabi_attribute	30, 3	@ Tag_ABI_optimization_goals
	.ARM_attribute	16, 1	@ Tag_AV_eba
	.section	.debug_line,"",%progbits
.Lline_table_start0:
