	.text
	.syntax unified
	.eabi_attribute	67, "2.09"	@ Tag_conformance
	.cpu	cortex-m4
	.eabi_attribute	6, 13	@ Tag_CPU_arch
	.eabi_attribute	7, 77	@ Tag_CPU_arch_profile
	.eabi_attribute	8, 0	@ Tag_ARM_ISA_use
	.eabi_attribute	9, 2	@ Tag_THUMB_ISA_use
	.fpu	fpv4-sp-d16
	.eabi_attribute	27, 1	@ Tag_ABI_HardFP_use
	.eabi_attribute	36, 1	@ Tag_FP_HP_extension
	.eabi_attribute	34, 1	@ Tag_CPU_unaligned_access
	.eabi_attribute	17, 1	@ Tag_ABI_PCS_GOT_use
	.eabi_attribute	20, 2	@ Tag_ABI_FP_denormal
	.eabi_attribute	21, 0	@ Tag_ABI_FP_exceptions
	.eabi_attribute	23, 1	@ Tag_ABI_FP_number_model
	.eabi_attribute	24, 1	@ Tag_ABI_align_needed
	.eabi_attribute	25, 1	@ Tag_ABI_align_preserved
	.eabi_attribute	28, 1	@ Tag_ABI_VFP_args
	.eabi_attribute	38, 1	@ Tag_ABI_FP_16bit_format
	.eabi_attribute	18, 2	@ Tag_ABI_PCS_wchar_t
	.eabi_attribute	26, 1	@ Tag_ABI_enum_size
	.eabi_attribute	14, 0	@ Tag_ABI_PCS_R9_use
	.file	"fmac.c"
	.file	1 "C:\\" "Keil_v5\\ARM\\ARMCLANG\\Bin\\..\\include\\stdint.h"
	.file	2 "C:\\Users\\grodriguez\\Documents\\iit\\icub-firmware\\emBODY\\eBcode\\arch-arm\\libs\\lowlevel\\stm32hal\\proj" "../src/driver/stm32g4-v120/inc/stm32g474xx.h"
	.file	3 "C:\\Users\\grodriguez\\Documents\\iit\\icub-firmware\\emBODY\\eBcode\\arch-arm\\libs\\lowlevel\\stm32hal\\proj" "../api\\../src/driver/stm32g4-v120/inc/stm32g4xx_hal_fmac.h"
	.file	4 "C:\\Users\\grodriguez\\Documents\\iit\\icub-firmware\\emBODY\\eBcode\\arch-arm\\libs\\lowlevel\\stm32hal\\proj" "../api\\../src/driver/stm32g4-v120/inc/stm32g4xx_hal_dma.h"
	.file	5 "C:\\Users\\grodriguez\\Documents\\iit\\icub-firmware\\emBODY\\eBcode\\arch-arm\\libs\\lowlevel\\stm32hal\\proj" "../src/driver/stm32g4-v120/inc/stm32g4xx_hal_def.h"
	.file	6 "C:\\Users\\grodriguez\\Documents\\iit\\icub-firmware\\emBODY\\eBcode\\arch-arm\\libs\\lowlevel\\stm32hal\\proj" "../src/board/amcbldc/v120/src/fmac.c"
	.section	.text.MX_FMAC_Init,"ax",%progbits
	.hidden	MX_FMAC_Init                    @ -- Begin function MX_FMAC_Init
	.globl	MX_FMAC_Init
	.p2align	1
	.type	MX_FMAC_Init,%function
	.code	16                              @ @MX_FMAC_Init
	.thumb_func
MX_FMAC_Init:
.Lfunc_begin0:
	.loc	6 31 0                          @ ../src/board/amcbldc/v120/src/fmac.c:31:0
	.fnstart
	.cfi_sections .debug_frame
	.cfi_startproc
@ %bb.0:
	.save	{r7, lr}
	push	{r7, lr}
	.cfi_def_cfa_offset 8
	.cfi_offset lr, -4
	.cfi_offset r7, -8
.Ltmp0:
	.loc	6 33 18 prologue_end            @ ../src/board/amcbldc/v120/src/fmac.c:33:18
	movw	r0, :lower16:hfmac
	movw	r1, #5120
	movt	r0, :upper16:hfmac
	movt	r1, #16386
	str	r1, [r0]
.Ltmp1:
	.loc	6 34 7                          @ ../src/board/amcbldc/v120/src/fmac.c:34:7
	bl	HAL_FMAC_Init
.Ltmp2:
	.loc	6 34 7 is_stmt 0                @ ../src/board/amcbldc/v120/src/fmac.c:34:7
	cbz	r0, .LBB0_2
@ %bb.1:
.Ltmp3:
	.loc	6 36 5 is_stmt 1                @ ../src/board/amcbldc/v120/src/fmac.c:36:5
	pop.w	{r7, lr}
.Ltmp4:
	b	Error_Handler
.Ltmp5:
.LBB0_2:
	.loc	6 39 1                          @ ../src/board/amcbldc/v120/src/fmac.c:39:1
	pop	{r7, pc}
.Ltmp6:
.Lfunc_end0:
	.size	MX_FMAC_Init, .Lfunc_end0-MX_FMAC_Init
	.cfi_endproc
	.file	7 "C:\\Users\\grodriguez\\Documents\\iit\\icub-firmware\\emBODY\\eBcode\\arch-arm\\libs\\lowlevel\\stm32hal\\proj" "../api/../src/board/amcbldc/v120/inc/main.h"
	.cantunwind
	.fnend
                                        @ -- End function
	.section	.text.HAL_FMAC_MspInit,"ax",%progbits
	.hidden	HAL_FMAC_MspInit                @ -- Begin function HAL_FMAC_MspInit
	.globl	HAL_FMAC_MspInit
	.p2align	1
	.type	HAL_FMAC_MspInit,%function
	.code	16                              @ @HAL_FMAC_MspInit
	.thumb_func
HAL_FMAC_MspInit:
.Lfunc_begin1:
	.loc	6 42 0                          @ ../src/board/amcbldc/v120/src/fmac.c:42:0
	.fnstart
	.cfi_startproc
@ %bb.0:
	@DEBUG_VALUE: HAL_FMAC_MspInit:fmacHandle <- $r0
	.pad	#4
	sub	sp, #4
	.cfi_def_cfa_offset 4
	movw	r1, #4168
	movt	r1, #16386
	@DEBUG_VALUE: HAL_FMAC_MspInit:fmacHandle <- $r0
.Ltmp7:
	.loc	6 44 18 prologue_end            @ ../src/board/amcbldc/v120/src/fmac.c:44:18
	ldr	r0, [r0]
.Ltmp8:
	@DEBUG_VALUE: HAL_FMAC_MspInit:fmacHandle <- [DW_OP_LLVM_entry_value 1] $r0
	.loc	6 44 26 is_stmt 0               @ ../src/board/amcbldc/v120/src/fmac.c:44:26
	add.w	r2, r1, #952
.Ltmp9:
	.loc	6 44 6                          @ ../src/board/amcbldc/v120/src/fmac.c:44:6
	cmp	r0, r2
	bne	.LBB1_2
.Ltmp10:
@ %bb.1:
	@DEBUG_VALUE: HAL_FMAC_MspInit:fmacHandle <- [DW_OP_LLVM_entry_value 1] $r0
	.loc	6 50 5 is_stmt 1                @ ../src/board/amcbldc/v120/src/fmac.c:50:5
	ldr	r0, [r1]
	orr	r0, r0, #16
	str	r0, [r1]
	ldr	r0, [r1]
	and	r0, r0, #16
	str	r0, [sp]
	ldr	r0, [sp]
.Ltmp11:
.LBB1_2:
	@DEBUG_VALUE: HAL_FMAC_MspInit:fmacHandle <- [DW_OP_LLVM_entry_value 1] $r0
	.loc	6 55 1                          @ ../src/board/amcbldc/v120/src/fmac.c:55:1
	add	sp, #4
	bx	lr
.Ltmp12:
.Lfunc_end1:
	.size	HAL_FMAC_MspInit, .Lfunc_end1-HAL_FMAC_MspInit
	.cfi_endproc
	.cantunwind
	.fnend
                                        @ -- End function
	.section	.text.HAL_FMAC_MspDeInit,"ax",%progbits
	.hidden	HAL_FMAC_MspDeInit              @ -- Begin function HAL_FMAC_MspDeInit
	.globl	HAL_FMAC_MspDeInit
	.p2align	1
	.type	HAL_FMAC_MspDeInit,%function
	.code	16                              @ @HAL_FMAC_MspDeInit
	.thumb_func
HAL_FMAC_MspDeInit:
.Lfunc_begin2:
	.loc	6 58 0                          @ ../src/board/amcbldc/v120/src/fmac.c:58:0
	.fnstart
	.cfi_startproc
@ %bb.0:
	@DEBUG_VALUE: HAL_FMAC_MspDeInit:fmacHandle <- $r0
	movw	r1, #4168
	movt	r1, #16386
	@DEBUG_VALUE: HAL_FMAC_MspDeInit:fmacHandle <- $r0
.Ltmp13:
	.loc	6 60 18 prologue_end            @ ../src/board/amcbldc/v120/src/fmac.c:60:18
	ldr	r0, [r0]
.Ltmp14:
	@DEBUG_VALUE: HAL_FMAC_MspDeInit:fmacHandle <- [DW_OP_LLVM_entry_value 1] $r0
	.loc	6 60 26 is_stmt 0               @ ../src/board/amcbldc/v120/src/fmac.c:60:26
	add.w	r2, r1, #952
.Ltmp15:
	.loc	6 60 6                          @ ../src/board/amcbldc/v120/src/fmac.c:60:6
	cmp	r0, r2
	.loc	6 71 1 is_stmt 1                @ ../src/board/amcbldc/v120/src/fmac.c:71:1
	it	ne
	bxne	lr
.Ltmp16:
.LBB2_1:
	@DEBUG_VALUE: HAL_FMAC_MspDeInit:fmacHandle <- [DW_OP_LLVM_entry_value 1] $r0
	.loc	6 66 5                          @ ../src/board/amcbldc/v120/src/fmac.c:66:5
	ldr	r0, [r1]
	bic	r0, r0, #16
	str	r0, [r1]
.Ltmp17:
	.loc	6 71 1                          @ ../src/board/amcbldc/v120/src/fmac.c:71:1
	bx	lr
.Ltmp18:
.Lfunc_end2:
	.size	HAL_FMAC_MspDeInit, .Lfunc_end2-HAL_FMAC_MspDeInit
	.cfi_endproc
	.cantunwind
	.fnend
                                        @ -- End function
	.hidden	hfmac                           @ @hfmac
	.type	hfmac,%object
	.section	.bss.hfmac,"aw",%nobits
	.globl	hfmac
	.p2align	2
hfmac:
	.zero	56
	.size	hfmac, 56

	.section	.debug_loc,"",%progbits
.Ldebug_loc0:
	.long	-1
	.long	.Lfunc_begin1                   @   base address
	.long	.Lfunc_begin1-.Lfunc_begin1
	.long	.Ltmp8-.Lfunc_begin1
	.short	1                               @ Loc expr size
	.byte	80                              @ DW_OP_reg0
	.long	.Ltmp8-.Lfunc_begin1
	.long	.Lfunc_end1-.Lfunc_begin1
	.short	4                               @ Loc expr size
	.byte	243                             @ DW_OP_GNU_entry_value
	.byte	1                               @ 1
	.byte	80                              @ DW_OP_reg0
	.byte	159                             @ DW_OP_stack_value
	.long	0
	.long	0
.Ldebug_loc1:
	.long	-1
	.long	.Lfunc_begin2                   @   base address
	.long	.Lfunc_begin2-.Lfunc_begin2
	.long	.Ltmp14-.Lfunc_begin2
	.short	1                               @ Loc expr size
	.byte	80                              @ DW_OP_reg0
	.long	.Ltmp14-.Lfunc_begin2
	.long	.Lfunc_end2-.Lfunc_begin2
	.short	4                               @ Loc expr size
	.byte	243                             @ DW_OP_GNU_entry_value
	.byte	1                               @ 1
	.byte	80                              @ DW_OP_reg0
	.byte	159                             @ DW_OP_stack_value
	.long	0
	.long	0
	.section	.debug_abbrev,"",%progbits
	.byte	1                               @ Abbreviation Code
	.byte	17                              @ DW_TAG_compile_unit
	.byte	1                               @ DW_CHILDREN_yes
	.byte	37                              @ DW_AT_producer
	.byte	14                              @ DW_FORM_strp
	.byte	19                              @ DW_AT_language
	.byte	5                               @ DW_FORM_data2
	.byte	3                               @ DW_AT_name
	.byte	14                              @ DW_FORM_strp
	.byte	16                              @ DW_AT_stmt_list
	.byte	23                              @ DW_FORM_sec_offset
	.byte	27                              @ DW_AT_comp_dir
	.byte	14                              @ DW_FORM_strp
	.byte	17                              @ DW_AT_low_pc
	.byte	1                               @ DW_FORM_addr
	.byte	85                              @ DW_AT_ranges
	.byte	23                              @ DW_FORM_sec_offset
	.byte	0                               @ EOM(1)
	.byte	0                               @ EOM(2)
	.byte	2                               @ Abbreviation Code
	.byte	52                              @ DW_TAG_variable
	.byte	0                               @ DW_CHILDREN_no
	.byte	3                               @ DW_AT_name
	.byte	14                              @ DW_FORM_strp
	.byte	73                              @ DW_AT_type
	.byte	19                              @ DW_FORM_ref4
	.byte	63                              @ DW_AT_external
	.byte	25                              @ DW_FORM_flag_present
	.byte	58                              @ DW_AT_decl_file
	.byte	11                              @ DW_FORM_data1
	.byte	59                              @ DW_AT_decl_line
	.byte	11                              @ DW_FORM_data1
	.byte	2                               @ DW_AT_location
	.byte	24                              @ DW_FORM_exprloc
	.byte	0                               @ EOM(1)
	.byte	0                               @ EOM(2)
	.byte	3                               @ Abbreviation Code
	.byte	22                              @ DW_TAG_typedef
	.byte	0                               @ DW_CHILDREN_no
	.byte	73                              @ DW_AT_type
	.byte	19                              @ DW_FORM_ref4
	.byte	3                               @ DW_AT_name
	.byte	14                              @ DW_FORM_strp
	.byte	58                              @ DW_AT_decl_file
	.byte	11                              @ DW_FORM_data1
	.byte	59                              @ DW_AT_decl_line
	.byte	11                              @ DW_FORM_data1
	.byte	0                               @ EOM(1)
	.byte	0                               @ EOM(2)
	.byte	4                               @ Abbreviation Code
	.byte	19                              @ DW_TAG_structure_type
	.byte	1                               @ DW_CHILDREN_yes
	.byte	11                              @ DW_AT_byte_size
	.byte	11                              @ DW_FORM_data1
	.byte	58                              @ DW_AT_decl_file
	.byte	11                              @ DW_FORM_data1
	.byte	59                              @ DW_AT_decl_line
	.byte	11                              @ DW_FORM_data1
	.byte	0                               @ EOM(1)
	.byte	0                               @ EOM(2)
	.byte	5                               @ Abbreviation Code
	.byte	13                              @ DW_TAG_member
	.byte	0                               @ DW_CHILDREN_no
	.byte	3                               @ DW_AT_name
	.byte	14                              @ DW_FORM_strp
	.byte	73                              @ DW_AT_type
	.byte	19                              @ DW_FORM_ref4
	.byte	58                              @ DW_AT_decl_file
	.byte	11                              @ DW_FORM_data1
	.byte	59                              @ DW_AT_decl_line
	.byte	11                              @ DW_FORM_data1
	.byte	56                              @ DW_AT_data_member_location
	.byte	11                              @ DW_FORM_data1
	.byte	0                               @ EOM(1)
	.byte	0                               @ EOM(2)
	.byte	6                               @ Abbreviation Code
	.byte	15                              @ DW_TAG_pointer_type
	.byte	0                               @ DW_CHILDREN_no
	.byte	73                              @ DW_AT_type
	.byte	19                              @ DW_FORM_ref4
	.byte	0                               @ EOM(1)
	.byte	0                               @ EOM(2)
	.byte	7                               @ Abbreviation Code
	.byte	22                              @ DW_TAG_typedef
	.byte	0                               @ DW_CHILDREN_no
	.byte	73                              @ DW_AT_type
	.byte	19                              @ DW_FORM_ref4
	.byte	3                               @ DW_AT_name
	.byte	14                              @ DW_FORM_strp
	.byte	58                              @ DW_AT_decl_file
	.byte	11                              @ DW_FORM_data1
	.byte	59                              @ DW_AT_decl_line
	.byte	5                               @ DW_FORM_data2
	.byte	0                               @ EOM(1)
	.byte	0                               @ EOM(2)
	.byte	8                               @ Abbreviation Code
	.byte	19                              @ DW_TAG_structure_type
	.byte	1                               @ DW_CHILDREN_yes
	.byte	11                              @ DW_AT_byte_size
	.byte	11                              @ DW_FORM_data1
	.byte	58                              @ DW_AT_decl_file
	.byte	11                              @ DW_FORM_data1
	.byte	59                              @ DW_AT_decl_line
	.byte	5                               @ DW_FORM_data2
	.byte	0                               @ EOM(1)
	.byte	0                               @ EOM(2)
	.byte	9                               @ Abbreviation Code
	.byte	13                              @ DW_TAG_member
	.byte	0                               @ DW_CHILDREN_no
	.byte	3                               @ DW_AT_name
	.byte	14                              @ DW_FORM_strp
	.byte	73                              @ DW_AT_type
	.byte	19                              @ DW_FORM_ref4
	.byte	58                              @ DW_AT_decl_file
	.byte	11                              @ DW_FORM_data1
	.byte	59                              @ DW_AT_decl_line
	.byte	5                               @ DW_FORM_data2
	.byte	56                              @ DW_AT_data_member_location
	.byte	11                              @ DW_FORM_data1
	.byte	0                               @ EOM(1)
	.byte	0                               @ EOM(2)
	.byte	10                              @ Abbreviation Code
	.byte	53                              @ DW_TAG_volatile_type
	.byte	0                               @ DW_CHILDREN_no
	.byte	73                              @ DW_AT_type
	.byte	19                              @ DW_FORM_ref4
	.byte	0                               @ EOM(1)
	.byte	0                               @ EOM(2)
	.byte	11                              @ Abbreviation Code
	.byte	36                              @ DW_TAG_base_type
	.byte	0                               @ DW_CHILDREN_no
	.byte	3                               @ DW_AT_name
	.byte	14                              @ DW_FORM_strp
	.byte	62                              @ DW_AT_encoding
	.byte	11                              @ DW_FORM_data1
	.byte	11                              @ DW_AT_byte_size
	.byte	11                              @ DW_FORM_data1
	.byte	0                               @ EOM(1)
	.byte	0                               @ EOM(2)
	.byte	12                              @ Abbreviation Code
	.byte	19                              @ DW_TAG_structure_type
	.byte	1                               @ DW_CHILDREN_yes
	.byte	3                               @ DW_AT_name
	.byte	14                              @ DW_FORM_strp
	.byte	11                              @ DW_AT_byte_size
	.byte	11                              @ DW_FORM_data1
	.byte	58                              @ DW_AT_decl_file
	.byte	11                              @ DW_FORM_data1
	.byte	59                              @ DW_AT_decl_line
	.byte	11                              @ DW_FORM_data1
	.byte	0                               @ EOM(1)
	.byte	0                               @ EOM(2)
	.byte	13                              @ Abbreviation Code
	.byte	4                               @ DW_TAG_enumeration_type
	.byte	1                               @ DW_CHILDREN_yes
	.byte	73                              @ DW_AT_type
	.byte	19                              @ DW_FORM_ref4
	.byte	11                              @ DW_AT_byte_size
	.byte	11                              @ DW_FORM_data1
	.byte	58                              @ DW_AT_decl_file
	.byte	11                              @ DW_FORM_data1
	.byte	59                              @ DW_AT_decl_line
	.byte	11                              @ DW_FORM_data1
	.byte	0                               @ EOM(1)
	.byte	0                               @ EOM(2)
	.byte	14                              @ Abbreviation Code
	.byte	40                              @ DW_TAG_enumerator
	.byte	0                               @ DW_CHILDREN_no
	.byte	3                               @ DW_AT_name
	.byte	14                              @ DW_FORM_strp
	.byte	28                              @ DW_AT_const_value
	.byte	15                              @ DW_FORM_udata
	.byte	0                               @ EOM(1)
	.byte	0                               @ EOM(2)
	.byte	15                              @ Abbreviation Code
	.byte	15                              @ DW_TAG_pointer_type
	.byte	0                               @ DW_CHILDREN_no
	.byte	0                               @ EOM(1)
	.byte	0                               @ EOM(2)
	.byte	16                              @ Abbreviation Code
	.byte	21                              @ DW_TAG_subroutine_type
	.byte	1                               @ DW_CHILDREN_yes
	.byte	39                              @ DW_AT_prototyped
	.byte	25                              @ DW_FORM_flag_present
	.byte	0                               @ EOM(1)
	.byte	0                               @ EOM(2)
	.byte	17                              @ Abbreviation Code
	.byte	5                               @ DW_TAG_formal_parameter
	.byte	0                               @ DW_CHILDREN_no
	.byte	73                              @ DW_AT_type
	.byte	19                              @ DW_FORM_ref4
	.byte	0                               @ EOM(1)
	.byte	0                               @ EOM(2)
	.byte	18                              @ Abbreviation Code
	.byte	46                              @ DW_TAG_subprogram
	.byte	1                               @ DW_CHILDREN_yes
	.byte	17                              @ DW_AT_low_pc
	.byte	1                               @ DW_FORM_addr
	.byte	18                              @ DW_AT_high_pc
	.byte	6                               @ DW_FORM_data4
	.byte	64                              @ DW_AT_frame_base
	.byte	24                              @ DW_FORM_exprloc
	.ascii	"\227B"                         @ DW_AT_GNU_all_call_sites
	.byte	25                              @ DW_FORM_flag_present
	.byte	3                               @ DW_AT_name
	.byte	14                              @ DW_FORM_strp
	.byte	58                              @ DW_AT_decl_file
	.byte	11                              @ DW_FORM_data1
	.byte	59                              @ DW_AT_decl_line
	.byte	11                              @ DW_FORM_data1
	.byte	39                              @ DW_AT_prototyped
	.byte	25                              @ DW_FORM_flag_present
	.byte	63                              @ DW_AT_external
	.byte	25                              @ DW_FORM_flag_present
	.byte	0                               @ EOM(1)
	.byte	0                               @ EOM(2)
	.byte	19                              @ Abbreviation Code
	.ascii	"\211\202\001"                  @ DW_TAG_GNU_call_site
	.byte	0                               @ DW_CHILDREN_no
	.byte	49                              @ DW_AT_abstract_origin
	.byte	19                              @ DW_FORM_ref4
	.ascii	"\225B"                         @ DW_AT_GNU_tail_call
	.byte	25                              @ DW_FORM_flag_present
	.byte	17                              @ DW_AT_low_pc
	.byte	1                               @ DW_FORM_addr
	.byte	0                               @ EOM(1)
	.byte	0                               @ EOM(2)
	.byte	20                              @ Abbreviation Code
	.byte	46                              @ DW_TAG_subprogram
	.byte	0                               @ DW_CHILDREN_no
	.byte	3                               @ DW_AT_name
	.byte	14                              @ DW_FORM_strp
	.byte	58                              @ DW_AT_decl_file
	.byte	11                              @ DW_FORM_data1
	.byte	59                              @ DW_AT_decl_line
	.byte	11                              @ DW_FORM_data1
	.byte	39                              @ DW_AT_prototyped
	.byte	25                              @ DW_FORM_flag_present
	.byte	60                              @ DW_AT_declaration
	.byte	25                              @ DW_FORM_flag_present
	.byte	63                              @ DW_AT_external
	.byte	25                              @ DW_FORM_flag_present
	.byte	0                               @ EOM(1)
	.byte	0                               @ EOM(2)
	.byte	21                              @ Abbreviation Code
	.byte	5                               @ DW_TAG_formal_parameter
	.byte	0                               @ DW_CHILDREN_no
	.byte	2                               @ DW_AT_location
	.byte	23                              @ DW_FORM_sec_offset
	.byte	3                               @ DW_AT_name
	.byte	14                              @ DW_FORM_strp
	.byte	58                              @ DW_AT_decl_file
	.byte	11                              @ DW_FORM_data1
	.byte	59                              @ DW_AT_decl_line
	.byte	11                              @ DW_FORM_data1
	.byte	73                              @ DW_AT_type
	.byte	19                              @ DW_FORM_ref4
	.byte	0                               @ EOM(1)
	.byte	0                               @ EOM(2)
	.byte	22                              @ Abbreviation Code
	.byte	11                              @ DW_TAG_lexical_block
	.byte	1                               @ DW_CHILDREN_yes
	.byte	17                              @ DW_AT_low_pc
	.byte	1                               @ DW_FORM_addr
	.byte	18                              @ DW_AT_high_pc
	.byte	6                               @ DW_FORM_data4
	.byte	0                               @ EOM(1)
	.byte	0                               @ EOM(2)
	.byte	23                              @ Abbreviation Code
	.byte	52                              @ DW_TAG_variable
	.byte	0                               @ DW_CHILDREN_no
	.byte	2                               @ DW_AT_location
	.byte	24                              @ DW_FORM_exprloc
	.byte	3                               @ DW_AT_name
	.byte	14                              @ DW_FORM_strp
	.byte	58                              @ DW_AT_decl_file
	.byte	11                              @ DW_FORM_data1
	.byte	59                              @ DW_AT_decl_line
	.byte	11                              @ DW_FORM_data1
	.byte	73                              @ DW_AT_type
	.byte	19                              @ DW_FORM_ref4
	.byte	0                               @ EOM(1)
	.byte	0                               @ EOM(2)
	.byte	0                               @ EOM(3)
	.section	.debug_info,"",%progbits
.Lcu_begin0:
	.long	.Ldebug_info_end0-.Ldebug_info_start0 @ Length of Unit
.Ldebug_info_start0:
	.short	4                               @ DWARF version number
	.long	.debug_abbrev                   @ Offset Into Abbrev. Section
	.byte	4                               @ Address Size (in bytes)
	.byte	1                               @ Abbrev [1] 0xb:0x7db DW_TAG_compile_unit
	.long	.Linfo_string0                  @ DW_AT_producer
	.short	12                              @ DW_AT_language
	.long	.Linfo_string1                  @ DW_AT_name
	.long	.Lline_table_start0             @ DW_AT_stmt_list
	.long	.Linfo_string2                  @ DW_AT_comp_dir
	.long	0                               @ DW_AT_low_pc
	.long	.Ldebug_ranges0                 @ DW_AT_ranges
	.byte	2                               @ Abbrev [2] 0x26:0x11 DW_TAG_variable
	.long	.Linfo_string3                  @ DW_AT_name
	.long	55                              @ DW_AT_type
                                        @ DW_AT_external
	.byte	6                               @ DW_AT_decl_file
	.byte	27                              @ DW_AT_decl_line
	.byte	5                               @ DW_AT_location
	.byte	3
	.long	hfmac
	.byte	3                               @ Abbrev [3] 0x37:0xb DW_TAG_typedef
	.long	66                              @ DW_AT_type
	.long	.Linfo_string97                 @ DW_AT_name
	.byte	3                               @ DW_AT_decl_file
	.byte	133                             @ DW_AT_decl_line
	.byte	4                               @ Abbrev [4] 0x42:0xdd DW_TAG_structure_type
	.byte	56                              @ DW_AT_byte_size
	.byte	3                               @ DW_AT_decl_file
	.byte	64                              @ DW_AT_decl_line
	.byte	5                               @ Abbrev [5] 0x46:0xc DW_TAG_member
	.long	.Linfo_string4                  @ DW_AT_name
	.long	287                             @ DW_AT_type
	.byte	3                               @ DW_AT_decl_file
	.byte	67                              @ DW_AT_decl_line
	.byte	0                               @ DW_AT_data_member_location
	.byte	5                               @ Abbrev [5] 0x52:0xc DW_TAG_member
	.long	.Linfo_string16                 @ DW_AT_name
	.long	419                             @ DW_AT_type
	.byte	3                               @ DW_AT_decl_file
	.byte	69                              @ DW_AT_decl_line
	.byte	4                               @ DW_AT_data_member_location
	.byte	5                               @ Abbrev [5] 0x5e:0xc DW_TAG_member
	.long	.Linfo_string17                 @ DW_AT_name
	.long	437                             @ DW_AT_type
	.byte	3                               @ DW_AT_decl_file
	.byte	72                              @ DW_AT_decl_line
	.byte	8                               @ DW_AT_data_member_location
	.byte	5                               @ Abbrev [5] 0x6a:0xc DW_TAG_member
	.long	.Linfo_string20                 @ DW_AT_name
	.long	437                             @ DW_AT_type
	.byte	3                               @ DW_AT_decl_file
	.byte	75                              @ DW_AT_decl_line
	.byte	9                               @ DW_AT_data_member_location
	.byte	5                               @ Abbrev [5] 0x76:0xc DW_TAG_member
	.long	.Linfo_string21                 @ DW_AT_name
	.long	455                             @ DW_AT_type
	.byte	3                               @ DW_AT_decl_file
	.byte	78                              @ DW_AT_decl_line
	.byte	12                              @ DW_AT_data_member_location
	.byte	5                               @ Abbrev [5] 0x82:0xc DW_TAG_member
	.long	.Linfo_string24                 @ DW_AT_name
	.long	478                             @ DW_AT_type
	.byte	3                               @ DW_AT_decl_file
	.byte	80                              @ DW_AT_decl_line
	.byte	16                              @ DW_AT_data_member_location
	.byte	5                               @ Abbrev [5] 0x8e:0xc DW_TAG_member
	.long	.Linfo_string27                 @ DW_AT_name
	.long	496                             @ DW_AT_type
	.byte	3                               @ DW_AT_decl_file
	.byte	82                              @ DW_AT_decl_line
	.byte	20                              @ DW_AT_data_member_location
	.byte	5                               @ Abbrev [5] 0x9a:0xc DW_TAG_member
	.long	.Linfo_string28                 @ DW_AT_name
	.long	455                             @ DW_AT_type
	.byte	3                               @ DW_AT_decl_file
	.byte	85                              @ DW_AT_decl_line
	.byte	24                              @ DW_AT_data_member_location
	.byte	5                               @ Abbrev [5] 0xa6:0xc DW_TAG_member
	.long	.Linfo_string29                 @ DW_AT_name
	.long	478                             @ DW_AT_type
	.byte	3                               @ DW_AT_decl_file
	.byte	87                              @ DW_AT_decl_line
	.byte	28                              @ DW_AT_data_member_location
	.byte	5                               @ Abbrev [5] 0xb2:0xc DW_TAG_member
	.long	.Linfo_string30                 @ DW_AT_name
	.long	496                             @ DW_AT_type
	.byte	3                               @ DW_AT_decl_file
	.byte	89                              @ DW_AT_decl_line
	.byte	32                              @ DW_AT_data_member_location
	.byte	5                               @ Abbrev [5] 0xbe:0xc DW_TAG_member
	.long	.Linfo_string31                 @ DW_AT_name
	.long	501                             @ DW_AT_type
	.byte	3                               @ DW_AT_decl_file
	.byte	92                              @ DW_AT_decl_line
	.byte	36                              @ DW_AT_data_member_location
	.byte	5                               @ Abbrev [5] 0xca:0xc DW_TAG_member
	.long	.Linfo_string85                 @ DW_AT_name
	.long	501                             @ DW_AT_type
	.byte	3                               @ DW_AT_decl_file
	.byte	94                              @ DW_AT_decl_line
	.byte	40                              @ DW_AT_data_member_location
	.byte	5                               @ Abbrev [5] 0xd6:0xc DW_TAG_member
	.long	.Linfo_string86                 @ DW_AT_name
	.long	501                             @ DW_AT_type
	.byte	3                               @ DW_AT_decl_file
	.byte	96                              @ DW_AT_decl_line
	.byte	44                              @ DW_AT_data_member_location
	.byte	5                               @ Abbrev [5] 0xe2:0xc DW_TAG_member
	.long	.Linfo_string47                 @ DW_AT_name
	.long	929                             @ DW_AT_type
	.byte	3                               @ DW_AT_decl_file
	.byte	119                             @ DW_AT_decl_line
	.byte	48                              @ DW_AT_data_member_location
	.byte	5                               @ Abbrev [5] 0xee:0xc DW_TAG_member
	.long	.Linfo_string51                 @ DW_AT_name
	.long	1247                            @ DW_AT_type
	.byte	3                               @ DW_AT_decl_file
	.byte	121                             @ DW_AT_decl_line
	.byte	49                              @ DW_AT_data_member_location
	.byte	5                               @ Abbrev [5] 0xfa:0xc DW_TAG_member
	.long	.Linfo_string95                 @ DW_AT_name
	.long	1247                            @ DW_AT_type
	.byte	3                               @ DW_AT_decl_file
	.byte	124                             @ DW_AT_decl_line
	.byte	50                              @ DW_AT_data_member_location
	.byte	5                               @ Abbrev [5] 0x106:0xc DW_TAG_member
	.long	.Linfo_string96                 @ DW_AT_name
	.long	1247                            @ DW_AT_type
	.byte	3                               @ DW_AT_decl_file
	.byte	127                             @ DW_AT_decl_line
	.byte	51                              @ DW_AT_data_member_location
	.byte	5                               @ Abbrev [5] 0x112:0xc DW_TAG_member
	.long	.Linfo_string62                 @ DW_AT_name
	.long	414                             @ DW_AT_type
	.byte	3                               @ DW_AT_decl_file
	.byte	130                             @ DW_AT_decl_line
	.byte	52                              @ DW_AT_data_member_location
	.byte	0                               @ End Of Children Mark
	.byte	6                               @ Abbrev [6] 0x11f:0x5 DW_TAG_pointer_type
	.long	292                             @ DW_AT_type
	.byte	7                               @ Abbrev [7] 0x124:0xc DW_TAG_typedef
	.long	304                             @ DW_AT_type
	.long	.Linfo_string15                 @ DW_AT_name
	.byte	2                               @ DW_AT_decl_file
	.short	495                             @ DW_AT_decl_line
	.byte	8                               @ Abbrev [8] 0x130:0x6e DW_TAG_structure_type
	.byte	32                              @ DW_AT_byte_size
	.byte	2                               @ DW_AT_decl_file
	.short	485                             @ DW_AT_decl_line
	.byte	9                               @ Abbrev [9] 0x135:0xd DW_TAG_member
	.long	.Linfo_string5                  @ DW_AT_name
	.long	414                             @ DW_AT_type
	.byte	2                               @ DW_AT_decl_file
	.short	487                             @ DW_AT_decl_line
	.byte	0                               @ DW_AT_data_member_location
	.byte	9                               @ Abbrev [9] 0x142:0xd DW_TAG_member
	.long	.Linfo_string8                  @ DW_AT_name
	.long	414                             @ DW_AT_type
	.byte	2                               @ DW_AT_decl_file
	.short	488                             @ DW_AT_decl_line
	.byte	4                               @ DW_AT_data_member_location
	.byte	9                               @ Abbrev [9] 0x14f:0xd DW_TAG_member
	.long	.Linfo_string9                  @ DW_AT_name
	.long	414                             @ DW_AT_type
	.byte	2                               @ DW_AT_decl_file
	.short	489                             @ DW_AT_decl_line
	.byte	8                               @ DW_AT_data_member_location
	.byte	9                               @ Abbrev [9] 0x15c:0xd DW_TAG_member
	.long	.Linfo_string10                 @ DW_AT_name
	.long	414                             @ DW_AT_type
	.byte	2                               @ DW_AT_decl_file
	.short	490                             @ DW_AT_decl_line
	.byte	12                              @ DW_AT_data_member_location
	.byte	9                               @ Abbrev [9] 0x169:0xd DW_TAG_member
	.long	.Linfo_string11                 @ DW_AT_name
	.long	414                             @ DW_AT_type
	.byte	2                               @ DW_AT_decl_file
	.short	491                             @ DW_AT_decl_line
	.byte	16                              @ DW_AT_data_member_location
	.byte	9                               @ Abbrev [9] 0x176:0xd DW_TAG_member
	.long	.Linfo_string12                 @ DW_AT_name
	.long	414                             @ DW_AT_type
	.byte	2                               @ DW_AT_decl_file
	.short	492                             @ DW_AT_decl_line
	.byte	20                              @ DW_AT_data_member_location
	.byte	9                               @ Abbrev [9] 0x183:0xd DW_TAG_member
	.long	.Linfo_string13                 @ DW_AT_name
	.long	414                             @ DW_AT_type
	.byte	2                               @ DW_AT_decl_file
	.short	493                             @ DW_AT_decl_line
	.byte	24                              @ DW_AT_data_member_location
	.byte	9                               @ Abbrev [9] 0x190:0xd DW_TAG_member
	.long	.Linfo_string14                 @ DW_AT_name
	.long	414                             @ DW_AT_type
	.byte	2                               @ DW_AT_decl_file
	.short	494                             @ DW_AT_decl_line
	.byte	28                              @ DW_AT_data_member_location
	.byte	0                               @ End Of Children Mark
	.byte	10                              @ Abbrev [10] 0x19e:0x5 DW_TAG_volatile_type
	.long	419                             @ DW_AT_type
	.byte	3                               @ Abbrev [3] 0x1a3:0xb DW_TAG_typedef
	.long	430                             @ DW_AT_type
	.long	.Linfo_string7                  @ DW_AT_name
	.byte	1                               @ DW_AT_decl_file
	.byte	64                              @ DW_AT_decl_line
	.byte	11                              @ Abbrev [11] 0x1ae:0x7 DW_TAG_base_type
	.long	.Linfo_string6                  @ DW_AT_name
	.byte	7                               @ DW_AT_encoding
	.byte	4                               @ DW_AT_byte_size
	.byte	3                               @ Abbrev [3] 0x1b5:0xb DW_TAG_typedef
	.long	448                             @ DW_AT_type
	.long	.Linfo_string19                 @ DW_AT_name
	.byte	1                               @ DW_AT_decl_file
	.byte	62                              @ DW_AT_decl_line
	.byte	11                              @ Abbrev [11] 0x1c0:0x7 DW_TAG_base_type
	.long	.Linfo_string18                 @ DW_AT_name
	.byte	8                               @ DW_AT_encoding
	.byte	1                               @ DW_AT_byte_size
	.byte	6                               @ Abbrev [6] 0x1c7:0x5 DW_TAG_pointer_type
	.long	460                             @ DW_AT_type
	.byte	3                               @ Abbrev [3] 0x1cc:0xb DW_TAG_typedef
	.long	471                             @ DW_AT_type
	.long	.Linfo_string23                 @ DW_AT_name
	.byte	1                               @ DW_AT_decl_file
	.byte	57                              @ DW_AT_decl_line
	.byte	11                              @ Abbrev [11] 0x1d7:0x7 DW_TAG_base_type
	.long	.Linfo_string22                 @ DW_AT_name
	.byte	5                               @ DW_AT_encoding
	.byte	2                               @ DW_AT_byte_size
	.byte	3                               @ Abbrev [3] 0x1de:0xb DW_TAG_typedef
	.long	489                             @ DW_AT_type
	.long	.Linfo_string26                 @ DW_AT_name
	.byte	1                               @ DW_AT_decl_file
	.byte	63                              @ DW_AT_decl_line
	.byte	11                              @ Abbrev [11] 0x1e9:0x7 DW_TAG_base_type
	.long	.Linfo_string25                 @ DW_AT_name
	.byte	7                               @ DW_AT_encoding
	.byte	2                               @ DW_AT_byte_size
	.byte	6                               @ Abbrev [6] 0x1f0:0x5 DW_TAG_pointer_type
	.long	478                             @ DW_AT_type
	.byte	6                               @ Abbrev [6] 0x1f5:0x5 DW_TAG_pointer_type
	.long	506                             @ DW_AT_type
	.byte	3                               @ Abbrev [3] 0x1fa:0xb DW_TAG_typedef
	.long	517                             @ DW_AT_type
	.long	.Linfo_string84                 @ DW_AT_name
	.byte	4                               @ DW_AT_decl_file
	.byte	152                             @ DW_AT_decl_line
	.byte	12                              @ Abbrev [12] 0x205:0xe1 DW_TAG_structure_type
	.long	.Linfo_string83                 @ DW_AT_name
	.byte	96                              @ DW_AT_byte_size
	.byte	4                               @ DW_AT_decl_file
	.byte	114                             @ DW_AT_decl_line
	.byte	5                               @ Abbrev [5] 0x20d:0xc DW_TAG_member
	.long	.Linfo_string4                  @ DW_AT_name
	.long	742                             @ DW_AT_type
	.byte	4                               @ DW_AT_decl_file
	.byte	116                             @ DW_AT_decl_line
	.byte	0                               @ DW_AT_data_member_location
	.byte	5                               @ Abbrev [5] 0x219:0xc DW_TAG_member
	.long	.Linfo_string37                 @ DW_AT_name
	.long	817                             @ DW_AT_type
	.byte	4                               @ DW_AT_decl_file
	.byte	118                             @ DW_AT_decl_line
	.byte	4                               @ DW_AT_data_member_location
	.byte	5                               @ Abbrev [5] 0x225:0xc DW_TAG_member
	.long	.Linfo_string47                 @ DW_AT_name
	.long	929                             @ DW_AT_type
	.byte	4                               @ DW_AT_decl_file
	.byte	120                             @ DW_AT_decl_line
	.byte	36                              @ DW_AT_data_member_location
	.byte	5                               @ Abbrev [5] 0x231:0xc DW_TAG_member
	.long	.Linfo_string51                 @ DW_AT_name
	.long	961                             @ DW_AT_type
	.byte	4                               @ DW_AT_decl_file
	.byte	122                             @ DW_AT_decl_line
	.byte	37                              @ DW_AT_data_member_location
	.byte	5                               @ Abbrev [5] 0x23d:0xc DW_TAG_member
	.long	.Linfo_string57                 @ DW_AT_name
	.long	1010                            @ DW_AT_type
	.byte	4                               @ DW_AT_decl_file
	.byte	124                             @ DW_AT_decl_line
	.byte	40                              @ DW_AT_data_member_location
	.byte	5                               @ Abbrev [5] 0x249:0xc DW_TAG_member
	.long	.Linfo_string58                 @ DW_AT_name
	.long	1011                            @ DW_AT_type
	.byte	4                               @ DW_AT_decl_file
	.byte	126                             @ DW_AT_decl_line
	.byte	44                              @ DW_AT_data_member_location
	.byte	5                               @ Abbrev [5] 0x255:0xc DW_TAG_member
	.long	.Linfo_string59                 @ DW_AT_name
	.long	1011                            @ DW_AT_type
	.byte	4                               @ DW_AT_decl_file
	.byte	128                             @ DW_AT_decl_line
	.byte	48                              @ DW_AT_data_member_location
	.byte	5                               @ Abbrev [5] 0x261:0xc DW_TAG_member
	.long	.Linfo_string60                 @ DW_AT_name
	.long	1011                            @ DW_AT_type
	.byte	4                               @ DW_AT_decl_file
	.byte	130                             @ DW_AT_decl_line
	.byte	52                              @ DW_AT_data_member_location
	.byte	5                               @ Abbrev [5] 0x26d:0xc DW_TAG_member
	.long	.Linfo_string61                 @ DW_AT_name
	.long	1011                            @ DW_AT_type
	.byte	4                               @ DW_AT_decl_file
	.byte	132                             @ DW_AT_decl_line
	.byte	56                              @ DW_AT_data_member_location
	.byte	5                               @ Abbrev [5] 0x279:0xc DW_TAG_member
	.long	.Linfo_string62                 @ DW_AT_name
	.long	414                             @ DW_AT_type
	.byte	4                               @ DW_AT_decl_file
	.byte	134                             @ DW_AT_decl_line
	.byte	60                              @ DW_AT_data_member_location
	.byte	5                               @ Abbrev [5] 0x285:0xc DW_TAG_member
	.long	.Linfo_string63                 @ DW_AT_name
	.long	1028                            @ DW_AT_type
	.byte	4                               @ DW_AT_decl_file
	.byte	136                             @ DW_AT_decl_line
	.byte	64                              @ DW_AT_data_member_location
	.byte	5                               @ Abbrev [5] 0x291:0xc DW_TAG_member
	.long	.Linfo_string67                 @ DW_AT_name
	.long	419                             @ DW_AT_type
	.byte	4                               @ DW_AT_decl_file
	.byte	138                             @ DW_AT_decl_line
	.byte	68                              @ DW_AT_data_member_location
	.byte	5                               @ Abbrev [5] 0x29d:0xc DW_TAG_member
	.long	.Linfo_string68                 @ DW_AT_name
	.long	1077                            @ DW_AT_type
	.byte	4                               @ DW_AT_decl_file
	.byte	140                             @ DW_AT_decl_line
	.byte	72                              @ DW_AT_data_member_location
	.byte	5                               @ Abbrev [5] 0x2a9:0xc DW_TAG_member
	.long	.Linfo_string70                 @ DW_AT_name
	.long	1113                            @ DW_AT_type
	.byte	4                               @ DW_AT_decl_file
	.byte	142                             @ DW_AT_decl_line
	.byte	76                              @ DW_AT_data_member_location
	.byte	5                               @ Abbrev [5] 0x2b5:0xc DW_TAG_member
	.long	.Linfo_string74                 @ DW_AT_name
	.long	419                             @ DW_AT_type
	.byte	4                               @ DW_AT_decl_file
	.byte	144                             @ DW_AT_decl_line
	.byte	80                              @ DW_AT_data_member_location
	.byte	5                               @ Abbrev [5] 0x2c1:0xc DW_TAG_member
	.long	.Linfo_string75                 @ DW_AT_name
	.long	1162                            @ DW_AT_type
	.byte	4                               @ DW_AT_decl_file
	.byte	146                             @ DW_AT_decl_line
	.byte	84                              @ DW_AT_data_member_location
	.byte	5                               @ Abbrev [5] 0x2cd:0xc DW_TAG_member
	.long	.Linfo_string78                 @ DW_AT_name
	.long	1198                            @ DW_AT_type
	.byte	4                               @ DW_AT_decl_file
	.byte	148                             @ DW_AT_decl_line
	.byte	88                              @ DW_AT_data_member_location
	.byte	5                               @ Abbrev [5] 0x2d9:0xc DW_TAG_member
	.long	.Linfo_string82                 @ DW_AT_name
	.long	419                             @ DW_AT_type
	.byte	4                               @ DW_AT_decl_file
	.byte	150                             @ DW_AT_decl_line
	.byte	92                              @ DW_AT_data_member_location
	.byte	0                               @ End Of Children Mark
	.byte	6                               @ Abbrev [6] 0x2e6:0x5 DW_TAG_pointer_type
	.long	747                             @ DW_AT_type
	.byte	7                               @ Abbrev [7] 0x2eb:0xc DW_TAG_typedef
	.long	759                             @ DW_AT_type
	.long	.Linfo_string36                 @ DW_AT_name
	.byte	2                               @ DW_AT_decl_file
	.short	397                             @ DW_AT_decl_line
	.byte	8                               @ Abbrev [8] 0x2f7:0x3a DW_TAG_structure_type
	.byte	16                              @ DW_AT_byte_size
	.byte	2                               @ DW_AT_decl_file
	.short	391                             @ DW_AT_decl_line
	.byte	9                               @ Abbrev [9] 0x2fc:0xd DW_TAG_member
	.long	.Linfo_string32                 @ DW_AT_name
	.long	414                             @ DW_AT_type
	.byte	2                               @ DW_AT_decl_file
	.short	393                             @ DW_AT_decl_line
	.byte	0                               @ DW_AT_data_member_location
	.byte	9                               @ Abbrev [9] 0x309:0xd DW_TAG_member
	.long	.Linfo_string33                 @ DW_AT_name
	.long	414                             @ DW_AT_type
	.byte	2                               @ DW_AT_decl_file
	.short	394                             @ DW_AT_decl_line
	.byte	4                               @ DW_AT_data_member_location
	.byte	9                               @ Abbrev [9] 0x316:0xd DW_TAG_member
	.long	.Linfo_string34                 @ DW_AT_name
	.long	414                             @ DW_AT_type
	.byte	2                               @ DW_AT_decl_file
	.short	395                             @ DW_AT_decl_line
	.byte	8                               @ DW_AT_data_member_location
	.byte	9                               @ Abbrev [9] 0x323:0xd DW_TAG_member
	.long	.Linfo_string35                 @ DW_AT_name
	.long	414                             @ DW_AT_type
	.byte	2                               @ DW_AT_decl_file
	.short	396                             @ DW_AT_decl_line
	.byte	12                              @ DW_AT_data_member_location
	.byte	0                               @ End Of Children Mark
	.byte	3                               @ Abbrev [3] 0x331:0xb DW_TAG_typedef
	.long	828                             @ DW_AT_type
	.long	.Linfo_string46                 @ DW_AT_name
	.byte	4                               @ DW_AT_decl_file
	.byte	75                              @ DW_AT_decl_line
	.byte	4                               @ Abbrev [4] 0x33c:0x65 DW_TAG_structure_type
	.byte	32                              @ DW_AT_byte_size
	.byte	4                               @ DW_AT_decl_file
	.byte	47                              @ DW_AT_decl_line
	.byte	5                               @ Abbrev [5] 0x340:0xc DW_TAG_member
	.long	.Linfo_string38                 @ DW_AT_name
	.long	419                             @ DW_AT_type
	.byte	4                               @ DW_AT_decl_file
	.byte	49                              @ DW_AT_decl_line
	.byte	0                               @ DW_AT_data_member_location
	.byte	5                               @ Abbrev [5] 0x34c:0xc DW_TAG_member
	.long	.Linfo_string39                 @ DW_AT_name
	.long	419                             @ DW_AT_type
	.byte	4                               @ DW_AT_decl_file
	.byte	52                              @ DW_AT_decl_line
	.byte	4                               @ DW_AT_data_member_location
	.byte	5                               @ Abbrev [5] 0x358:0xc DW_TAG_member
	.long	.Linfo_string40                 @ DW_AT_name
	.long	419                             @ DW_AT_type
	.byte	4                               @ DW_AT_decl_file
	.byte	56                              @ DW_AT_decl_line
	.byte	8                               @ DW_AT_data_member_location
	.byte	5                               @ Abbrev [5] 0x364:0xc DW_TAG_member
	.long	.Linfo_string41                 @ DW_AT_name
	.long	419                             @ DW_AT_type
	.byte	4                               @ DW_AT_decl_file
	.byte	59                              @ DW_AT_decl_line
	.byte	12                              @ DW_AT_data_member_location
	.byte	5                               @ Abbrev [5] 0x370:0xc DW_TAG_member
	.long	.Linfo_string42                 @ DW_AT_name
	.long	419                             @ DW_AT_type
	.byte	4                               @ DW_AT_decl_file
	.byte	62                              @ DW_AT_decl_line
	.byte	16                              @ DW_AT_data_member_location
	.byte	5                               @ Abbrev [5] 0x37c:0xc DW_TAG_member
	.long	.Linfo_string43                 @ DW_AT_name
	.long	419                             @ DW_AT_type
	.byte	4                               @ DW_AT_decl_file
	.byte	65                              @ DW_AT_decl_line
	.byte	20                              @ DW_AT_data_member_location
	.byte	5                               @ Abbrev [5] 0x388:0xc DW_TAG_member
	.long	.Linfo_string44                 @ DW_AT_name
	.long	419                             @ DW_AT_type
	.byte	4                               @ DW_AT_decl_file
	.byte	68                              @ DW_AT_decl_line
	.byte	24                              @ DW_AT_data_member_location
	.byte	5                               @ Abbrev [5] 0x394:0xc DW_TAG_member
	.long	.Linfo_string45                 @ DW_AT_name
	.long	419                             @ DW_AT_type
	.byte	4                               @ DW_AT_decl_file
	.byte	73                              @ DW_AT_decl_line
	.byte	28                              @ DW_AT_data_member_location
	.byte	0                               @ End Of Children Mark
	.byte	3                               @ Abbrev [3] 0x3a1:0xb DW_TAG_typedef
	.long	940                             @ DW_AT_type
	.long	.Linfo_string50                 @ DW_AT_name
	.byte	5                               @ DW_AT_decl_file
	.byte	54                              @ DW_AT_decl_line
	.byte	13                              @ Abbrev [13] 0x3ac:0x15 DW_TAG_enumeration_type
	.long	448                             @ DW_AT_type
	.byte	1                               @ DW_AT_byte_size
	.byte	5                               @ DW_AT_decl_file
	.byte	50                              @ DW_AT_decl_line
	.byte	14                              @ Abbrev [14] 0x3b4:0x6 DW_TAG_enumerator
	.long	.Linfo_string48                 @ DW_AT_name
	.byte	0                               @ DW_AT_const_value
	.byte	14                              @ Abbrev [14] 0x3ba:0x6 DW_TAG_enumerator
	.long	.Linfo_string49                 @ DW_AT_name
	.byte	1                               @ DW_AT_const_value
	.byte	0                               @ End Of Children Mark
	.byte	10                              @ Abbrev [10] 0x3c1:0x5 DW_TAG_volatile_type
	.long	966                             @ DW_AT_type
	.byte	3                               @ Abbrev [3] 0x3c6:0xb DW_TAG_typedef
	.long	977                             @ DW_AT_type
	.long	.Linfo_string56                 @ DW_AT_name
	.byte	4                               @ DW_AT_decl_file
	.byte	86                              @ DW_AT_decl_line
	.byte	13                              @ Abbrev [13] 0x3d1:0x21 DW_TAG_enumeration_type
	.long	448                             @ DW_AT_type
	.byte	1                               @ DW_AT_byte_size
	.byte	4                               @ DW_AT_decl_file
	.byte	80                              @ DW_AT_decl_line
	.byte	14                              @ Abbrev [14] 0x3d9:0x6 DW_TAG_enumerator
	.long	.Linfo_string52                 @ DW_AT_name
	.byte	0                               @ DW_AT_const_value
	.byte	14                              @ Abbrev [14] 0x3df:0x6 DW_TAG_enumerator
	.long	.Linfo_string53                 @ DW_AT_name
	.byte	1                               @ DW_AT_const_value
	.byte	14                              @ Abbrev [14] 0x3e5:0x6 DW_TAG_enumerator
	.long	.Linfo_string54                 @ DW_AT_name
	.byte	2                               @ DW_AT_const_value
	.byte	14                              @ Abbrev [14] 0x3eb:0x6 DW_TAG_enumerator
	.long	.Linfo_string55                 @ DW_AT_name
	.byte	3                               @ DW_AT_const_value
	.byte	0                               @ End Of Children Mark
	.byte	15                              @ Abbrev [15] 0x3f2:0x1 DW_TAG_pointer_type
	.byte	6                               @ Abbrev [6] 0x3f3:0x5 DW_TAG_pointer_type
	.long	1016                            @ DW_AT_type
	.byte	16                              @ Abbrev [16] 0x3f8:0x7 DW_TAG_subroutine_type
                                        @ DW_AT_prototyped
	.byte	17                              @ Abbrev [17] 0x3f9:0x5 DW_TAG_formal_parameter
	.long	1023                            @ DW_AT_type
	.byte	0                               @ End Of Children Mark
	.byte	6                               @ Abbrev [6] 0x3ff:0x5 DW_TAG_pointer_type
	.long	517                             @ DW_AT_type
	.byte	6                               @ Abbrev [6] 0x404:0x5 DW_TAG_pointer_type
	.long	1033                            @ DW_AT_type
	.byte	7                               @ Abbrev [7] 0x409:0xc DW_TAG_typedef
	.long	1045                            @ DW_AT_type
	.long	.Linfo_string66                 @ DW_AT_name
	.byte	2                               @ DW_AT_decl_file
	.short	403                             @ DW_AT_decl_line
	.byte	8                               @ Abbrev [8] 0x415:0x20 DW_TAG_structure_type
	.byte	8                               @ DW_AT_byte_size
	.byte	2                               @ DW_AT_decl_file
	.short	399                             @ DW_AT_decl_line
	.byte	9                               @ Abbrev [9] 0x41a:0xd DW_TAG_member
	.long	.Linfo_string64                 @ DW_AT_name
	.long	414                             @ DW_AT_type
	.byte	2                               @ DW_AT_decl_file
	.short	401                             @ DW_AT_decl_line
	.byte	0                               @ DW_AT_data_member_location
	.byte	9                               @ Abbrev [9] 0x427:0xd DW_TAG_member
	.long	.Linfo_string65                 @ DW_AT_name
	.long	414                             @ DW_AT_type
	.byte	2                               @ DW_AT_decl_file
	.short	402                             @ DW_AT_decl_line
	.byte	4                               @ DW_AT_data_member_location
	.byte	0                               @ End Of Children Mark
	.byte	6                               @ Abbrev [6] 0x435:0x5 DW_TAG_pointer_type
	.long	1082                            @ DW_AT_type
	.byte	7                               @ Abbrev [7] 0x43a:0xc DW_TAG_typedef
	.long	1094                            @ DW_AT_type
	.long	.Linfo_string69                 @ DW_AT_name
	.byte	2                               @ DW_AT_decl_file
	.short	412                             @ DW_AT_decl_line
	.byte	8                               @ Abbrev [8] 0x446:0x13 DW_TAG_structure_type
	.byte	4                               @ DW_AT_byte_size
	.byte	2                               @ DW_AT_decl_file
	.short	409                             @ DW_AT_decl_line
	.byte	9                               @ Abbrev [9] 0x44b:0xd DW_TAG_member
	.long	.Linfo_string32                 @ DW_AT_name
	.long	414                             @ DW_AT_type
	.byte	2                               @ DW_AT_decl_file
	.short	411                             @ DW_AT_decl_line
	.byte	0                               @ DW_AT_data_member_location
	.byte	0                               @ End Of Children Mark
	.byte	6                               @ Abbrev [6] 0x459:0x5 DW_TAG_pointer_type
	.long	1118                            @ DW_AT_type
	.byte	7                               @ Abbrev [7] 0x45e:0xc DW_TAG_typedef
	.long	1130                            @ DW_AT_type
	.long	.Linfo_string73                 @ DW_AT_name
	.byte	2                               @ DW_AT_decl_file
	.short	418                             @ DW_AT_decl_line
	.byte	8                               @ Abbrev [8] 0x46a:0x20 DW_TAG_structure_type
	.byte	8                               @ DW_AT_byte_size
	.byte	2                               @ DW_AT_decl_file
	.short	414                             @ DW_AT_decl_line
	.byte	9                               @ Abbrev [9] 0x46f:0xd DW_TAG_member
	.long	.Linfo_string71                 @ DW_AT_name
	.long	414                             @ DW_AT_type
	.byte	2                               @ DW_AT_decl_file
	.short	416                             @ DW_AT_decl_line
	.byte	0                               @ DW_AT_data_member_location
	.byte	9                               @ Abbrev [9] 0x47c:0xd DW_TAG_member
	.long	.Linfo_string72                 @ DW_AT_name
	.long	414                             @ DW_AT_type
	.byte	2                               @ DW_AT_decl_file
	.short	417                             @ DW_AT_decl_line
	.byte	4                               @ DW_AT_data_member_location
	.byte	0                               @ End Of Children Mark
	.byte	6                               @ Abbrev [6] 0x48a:0x5 DW_TAG_pointer_type
	.long	1167                            @ DW_AT_type
	.byte	7                               @ Abbrev [7] 0x48f:0xc DW_TAG_typedef
	.long	1179                            @ DW_AT_type
	.long	.Linfo_string77                 @ DW_AT_name
	.byte	2                               @ DW_AT_decl_file
	.short	423                             @ DW_AT_decl_line
	.byte	8                               @ Abbrev [8] 0x49b:0x13 DW_TAG_structure_type
	.byte	4                               @ DW_AT_byte_size
	.byte	2                               @ DW_AT_decl_file
	.short	420                             @ DW_AT_decl_line
	.byte	9                               @ Abbrev [9] 0x4a0:0xd DW_TAG_member
	.long	.Linfo_string76                 @ DW_AT_name
	.long	414                             @ DW_AT_type
	.byte	2                               @ DW_AT_decl_file
	.short	422                             @ DW_AT_decl_line
	.byte	0                               @ DW_AT_data_member_location
	.byte	0                               @ End Of Children Mark
	.byte	6                               @ Abbrev [6] 0x4ae:0x5 DW_TAG_pointer_type
	.long	1203                            @ DW_AT_type
	.byte	7                               @ Abbrev [7] 0x4b3:0xc DW_TAG_typedef
	.long	1215                            @ DW_AT_type
	.long	.Linfo_string81                 @ DW_AT_name
	.byte	2                               @ DW_AT_decl_file
	.short	429                             @ DW_AT_decl_line
	.byte	8                               @ Abbrev [8] 0x4bf:0x20 DW_TAG_structure_type
	.byte	8                               @ DW_AT_byte_size
	.byte	2                               @ DW_AT_decl_file
	.short	425                             @ DW_AT_decl_line
	.byte	9                               @ Abbrev [9] 0x4c4:0xd DW_TAG_member
	.long	.Linfo_string79                 @ DW_AT_name
	.long	414                             @ DW_AT_type
	.byte	2                               @ DW_AT_decl_file
	.short	427                             @ DW_AT_decl_line
	.byte	0                               @ DW_AT_data_member_location
	.byte	9                               @ Abbrev [9] 0x4d1:0xd DW_TAG_member
	.long	.Linfo_string80                 @ DW_AT_name
	.long	414                             @ DW_AT_type
	.byte	2                               @ DW_AT_decl_file
	.short	428                             @ DW_AT_decl_line
	.byte	4                               @ DW_AT_data_member_location
	.byte	0                               @ End Of Children Mark
	.byte	10                              @ Abbrev [10] 0x4df:0x5 DW_TAG_volatile_type
	.long	1252                            @ DW_AT_type
	.byte	3                               @ Abbrev [3] 0x4e4:0xb DW_TAG_typedef
	.long	1263                            @ DW_AT_type
	.long	.Linfo_string94                 @ DW_AT_name
	.byte	3                               @ DW_AT_decl_file
	.byte	56                              @ DW_AT_decl_line
	.byte	13                              @ Abbrev [13] 0x4ef:0x35 DW_TAG_enumeration_type
	.long	448                             @ DW_AT_type
	.byte	1                               @ DW_AT_byte_size
	.byte	3                               @ DW_AT_decl_file
	.byte	47                              @ DW_AT_decl_line
	.byte	14                              @ Abbrev [14] 0x4f7:0x6 DW_TAG_enumerator
	.long	.Linfo_string87                 @ DW_AT_name
	.byte	0                               @ DW_AT_const_value
	.byte	14                              @ Abbrev [14] 0x4fd:0x6 DW_TAG_enumerator
	.long	.Linfo_string88                 @ DW_AT_name
	.byte	32                              @ DW_AT_const_value
	.byte	14                              @ Abbrev [14] 0x503:0x6 DW_TAG_enumerator
	.long	.Linfo_string89                 @ DW_AT_name
	.byte	36                              @ DW_AT_const_value
	.byte	14                              @ Abbrev [14] 0x509:0x6 DW_TAG_enumerator
	.long	.Linfo_string90                 @ DW_AT_name
	.byte	37                              @ DW_AT_const_value
	.byte	14                              @ Abbrev [14] 0x50f:0x6 DW_TAG_enumerator
	.long	.Linfo_string91                 @ DW_AT_name
	.byte	38                              @ DW_AT_const_value
	.byte	14                              @ Abbrev [14] 0x515:0x7 DW_TAG_enumerator
	.long	.Linfo_string92                 @ DW_AT_name
	.ascii	"\240\001"                      @ DW_AT_const_value
	.byte	14                              @ Abbrev [14] 0x51c:0x7 DW_TAG_enumerator
	.long	.Linfo_string93                 @ DW_AT_name
	.ascii	"\340\001"                      @ DW_AT_const_value
	.byte	0                               @ End Of Children Mark
	.byte	13                              @ Abbrev [13] 0x524:0x21 DW_TAG_enumeration_type
	.long	448                             @ DW_AT_type
	.byte	1                               @ DW_AT_byte_size
	.byte	5                               @ DW_AT_decl_file
	.byte	39                              @ DW_AT_decl_line
	.byte	14                              @ Abbrev [14] 0x52c:0x6 DW_TAG_enumerator
	.long	.Linfo_string98                 @ DW_AT_name
	.byte	0                               @ DW_AT_const_value
	.byte	14                              @ Abbrev [14] 0x532:0x6 DW_TAG_enumerator
	.long	.Linfo_string99                 @ DW_AT_name
	.byte	1                               @ DW_AT_const_value
	.byte	14                              @ Abbrev [14] 0x538:0x6 DW_TAG_enumerator
	.long	.Linfo_string100                @ DW_AT_name
	.byte	2                               @ DW_AT_const_value
	.byte	14                              @ Abbrev [14] 0x53e:0x6 DW_TAG_enumerator
	.long	.Linfo_string101                @ DW_AT_name
	.byte	3                               @ DW_AT_const_value
	.byte	0                               @ End Of Children Mark
	.byte	6                               @ Abbrev [6] 0x545:0x5 DW_TAG_pointer_type
	.long	1354                            @ DW_AT_type
	.byte	7                               @ Abbrev [7] 0x54a:0xc DW_TAG_typedef
	.long	1366                            @ DW_AT_type
	.long	.Linfo_string140                @ DW_AT_name
	.byte	2                               @ DW_AT_decl_file
	.short	707                             @ DW_AT_decl_line
	.byte	8                               @ Abbrev [8] 0x556:0x20e DW_TAG_structure_type
	.byte	160                             @ DW_AT_byte_size
	.byte	2                               @ DW_AT_decl_file
	.short	665                             @ DW_AT_decl_line
	.byte	9                               @ Abbrev [9] 0x55b:0xd DW_TAG_member
	.long	.Linfo_string11                 @ DW_AT_name
	.long	414                             @ DW_AT_type
	.byte	2                               @ DW_AT_decl_file
	.short	667                             @ DW_AT_decl_line
	.byte	0                               @ DW_AT_data_member_location
	.byte	9                               @ Abbrev [9] 0x568:0xd DW_TAG_member
	.long	.Linfo_string102                @ DW_AT_name
	.long	414                             @ DW_AT_type
	.byte	2                               @ DW_AT_decl_file
	.short	668                             @ DW_AT_decl_line
	.byte	4                               @ DW_AT_data_member_location
	.byte	9                               @ Abbrev [9] 0x575:0xd DW_TAG_member
	.long	.Linfo_string103                @ DW_AT_name
	.long	414                             @ DW_AT_type
	.byte	2                               @ DW_AT_decl_file
	.short	669                             @ DW_AT_decl_line
	.byte	8                               @ DW_AT_data_member_location
	.byte	9                               @ Abbrev [9] 0x582:0xd DW_TAG_member
	.long	.Linfo_string104                @ DW_AT_name
	.long	414                             @ DW_AT_type
	.byte	2                               @ DW_AT_decl_file
	.short	670                             @ DW_AT_decl_line
	.byte	12                              @ DW_AT_data_member_location
	.byte	9                               @ Abbrev [9] 0x58f:0xd DW_TAG_member
	.long	.Linfo_string105                @ DW_AT_name
	.long	419                             @ DW_AT_type
	.byte	2                               @ DW_AT_decl_file
	.short	671                             @ DW_AT_decl_line
	.byte	16                              @ DW_AT_data_member_location
	.byte	9                               @ Abbrev [9] 0x59c:0xd DW_TAG_member
	.long	.Linfo_string106                @ DW_AT_name
	.long	419                             @ DW_AT_type
	.byte	2                               @ DW_AT_decl_file
	.short	672                             @ DW_AT_decl_line
	.byte	20                              @ DW_AT_data_member_location
	.byte	9                               @ Abbrev [9] 0x5a9:0xd DW_TAG_member
	.long	.Linfo_string107                @ DW_AT_name
	.long	414                             @ DW_AT_type
	.byte	2                               @ DW_AT_decl_file
	.short	673                             @ DW_AT_decl_line
	.byte	24                              @ DW_AT_data_member_location
	.byte	9                               @ Abbrev [9] 0x5b6:0xd DW_TAG_member
	.long	.Linfo_string108                @ DW_AT_name
	.long	414                             @ DW_AT_type
	.byte	2                               @ DW_AT_decl_file
	.short	674                             @ DW_AT_decl_line
	.byte	28                              @ DW_AT_data_member_location
	.byte	9                               @ Abbrev [9] 0x5c3:0xd DW_TAG_member
	.long	.Linfo_string109                @ DW_AT_name
	.long	414                             @ DW_AT_type
	.byte	2                               @ DW_AT_decl_file
	.short	675                             @ DW_AT_decl_line
	.byte	32                              @ DW_AT_data_member_location
	.byte	9                               @ Abbrev [9] 0x5d0:0xd DW_TAG_member
	.long	.Linfo_string110                @ DW_AT_name
	.long	419                             @ DW_AT_type
	.byte	2                               @ DW_AT_decl_file
	.short	676                             @ DW_AT_decl_line
	.byte	36                              @ DW_AT_data_member_location
	.byte	9                               @ Abbrev [9] 0x5dd:0xd DW_TAG_member
	.long	.Linfo_string111                @ DW_AT_name
	.long	414                             @ DW_AT_type
	.byte	2                               @ DW_AT_decl_file
	.short	677                             @ DW_AT_decl_line
	.byte	40                              @ DW_AT_data_member_location
	.byte	9                               @ Abbrev [9] 0x5ea:0xd DW_TAG_member
	.long	.Linfo_string112                @ DW_AT_name
	.long	414                             @ DW_AT_type
	.byte	2                               @ DW_AT_decl_file
	.short	678                             @ DW_AT_decl_line
	.byte	44                              @ DW_AT_data_member_location
	.byte	9                               @ Abbrev [9] 0x5f7:0xd DW_TAG_member
	.long	.Linfo_string113                @ DW_AT_name
	.long	414                             @ DW_AT_type
	.byte	2                               @ DW_AT_decl_file
	.short	679                             @ DW_AT_decl_line
	.byte	48                              @ DW_AT_data_member_location
	.byte	9                               @ Abbrev [9] 0x604:0xd DW_TAG_member
	.long	.Linfo_string114                @ DW_AT_name
	.long	419                             @ DW_AT_type
	.byte	2                               @ DW_AT_decl_file
	.short	680                             @ DW_AT_decl_line
	.byte	52                              @ DW_AT_data_member_location
	.byte	9                               @ Abbrev [9] 0x611:0xd DW_TAG_member
	.long	.Linfo_string115                @ DW_AT_name
	.long	414                             @ DW_AT_type
	.byte	2                               @ DW_AT_decl_file
	.short	681                             @ DW_AT_decl_line
	.byte	56                              @ DW_AT_data_member_location
	.byte	9                               @ Abbrev [9] 0x61e:0xd DW_TAG_member
	.long	.Linfo_string116                @ DW_AT_name
	.long	414                             @ DW_AT_type
	.byte	2                               @ DW_AT_decl_file
	.short	682                             @ DW_AT_decl_line
	.byte	60                              @ DW_AT_data_member_location
	.byte	9                               @ Abbrev [9] 0x62b:0xd DW_TAG_member
	.long	.Linfo_string117                @ DW_AT_name
	.long	414                             @ DW_AT_type
	.byte	2                               @ DW_AT_decl_file
	.short	683                             @ DW_AT_decl_line
	.byte	64                              @ DW_AT_data_member_location
	.byte	9                               @ Abbrev [9] 0x638:0xd DW_TAG_member
	.long	.Linfo_string118                @ DW_AT_name
	.long	419                             @ DW_AT_type
	.byte	2                               @ DW_AT_decl_file
	.short	684                             @ DW_AT_decl_line
	.byte	68                              @ DW_AT_data_member_location
	.byte	9                               @ Abbrev [9] 0x645:0xd DW_TAG_member
	.long	.Linfo_string119                @ DW_AT_name
	.long	414                             @ DW_AT_type
	.byte	2                               @ DW_AT_decl_file
	.short	685                             @ DW_AT_decl_line
	.byte	72                              @ DW_AT_data_member_location
	.byte	9                               @ Abbrev [9] 0x652:0xd DW_TAG_member
	.long	.Linfo_string120                @ DW_AT_name
	.long	414                             @ DW_AT_type
	.byte	2                               @ DW_AT_decl_file
	.short	686                             @ DW_AT_decl_line
	.byte	76                              @ DW_AT_data_member_location
	.byte	9                               @ Abbrev [9] 0x65f:0xd DW_TAG_member
	.long	.Linfo_string121                @ DW_AT_name
	.long	414                             @ DW_AT_type
	.byte	2                               @ DW_AT_decl_file
	.short	687                             @ DW_AT_decl_line
	.byte	80                              @ DW_AT_data_member_location
	.byte	9                               @ Abbrev [9] 0x66c:0xd DW_TAG_member
	.long	.Linfo_string122                @ DW_AT_name
	.long	419                             @ DW_AT_type
	.byte	2                               @ DW_AT_decl_file
	.short	688                             @ DW_AT_decl_line
	.byte	84                              @ DW_AT_data_member_location
	.byte	9                               @ Abbrev [9] 0x679:0xd DW_TAG_member
	.long	.Linfo_string123                @ DW_AT_name
	.long	414                             @ DW_AT_type
	.byte	2                               @ DW_AT_decl_file
	.short	689                             @ DW_AT_decl_line
	.byte	88                              @ DW_AT_data_member_location
	.byte	9                               @ Abbrev [9] 0x686:0xd DW_TAG_member
	.long	.Linfo_string124                @ DW_AT_name
	.long	414                             @ DW_AT_type
	.byte	2                               @ DW_AT_decl_file
	.short	690                             @ DW_AT_decl_line
	.byte	92                              @ DW_AT_data_member_location
	.byte	9                               @ Abbrev [9] 0x693:0xd DW_TAG_member
	.long	.Linfo_string125                @ DW_AT_name
	.long	414                             @ DW_AT_type
	.byte	2                               @ DW_AT_decl_file
	.short	691                             @ DW_AT_decl_line
	.byte	96                              @ DW_AT_data_member_location
	.byte	9                               @ Abbrev [9] 0x6a0:0xd DW_TAG_member
	.long	.Linfo_string126                @ DW_AT_name
	.long	419                             @ DW_AT_type
	.byte	2                               @ DW_AT_decl_file
	.short	692                             @ DW_AT_decl_line
	.byte	100                             @ DW_AT_data_member_location
	.byte	9                               @ Abbrev [9] 0x6ad:0xd DW_TAG_member
	.long	.Linfo_string127                @ DW_AT_name
	.long	414                             @ DW_AT_type
	.byte	2                               @ DW_AT_decl_file
	.short	693                             @ DW_AT_decl_line
	.byte	104                             @ DW_AT_data_member_location
	.byte	9                               @ Abbrev [9] 0x6ba:0xd DW_TAG_member
	.long	.Linfo_string128                @ DW_AT_name
	.long	414                             @ DW_AT_type
	.byte	2                               @ DW_AT_decl_file
	.short	694                             @ DW_AT_decl_line
	.byte	108                             @ DW_AT_data_member_location
	.byte	9                               @ Abbrev [9] 0x6c7:0xd DW_TAG_member
	.long	.Linfo_string129                @ DW_AT_name
	.long	414                             @ DW_AT_type
	.byte	2                               @ DW_AT_decl_file
	.short	695                             @ DW_AT_decl_line
	.byte	112                             @ DW_AT_data_member_location
	.byte	9                               @ Abbrev [9] 0x6d4:0xd DW_TAG_member
	.long	.Linfo_string130                @ DW_AT_name
	.long	419                             @ DW_AT_type
	.byte	2                               @ DW_AT_decl_file
	.short	696                             @ DW_AT_decl_line
	.byte	116                             @ DW_AT_data_member_location
	.byte	9                               @ Abbrev [9] 0x6e1:0xd DW_TAG_member
	.long	.Linfo_string131                @ DW_AT_name
	.long	414                             @ DW_AT_type
	.byte	2                               @ DW_AT_decl_file
	.short	697                             @ DW_AT_decl_line
	.byte	120                             @ DW_AT_data_member_location
	.byte	9                               @ Abbrev [9] 0x6ee:0xd DW_TAG_member
	.long	.Linfo_string132                @ DW_AT_name
	.long	414                             @ DW_AT_type
	.byte	2                               @ DW_AT_decl_file
	.short	698                             @ DW_AT_decl_line
	.byte	124                             @ DW_AT_data_member_location
	.byte	9                               @ Abbrev [9] 0x6fb:0xd DW_TAG_member
	.long	.Linfo_string133                @ DW_AT_name
	.long	414                             @ DW_AT_type
	.byte	2                               @ DW_AT_decl_file
	.short	699                             @ DW_AT_decl_line
	.byte	128                             @ DW_AT_data_member_location
	.byte	9                               @ Abbrev [9] 0x708:0xd DW_TAG_member
	.long	.Linfo_string134                @ DW_AT_name
	.long	419                             @ DW_AT_type
	.byte	2                               @ DW_AT_decl_file
	.short	700                             @ DW_AT_decl_line
	.byte	132                             @ DW_AT_data_member_location
	.byte	9                               @ Abbrev [9] 0x715:0xd DW_TAG_member
	.long	.Linfo_string135                @ DW_AT_name
	.long	414                             @ DW_AT_type
	.byte	2                               @ DW_AT_decl_file
	.short	701                             @ DW_AT_decl_line
	.byte	136                             @ DW_AT_data_member_location
	.byte	9                               @ Abbrev [9] 0x722:0xd DW_TAG_member
	.long	.Linfo_string136                @ DW_AT_name
	.long	419                             @ DW_AT_type
	.byte	2                               @ DW_AT_decl_file
	.short	702                             @ DW_AT_decl_line
	.byte	140                             @ DW_AT_data_member_location
	.byte	9                               @ Abbrev [9] 0x72f:0xd DW_TAG_member
	.long	.Linfo_string137                @ DW_AT_name
	.long	414                             @ DW_AT_type
	.byte	2                               @ DW_AT_decl_file
	.short	703                             @ DW_AT_decl_line
	.byte	144                             @ DW_AT_data_member_location
	.byte	9                               @ Abbrev [9] 0x73c:0xd DW_TAG_member
	.long	.Linfo_string71                 @ DW_AT_name
	.long	414                             @ DW_AT_type
	.byte	2                               @ DW_AT_decl_file
	.short	704                             @ DW_AT_decl_line
	.byte	148                             @ DW_AT_data_member_location
	.byte	9                               @ Abbrev [9] 0x749:0xd DW_TAG_member
	.long	.Linfo_string138                @ DW_AT_name
	.long	414                             @ DW_AT_type
	.byte	2                               @ DW_AT_decl_file
	.short	705                             @ DW_AT_decl_line
	.byte	152                             @ DW_AT_data_member_location
	.byte	9                               @ Abbrev [9] 0x756:0xd DW_TAG_member
	.long	.Linfo_string139                @ DW_AT_name
	.long	414                             @ DW_AT_type
	.byte	2                               @ DW_AT_decl_file
	.short	706                             @ DW_AT_decl_line
	.byte	156                             @ DW_AT_data_member_location
	.byte	0                               @ End Of Children Mark
	.byte	18                              @ Abbrev [18] 0x764:0x1b DW_TAG_subprogram
	.long	.Lfunc_begin0                   @ DW_AT_low_pc
	.long	.Lfunc_end0-.Lfunc_begin0       @ DW_AT_high_pc
	.byte	1                               @ DW_AT_frame_base
	.byte	93
                                        @ DW_AT_GNU_all_call_sites
	.long	.Linfo_string142                @ DW_AT_name
	.byte	6                               @ DW_AT_decl_file
	.byte	30                              @ DW_AT_decl_line
                                        @ DW_AT_prototyped
                                        @ DW_AT_external
	.byte	19                              @ Abbrev [19] 0x775:0x9 DW_TAG_GNU_call_site
	.long	1919                            @ DW_AT_abstract_origin
                                        @ DW_AT_GNU_tail_call
	.long	.Ltmp5                          @ DW_AT_low_pc
	.byte	0                               @ End Of Children Mark
	.byte	20                              @ Abbrev [20] 0x77f:0x7 DW_TAG_subprogram
	.long	.Linfo_string141                @ DW_AT_name
	.byte	7                               @ DW_AT_decl_file
	.byte	55                              @ DW_AT_decl_line
                                        @ DW_AT_prototyped
                                        @ DW_AT_declaration
                                        @ DW_AT_external
	.byte	18                              @ Abbrev [18] 0x786:0x39 DW_TAG_subprogram
	.long	.Lfunc_begin1                   @ DW_AT_low_pc
	.long	.Lfunc_end1-.Lfunc_begin1       @ DW_AT_high_pc
	.byte	1                               @ DW_AT_frame_base
	.byte	93
                                        @ DW_AT_GNU_all_call_sites
	.long	.Linfo_string143                @ DW_AT_name
	.byte	6                               @ DW_AT_decl_file
	.byte	41                              @ DW_AT_decl_line
                                        @ DW_AT_prototyped
                                        @ DW_AT_external
	.byte	21                              @ Abbrev [21] 0x797:0xf DW_TAG_formal_parameter
	.long	.Ldebug_loc0                    @ DW_AT_location
	.long	.Linfo_string146                @ DW_AT_name
	.byte	6                               @ DW_AT_decl_file
	.byte	41                              @ DW_AT_decl_line
	.long	2016                            @ DW_AT_type
	.byte	22                              @ Abbrev [22] 0x7a6:0x18 DW_TAG_lexical_block
	.long	.Ltmp10                         @ DW_AT_low_pc
	.long	.Ltmp11-.Ltmp10                 @ DW_AT_high_pc
	.byte	23                              @ Abbrev [23] 0x7af:0xe DW_TAG_variable
	.byte	2                               @ DW_AT_location
	.byte	145
	.byte	0
	.long	.Linfo_string145                @ DW_AT_name
	.byte	6                               @ DW_AT_decl_file
	.byte	50                              @ DW_AT_decl_line
	.long	414                             @ DW_AT_type
	.byte	0                               @ End Of Children Mark
	.byte	0                               @ End Of Children Mark
	.byte	18                              @ Abbrev [18] 0x7bf:0x21 DW_TAG_subprogram
	.long	.Lfunc_begin2                   @ DW_AT_low_pc
	.long	.Lfunc_end2-.Lfunc_begin2       @ DW_AT_high_pc
	.byte	1                               @ DW_AT_frame_base
	.byte	93
                                        @ DW_AT_GNU_all_call_sites
	.long	.Linfo_string144                @ DW_AT_name
	.byte	6                               @ DW_AT_decl_file
	.byte	57                              @ DW_AT_decl_line
                                        @ DW_AT_prototyped
                                        @ DW_AT_external
	.byte	21                              @ Abbrev [21] 0x7d0:0xf DW_TAG_formal_parameter
	.long	.Ldebug_loc1                    @ DW_AT_location
	.long	.Linfo_string146                @ DW_AT_name
	.byte	6                               @ DW_AT_decl_file
	.byte	57                              @ DW_AT_decl_line
	.long	2016                            @ DW_AT_type
	.byte	0                               @ End Of Children Mark
	.byte	6                               @ Abbrev [6] 0x7e0:0x5 DW_TAG_pointer_type
	.long	55                              @ DW_AT_type
	.byte	0                               @ End Of Children Mark
.Ldebug_info_end0:
	.section	.debug_ranges,"",%progbits
.Ldebug_ranges0:
	.long	.Lfunc_begin0
	.long	.Lfunc_end0
	.long	.Lfunc_begin1
	.long	.Lfunc_end1
	.long	.Lfunc_begin2
	.long	.Lfunc_end2
	.long	0
	.long	0
	.section	.debug_str,"MS",%progbits,1
.Linfo_string0:
	.asciz	"Component: ARM Compiler 6.16 Tool: armclang [5dfeb700]" @ string offset=0
.Linfo_string1:
	.asciz	"../src/board/amcbldc/v120/src\\fmac.c" @ string offset=55
.Linfo_string2:
	.asciz	"C:\\Users\\grodriguez\\Documents\\iit\\icub-firmware\\emBODY\\eBcode\\arch-arm\\libs\\lowlevel\\stm32hal\\proj" @ string offset=92
.Linfo_string3:
	.asciz	"hfmac"                         @ string offset=191
.Linfo_string4:
	.asciz	"Instance"                      @ string offset=197
.Linfo_string5:
	.asciz	"X1BUFCFG"                      @ string offset=206
.Linfo_string6:
	.asciz	"unsigned int"                  @ string offset=215
.Linfo_string7:
	.asciz	"uint32_t"                      @ string offset=228
.Linfo_string8:
	.asciz	"X2BUFCFG"                      @ string offset=237
.Linfo_string9:
	.asciz	"YBUFCFG"                       @ string offset=246
.Linfo_string10:
	.asciz	"PARAM"                         @ string offset=254
.Linfo_string11:
	.asciz	"CR"                            @ string offset=260
.Linfo_string12:
	.asciz	"SR"                            @ string offset=263
.Linfo_string13:
	.asciz	"WDATA"                         @ string offset=266
.Linfo_string14:
	.asciz	"RDATA"                         @ string offset=272
.Linfo_string15:
	.asciz	"FMAC_TypeDef"                  @ string offset=278
.Linfo_string16:
	.asciz	"FilterParam"                   @ string offset=291
.Linfo_string17:
	.asciz	"InputAccess"                   @ string offset=303
.Linfo_string18:
	.asciz	"unsigned char"                 @ string offset=315
.Linfo_string19:
	.asciz	"uint8_t"                       @ string offset=329
.Linfo_string20:
	.asciz	"OutputAccess"                  @ string offset=337
.Linfo_string21:
	.asciz	"pInput"                        @ string offset=350
.Linfo_string22:
	.asciz	"short"                         @ string offset=357
.Linfo_string23:
	.asciz	"int16_t"                       @ string offset=363
.Linfo_string24:
	.asciz	"InputCurrentSize"              @ string offset=371
.Linfo_string25:
	.asciz	"unsigned short"                @ string offset=388
.Linfo_string26:
	.asciz	"uint16_t"                      @ string offset=403
.Linfo_string27:
	.asciz	"pInputSize"                    @ string offset=412
.Linfo_string28:
	.asciz	"pOutput"                       @ string offset=423
.Linfo_string29:
	.asciz	"OutputCurrentSize"             @ string offset=431
.Linfo_string30:
	.asciz	"pOutputSize"                   @ string offset=449
.Linfo_string31:
	.asciz	"hdmaIn"                        @ string offset=461
.Linfo_string32:
	.asciz	"CCR"                           @ string offset=468
.Linfo_string33:
	.asciz	"CNDTR"                         @ string offset=472
.Linfo_string34:
	.asciz	"CPAR"                          @ string offset=478
.Linfo_string35:
	.asciz	"CMAR"                          @ string offset=483
.Linfo_string36:
	.asciz	"DMA_Channel_TypeDef"           @ string offset=488
.Linfo_string37:
	.asciz	"Init"                          @ string offset=508
.Linfo_string38:
	.asciz	"Request"                       @ string offset=513
.Linfo_string39:
	.asciz	"Direction"                     @ string offset=521
.Linfo_string40:
	.asciz	"PeriphInc"                     @ string offset=531
.Linfo_string41:
	.asciz	"MemInc"                        @ string offset=541
.Linfo_string42:
	.asciz	"PeriphDataAlignment"           @ string offset=548
.Linfo_string43:
	.asciz	"MemDataAlignment"              @ string offset=568
.Linfo_string44:
	.asciz	"Mode"                          @ string offset=585
.Linfo_string45:
	.asciz	"Priority"                      @ string offset=590
.Linfo_string46:
	.asciz	"DMA_InitTypeDef"               @ string offset=599
.Linfo_string47:
	.asciz	"Lock"                          @ string offset=615
.Linfo_string48:
	.asciz	"HAL_UNLOCKED"                  @ string offset=620
.Linfo_string49:
	.asciz	"HAL_LOCKED"                    @ string offset=633
.Linfo_string50:
	.asciz	"HAL_LockTypeDef"               @ string offset=644
.Linfo_string51:
	.asciz	"State"                         @ string offset=660
.Linfo_string52:
	.asciz	"HAL_DMA_STATE_RESET"           @ string offset=666
.Linfo_string53:
	.asciz	"HAL_DMA_STATE_READY"           @ string offset=686
.Linfo_string54:
	.asciz	"HAL_DMA_STATE_BUSY"            @ string offset=706
.Linfo_string55:
	.asciz	"HAL_DMA_STATE_TIMEOUT"         @ string offset=725
.Linfo_string56:
	.asciz	"HAL_DMA_StateTypeDef"          @ string offset=747
.Linfo_string57:
	.asciz	"Parent"                        @ string offset=768
.Linfo_string58:
	.asciz	"XferCpltCallback"              @ string offset=775
.Linfo_string59:
	.asciz	"XferHalfCpltCallback"          @ string offset=792
.Linfo_string60:
	.asciz	"XferErrorCallback"             @ string offset=813
.Linfo_string61:
	.asciz	"XferAbortCallback"             @ string offset=831
.Linfo_string62:
	.asciz	"ErrorCode"                     @ string offset=849
.Linfo_string63:
	.asciz	"DmaBaseAddress"                @ string offset=859
.Linfo_string64:
	.asciz	"ISR"                           @ string offset=874
.Linfo_string65:
	.asciz	"IFCR"                          @ string offset=878
.Linfo_string66:
	.asciz	"DMA_TypeDef"                   @ string offset=883
.Linfo_string67:
	.asciz	"ChannelIndex"                  @ string offset=895
.Linfo_string68:
	.asciz	"DMAmuxChannel"                 @ string offset=908
.Linfo_string69:
	.asciz	"DMAMUX_Channel_TypeDef"        @ string offset=922
.Linfo_string70:
	.asciz	"DMAmuxChannelStatus"           @ string offset=945
.Linfo_string71:
	.asciz	"CSR"                           @ string offset=965
.Linfo_string72:
	.asciz	"CFR"                           @ string offset=969
.Linfo_string73:
	.asciz	"DMAMUX_ChannelStatus_TypeDef"  @ string offset=973
.Linfo_string74:
	.asciz	"DMAmuxChannelStatusMask"       @ string offset=1002
.Linfo_string75:
	.asciz	"DMAmuxRequestGen"              @ string offset=1026
.Linfo_string76:
	.asciz	"RGCR"                          @ string offset=1043
.Linfo_string77:
	.asciz	"DMAMUX_RequestGen_TypeDef"     @ string offset=1048
.Linfo_string78:
	.asciz	"DMAmuxRequestGenStatus"        @ string offset=1074
.Linfo_string79:
	.asciz	"RGSR"                          @ string offset=1097
.Linfo_string80:
	.asciz	"RGCFR"                         @ string offset=1102
.Linfo_string81:
	.asciz	"DMAMUX_RequestGenStatus_TypeDef" @ string offset=1108
.Linfo_string82:
	.asciz	"DMAmuxRequestGenStatusMask"    @ string offset=1140
.Linfo_string83:
	.asciz	"__DMA_HandleTypeDef"           @ string offset=1167
.Linfo_string84:
	.asciz	"DMA_HandleTypeDef"             @ string offset=1187
.Linfo_string85:
	.asciz	"hdmaOut"                       @ string offset=1205
.Linfo_string86:
	.asciz	"hdmaPreload"                   @ string offset=1213
.Linfo_string87:
	.asciz	"HAL_FMAC_STATE_RESET"          @ string offset=1225
.Linfo_string88:
	.asciz	"HAL_FMAC_STATE_READY"          @ string offset=1246
.Linfo_string89:
	.asciz	"HAL_FMAC_STATE_BUSY"           @ string offset=1267
.Linfo_string90:
	.asciz	"HAL_FMAC_STATE_BUSY_RD"        @ string offset=1287
.Linfo_string91:
	.asciz	"HAL_FMAC_STATE_BUSY_WR"        @ string offset=1310
.Linfo_string92:
	.asciz	"HAL_FMAC_STATE_TIMEOUT"        @ string offset=1333
.Linfo_string93:
	.asciz	"HAL_FMAC_STATE_ERROR"          @ string offset=1356
.Linfo_string94:
	.asciz	"HAL_FMAC_StateTypeDef"         @ string offset=1377
.Linfo_string95:
	.asciz	"RdState"                       @ string offset=1399
.Linfo_string96:
	.asciz	"WrState"                       @ string offset=1407
.Linfo_string97:
	.asciz	"FMAC_HandleTypeDef"            @ string offset=1415
.Linfo_string98:
	.asciz	"HAL_OK"                        @ string offset=1434
.Linfo_string99:
	.asciz	"HAL_ERROR"                     @ string offset=1441
.Linfo_string100:
	.asciz	"HAL_BUSY"                      @ string offset=1451
.Linfo_string101:
	.asciz	"HAL_TIMEOUT"                   @ string offset=1460
.Linfo_string102:
	.asciz	"ICSCR"                         @ string offset=1472
.Linfo_string103:
	.asciz	"CFGR"                          @ string offset=1478
.Linfo_string104:
	.asciz	"PLLCFGR"                       @ string offset=1483
.Linfo_string105:
	.asciz	"RESERVED0"                     @ string offset=1491
.Linfo_string106:
	.asciz	"RESERVED1"                     @ string offset=1501
.Linfo_string107:
	.asciz	"CIER"                          @ string offset=1511
.Linfo_string108:
	.asciz	"CIFR"                          @ string offset=1516
.Linfo_string109:
	.asciz	"CICR"                          @ string offset=1521
.Linfo_string110:
	.asciz	"RESERVED2"                     @ string offset=1526
.Linfo_string111:
	.asciz	"AHB1RSTR"                      @ string offset=1536
.Linfo_string112:
	.asciz	"AHB2RSTR"                      @ string offset=1545
.Linfo_string113:
	.asciz	"AHB3RSTR"                      @ string offset=1554
.Linfo_string114:
	.asciz	"RESERVED3"                     @ string offset=1563
.Linfo_string115:
	.asciz	"APB1RSTR1"                     @ string offset=1573
.Linfo_string116:
	.asciz	"APB1RSTR2"                     @ string offset=1583
.Linfo_string117:
	.asciz	"APB2RSTR"                      @ string offset=1593
.Linfo_string118:
	.asciz	"RESERVED4"                     @ string offset=1602
.Linfo_string119:
	.asciz	"AHB1ENR"                       @ string offset=1612
.Linfo_string120:
	.asciz	"AHB2ENR"                       @ string offset=1620
.Linfo_string121:
	.asciz	"AHB3ENR"                       @ string offset=1628
.Linfo_string122:
	.asciz	"RESERVED5"                     @ string offset=1636
.Linfo_string123:
	.asciz	"APB1ENR1"                      @ string offset=1646
.Linfo_string124:
	.asciz	"APB1ENR2"                      @ string offset=1655
.Linfo_string125:
	.asciz	"APB2ENR"                       @ string offset=1664
.Linfo_string126:
	.asciz	"RESERVED6"                     @ string offset=1672
.Linfo_string127:
	.asciz	"AHB1SMENR"                     @ string offset=1682
.Linfo_string128:
	.asciz	"AHB2SMENR"                     @ string offset=1692
.Linfo_string129:
	.asciz	"AHB3SMENR"                     @ string offset=1702
.Linfo_string130:
	.asciz	"RESERVED7"                     @ string offset=1712
.Linfo_string131:
	.asciz	"APB1SMENR1"                    @ string offset=1722
.Linfo_string132:
	.asciz	"APB1SMENR2"                    @ string offset=1733
.Linfo_string133:
	.asciz	"APB2SMENR"                     @ string offset=1744
.Linfo_string134:
	.asciz	"RESERVED8"                     @ string offset=1754
.Linfo_string135:
	.asciz	"CCIPR"                         @ string offset=1764
.Linfo_string136:
	.asciz	"RESERVED9"                     @ string offset=1770
.Linfo_string137:
	.asciz	"BDCR"                          @ string offset=1780
.Linfo_string138:
	.asciz	"CRRCR"                         @ string offset=1785
.Linfo_string139:
	.asciz	"CCIPR2"                        @ string offset=1791
.Linfo_string140:
	.asciz	"RCC_TypeDef"                   @ string offset=1798
.Linfo_string141:
	.asciz	"Error_Handler"                 @ string offset=1810
.Linfo_string142:
	.asciz	"MX_FMAC_Init"                  @ string offset=1824
.Linfo_string143:
	.asciz	"HAL_FMAC_MspInit"              @ string offset=1837
.Linfo_string144:
	.asciz	"HAL_FMAC_MspDeInit"            @ string offset=1854
.Linfo_string145:
	.asciz	"tmpreg"                        @ string offset=1873
.Linfo_string146:
	.asciz	"fmacHandle"                    @ string offset=1880
	.ident	"Component: ARM Compiler 6.16 Tool: armclang [5dfeb700]"
	.section	".note.GNU-stack","",%progbits
	.eabi_attribute	30, 3	@ Tag_ABI_optimization_goals
	.ARM_attribute	16, 1	@ Tag_AV_eba
	.section	.debug_line,"",%progbits
.Lline_table_start0:
