	.text
	.syntax unified
	.eabi_attribute	67, "2.09"	@ Tag_conformance
	.cpu	cortex-m4
	.eabi_attribute	6, 13	@ Tag_CPU_arch
	.eabi_attribute	7, 77	@ Tag_CPU_arch_profile
	.eabi_attribute	8, 0	@ Tag_ARM_ISA_use
	.eabi_attribute	9, 2	@ Tag_THUMB_ISA_use
	.fpu	fpv4-sp-d16
	.eabi_attribute	27, 1	@ Tag_ABI_HardFP_use
	.eabi_attribute	36, 1	@ Tag_FP_HP_extension
	.eabi_attribute	34, 1	@ Tag_CPU_unaligned_access
	.eabi_attribute	17, 1	@ Tag_ABI_PCS_GOT_use
	.eabi_attribute	20, 2	@ Tag_ABI_FP_denormal
	.eabi_attribute	21, 0	@ Tag_ABI_FP_exceptions
	.eabi_attribute	23, 1	@ Tag_ABI_FP_number_model
	.eabi_attribute	24, 1	@ Tag_ABI_align_needed
	.eabi_attribute	25, 1	@ Tag_ABI_align_preserved
	.eabi_attribute	28, 1	@ Tag_ABI_VFP_args
	.eabi_attribute	38, 1	@ Tag_ABI_FP_16bit_format
	.eabi_attribute	18, 2	@ Tag_ABI_PCS_wchar_t
	.eabi_attribute	26, 1	@ Tag_ABI_enum_size
	.eabi_attribute	14, 0	@ Tag_ABI_PCS_R9_use
	.file	"gpio.c"
	.file	1 "C:\\Users\\grodriguez\\Documents\\iit\\icub-firmware\\emBODY\\eBcode\\arch-arm\\libs\\lowlevel\\stm32hal\\proj" "../api\\../src/driver/stm32g4-v120/inc/stm32g4xx_hal_gpio.h"
	.file	2 "C:\\Users\\grodriguez\\Documents\\iit\\icub-firmware\\emBODY\\eBcode\\arch-arm\\libs\\lowlevel\\stm32hal\\proj" "../src/driver/stm32g4-v120/inc/stm32g474xx.h"
	.file	3 "C:\\" "Keil_v5\\ARM\\ARMCLANG\\Bin\\..\\include\\stdint.h"
	.section	.text.MX_GPIO_Init,"ax",%progbits
	.hidden	MX_GPIO_Init                    @ -- Begin function MX_GPIO_Init
	.globl	MX_GPIO_Init
	.p2align	1
	.type	MX_GPIO_Init,%function
	.code	16                              @ @MX_GPIO_Init
	.thumb_func
MX_GPIO_Init:
.Lfunc_begin0:
	.file	4 "C:\\Users\\grodriguez\\Documents\\iit\\icub-firmware\\emBODY\\eBcode\\arch-arm\\libs\\lowlevel\\stm32hal\\proj" "../src/board/amcbldc/v120/src/gpio.c"
	.loc	4 44 0                          @ ../src/board/amcbldc/v120/src/gpio.c:44:0
	.fnstart
	.cfi_sections .debug_frame
	.cfi_startproc
@ %bb.0:
	.save	{r4, r5, r6, r7, r8, r9, lr}
	push.w	{r4, r5, r6, r7, r8, r9, lr}
	.cfi_def_cfa_offset 28
	.cfi_offset lr, -4
	.cfi_offset r9, -8
	.cfi_offset r8, -12
	.cfi_offset r7, -16
	.cfi_offset r6, -20
	.cfi_offset r5, -24
	.cfi_offset r4, -28
	.pad	#28
	sub	sp, #28
	.cfi_def_cfa_offset 56
	mov.w	r8, #0
	movw	r0, #4172
.Ltmp0:
	.loc	4 46 20 prologue_end            @ ../src/board/amcbldc/v120/src/gpio.c:46:20
	strd	r8, r8, [sp, #20]
	movt	r0, #16386
.Ltmp1:
	.loc	4 49 3                          @ ../src/board/amcbldc/v120/src/gpio.c:49:3
	ldr	r1, [r0]
	movw	r5, #1024
	orr	r1, r1, #4
	str	r1, [r0]
	ldr	r1, [r0]
	movt	r5, #18432
	and	r1, r1, #4
	str	r1, [sp, #4]
	ldr	r1, [sp, #4]
.Ltmp2:
	.loc	4 50 3                          @ ../src/board/amcbldc/v120/src/gpio.c:50:3
	ldr	r1, [r0]
.Ltmp3:
	.loc	4 56 3                          @ ../src/board/amcbldc/v120/src/gpio.c:56:3
	add.w	r4, r5, #1024
.Ltmp4:
	.loc	4 50 3                          @ ../src/board/amcbldc/v120/src/gpio.c:50:3
	orr	r1, r1, #32
	str	r1, [r0]
	ldr	r1, [r0]
.Ltmp5:
	.loc	4 56 3                          @ ../src/board/amcbldc/v120/src/gpio.c:56:3
	movs	r2, #0
.Ltmp6:
	.loc	4 50 3                          @ ../src/board/amcbldc/v120/src/gpio.c:50:3
	and	r1, r1, #32
	str	r1, [sp, #4]
	ldr	r1, [sp, #4]
.Ltmp7:
	.loc	4 51 3                          @ ../src/board/amcbldc/v120/src/gpio.c:51:3
	ldr	r1, [r0]
	orr	r1, r1, #64
	str	r1, [r0]
	ldr	r1, [r0]
	and	r1, r1, #64
	str	r1, [sp, #4]
	ldr	r1, [sp, #4]
.Ltmp8:
	.loc	4 52 3                          @ ../src/board/amcbldc/v120/src/gpio.c:52:3
	ldr	r1, [r0]
	orr	r1, r1, #1
	str	r1, [r0]
	ldr	r1, [r0]
	and	r1, r1, #1
	str	r1, [sp, #4]
	ldr	r1, [sp, #4]
.Ltmp9:
	.loc	4 53 3                          @ ../src/board/amcbldc/v120/src/gpio.c:53:3
	ldr	r1, [r0]
	orr	r1, r1, #2
	str	r1, [r0]
	ldr	r0, [r0]
.Ltmp10:
	.loc	4 56 3                          @ ../src/board/amcbldc/v120/src/gpio.c:56:3
	mov.w	r1, #35840
.Ltmp11:
	.loc	4 53 3                          @ ../src/board/amcbldc/v120/src/gpio.c:53:3
	and	r0, r0, #2
	str	r0, [sp, #4]
	ldr	r0, [sp, #4]
.Ltmp12:
	.loc	4 56 3                          @ ../src/board/amcbldc/v120/src/gpio.c:56:3
	mov	r0, r4
	bl	HAL_GPIO_WritePin
.Ltmp13:
	.loc	4 59 3                          @ ../src/board/amcbldc/v120/src/gpio.c:59:3
	mov	r0, r5
	movw	r1, #33636
	movs	r2, #0
	bl	HAL_GPIO_WritePin
.Ltmp14:
	.loc	4 63 3                          @ ../src/board/amcbldc/v120/src/gpio.c:63:3
	mov	r0, r5
	mov.w	r1, #16384
	movs	r2, #1
	movs	r7, #1
	bl	HAL_GPIO_WritePin
.Ltmp15:
	.loc	4 0 3 is_stmt 0                 @ ../src/board/amcbldc/v120/src/gpio.c:0:3
	mov.w	r0, #24576
	.loc	4 66 23 is_stmt 1               @ ../src/board/amcbldc/v120/src/gpio.c:66:23
	str	r0, [sp, #8]
	movs	r0, #0
	movt	r0, #4113
	add	r6, sp, #8
	.loc	4 67 24                         @ ../src/board/amcbldc/v120/src/gpio.c:67:24
	strd	r0, r7, [sp, #12]
	.loc	4 69 3                          @ ../src/board/amcbldc/v120/src/gpio.c:69:3
	mov	r0, r4
	mov	r1, r6
	bl	HAL_GPIO_Init
.Ltmp16:
	.loc	4 0 3 is_stmt 0                 @ ../src/board/amcbldc/v120/src/gpio.c:0:3
	mov.w	r0, #32768
	.loc	4 72 23 is_stmt 1               @ ../src/board/amcbldc/v120/src/gpio.c:72:23
	add	r1, sp, #8
	stm.w	r1, {r0, r7, r8}
	.loc	4 76 3                          @ ../src/board/amcbldc/v120/src/gpio.c:76:3
	mov	r0, r4
	mov	r1, r6
	.loc	4 75 25                         @ ../src/board/amcbldc/v120/src/gpio.c:75:25
	str.w	r8, [sp, #20]
	.loc	4 76 3                          @ ../src/board/amcbldc/v120/src/gpio.c:76:3
	bl	HAL_GPIO_Init
.Ltmp17:
	.loc	4 0 3 is_stmt 0                 @ ../src/board/amcbldc/v120/src/gpio.c:0:3
	movs	r0, #3
	mov.w	r9, #1024
	.loc	4 80 24 is_stmt 1               @ ../src/board/amcbldc/v120/src/gpio.c:80:24
	strd	r0, r8, [sp, #12]
	.loc	4 82 3                          @ ../src/board/amcbldc/v120/src/gpio.c:82:3
	add.w	r0, r5, #5120
	mov	r1, r6
	.loc	4 79 23                         @ ../src/board/amcbldc/v120/src/gpio.c:79:23
	str.w	r9, [sp, #8]
	.loc	4 82 3                          @ ../src/board/amcbldc/v120/src/gpio.c:82:3
	bl	HAL_GPIO_Init
.Ltmp18:
	.loc	4 0 3 is_stmt 0                 @ ../src/board/amcbldc/v120/src/gpio.c:0:3
	movw	r0, #32804
	.loc	4 85 23 is_stmt 1               @ ../src/board/amcbldc/v120/src/gpio.c:85:23
	add	r1, sp, #8
	stm.w	r1, {r0, r7, r8}
	.loc	4 89 3                          @ ../src/board/amcbldc/v120/src/gpio.c:89:3
	mov	r0, r5
	mov	r1, r6
	.loc	4 88 25                         @ ../src/board/amcbldc/v120/src/gpio.c:88:25
	str	r7, [sp, #20]
	.loc	4 89 3                          @ ../src/board/amcbldc/v120/src/gpio.c:89:3
	bl	HAL_GPIO_Init
.Ltmp19:
	.loc	4 0 3 is_stmt 0                 @ ../src/board/amcbldc/v120/src/gpio.c:0:3
	movw	r0, #17216
	.loc	4 92 23 is_stmt 1               @ ../src/board/amcbldc/v120/src/gpio.c:92:23
	add	r1, sp, #8
	stm.w	r1, {r0, r7, r8}
	movs	r0, #2
	.loc	4 95 25                         @ ../src/board/amcbldc/v120/src/gpio.c:95:25
	str	r0, [sp, #20]
	.loc	4 96 3                          @ ../src/board/amcbldc/v120/src/gpio.c:96:3
	mov	r0, r5
	mov	r1, r6
	bl	HAL_GPIO_Init
.Ltmp20:
	.loc	4 103 3                         @ ../src/board/amcbldc/v120/src/gpio.c:103:3
	mov	r0, r4
	mov	r1, r6
	.loc	4 99 23                         @ ../src/board/amcbldc/v120/src/gpio.c:99:23
	strd	r9, r7, [sp, #8]
	.loc	4 101 24                        @ ../src/board/amcbldc/v120/src/gpio.c:101:24
	strd	r8, r7, [sp, #16]
	.loc	4 103 3                         @ ../src/board/amcbldc/v120/src/gpio.c:103:3
	bl	HAL_GPIO_Init
.Ltmp21:
	.loc	4 0 3 is_stmt 0                 @ ../src/board/amcbldc/v120/src/gpio.c:0:3
	mov.w	r0, #2048
	.loc	4 106 23 is_stmt 1              @ ../src/board/amcbldc/v120/src/gpio.c:106:23
	str	r0, [sp, #8]
	movs	r0, #17
	.loc	4 107 24                        @ ../src/board/amcbldc/v120/src/gpio.c:107:24
	strd	r0, r7, [sp, #12]
	.loc	4 110 3                         @ ../src/board/amcbldc/v120/src/gpio.c:110:3
	mov	r0, r4
	mov	r1, r6
	.loc	4 109 25                        @ ../src/board/amcbldc/v120/src/gpio.c:109:25
	str	r7, [sp, #20]
	.loc	4 110 3                         @ ../src/board/amcbldc/v120/src/gpio.c:110:3
	bl	HAL_GPIO_Init
.Ltmp22:
	.loc	4 113 3                         @ ../src/board/amcbldc/v120/src/gpio.c:113:3
	movs	r0, #40
	movs	r1, #0
	movs	r2, #0
	bl	HAL_NVIC_SetPriority
.Ltmp23:
	.loc	4 114 3                         @ ../src/board/amcbldc/v120/src/gpio.c:114:3
	movs	r0, #40
	bl	HAL_NVIC_EnableIRQ
.Ltmp24:
	.loc	4 116 1                         @ ../src/board/amcbldc/v120/src/gpio.c:116:1
	add	sp, #28
	pop.w	{r4, r5, r6, r7, r8, r9, pc}
.Ltmp25:
.Lfunc_end0:
	.size	MX_GPIO_Init, .Lfunc_end0-MX_GPIO_Init
	.cfi_endproc
	.cantunwind
	.fnend
                                        @ -- End function
	.section	.debug_abbrev,"",%progbits
	.byte	1                               @ Abbreviation Code
	.byte	17                              @ DW_TAG_compile_unit
	.byte	1                               @ DW_CHILDREN_yes
	.byte	37                              @ DW_AT_producer
	.byte	14                              @ DW_FORM_strp
	.byte	19                              @ DW_AT_language
	.byte	5                               @ DW_FORM_data2
	.byte	3                               @ DW_AT_name
	.byte	14                              @ DW_FORM_strp
	.byte	16                              @ DW_AT_stmt_list
	.byte	23                              @ DW_FORM_sec_offset
	.byte	27                              @ DW_AT_comp_dir
	.byte	14                              @ DW_FORM_strp
	.byte	17                              @ DW_AT_low_pc
	.byte	1                               @ DW_FORM_addr
	.byte	18                              @ DW_AT_high_pc
	.byte	6                               @ DW_FORM_data4
	.byte	0                               @ EOM(1)
	.byte	0                               @ EOM(2)
	.byte	2                               @ Abbreviation Code
	.byte	4                               @ DW_TAG_enumeration_type
	.byte	1                               @ DW_CHILDREN_yes
	.byte	73                              @ DW_AT_type
	.byte	19                              @ DW_FORM_ref4
	.byte	11                              @ DW_AT_byte_size
	.byte	11                              @ DW_FORM_data1
	.byte	58                              @ DW_AT_decl_file
	.byte	11                              @ DW_FORM_data1
	.byte	59                              @ DW_AT_decl_line
	.byte	11                              @ DW_FORM_data1
	.byte	0                               @ EOM(1)
	.byte	0                               @ EOM(2)
	.byte	3                               @ Abbreviation Code
	.byte	40                              @ DW_TAG_enumerator
	.byte	0                               @ DW_CHILDREN_no
	.byte	3                               @ DW_AT_name
	.byte	14                              @ DW_FORM_strp
	.byte	28                              @ DW_AT_const_value
	.byte	15                              @ DW_FORM_udata
	.byte	0                               @ EOM(1)
	.byte	0                               @ EOM(2)
	.byte	4                               @ Abbreviation Code
	.byte	36                              @ DW_TAG_base_type
	.byte	0                               @ DW_CHILDREN_no
	.byte	3                               @ DW_AT_name
	.byte	14                              @ DW_FORM_strp
	.byte	62                              @ DW_AT_encoding
	.byte	11                              @ DW_FORM_data1
	.byte	11                              @ DW_AT_byte_size
	.byte	11                              @ DW_FORM_data1
	.byte	0                               @ EOM(1)
	.byte	0                               @ EOM(2)
	.byte	5                               @ Abbreviation Code
	.byte	40                              @ DW_TAG_enumerator
	.byte	0                               @ DW_CHILDREN_no
	.byte	3                               @ DW_AT_name
	.byte	14                              @ DW_FORM_strp
	.byte	28                              @ DW_AT_const_value
	.byte	13                              @ DW_FORM_sdata
	.byte	0                               @ EOM(1)
	.byte	0                               @ EOM(2)
	.byte	6                               @ Abbreviation Code
	.byte	15                              @ DW_TAG_pointer_type
	.byte	0                               @ DW_CHILDREN_no
	.byte	73                              @ DW_AT_type
	.byte	19                              @ DW_FORM_ref4
	.byte	0                               @ EOM(1)
	.byte	0                               @ EOM(2)
	.byte	7                               @ Abbreviation Code
	.byte	22                              @ DW_TAG_typedef
	.byte	0                               @ DW_CHILDREN_no
	.byte	73                              @ DW_AT_type
	.byte	19                              @ DW_FORM_ref4
	.byte	3                               @ DW_AT_name
	.byte	14                              @ DW_FORM_strp
	.byte	58                              @ DW_AT_decl_file
	.byte	11                              @ DW_FORM_data1
	.byte	59                              @ DW_AT_decl_line
	.byte	5                               @ DW_FORM_data2
	.byte	0                               @ EOM(1)
	.byte	0                               @ EOM(2)
	.byte	8                               @ Abbreviation Code
	.byte	19                              @ DW_TAG_structure_type
	.byte	1                               @ DW_CHILDREN_yes
	.byte	11                              @ DW_AT_byte_size
	.byte	11                              @ DW_FORM_data1
	.byte	58                              @ DW_AT_decl_file
	.byte	11                              @ DW_FORM_data1
	.byte	59                              @ DW_AT_decl_line
	.byte	5                               @ DW_FORM_data2
	.byte	0                               @ EOM(1)
	.byte	0                               @ EOM(2)
	.byte	9                               @ Abbreviation Code
	.byte	13                              @ DW_TAG_member
	.byte	0                               @ DW_CHILDREN_no
	.byte	3                               @ DW_AT_name
	.byte	14                              @ DW_FORM_strp
	.byte	73                              @ DW_AT_type
	.byte	19                              @ DW_FORM_ref4
	.byte	58                              @ DW_AT_decl_file
	.byte	11                              @ DW_FORM_data1
	.byte	59                              @ DW_AT_decl_line
	.byte	5                               @ DW_FORM_data2
	.byte	56                              @ DW_AT_data_member_location
	.byte	11                              @ DW_FORM_data1
	.byte	0                               @ EOM(1)
	.byte	0                               @ EOM(2)
	.byte	10                              @ Abbreviation Code
	.byte	53                              @ DW_TAG_volatile_type
	.byte	0                               @ DW_CHILDREN_no
	.byte	73                              @ DW_AT_type
	.byte	19                              @ DW_FORM_ref4
	.byte	0                               @ EOM(1)
	.byte	0                               @ EOM(2)
	.byte	11                              @ Abbreviation Code
	.byte	22                              @ DW_TAG_typedef
	.byte	0                               @ DW_CHILDREN_no
	.byte	73                              @ DW_AT_type
	.byte	19                              @ DW_FORM_ref4
	.byte	3                               @ DW_AT_name
	.byte	14                              @ DW_FORM_strp
	.byte	58                              @ DW_AT_decl_file
	.byte	11                              @ DW_FORM_data1
	.byte	59                              @ DW_AT_decl_line
	.byte	11                              @ DW_FORM_data1
	.byte	0                               @ EOM(1)
	.byte	0                               @ EOM(2)
	.byte	12                              @ Abbreviation Code
	.byte	1                               @ DW_TAG_array_type
	.byte	1                               @ DW_CHILDREN_yes
	.byte	73                              @ DW_AT_type
	.byte	19                              @ DW_FORM_ref4
	.byte	0                               @ EOM(1)
	.byte	0                               @ EOM(2)
	.byte	13                              @ Abbreviation Code
	.byte	33                              @ DW_TAG_subrange_type
	.byte	0                               @ DW_CHILDREN_no
	.byte	73                              @ DW_AT_type
	.byte	19                              @ DW_FORM_ref4
	.byte	55                              @ DW_AT_count
	.byte	11                              @ DW_FORM_data1
	.byte	0                               @ EOM(1)
	.byte	0                               @ EOM(2)
	.byte	14                              @ Abbreviation Code
	.byte	36                              @ DW_TAG_base_type
	.byte	0                               @ DW_CHILDREN_no
	.byte	3                               @ DW_AT_name
	.byte	14                              @ DW_FORM_strp
	.byte	11                              @ DW_AT_byte_size
	.byte	11                              @ DW_FORM_data1
	.byte	62                              @ DW_AT_encoding
	.byte	11                              @ DW_FORM_data1
	.byte	0                               @ EOM(1)
	.byte	0                               @ EOM(2)
	.byte	15                              @ Abbreviation Code
	.byte	46                              @ DW_TAG_subprogram
	.byte	1                               @ DW_CHILDREN_yes
	.byte	17                              @ DW_AT_low_pc
	.byte	1                               @ DW_FORM_addr
	.byte	18                              @ DW_AT_high_pc
	.byte	6                               @ DW_FORM_data4
	.byte	64                              @ DW_AT_frame_base
	.byte	24                              @ DW_FORM_exprloc
	.ascii	"\227B"                         @ DW_AT_GNU_all_call_sites
	.byte	25                              @ DW_FORM_flag_present
	.byte	3                               @ DW_AT_name
	.byte	14                              @ DW_FORM_strp
	.byte	58                              @ DW_AT_decl_file
	.byte	11                              @ DW_FORM_data1
	.byte	59                              @ DW_AT_decl_line
	.byte	11                              @ DW_FORM_data1
	.byte	39                              @ DW_AT_prototyped
	.byte	25                              @ DW_FORM_flag_present
	.byte	63                              @ DW_AT_external
	.byte	25                              @ DW_FORM_flag_present
	.byte	0                               @ EOM(1)
	.byte	0                               @ EOM(2)
	.byte	16                              @ Abbreviation Code
	.byte	52                              @ DW_TAG_variable
	.byte	0                               @ DW_CHILDREN_no
	.byte	2                               @ DW_AT_location
	.byte	24                              @ DW_FORM_exprloc
	.byte	3                               @ DW_AT_name
	.byte	14                              @ DW_FORM_strp
	.byte	58                              @ DW_AT_decl_file
	.byte	11                              @ DW_FORM_data1
	.byte	59                              @ DW_AT_decl_line
	.byte	11                              @ DW_FORM_data1
	.byte	73                              @ DW_AT_type
	.byte	19                              @ DW_FORM_ref4
	.byte	0                               @ EOM(1)
	.byte	0                               @ EOM(2)
	.byte	17                              @ Abbreviation Code
	.byte	11                              @ DW_TAG_lexical_block
	.byte	1                               @ DW_CHILDREN_yes
	.byte	17                              @ DW_AT_low_pc
	.byte	1                               @ DW_FORM_addr
	.byte	18                              @ DW_AT_high_pc
	.byte	6                               @ DW_FORM_data4
	.byte	0                               @ EOM(1)
	.byte	0                               @ EOM(2)
	.byte	18                              @ Abbreviation Code
	.byte	11                              @ DW_TAG_lexical_block
	.byte	1                               @ DW_CHILDREN_yes
	.byte	85                              @ DW_AT_ranges
	.byte	23                              @ DW_FORM_sec_offset
	.byte	0                               @ EOM(1)
	.byte	0                               @ EOM(2)
	.byte	19                              @ Abbreviation Code
	.byte	19                              @ DW_TAG_structure_type
	.byte	1                               @ DW_CHILDREN_yes
	.byte	11                              @ DW_AT_byte_size
	.byte	11                              @ DW_FORM_data1
	.byte	58                              @ DW_AT_decl_file
	.byte	11                              @ DW_FORM_data1
	.byte	59                              @ DW_AT_decl_line
	.byte	11                              @ DW_FORM_data1
	.byte	0                               @ EOM(1)
	.byte	0                               @ EOM(2)
	.byte	20                              @ Abbreviation Code
	.byte	13                              @ DW_TAG_member
	.byte	0                               @ DW_CHILDREN_no
	.byte	3                               @ DW_AT_name
	.byte	14                              @ DW_FORM_strp
	.byte	73                              @ DW_AT_type
	.byte	19                              @ DW_FORM_ref4
	.byte	58                              @ DW_AT_decl_file
	.byte	11                              @ DW_FORM_data1
	.byte	59                              @ DW_AT_decl_line
	.byte	11                              @ DW_FORM_data1
	.byte	56                              @ DW_AT_data_member_location
	.byte	11                              @ DW_FORM_data1
	.byte	0                               @ EOM(1)
	.byte	0                               @ EOM(2)
	.byte	0                               @ EOM(3)
	.section	.debug_info,"",%progbits
.Lcu_begin0:
	.long	.Ldebug_info_end0-.Ldebug_info_start0 @ Length of Unit
.Ldebug_info_start0:
	.short	4                               @ DWARF version number
	.long	.debug_abbrev                   @ Offset Into Abbrev. Section
	.byte	4                               @ Address Size (in bytes)
	.byte	1                               @ Abbrev [1] 0xb:0x6d1 DW_TAG_compile_unit
	.long	.Linfo_string0                  @ DW_AT_producer
	.short	12                              @ DW_AT_language
	.long	.Linfo_string1                  @ DW_AT_name
	.long	.Lline_table_start0             @ DW_AT_stmt_list
	.long	.Linfo_string2                  @ DW_AT_comp_dir
	.long	.Lfunc_begin0                   @ DW_AT_low_pc
	.long	.Lfunc_end0-.Lfunc_begin0       @ DW_AT_high_pc
	.byte	2                               @ Abbrev [2] 0x26:0x15 DW_TAG_enumeration_type
	.long	59                              @ DW_AT_type
	.byte	1                               @ DW_AT_byte_size
	.byte	1                               @ DW_AT_decl_file
	.byte	69                              @ DW_AT_decl_line
	.byte	3                               @ Abbrev [3] 0x2e:0x6 DW_TAG_enumerator
	.long	.Linfo_string4                  @ DW_AT_name
	.byte	0                               @ DW_AT_const_value
	.byte	3                               @ Abbrev [3] 0x34:0x6 DW_TAG_enumerator
	.long	.Linfo_string5                  @ DW_AT_name
	.byte	1                               @ DW_AT_const_value
	.byte	0                               @ End Of Children Mark
	.byte	4                               @ Abbrev [4] 0x3b:0x7 DW_TAG_base_type
	.long	.Linfo_string3                  @ DW_AT_name
	.byte	8                               @ DW_AT_encoding
	.byte	1                               @ DW_AT_byte_size
	.byte	2                               @ Abbrev [2] 0x42:0x2c2 DW_TAG_enumeration_type
	.long	772                             @ DW_AT_type
	.byte	1                               @ DW_AT_byte_size
	.byte	2                               @ DW_AT_decl_file
	.byte	66                              @ DW_AT_decl_line
	.byte	5                               @ Abbrev [5] 0x4a:0x6 DW_TAG_enumerator
	.long	.Linfo_string7                  @ DW_AT_name
	.byte	114                             @ DW_AT_const_value
	.byte	5                               @ Abbrev [5] 0x50:0x6 DW_TAG_enumerator
	.long	.Linfo_string8                  @ DW_AT_name
	.byte	115                             @ DW_AT_const_value
	.byte	5                               @ Abbrev [5] 0x56:0x6 DW_TAG_enumerator
	.long	.Linfo_string9                  @ DW_AT_name
	.byte	116                             @ DW_AT_const_value
	.byte	5                               @ Abbrev [5] 0x5c:0x6 DW_TAG_enumerator
	.long	.Linfo_string10                 @ DW_AT_name
	.byte	117                             @ DW_AT_const_value
	.byte	5                               @ Abbrev [5] 0x62:0x6 DW_TAG_enumerator
	.long	.Linfo_string11                 @ DW_AT_name
	.byte	118                             @ DW_AT_const_value
	.byte	5                               @ Abbrev [5] 0x68:0x6 DW_TAG_enumerator
	.long	.Linfo_string12                 @ DW_AT_name
	.byte	123                             @ DW_AT_const_value
	.byte	5                               @ Abbrev [5] 0x6e:0x6 DW_TAG_enumerator
	.long	.Linfo_string13                 @ DW_AT_name
	.byte	124                             @ DW_AT_const_value
	.byte	5                               @ Abbrev [5] 0x74:0x6 DW_TAG_enumerator
	.long	.Linfo_string14                 @ DW_AT_name
	.byte	126                             @ DW_AT_const_value
	.byte	5                               @ Abbrev [5] 0x7a:0x6 DW_TAG_enumerator
	.long	.Linfo_string15                 @ DW_AT_name
	.byte	127                             @ DW_AT_const_value
	.byte	5                               @ Abbrev [5] 0x80:0x6 DW_TAG_enumerator
	.long	.Linfo_string16                 @ DW_AT_name
	.byte	0                               @ DW_AT_const_value
	.byte	5                               @ Abbrev [5] 0x86:0x6 DW_TAG_enumerator
	.long	.Linfo_string17                 @ DW_AT_name
	.byte	1                               @ DW_AT_const_value
	.byte	5                               @ Abbrev [5] 0x8c:0x6 DW_TAG_enumerator
	.long	.Linfo_string18                 @ DW_AT_name
	.byte	2                               @ DW_AT_const_value
	.byte	5                               @ Abbrev [5] 0x92:0x6 DW_TAG_enumerator
	.long	.Linfo_string19                 @ DW_AT_name
	.byte	3                               @ DW_AT_const_value
	.byte	5                               @ Abbrev [5] 0x98:0x6 DW_TAG_enumerator
	.long	.Linfo_string20                 @ DW_AT_name
	.byte	4                               @ DW_AT_const_value
	.byte	5                               @ Abbrev [5] 0x9e:0x6 DW_TAG_enumerator
	.long	.Linfo_string21                 @ DW_AT_name
	.byte	5                               @ DW_AT_const_value
	.byte	5                               @ Abbrev [5] 0xa4:0x6 DW_TAG_enumerator
	.long	.Linfo_string22                 @ DW_AT_name
	.byte	6                               @ DW_AT_const_value
	.byte	5                               @ Abbrev [5] 0xaa:0x6 DW_TAG_enumerator
	.long	.Linfo_string23                 @ DW_AT_name
	.byte	7                               @ DW_AT_const_value
	.byte	5                               @ Abbrev [5] 0xb0:0x6 DW_TAG_enumerator
	.long	.Linfo_string24                 @ DW_AT_name
	.byte	8                               @ DW_AT_const_value
	.byte	5                               @ Abbrev [5] 0xb6:0x6 DW_TAG_enumerator
	.long	.Linfo_string25                 @ DW_AT_name
	.byte	9                               @ DW_AT_const_value
	.byte	5                               @ Abbrev [5] 0xbc:0x6 DW_TAG_enumerator
	.long	.Linfo_string26                 @ DW_AT_name
	.byte	10                              @ DW_AT_const_value
	.byte	5                               @ Abbrev [5] 0xc2:0x6 DW_TAG_enumerator
	.long	.Linfo_string27                 @ DW_AT_name
	.byte	11                              @ DW_AT_const_value
	.byte	5                               @ Abbrev [5] 0xc8:0x6 DW_TAG_enumerator
	.long	.Linfo_string28                 @ DW_AT_name
	.byte	12                              @ DW_AT_const_value
	.byte	5                               @ Abbrev [5] 0xce:0x6 DW_TAG_enumerator
	.long	.Linfo_string29                 @ DW_AT_name
	.byte	13                              @ DW_AT_const_value
	.byte	5                               @ Abbrev [5] 0xd4:0x6 DW_TAG_enumerator
	.long	.Linfo_string30                 @ DW_AT_name
	.byte	14                              @ DW_AT_const_value
	.byte	5                               @ Abbrev [5] 0xda:0x6 DW_TAG_enumerator
	.long	.Linfo_string31                 @ DW_AT_name
	.byte	15                              @ DW_AT_const_value
	.byte	5                               @ Abbrev [5] 0xe0:0x6 DW_TAG_enumerator
	.long	.Linfo_string32                 @ DW_AT_name
	.byte	16                              @ DW_AT_const_value
	.byte	5                               @ Abbrev [5] 0xe6:0x6 DW_TAG_enumerator
	.long	.Linfo_string33                 @ DW_AT_name
	.byte	17                              @ DW_AT_const_value
	.byte	5                               @ Abbrev [5] 0xec:0x6 DW_TAG_enumerator
	.long	.Linfo_string34                 @ DW_AT_name
	.byte	18                              @ DW_AT_const_value
	.byte	5                               @ Abbrev [5] 0xf2:0x6 DW_TAG_enumerator
	.long	.Linfo_string35                 @ DW_AT_name
	.byte	19                              @ DW_AT_const_value
	.byte	5                               @ Abbrev [5] 0xf8:0x6 DW_TAG_enumerator
	.long	.Linfo_string36                 @ DW_AT_name
	.byte	20                              @ DW_AT_const_value
	.byte	5                               @ Abbrev [5] 0xfe:0x6 DW_TAG_enumerator
	.long	.Linfo_string37                 @ DW_AT_name
	.byte	21                              @ DW_AT_const_value
	.byte	5                               @ Abbrev [5] 0x104:0x6 DW_TAG_enumerator
	.long	.Linfo_string38                 @ DW_AT_name
	.byte	22                              @ DW_AT_const_value
	.byte	5                               @ Abbrev [5] 0x10a:0x6 DW_TAG_enumerator
	.long	.Linfo_string39                 @ DW_AT_name
	.byte	23                              @ DW_AT_const_value
	.byte	5                               @ Abbrev [5] 0x110:0x6 DW_TAG_enumerator
	.long	.Linfo_string40                 @ DW_AT_name
	.byte	24                              @ DW_AT_const_value
	.byte	5                               @ Abbrev [5] 0x116:0x6 DW_TAG_enumerator
	.long	.Linfo_string41                 @ DW_AT_name
	.byte	25                              @ DW_AT_const_value
	.byte	5                               @ Abbrev [5] 0x11c:0x6 DW_TAG_enumerator
	.long	.Linfo_string42                 @ DW_AT_name
	.byte	26                              @ DW_AT_const_value
	.byte	5                               @ Abbrev [5] 0x122:0x6 DW_TAG_enumerator
	.long	.Linfo_string43                 @ DW_AT_name
	.byte	27                              @ DW_AT_const_value
	.byte	5                               @ Abbrev [5] 0x128:0x6 DW_TAG_enumerator
	.long	.Linfo_string44                 @ DW_AT_name
	.byte	28                              @ DW_AT_const_value
	.byte	5                               @ Abbrev [5] 0x12e:0x6 DW_TAG_enumerator
	.long	.Linfo_string45                 @ DW_AT_name
	.byte	29                              @ DW_AT_const_value
	.byte	5                               @ Abbrev [5] 0x134:0x6 DW_TAG_enumerator
	.long	.Linfo_string46                 @ DW_AT_name
	.byte	30                              @ DW_AT_const_value
	.byte	5                               @ Abbrev [5] 0x13a:0x6 DW_TAG_enumerator
	.long	.Linfo_string47                 @ DW_AT_name
	.byte	31                              @ DW_AT_const_value
	.byte	5                               @ Abbrev [5] 0x140:0x6 DW_TAG_enumerator
	.long	.Linfo_string48                 @ DW_AT_name
	.byte	32                              @ DW_AT_const_value
	.byte	5                               @ Abbrev [5] 0x146:0x6 DW_TAG_enumerator
	.long	.Linfo_string49                 @ DW_AT_name
	.byte	33                              @ DW_AT_const_value
	.byte	5                               @ Abbrev [5] 0x14c:0x6 DW_TAG_enumerator
	.long	.Linfo_string50                 @ DW_AT_name
	.byte	34                              @ DW_AT_const_value
	.byte	5                               @ Abbrev [5] 0x152:0x6 DW_TAG_enumerator
	.long	.Linfo_string51                 @ DW_AT_name
	.byte	35                              @ DW_AT_const_value
	.byte	5                               @ Abbrev [5] 0x158:0x6 DW_TAG_enumerator
	.long	.Linfo_string52                 @ DW_AT_name
	.byte	36                              @ DW_AT_const_value
	.byte	5                               @ Abbrev [5] 0x15e:0x6 DW_TAG_enumerator
	.long	.Linfo_string53                 @ DW_AT_name
	.byte	37                              @ DW_AT_const_value
	.byte	5                               @ Abbrev [5] 0x164:0x6 DW_TAG_enumerator
	.long	.Linfo_string54                 @ DW_AT_name
	.byte	38                              @ DW_AT_const_value
	.byte	5                               @ Abbrev [5] 0x16a:0x6 DW_TAG_enumerator
	.long	.Linfo_string55                 @ DW_AT_name
	.byte	39                              @ DW_AT_const_value
	.byte	5                               @ Abbrev [5] 0x170:0x6 DW_TAG_enumerator
	.long	.Linfo_string56                 @ DW_AT_name
	.byte	40                              @ DW_AT_const_value
	.byte	5                               @ Abbrev [5] 0x176:0x6 DW_TAG_enumerator
	.long	.Linfo_string57                 @ DW_AT_name
	.byte	41                              @ DW_AT_const_value
	.byte	5                               @ Abbrev [5] 0x17c:0x6 DW_TAG_enumerator
	.long	.Linfo_string58                 @ DW_AT_name
	.byte	42                              @ DW_AT_const_value
	.byte	5                               @ Abbrev [5] 0x182:0x6 DW_TAG_enumerator
	.long	.Linfo_string59                 @ DW_AT_name
	.byte	43                              @ DW_AT_const_value
	.byte	5                               @ Abbrev [5] 0x188:0x6 DW_TAG_enumerator
	.long	.Linfo_string60                 @ DW_AT_name
	.byte	44                              @ DW_AT_const_value
	.byte	5                               @ Abbrev [5] 0x18e:0x6 DW_TAG_enumerator
	.long	.Linfo_string61                 @ DW_AT_name
	.byte	45                              @ DW_AT_const_value
	.byte	5                               @ Abbrev [5] 0x194:0x6 DW_TAG_enumerator
	.long	.Linfo_string62                 @ DW_AT_name
	.byte	46                              @ DW_AT_const_value
	.byte	5                               @ Abbrev [5] 0x19a:0x6 DW_TAG_enumerator
	.long	.Linfo_string63                 @ DW_AT_name
	.byte	47                              @ DW_AT_const_value
	.byte	5                               @ Abbrev [5] 0x1a0:0x6 DW_TAG_enumerator
	.long	.Linfo_string64                 @ DW_AT_name
	.byte	48                              @ DW_AT_const_value
	.byte	5                               @ Abbrev [5] 0x1a6:0x6 DW_TAG_enumerator
	.long	.Linfo_string65                 @ DW_AT_name
	.byte	49                              @ DW_AT_const_value
	.byte	5                               @ Abbrev [5] 0x1ac:0x6 DW_TAG_enumerator
	.long	.Linfo_string66                 @ DW_AT_name
	.byte	50                              @ DW_AT_const_value
	.byte	5                               @ Abbrev [5] 0x1b2:0x6 DW_TAG_enumerator
	.long	.Linfo_string67                 @ DW_AT_name
	.byte	51                              @ DW_AT_const_value
	.byte	5                               @ Abbrev [5] 0x1b8:0x6 DW_TAG_enumerator
	.long	.Linfo_string68                 @ DW_AT_name
	.byte	52                              @ DW_AT_const_value
	.byte	5                               @ Abbrev [5] 0x1be:0x6 DW_TAG_enumerator
	.long	.Linfo_string69                 @ DW_AT_name
	.byte	53                              @ DW_AT_const_value
	.byte	5                               @ Abbrev [5] 0x1c4:0x6 DW_TAG_enumerator
	.long	.Linfo_string70                 @ DW_AT_name
	.byte	54                              @ DW_AT_const_value
	.byte	5                               @ Abbrev [5] 0x1ca:0x6 DW_TAG_enumerator
	.long	.Linfo_string71                 @ DW_AT_name
	.byte	55                              @ DW_AT_const_value
	.byte	5                               @ Abbrev [5] 0x1d0:0x6 DW_TAG_enumerator
	.long	.Linfo_string72                 @ DW_AT_name
	.byte	56                              @ DW_AT_const_value
	.byte	5                               @ Abbrev [5] 0x1d6:0x6 DW_TAG_enumerator
	.long	.Linfo_string73                 @ DW_AT_name
	.byte	57                              @ DW_AT_const_value
	.byte	5                               @ Abbrev [5] 0x1dc:0x6 DW_TAG_enumerator
	.long	.Linfo_string74                 @ DW_AT_name
	.byte	58                              @ DW_AT_const_value
	.byte	5                               @ Abbrev [5] 0x1e2:0x6 DW_TAG_enumerator
	.long	.Linfo_string75                 @ DW_AT_name
	.byte	59                              @ DW_AT_const_value
	.byte	5                               @ Abbrev [5] 0x1e8:0x6 DW_TAG_enumerator
	.long	.Linfo_string76                 @ DW_AT_name
	.byte	60                              @ DW_AT_const_value
	.byte	5                               @ Abbrev [5] 0x1ee:0x6 DW_TAG_enumerator
	.long	.Linfo_string77                 @ DW_AT_name
	.byte	61                              @ DW_AT_const_value
	.byte	5                               @ Abbrev [5] 0x1f4:0x6 DW_TAG_enumerator
	.long	.Linfo_string78                 @ DW_AT_name
	.byte	62                              @ DW_AT_const_value
	.byte	5                               @ Abbrev [5] 0x1fa:0x6 DW_TAG_enumerator
	.long	.Linfo_string79                 @ DW_AT_name
	.byte	63                              @ DW_AT_const_value
	.byte	5                               @ Abbrev [5] 0x200:0x7 DW_TAG_enumerator
	.long	.Linfo_string80                 @ DW_AT_name
	.asciz	"\300"                          @ DW_AT_const_value
	.byte	5                               @ Abbrev [5] 0x207:0x7 DW_TAG_enumerator
	.long	.Linfo_string81                 @ DW_AT_name
	.asciz	"\301"                          @ DW_AT_const_value
	.byte	5                               @ Abbrev [5] 0x20e:0x7 DW_TAG_enumerator
	.long	.Linfo_string82                 @ DW_AT_name
	.asciz	"\302"                          @ DW_AT_const_value
	.byte	5                               @ Abbrev [5] 0x215:0x7 DW_TAG_enumerator
	.long	.Linfo_string83                 @ DW_AT_name
	.asciz	"\303"                          @ DW_AT_const_value
	.byte	5                               @ Abbrev [5] 0x21c:0x7 DW_TAG_enumerator
	.long	.Linfo_string84                 @ DW_AT_name
	.asciz	"\304"                          @ DW_AT_const_value
	.byte	5                               @ Abbrev [5] 0x223:0x7 DW_TAG_enumerator
	.long	.Linfo_string85                 @ DW_AT_name
	.asciz	"\305"                          @ DW_AT_const_value
	.byte	5                               @ Abbrev [5] 0x22a:0x7 DW_TAG_enumerator
	.long	.Linfo_string86                 @ DW_AT_name
	.asciz	"\306"                          @ DW_AT_const_value
	.byte	5                               @ Abbrev [5] 0x231:0x7 DW_TAG_enumerator
	.long	.Linfo_string87                 @ DW_AT_name
	.asciz	"\307"                          @ DW_AT_const_value
	.byte	5                               @ Abbrev [5] 0x238:0x7 DW_TAG_enumerator
	.long	.Linfo_string88                 @ DW_AT_name
	.asciz	"\310"                          @ DW_AT_const_value
	.byte	5                               @ Abbrev [5] 0x23f:0x7 DW_TAG_enumerator
	.long	.Linfo_string89                 @ DW_AT_name
	.asciz	"\311"                          @ DW_AT_const_value
	.byte	5                               @ Abbrev [5] 0x246:0x7 DW_TAG_enumerator
	.long	.Linfo_string90                 @ DW_AT_name
	.asciz	"\312"                          @ DW_AT_const_value
	.byte	5                               @ Abbrev [5] 0x24d:0x7 DW_TAG_enumerator
	.long	.Linfo_string91                 @ DW_AT_name
	.asciz	"\313"                          @ DW_AT_const_value
	.byte	5                               @ Abbrev [5] 0x254:0x7 DW_TAG_enumerator
	.long	.Linfo_string92                 @ DW_AT_name
	.asciz	"\314"                          @ DW_AT_const_value
	.byte	5                               @ Abbrev [5] 0x25b:0x7 DW_TAG_enumerator
	.long	.Linfo_string93                 @ DW_AT_name
	.asciz	"\315"                          @ DW_AT_const_value
	.byte	5                               @ Abbrev [5] 0x262:0x7 DW_TAG_enumerator
	.long	.Linfo_string94                 @ DW_AT_name
	.asciz	"\316"                          @ DW_AT_const_value
	.byte	5                               @ Abbrev [5] 0x269:0x7 DW_TAG_enumerator
	.long	.Linfo_string95                 @ DW_AT_name
	.asciz	"\317"                          @ DW_AT_const_value
	.byte	5                               @ Abbrev [5] 0x270:0x7 DW_TAG_enumerator
	.long	.Linfo_string96                 @ DW_AT_name
	.asciz	"\320"                          @ DW_AT_const_value
	.byte	5                               @ Abbrev [5] 0x277:0x7 DW_TAG_enumerator
	.long	.Linfo_string97                 @ DW_AT_name
	.asciz	"\321"                          @ DW_AT_const_value
	.byte	5                               @ Abbrev [5] 0x27e:0x7 DW_TAG_enumerator
	.long	.Linfo_string98                 @ DW_AT_name
	.asciz	"\322"                          @ DW_AT_const_value
	.byte	5                               @ Abbrev [5] 0x285:0x7 DW_TAG_enumerator
	.long	.Linfo_string99                 @ DW_AT_name
	.asciz	"\323"                          @ DW_AT_const_value
	.byte	5                               @ Abbrev [5] 0x28c:0x7 DW_TAG_enumerator
	.long	.Linfo_string100                @ DW_AT_name
	.asciz	"\324"                          @ DW_AT_const_value
	.byte	5                               @ Abbrev [5] 0x293:0x7 DW_TAG_enumerator
	.long	.Linfo_string101                @ DW_AT_name
	.asciz	"\326"                          @ DW_AT_const_value
	.byte	5                               @ Abbrev [5] 0x29a:0x7 DW_TAG_enumerator
	.long	.Linfo_string102                @ DW_AT_name
	.asciz	"\327"                          @ DW_AT_const_value
	.byte	5                               @ Abbrev [5] 0x2a1:0x7 DW_TAG_enumerator
	.long	.Linfo_string103                @ DW_AT_name
	.asciz	"\330"                          @ DW_AT_const_value
	.byte	5                               @ Abbrev [5] 0x2a8:0x7 DW_TAG_enumerator
	.long	.Linfo_string104                @ DW_AT_name
	.asciz	"\331"                          @ DW_AT_const_value
	.byte	5                               @ Abbrev [5] 0x2af:0x7 DW_TAG_enumerator
	.long	.Linfo_string105                @ DW_AT_name
	.asciz	"\332"                          @ DW_AT_const_value
	.byte	5                               @ Abbrev [5] 0x2b6:0x7 DW_TAG_enumerator
	.long	.Linfo_string106                @ DW_AT_name
	.asciz	"\333"                          @ DW_AT_const_value
	.byte	5                               @ Abbrev [5] 0x2bd:0x7 DW_TAG_enumerator
	.long	.Linfo_string107                @ DW_AT_name
	.asciz	"\334"                          @ DW_AT_const_value
	.byte	5                               @ Abbrev [5] 0x2c4:0x7 DW_TAG_enumerator
	.long	.Linfo_string108                @ DW_AT_name
	.asciz	"\335"                          @ DW_AT_const_value
	.byte	5                               @ Abbrev [5] 0x2cb:0x7 DW_TAG_enumerator
	.long	.Linfo_string109                @ DW_AT_name
	.asciz	"\336"                          @ DW_AT_const_value
	.byte	5                               @ Abbrev [5] 0x2d2:0x7 DW_TAG_enumerator
	.long	.Linfo_string110                @ DW_AT_name
	.asciz	"\337"                          @ DW_AT_const_value
	.byte	5                               @ Abbrev [5] 0x2d9:0x7 DW_TAG_enumerator
	.long	.Linfo_string111                @ DW_AT_name
	.asciz	"\340"                          @ DW_AT_const_value
	.byte	5                               @ Abbrev [5] 0x2e0:0x7 DW_TAG_enumerator
	.long	.Linfo_string112                @ DW_AT_name
	.asciz	"\341"                          @ DW_AT_const_value
	.byte	5                               @ Abbrev [5] 0x2e7:0x7 DW_TAG_enumerator
	.long	.Linfo_string113                @ DW_AT_name
	.asciz	"\342"                          @ DW_AT_const_value
	.byte	5                               @ Abbrev [5] 0x2ee:0x7 DW_TAG_enumerator
	.long	.Linfo_string114                @ DW_AT_name
	.asciz	"\343"                          @ DW_AT_const_value
	.byte	5                               @ Abbrev [5] 0x2f5:0x7 DW_TAG_enumerator
	.long	.Linfo_string115                @ DW_AT_name
	.asciz	"\344"                          @ DW_AT_const_value
	.byte	5                               @ Abbrev [5] 0x2fc:0x7 DW_TAG_enumerator
	.long	.Linfo_string116                @ DW_AT_name
	.asciz	"\345"                          @ DW_AT_const_value
	.byte	0                               @ End Of Children Mark
	.byte	4                               @ Abbrev [4] 0x304:0x7 DW_TAG_base_type
	.long	.Linfo_string6                  @ DW_AT_name
	.byte	6                               @ DW_AT_encoding
	.byte	1                               @ DW_AT_byte_size
	.byte	6                               @ Abbrev [6] 0x30b:0x5 DW_TAG_pointer_type
	.long	784                             @ DW_AT_type
	.byte	7                               @ Abbrev [7] 0x310:0xc DW_TAG_typedef
	.long	796                             @ DW_AT_type
	.long	.Linfo_string159                @ DW_AT_name
	.byte	2                               @ DW_AT_decl_file
	.short	707                             @ DW_AT_decl_line
	.byte	8                               @ Abbrev [8] 0x31c:0x20e DW_TAG_structure_type
	.byte	160                             @ DW_AT_byte_size
	.byte	2                               @ DW_AT_decl_file
	.short	665                             @ DW_AT_decl_line
	.byte	9                               @ Abbrev [9] 0x321:0xd DW_TAG_member
	.long	.Linfo_string117                @ DW_AT_name
	.long	1322                            @ DW_AT_type
	.byte	2                               @ DW_AT_decl_file
	.short	667                             @ DW_AT_decl_line
	.byte	0                               @ DW_AT_data_member_location
	.byte	9                               @ Abbrev [9] 0x32e:0xd DW_TAG_member
	.long	.Linfo_string120                @ DW_AT_name
	.long	1322                            @ DW_AT_type
	.byte	2                               @ DW_AT_decl_file
	.short	668                             @ DW_AT_decl_line
	.byte	4                               @ DW_AT_data_member_location
	.byte	9                               @ Abbrev [9] 0x33b:0xd DW_TAG_member
	.long	.Linfo_string121                @ DW_AT_name
	.long	1322                            @ DW_AT_type
	.byte	2                               @ DW_AT_decl_file
	.short	669                             @ DW_AT_decl_line
	.byte	8                               @ DW_AT_data_member_location
	.byte	9                               @ Abbrev [9] 0x348:0xd DW_TAG_member
	.long	.Linfo_string122                @ DW_AT_name
	.long	1322                            @ DW_AT_type
	.byte	2                               @ DW_AT_decl_file
	.short	670                             @ DW_AT_decl_line
	.byte	12                              @ DW_AT_data_member_location
	.byte	9                               @ Abbrev [9] 0x355:0xd DW_TAG_member
	.long	.Linfo_string123                @ DW_AT_name
	.long	1327                            @ DW_AT_type
	.byte	2                               @ DW_AT_decl_file
	.short	671                             @ DW_AT_decl_line
	.byte	16                              @ DW_AT_data_member_location
	.byte	9                               @ Abbrev [9] 0x362:0xd DW_TAG_member
	.long	.Linfo_string124                @ DW_AT_name
	.long	1327                            @ DW_AT_type
	.byte	2                               @ DW_AT_decl_file
	.short	672                             @ DW_AT_decl_line
	.byte	20                              @ DW_AT_data_member_location
	.byte	9                               @ Abbrev [9] 0x36f:0xd DW_TAG_member
	.long	.Linfo_string125                @ DW_AT_name
	.long	1322                            @ DW_AT_type
	.byte	2                               @ DW_AT_decl_file
	.short	673                             @ DW_AT_decl_line
	.byte	24                              @ DW_AT_data_member_location
	.byte	9                               @ Abbrev [9] 0x37c:0xd DW_TAG_member
	.long	.Linfo_string126                @ DW_AT_name
	.long	1322                            @ DW_AT_type
	.byte	2                               @ DW_AT_decl_file
	.short	674                             @ DW_AT_decl_line
	.byte	28                              @ DW_AT_data_member_location
	.byte	9                               @ Abbrev [9] 0x389:0xd DW_TAG_member
	.long	.Linfo_string127                @ DW_AT_name
	.long	1322                            @ DW_AT_type
	.byte	2                               @ DW_AT_decl_file
	.short	675                             @ DW_AT_decl_line
	.byte	32                              @ DW_AT_data_member_location
	.byte	9                               @ Abbrev [9] 0x396:0xd DW_TAG_member
	.long	.Linfo_string128                @ DW_AT_name
	.long	1327                            @ DW_AT_type
	.byte	2                               @ DW_AT_decl_file
	.short	676                             @ DW_AT_decl_line
	.byte	36                              @ DW_AT_data_member_location
	.byte	9                               @ Abbrev [9] 0x3a3:0xd DW_TAG_member
	.long	.Linfo_string129                @ DW_AT_name
	.long	1322                            @ DW_AT_type
	.byte	2                               @ DW_AT_decl_file
	.short	677                             @ DW_AT_decl_line
	.byte	40                              @ DW_AT_data_member_location
	.byte	9                               @ Abbrev [9] 0x3b0:0xd DW_TAG_member
	.long	.Linfo_string130                @ DW_AT_name
	.long	1322                            @ DW_AT_type
	.byte	2                               @ DW_AT_decl_file
	.short	678                             @ DW_AT_decl_line
	.byte	44                              @ DW_AT_data_member_location
	.byte	9                               @ Abbrev [9] 0x3bd:0xd DW_TAG_member
	.long	.Linfo_string131                @ DW_AT_name
	.long	1322                            @ DW_AT_type
	.byte	2                               @ DW_AT_decl_file
	.short	679                             @ DW_AT_decl_line
	.byte	48                              @ DW_AT_data_member_location
	.byte	9                               @ Abbrev [9] 0x3ca:0xd DW_TAG_member
	.long	.Linfo_string132                @ DW_AT_name
	.long	1327                            @ DW_AT_type
	.byte	2                               @ DW_AT_decl_file
	.short	680                             @ DW_AT_decl_line
	.byte	52                              @ DW_AT_data_member_location
	.byte	9                               @ Abbrev [9] 0x3d7:0xd DW_TAG_member
	.long	.Linfo_string133                @ DW_AT_name
	.long	1322                            @ DW_AT_type
	.byte	2                               @ DW_AT_decl_file
	.short	681                             @ DW_AT_decl_line
	.byte	56                              @ DW_AT_data_member_location
	.byte	9                               @ Abbrev [9] 0x3e4:0xd DW_TAG_member
	.long	.Linfo_string134                @ DW_AT_name
	.long	1322                            @ DW_AT_type
	.byte	2                               @ DW_AT_decl_file
	.short	682                             @ DW_AT_decl_line
	.byte	60                              @ DW_AT_data_member_location
	.byte	9                               @ Abbrev [9] 0x3f1:0xd DW_TAG_member
	.long	.Linfo_string135                @ DW_AT_name
	.long	1322                            @ DW_AT_type
	.byte	2                               @ DW_AT_decl_file
	.short	683                             @ DW_AT_decl_line
	.byte	64                              @ DW_AT_data_member_location
	.byte	9                               @ Abbrev [9] 0x3fe:0xd DW_TAG_member
	.long	.Linfo_string136                @ DW_AT_name
	.long	1327                            @ DW_AT_type
	.byte	2                               @ DW_AT_decl_file
	.short	684                             @ DW_AT_decl_line
	.byte	68                              @ DW_AT_data_member_location
	.byte	9                               @ Abbrev [9] 0x40b:0xd DW_TAG_member
	.long	.Linfo_string137                @ DW_AT_name
	.long	1322                            @ DW_AT_type
	.byte	2                               @ DW_AT_decl_file
	.short	685                             @ DW_AT_decl_line
	.byte	72                              @ DW_AT_data_member_location
	.byte	9                               @ Abbrev [9] 0x418:0xd DW_TAG_member
	.long	.Linfo_string138                @ DW_AT_name
	.long	1322                            @ DW_AT_type
	.byte	2                               @ DW_AT_decl_file
	.short	686                             @ DW_AT_decl_line
	.byte	76                              @ DW_AT_data_member_location
	.byte	9                               @ Abbrev [9] 0x425:0xd DW_TAG_member
	.long	.Linfo_string139                @ DW_AT_name
	.long	1322                            @ DW_AT_type
	.byte	2                               @ DW_AT_decl_file
	.short	687                             @ DW_AT_decl_line
	.byte	80                              @ DW_AT_data_member_location
	.byte	9                               @ Abbrev [9] 0x432:0xd DW_TAG_member
	.long	.Linfo_string140                @ DW_AT_name
	.long	1327                            @ DW_AT_type
	.byte	2                               @ DW_AT_decl_file
	.short	688                             @ DW_AT_decl_line
	.byte	84                              @ DW_AT_data_member_location
	.byte	9                               @ Abbrev [9] 0x43f:0xd DW_TAG_member
	.long	.Linfo_string141                @ DW_AT_name
	.long	1322                            @ DW_AT_type
	.byte	2                               @ DW_AT_decl_file
	.short	689                             @ DW_AT_decl_line
	.byte	88                              @ DW_AT_data_member_location
	.byte	9                               @ Abbrev [9] 0x44c:0xd DW_TAG_member
	.long	.Linfo_string142                @ DW_AT_name
	.long	1322                            @ DW_AT_type
	.byte	2                               @ DW_AT_decl_file
	.short	690                             @ DW_AT_decl_line
	.byte	92                              @ DW_AT_data_member_location
	.byte	9                               @ Abbrev [9] 0x459:0xd DW_TAG_member
	.long	.Linfo_string143                @ DW_AT_name
	.long	1322                            @ DW_AT_type
	.byte	2                               @ DW_AT_decl_file
	.short	691                             @ DW_AT_decl_line
	.byte	96                              @ DW_AT_data_member_location
	.byte	9                               @ Abbrev [9] 0x466:0xd DW_TAG_member
	.long	.Linfo_string144                @ DW_AT_name
	.long	1327                            @ DW_AT_type
	.byte	2                               @ DW_AT_decl_file
	.short	692                             @ DW_AT_decl_line
	.byte	100                             @ DW_AT_data_member_location
	.byte	9                               @ Abbrev [9] 0x473:0xd DW_TAG_member
	.long	.Linfo_string145                @ DW_AT_name
	.long	1322                            @ DW_AT_type
	.byte	2                               @ DW_AT_decl_file
	.short	693                             @ DW_AT_decl_line
	.byte	104                             @ DW_AT_data_member_location
	.byte	9                               @ Abbrev [9] 0x480:0xd DW_TAG_member
	.long	.Linfo_string146                @ DW_AT_name
	.long	1322                            @ DW_AT_type
	.byte	2                               @ DW_AT_decl_file
	.short	694                             @ DW_AT_decl_line
	.byte	108                             @ DW_AT_data_member_location
	.byte	9                               @ Abbrev [9] 0x48d:0xd DW_TAG_member
	.long	.Linfo_string147                @ DW_AT_name
	.long	1322                            @ DW_AT_type
	.byte	2                               @ DW_AT_decl_file
	.short	695                             @ DW_AT_decl_line
	.byte	112                             @ DW_AT_data_member_location
	.byte	9                               @ Abbrev [9] 0x49a:0xd DW_TAG_member
	.long	.Linfo_string148                @ DW_AT_name
	.long	1327                            @ DW_AT_type
	.byte	2                               @ DW_AT_decl_file
	.short	696                             @ DW_AT_decl_line
	.byte	116                             @ DW_AT_data_member_location
	.byte	9                               @ Abbrev [9] 0x4a7:0xd DW_TAG_member
	.long	.Linfo_string149                @ DW_AT_name
	.long	1322                            @ DW_AT_type
	.byte	2                               @ DW_AT_decl_file
	.short	697                             @ DW_AT_decl_line
	.byte	120                             @ DW_AT_data_member_location
	.byte	9                               @ Abbrev [9] 0x4b4:0xd DW_TAG_member
	.long	.Linfo_string150                @ DW_AT_name
	.long	1322                            @ DW_AT_type
	.byte	2                               @ DW_AT_decl_file
	.short	698                             @ DW_AT_decl_line
	.byte	124                             @ DW_AT_data_member_location
	.byte	9                               @ Abbrev [9] 0x4c1:0xd DW_TAG_member
	.long	.Linfo_string151                @ DW_AT_name
	.long	1322                            @ DW_AT_type
	.byte	2                               @ DW_AT_decl_file
	.short	699                             @ DW_AT_decl_line
	.byte	128                             @ DW_AT_data_member_location
	.byte	9                               @ Abbrev [9] 0x4ce:0xd DW_TAG_member
	.long	.Linfo_string152                @ DW_AT_name
	.long	1327                            @ DW_AT_type
	.byte	2                               @ DW_AT_decl_file
	.short	700                             @ DW_AT_decl_line
	.byte	132                             @ DW_AT_data_member_location
	.byte	9                               @ Abbrev [9] 0x4db:0xd DW_TAG_member
	.long	.Linfo_string153                @ DW_AT_name
	.long	1322                            @ DW_AT_type
	.byte	2                               @ DW_AT_decl_file
	.short	701                             @ DW_AT_decl_line
	.byte	136                             @ DW_AT_data_member_location
	.byte	9                               @ Abbrev [9] 0x4e8:0xd DW_TAG_member
	.long	.Linfo_string154                @ DW_AT_name
	.long	1327                            @ DW_AT_type
	.byte	2                               @ DW_AT_decl_file
	.short	702                             @ DW_AT_decl_line
	.byte	140                             @ DW_AT_data_member_location
	.byte	9                               @ Abbrev [9] 0x4f5:0xd DW_TAG_member
	.long	.Linfo_string155                @ DW_AT_name
	.long	1322                            @ DW_AT_type
	.byte	2                               @ DW_AT_decl_file
	.short	703                             @ DW_AT_decl_line
	.byte	144                             @ DW_AT_data_member_location
	.byte	9                               @ Abbrev [9] 0x502:0xd DW_TAG_member
	.long	.Linfo_string156                @ DW_AT_name
	.long	1322                            @ DW_AT_type
	.byte	2                               @ DW_AT_decl_file
	.short	704                             @ DW_AT_decl_line
	.byte	148                             @ DW_AT_data_member_location
	.byte	9                               @ Abbrev [9] 0x50f:0xd DW_TAG_member
	.long	.Linfo_string157                @ DW_AT_name
	.long	1322                            @ DW_AT_type
	.byte	2                               @ DW_AT_decl_file
	.short	705                             @ DW_AT_decl_line
	.byte	152                             @ DW_AT_data_member_location
	.byte	9                               @ Abbrev [9] 0x51c:0xd DW_TAG_member
	.long	.Linfo_string158                @ DW_AT_name
	.long	1322                            @ DW_AT_type
	.byte	2                               @ DW_AT_decl_file
	.short	706                             @ DW_AT_decl_line
	.byte	156                             @ DW_AT_data_member_location
	.byte	0                               @ End Of Children Mark
	.byte	10                              @ Abbrev [10] 0x52a:0x5 DW_TAG_volatile_type
	.long	1327                            @ DW_AT_type
	.byte	11                              @ Abbrev [11] 0x52f:0xb DW_TAG_typedef
	.long	1338                            @ DW_AT_type
	.long	.Linfo_string119                @ DW_AT_name
	.byte	3                               @ DW_AT_decl_file
	.byte	64                              @ DW_AT_decl_line
	.byte	4                               @ Abbrev [4] 0x53a:0x7 DW_TAG_base_type
	.long	.Linfo_string118                @ DW_AT_name
	.byte	7                               @ DW_AT_encoding
	.byte	4                               @ DW_AT_byte_size
	.byte	6                               @ Abbrev [6] 0x541:0x5 DW_TAG_pointer_type
	.long	1350                            @ DW_AT_type
	.byte	7                               @ Abbrev [7] 0x546:0xc DW_TAG_typedef
	.long	1362                            @ DW_AT_type
	.long	.Linfo_string171                @ DW_AT_name
	.byte	2                               @ DW_AT_decl_file
	.short	546                             @ DW_AT_decl_line
	.byte	8                               @ Abbrev [8] 0x552:0x88 DW_TAG_structure_type
	.byte	44                              @ DW_AT_byte_size
	.byte	2                               @ DW_AT_decl_file
	.short	534                             @ DW_AT_decl_line
	.byte	9                               @ Abbrev [9] 0x557:0xd DW_TAG_member
	.long	.Linfo_string160                @ DW_AT_name
	.long	1322                            @ DW_AT_type
	.byte	2                               @ DW_AT_decl_file
	.short	536                             @ DW_AT_decl_line
	.byte	0                               @ DW_AT_data_member_location
	.byte	9                               @ Abbrev [9] 0x564:0xd DW_TAG_member
	.long	.Linfo_string161                @ DW_AT_name
	.long	1322                            @ DW_AT_type
	.byte	2                               @ DW_AT_decl_file
	.short	537                             @ DW_AT_decl_line
	.byte	4                               @ DW_AT_data_member_location
	.byte	9                               @ Abbrev [9] 0x571:0xd DW_TAG_member
	.long	.Linfo_string162                @ DW_AT_name
	.long	1322                            @ DW_AT_type
	.byte	2                               @ DW_AT_decl_file
	.short	538                             @ DW_AT_decl_line
	.byte	8                               @ DW_AT_data_member_location
	.byte	9                               @ Abbrev [9] 0x57e:0xd DW_TAG_member
	.long	.Linfo_string163                @ DW_AT_name
	.long	1322                            @ DW_AT_type
	.byte	2                               @ DW_AT_decl_file
	.short	539                             @ DW_AT_decl_line
	.byte	12                              @ DW_AT_data_member_location
	.byte	9                               @ Abbrev [9] 0x58b:0xd DW_TAG_member
	.long	.Linfo_string164                @ DW_AT_name
	.long	1322                            @ DW_AT_type
	.byte	2                               @ DW_AT_decl_file
	.short	540                             @ DW_AT_decl_line
	.byte	16                              @ DW_AT_data_member_location
	.byte	9                               @ Abbrev [9] 0x598:0xd DW_TAG_member
	.long	.Linfo_string165                @ DW_AT_name
	.long	1322                            @ DW_AT_type
	.byte	2                               @ DW_AT_decl_file
	.short	541                             @ DW_AT_decl_line
	.byte	20                              @ DW_AT_data_member_location
	.byte	9                               @ Abbrev [9] 0x5a5:0xd DW_TAG_member
	.long	.Linfo_string166                @ DW_AT_name
	.long	1322                            @ DW_AT_type
	.byte	2                               @ DW_AT_decl_file
	.short	542                             @ DW_AT_decl_line
	.byte	24                              @ DW_AT_data_member_location
	.byte	9                               @ Abbrev [9] 0x5b2:0xd DW_TAG_member
	.long	.Linfo_string167                @ DW_AT_name
	.long	1322                            @ DW_AT_type
	.byte	2                               @ DW_AT_decl_file
	.short	543                             @ DW_AT_decl_line
	.byte	28                              @ DW_AT_data_member_location
	.byte	9                               @ Abbrev [9] 0x5bf:0xd DW_TAG_member
	.long	.Linfo_string168                @ DW_AT_name
	.long	1498                            @ DW_AT_type
	.byte	2                               @ DW_AT_decl_file
	.short	544                             @ DW_AT_decl_line
	.byte	32                              @ DW_AT_data_member_location
	.byte	9                               @ Abbrev [9] 0x5cc:0xd DW_TAG_member
	.long	.Linfo_string170                @ DW_AT_name
	.long	1322                            @ DW_AT_type
	.byte	2                               @ DW_AT_decl_file
	.short	545                             @ DW_AT_decl_line
	.byte	40                              @ DW_AT_data_member_location
	.byte	0                               @ End Of Children Mark
	.byte	12                              @ Abbrev [12] 0x5da:0xc DW_TAG_array_type
	.long	1322                            @ DW_AT_type
	.byte	13                              @ Abbrev [13] 0x5df:0x6 DW_TAG_subrange_type
	.long	1510                            @ DW_AT_type
	.byte	2                               @ DW_AT_count
	.byte	0                               @ End Of Children Mark
	.byte	14                              @ Abbrev [14] 0x5e6:0x7 DW_TAG_base_type
	.long	.Linfo_string169                @ DW_AT_name
	.byte	8                               @ DW_AT_byte_size
	.byte	7                               @ DW_AT_encoding
	.byte	11                              @ Abbrev [11] 0x5ed:0xb DW_TAG_typedef
	.long	1528                            @ DW_AT_type
	.long	.Linfo_string173                @ DW_AT_name
	.byte	3                               @ DW_AT_decl_file
	.byte	63                              @ DW_AT_decl_line
	.byte	4                               @ Abbrev [4] 0x5f8:0x7 DW_TAG_base_type
	.long	.Linfo_string172                @ DW_AT_name
	.byte	7                               @ DW_AT_encoding
	.byte	2                               @ DW_AT_byte_size
	.byte	15                              @ Abbrev [15] 0x5ff:0x90 DW_TAG_subprogram
	.long	.Lfunc_begin0                   @ DW_AT_low_pc
	.long	.Lfunc_end0-.Lfunc_begin0       @ DW_AT_high_pc
	.byte	1                               @ DW_AT_frame_base
	.byte	93
                                        @ DW_AT_GNU_all_call_sites
	.long	.Linfo_string174                @ DW_AT_name
	.byte	4                               @ DW_AT_decl_file
	.byte	43                              @ DW_AT_decl_line
                                        @ DW_AT_prototyped
                                        @ DW_AT_external
	.byte	16                              @ Abbrev [16] 0x610:0xe DW_TAG_variable
	.byte	2                               @ DW_AT_location
	.byte	145
	.byte	8
	.long	.Linfo_string175                @ DW_AT_name
	.byte	4                               @ DW_AT_decl_file
	.byte	46                              @ DW_AT_decl_line
	.long	1679                            @ DW_AT_type
	.byte	17                              @ Abbrev [17] 0x61e:0x18 DW_TAG_lexical_block
	.long	.Ltmp1                          @ DW_AT_low_pc
	.long	.Ltmp2-.Ltmp1                   @ DW_AT_high_pc
	.byte	16                              @ Abbrev [16] 0x627:0xe DW_TAG_variable
	.byte	2                               @ DW_AT_location
	.byte	145
	.byte	4
	.long	.Linfo_string182                @ DW_AT_name
	.byte	4                               @ DW_AT_decl_file
	.byte	49                              @ DW_AT_decl_line
	.long	1322                            @ DW_AT_type
	.byte	0                               @ End Of Children Mark
	.byte	18                              @ Abbrev [18] 0x636:0x14 DW_TAG_lexical_block
	.long	.Ldebug_ranges0                 @ DW_AT_ranges
	.byte	16                              @ Abbrev [16] 0x63b:0xe DW_TAG_variable
	.byte	2                               @ DW_AT_location
	.byte	145
	.byte	4
	.long	.Linfo_string182                @ DW_AT_name
	.byte	4                               @ DW_AT_decl_file
	.byte	50                              @ DW_AT_decl_line
	.long	1322                            @ DW_AT_type
	.byte	0                               @ End Of Children Mark
	.byte	17                              @ Abbrev [17] 0x64a:0x18 DW_TAG_lexical_block
	.long	.Ltmp7                          @ DW_AT_low_pc
	.long	.Ltmp8-.Ltmp7                   @ DW_AT_high_pc
	.byte	16                              @ Abbrev [16] 0x653:0xe DW_TAG_variable
	.byte	2                               @ DW_AT_location
	.byte	145
	.byte	4
	.long	.Linfo_string182                @ DW_AT_name
	.byte	4                               @ DW_AT_decl_file
	.byte	51                              @ DW_AT_decl_line
	.long	1322                            @ DW_AT_type
	.byte	0                               @ End Of Children Mark
	.byte	17                              @ Abbrev [17] 0x662:0x18 DW_TAG_lexical_block
	.long	.Ltmp8                          @ DW_AT_low_pc
	.long	.Ltmp9-.Ltmp8                   @ DW_AT_high_pc
	.byte	16                              @ Abbrev [16] 0x66b:0xe DW_TAG_variable
	.byte	2                               @ DW_AT_location
	.byte	145
	.byte	4
	.long	.Linfo_string182                @ DW_AT_name
	.byte	4                               @ DW_AT_decl_file
	.byte	52                              @ DW_AT_decl_line
	.long	1322                            @ DW_AT_type
	.byte	0                               @ End Of Children Mark
	.byte	18                              @ Abbrev [18] 0x67a:0x14 DW_TAG_lexical_block
	.long	.Ldebug_ranges1                 @ DW_AT_ranges
	.byte	16                              @ Abbrev [16] 0x67f:0xe DW_TAG_variable
	.byte	2                               @ DW_AT_location
	.byte	145
	.byte	4
	.long	.Linfo_string182                @ DW_AT_name
	.byte	4                               @ DW_AT_decl_file
	.byte	53                              @ DW_AT_decl_line
	.long	1322                            @ DW_AT_type
	.byte	0                               @ End Of Children Mark
	.byte	0                               @ End Of Children Mark
	.byte	11                              @ Abbrev [11] 0x68f:0xb DW_TAG_typedef
	.long	1690                            @ DW_AT_type
	.long	.Linfo_string181                @ DW_AT_name
	.byte	1                               @ DW_AT_decl_file
	.byte	64                              @ DW_AT_decl_line
	.byte	19                              @ Abbrev [19] 0x69a:0x41 DW_TAG_structure_type
	.byte	20                              @ DW_AT_byte_size
	.byte	1                               @ DW_AT_decl_file
	.byte	48                              @ DW_AT_decl_line
	.byte	20                              @ Abbrev [20] 0x69e:0xc DW_TAG_member
	.long	.Linfo_string176                @ DW_AT_name
	.long	1327                            @ DW_AT_type
	.byte	1                               @ DW_AT_decl_file
	.byte	50                              @ DW_AT_decl_line
	.byte	0                               @ DW_AT_data_member_location
	.byte	20                              @ Abbrev [20] 0x6aa:0xc DW_TAG_member
	.long	.Linfo_string177                @ DW_AT_name
	.long	1327                            @ DW_AT_type
	.byte	1                               @ DW_AT_decl_file
	.byte	53                              @ DW_AT_decl_line
	.byte	4                               @ DW_AT_data_member_location
	.byte	20                              @ Abbrev [20] 0x6b6:0xc DW_TAG_member
	.long	.Linfo_string178                @ DW_AT_name
	.long	1327                            @ DW_AT_type
	.byte	1                               @ DW_AT_decl_file
	.byte	56                              @ DW_AT_decl_line
	.byte	8                               @ DW_AT_data_member_location
	.byte	20                              @ Abbrev [20] 0x6c2:0xc DW_TAG_member
	.long	.Linfo_string179                @ DW_AT_name
	.long	1327                            @ DW_AT_type
	.byte	1                               @ DW_AT_decl_file
	.byte	59                              @ DW_AT_decl_line
	.byte	12                              @ DW_AT_data_member_location
	.byte	20                              @ Abbrev [20] 0x6ce:0xc DW_TAG_member
	.long	.Linfo_string180                @ DW_AT_name
	.long	1327                            @ DW_AT_type
	.byte	1                               @ DW_AT_decl_file
	.byte	62                              @ DW_AT_decl_line
	.byte	16                              @ DW_AT_data_member_location
	.byte	0                               @ End Of Children Mark
	.byte	0                               @ End Of Children Mark
.Ldebug_info_end0:
	.section	.debug_ranges,"",%progbits
.Ldebug_ranges0:
	.long	.Ltmp2-.Lfunc_begin0
	.long	.Ltmp3-.Lfunc_begin0
	.long	.Ltmp4-.Lfunc_begin0
	.long	.Ltmp5-.Lfunc_begin0
	.long	.Ltmp6-.Lfunc_begin0
	.long	.Ltmp7-.Lfunc_begin0
	.long	0
	.long	0
.Ldebug_ranges1:
	.long	.Ltmp9-.Lfunc_begin0
	.long	.Ltmp10-.Lfunc_begin0
	.long	.Ltmp11-.Lfunc_begin0
	.long	.Ltmp12-.Lfunc_begin0
	.long	0
	.long	0
	.section	.debug_str,"MS",%progbits,1
.Linfo_string0:
	.asciz	"Component: ARM Compiler 6.16 Tool: armclang [5dfeb700]" @ string offset=0
.Linfo_string1:
	.asciz	"../src/board/amcbldc/v120/src\\gpio.c" @ string offset=55
.Linfo_string2:
	.asciz	"C:\\Users\\grodriguez\\Documents\\iit\\icub-firmware\\emBODY\\eBcode\\arch-arm\\libs\\lowlevel\\stm32hal\\proj" @ string offset=92
.Linfo_string3:
	.asciz	"unsigned char"                 @ string offset=191
.Linfo_string4:
	.asciz	"GPIO_PIN_RESET"                @ string offset=205
.Linfo_string5:
	.asciz	"GPIO_PIN_SET"                  @ string offset=220
.Linfo_string6:
	.asciz	"signed char"                   @ string offset=233
.Linfo_string7:
	.asciz	"NonMaskableInt_IRQn"           @ string offset=245
.Linfo_string8:
	.asciz	"HardFault_IRQn"                @ string offset=265
.Linfo_string9:
	.asciz	"MemoryManagement_IRQn"         @ string offset=280
.Linfo_string10:
	.asciz	"BusFault_IRQn"                 @ string offset=302
.Linfo_string11:
	.asciz	"UsageFault_IRQn"               @ string offset=316
.Linfo_string12:
	.asciz	"SVCall_IRQn"                   @ string offset=332
.Linfo_string13:
	.asciz	"DebugMonitor_IRQn"             @ string offset=344
.Linfo_string14:
	.asciz	"PendSV_IRQn"                   @ string offset=362
.Linfo_string15:
	.asciz	"SysTick_IRQn"                  @ string offset=374
.Linfo_string16:
	.asciz	"WWDG_IRQn"                     @ string offset=387
.Linfo_string17:
	.asciz	"PVD_PVM_IRQn"                  @ string offset=397
.Linfo_string18:
	.asciz	"RTC_TAMP_LSECSS_IRQn"          @ string offset=410
.Linfo_string19:
	.asciz	"RTC_WKUP_IRQn"                 @ string offset=431
.Linfo_string20:
	.asciz	"FLASH_IRQn"                    @ string offset=445
.Linfo_string21:
	.asciz	"RCC_IRQn"                      @ string offset=456
.Linfo_string22:
	.asciz	"EXTI0_IRQn"                    @ string offset=465
.Linfo_string23:
	.asciz	"EXTI1_IRQn"                    @ string offset=476
.Linfo_string24:
	.asciz	"EXTI2_IRQn"                    @ string offset=487
.Linfo_string25:
	.asciz	"EXTI3_IRQn"                    @ string offset=498
.Linfo_string26:
	.asciz	"EXTI4_IRQn"                    @ string offset=509
.Linfo_string27:
	.asciz	"DMA1_Channel1_IRQn"            @ string offset=520
.Linfo_string28:
	.asciz	"DMA1_Channel2_IRQn"            @ string offset=539
.Linfo_string29:
	.asciz	"DMA1_Channel3_IRQn"            @ string offset=558
.Linfo_string30:
	.asciz	"DMA1_Channel4_IRQn"            @ string offset=577
.Linfo_string31:
	.asciz	"DMA1_Channel5_IRQn"            @ string offset=596
.Linfo_string32:
	.asciz	"DMA1_Channel6_IRQn"            @ string offset=615
.Linfo_string33:
	.asciz	"DMA1_Channel7_IRQn"            @ string offset=634
.Linfo_string34:
	.asciz	"ADC1_2_IRQn"                   @ string offset=653
.Linfo_string35:
	.asciz	"USB_HP_IRQn"                   @ string offset=665
.Linfo_string36:
	.asciz	"USB_LP_IRQn"                   @ string offset=677
.Linfo_string37:
	.asciz	"FDCAN1_IT0_IRQn"               @ string offset=689
.Linfo_string38:
	.asciz	"FDCAN1_IT1_IRQn"               @ string offset=705
.Linfo_string39:
	.asciz	"EXTI9_5_IRQn"                  @ string offset=721
.Linfo_string40:
	.asciz	"TIM1_BRK_TIM15_IRQn"           @ string offset=734
.Linfo_string41:
	.asciz	"TIM1_UP_TIM16_IRQn"            @ string offset=754
.Linfo_string42:
	.asciz	"TIM1_TRG_COM_TIM17_IRQn"       @ string offset=773
.Linfo_string43:
	.asciz	"TIM1_CC_IRQn"                  @ string offset=797
.Linfo_string44:
	.asciz	"TIM2_IRQn"                     @ string offset=810
.Linfo_string45:
	.asciz	"TIM3_IRQn"                     @ string offset=820
.Linfo_string46:
	.asciz	"TIM4_IRQn"                     @ string offset=830
.Linfo_string47:
	.asciz	"I2C1_EV_IRQn"                  @ string offset=840
.Linfo_string48:
	.asciz	"I2C1_ER_IRQn"                  @ string offset=853
.Linfo_string49:
	.asciz	"I2C2_EV_IRQn"                  @ string offset=866
.Linfo_string50:
	.asciz	"I2C2_ER_IRQn"                  @ string offset=879
.Linfo_string51:
	.asciz	"SPI1_IRQn"                     @ string offset=892
.Linfo_string52:
	.asciz	"SPI2_IRQn"                     @ string offset=902
.Linfo_string53:
	.asciz	"USART1_IRQn"                   @ string offset=912
.Linfo_string54:
	.asciz	"USART2_IRQn"                   @ string offset=924
.Linfo_string55:
	.asciz	"USART3_IRQn"                   @ string offset=936
.Linfo_string56:
	.asciz	"EXTI15_10_IRQn"                @ string offset=948
.Linfo_string57:
	.asciz	"RTC_Alarm_IRQn"                @ string offset=963
.Linfo_string58:
	.asciz	"USBWakeUp_IRQn"                @ string offset=978
.Linfo_string59:
	.asciz	"TIM8_BRK_IRQn"                 @ string offset=993
.Linfo_string60:
	.asciz	"TIM8_UP_IRQn"                  @ string offset=1007
.Linfo_string61:
	.asciz	"TIM8_TRG_COM_IRQn"             @ string offset=1020
.Linfo_string62:
	.asciz	"TIM8_CC_IRQn"                  @ string offset=1038
.Linfo_string63:
	.asciz	"ADC3_IRQn"                     @ string offset=1051
.Linfo_string64:
	.asciz	"FMC_IRQn"                      @ string offset=1061
.Linfo_string65:
	.asciz	"LPTIM1_IRQn"                   @ string offset=1070
.Linfo_string66:
	.asciz	"TIM5_IRQn"                     @ string offset=1082
.Linfo_string67:
	.asciz	"SPI3_IRQn"                     @ string offset=1092
.Linfo_string68:
	.asciz	"UART4_IRQn"                    @ string offset=1102
.Linfo_string69:
	.asciz	"UART5_IRQn"                    @ string offset=1113
.Linfo_string70:
	.asciz	"TIM6_DAC_IRQn"                 @ string offset=1124
.Linfo_string71:
	.asciz	"TIM7_DAC_IRQn"                 @ string offset=1138
.Linfo_string72:
	.asciz	"DMA2_Channel1_IRQn"            @ string offset=1152
.Linfo_string73:
	.asciz	"DMA2_Channel2_IRQn"            @ string offset=1171
.Linfo_string74:
	.asciz	"DMA2_Channel3_IRQn"            @ string offset=1190
.Linfo_string75:
	.asciz	"DMA2_Channel4_IRQn"            @ string offset=1209
.Linfo_string76:
	.asciz	"DMA2_Channel5_IRQn"            @ string offset=1228
.Linfo_string77:
	.asciz	"ADC4_IRQn"                     @ string offset=1247
.Linfo_string78:
	.asciz	"ADC5_IRQn"                     @ string offset=1257
.Linfo_string79:
	.asciz	"UCPD1_IRQn"                    @ string offset=1267
.Linfo_string80:
	.asciz	"COMP1_2_3_IRQn"                @ string offset=1278
.Linfo_string81:
	.asciz	"COMP4_5_6_IRQn"                @ string offset=1293
.Linfo_string82:
	.asciz	"COMP7_IRQn"                    @ string offset=1308
.Linfo_string83:
	.asciz	"HRTIM1_Master_IRQn"            @ string offset=1319
.Linfo_string84:
	.asciz	"HRTIM1_TIMA_IRQn"              @ string offset=1338
.Linfo_string85:
	.asciz	"HRTIM1_TIMB_IRQn"              @ string offset=1355
.Linfo_string86:
	.asciz	"HRTIM1_TIMC_IRQn"              @ string offset=1372
.Linfo_string87:
	.asciz	"HRTIM1_TIMD_IRQn"              @ string offset=1389
.Linfo_string88:
	.asciz	"HRTIM1_TIME_IRQn"              @ string offset=1406
.Linfo_string89:
	.asciz	"HRTIM1_FLT_IRQn"               @ string offset=1423
.Linfo_string90:
	.asciz	"HRTIM1_TIMF_IRQn"              @ string offset=1439
.Linfo_string91:
	.asciz	"CRS_IRQn"                      @ string offset=1456
.Linfo_string92:
	.asciz	"SAI1_IRQn"                     @ string offset=1465
.Linfo_string93:
	.asciz	"TIM20_BRK_IRQn"                @ string offset=1475
.Linfo_string94:
	.asciz	"TIM20_UP_IRQn"                 @ string offset=1490
.Linfo_string95:
	.asciz	"TIM20_TRG_COM_IRQn"            @ string offset=1504
.Linfo_string96:
	.asciz	"TIM20_CC_IRQn"                 @ string offset=1523
.Linfo_string97:
	.asciz	"FPU_IRQn"                      @ string offset=1537
.Linfo_string98:
	.asciz	"I2C4_EV_IRQn"                  @ string offset=1546
.Linfo_string99:
	.asciz	"I2C4_ER_IRQn"                  @ string offset=1559
.Linfo_string100:
	.asciz	"SPI4_IRQn"                     @ string offset=1572
.Linfo_string101:
	.asciz	"FDCAN2_IT0_IRQn"               @ string offset=1582
.Linfo_string102:
	.asciz	"FDCAN2_IT1_IRQn"               @ string offset=1598
.Linfo_string103:
	.asciz	"FDCAN3_IT0_IRQn"               @ string offset=1614
.Linfo_string104:
	.asciz	"FDCAN3_IT1_IRQn"               @ string offset=1630
.Linfo_string105:
	.asciz	"RNG_IRQn"                      @ string offset=1646
.Linfo_string106:
	.asciz	"LPUART1_IRQn"                  @ string offset=1655
.Linfo_string107:
	.asciz	"I2C3_EV_IRQn"                  @ string offset=1668
.Linfo_string108:
	.asciz	"I2C3_ER_IRQn"                  @ string offset=1681
.Linfo_string109:
	.asciz	"DMAMUX_OVR_IRQn"               @ string offset=1694
.Linfo_string110:
	.asciz	"QUADSPI_IRQn"                  @ string offset=1710
.Linfo_string111:
	.asciz	"DMA1_Channel8_IRQn"            @ string offset=1723
.Linfo_string112:
	.asciz	"DMA2_Channel6_IRQn"            @ string offset=1742
.Linfo_string113:
	.asciz	"DMA2_Channel7_IRQn"            @ string offset=1761
.Linfo_string114:
	.asciz	"DMA2_Channel8_IRQn"            @ string offset=1780
.Linfo_string115:
	.asciz	"CORDIC_IRQn"                   @ string offset=1799
.Linfo_string116:
	.asciz	"FMAC_IRQn"                     @ string offset=1811
.Linfo_string117:
	.asciz	"CR"                            @ string offset=1821
.Linfo_string118:
	.asciz	"unsigned int"                  @ string offset=1824
.Linfo_string119:
	.asciz	"uint32_t"                      @ string offset=1837
.Linfo_string120:
	.asciz	"ICSCR"                         @ string offset=1846
.Linfo_string121:
	.asciz	"CFGR"                          @ string offset=1852
.Linfo_string122:
	.asciz	"PLLCFGR"                       @ string offset=1857
.Linfo_string123:
	.asciz	"RESERVED0"                     @ string offset=1865
.Linfo_string124:
	.asciz	"RESERVED1"                     @ string offset=1875
.Linfo_string125:
	.asciz	"CIER"                          @ string offset=1885
.Linfo_string126:
	.asciz	"CIFR"                          @ string offset=1890
.Linfo_string127:
	.asciz	"CICR"                          @ string offset=1895
.Linfo_string128:
	.asciz	"RESERVED2"                     @ string offset=1900
.Linfo_string129:
	.asciz	"AHB1RSTR"                      @ string offset=1910
.Linfo_string130:
	.asciz	"AHB2RSTR"                      @ string offset=1919
.Linfo_string131:
	.asciz	"AHB3RSTR"                      @ string offset=1928
.Linfo_string132:
	.asciz	"RESERVED3"                     @ string offset=1937
.Linfo_string133:
	.asciz	"APB1RSTR1"                     @ string offset=1947
.Linfo_string134:
	.asciz	"APB1RSTR2"                     @ string offset=1957
.Linfo_string135:
	.asciz	"APB2RSTR"                      @ string offset=1967
.Linfo_string136:
	.asciz	"RESERVED4"                     @ string offset=1976
.Linfo_string137:
	.asciz	"AHB1ENR"                       @ string offset=1986
.Linfo_string138:
	.asciz	"AHB2ENR"                       @ string offset=1994
.Linfo_string139:
	.asciz	"AHB3ENR"                       @ string offset=2002
.Linfo_string140:
	.asciz	"RESERVED5"                     @ string offset=2010
.Linfo_string141:
	.asciz	"APB1ENR1"                      @ string offset=2020
.Linfo_string142:
	.asciz	"APB1ENR2"                      @ string offset=2029
.Linfo_string143:
	.asciz	"APB2ENR"                       @ string offset=2038
.Linfo_string144:
	.asciz	"RESERVED6"                     @ string offset=2046
.Linfo_string145:
	.asciz	"AHB1SMENR"                     @ string offset=2056
.Linfo_string146:
	.asciz	"AHB2SMENR"                     @ string offset=2066
.Linfo_string147:
	.asciz	"AHB3SMENR"                     @ string offset=2076
.Linfo_string148:
	.asciz	"RESERVED7"                     @ string offset=2086
.Linfo_string149:
	.asciz	"APB1SMENR1"                    @ string offset=2096
.Linfo_string150:
	.asciz	"APB1SMENR2"                    @ string offset=2107
.Linfo_string151:
	.asciz	"APB2SMENR"                     @ string offset=2118
.Linfo_string152:
	.asciz	"RESERVED8"                     @ string offset=2128
.Linfo_string153:
	.asciz	"CCIPR"                         @ string offset=2138
.Linfo_string154:
	.asciz	"RESERVED9"                     @ string offset=2144
.Linfo_string155:
	.asciz	"BDCR"                          @ string offset=2154
.Linfo_string156:
	.asciz	"CSR"                           @ string offset=2159
.Linfo_string157:
	.asciz	"CRRCR"                         @ string offset=2163
.Linfo_string158:
	.asciz	"CCIPR2"                        @ string offset=2169
.Linfo_string159:
	.asciz	"RCC_TypeDef"                   @ string offset=2176
.Linfo_string160:
	.asciz	"MODER"                         @ string offset=2188
.Linfo_string161:
	.asciz	"OTYPER"                        @ string offset=2194
.Linfo_string162:
	.asciz	"OSPEEDR"                       @ string offset=2201
.Linfo_string163:
	.asciz	"PUPDR"                         @ string offset=2209
.Linfo_string164:
	.asciz	"IDR"                           @ string offset=2215
.Linfo_string165:
	.asciz	"ODR"                           @ string offset=2219
.Linfo_string166:
	.asciz	"BSRR"                          @ string offset=2223
.Linfo_string167:
	.asciz	"LCKR"                          @ string offset=2228
.Linfo_string168:
	.asciz	"AFR"                           @ string offset=2233
.Linfo_string169:
	.asciz	"__ARRAY_SIZE_TYPE__"           @ string offset=2237
.Linfo_string170:
	.asciz	"BRR"                           @ string offset=2257
.Linfo_string171:
	.asciz	"GPIO_TypeDef"                  @ string offset=2261
.Linfo_string172:
	.asciz	"unsigned short"                @ string offset=2274
.Linfo_string173:
	.asciz	"uint16_t"                      @ string offset=2289
.Linfo_string174:
	.asciz	"MX_GPIO_Init"                  @ string offset=2298
.Linfo_string175:
	.asciz	"GPIO_InitStruct"               @ string offset=2311
.Linfo_string176:
	.asciz	"Pin"                           @ string offset=2327
.Linfo_string177:
	.asciz	"Mode"                          @ string offset=2331
.Linfo_string178:
	.asciz	"Pull"                          @ string offset=2336
.Linfo_string179:
	.asciz	"Speed"                         @ string offset=2341
.Linfo_string180:
	.asciz	"Alternate"                     @ string offset=2347
.Linfo_string181:
	.asciz	"GPIO_InitTypeDef"              @ string offset=2357
.Linfo_string182:
	.asciz	"tmpreg"                        @ string offset=2374
	.ident	"Component: ARM Compiler 6.16 Tool: armclang [5dfeb700]"
	.section	".note.GNU-stack","",%progbits
	.eabi_attribute	30, 3	@ Tag_ABI_optimization_goals
	.ARM_attribute	16, 1	@ Tag_AV_eba
	.section	.debug_line,"",%progbits
.Lline_table_start0:
