	.text
	.syntax unified
	.eabi_attribute	67, "2.09"	@ Tag_conformance
	.cpu	cortex-m4
	.eabi_attribute	6, 13	@ Tag_CPU_arch
	.eabi_attribute	7, 77	@ Tag_CPU_arch_profile
	.eabi_attribute	8, 0	@ Tag_ARM_ISA_use
	.eabi_attribute	9, 2	@ Tag_THUMB_ISA_use
	.fpu	fpv4-sp-d16
	.eabi_attribute	27, 1	@ Tag_ABI_HardFP_use
	.eabi_attribute	36, 1	@ Tag_FP_HP_extension
	.eabi_attribute	34, 1	@ Tag_CPU_unaligned_access
	.eabi_attribute	17, 1	@ Tag_ABI_PCS_GOT_use
	.eabi_attribute	20, 2	@ Tag_ABI_FP_denormal
	.eabi_attribute	21, 0	@ Tag_ABI_FP_exceptions
	.eabi_attribute	23, 1	@ Tag_ABI_FP_number_model
	.eabi_attribute	24, 1	@ Tag_ABI_align_needed
	.eabi_attribute	25, 1	@ Tag_ABI_align_preserved
	.eabi_attribute	28, 1	@ Tag_ABI_VFP_args
	.eabi_attribute	38, 1	@ Tag_ABI_FP_16bit_format
	.eabi_attribute	18, 2	@ Tag_ABI_PCS_wchar_t
	.eabi_attribute	26, 1	@ Tag_ABI_enum_size
	.eabi_attribute	14, 0	@ Tag_ABI_PCS_R9_use
	.file	"rng.c"
	.file	1 "C:\\" "Keil_v5\\ARM\\ARMCLANG\\Bin\\..\\include\\stdint.h"
	.file	2 "C:\\Users\\grodriguez\\Documents\\iit\\icub-firmware\\emBODY\\eBcode\\arch-arm\\libs\\lowlevel\\stm32hal\\proj" "../src/driver/stm32g4-v120/inc/stm32g474xx.h"
	.file	3 "C:\\Users\\grodriguez\\Documents\\iit\\icub-firmware\\emBODY\\eBcode\\arch-arm\\libs\\lowlevel\\stm32hal\\proj" "../api\\../src/driver/stm32g4-v120/inc/stm32g4xx_hal_rng.h"
	.file	4 "C:\\Users\\grodriguez\\Documents\\iit\\icub-firmware\\emBODY\\eBcode\\arch-arm\\libs\\lowlevel\\stm32hal\\proj" "../src/driver/stm32g4-v120/inc/stm32g4xx_hal_def.h"
	.file	5 "C:\\Users\\grodriguez\\Documents\\iit\\icub-firmware\\emBODY\\eBcode\\arch-arm\\libs\\lowlevel\\stm32hal\\proj" "../src/board/amcbldc/v120/src/rng.c"
	.section	.text.MX_RNG_Init,"ax",%progbits
	.hidden	MX_RNG_Init                     @ -- Begin function MX_RNG_Init
	.globl	MX_RNG_Init
	.p2align	1
	.type	MX_RNG_Init,%function
	.code	16                              @ @MX_RNG_Init
	.thumb_func
MX_RNG_Init:
.Lfunc_begin0:
	.loc	5 31 0                          @ ../src/board/amcbldc/v120/src/rng.c:31:0
	.fnstart
	.cfi_sections .debug_frame
	.cfi_startproc
@ %bb.0:
	.save	{r7, lr}
	push	{r7, lr}
	.cfi_def_cfa_offset 8
	.cfi_offset lr, -4
	.cfi_offset r7, -8
.Ltmp0:
	.loc	5 33 17 prologue_end            @ ../src/board/amcbldc/v120/src/rng.c:33:17
	movw	r0, :lower16:hrng
	movw	r1, #2048
	movt	r0, :upper16:hrng
	movt	r1, #20486
	movs	r2, #0
	strd	r1, r2, [r0]
.Ltmp1:
	.loc	5 35 7                          @ ../src/board/amcbldc/v120/src/rng.c:35:7
	bl	HAL_RNG_Init
.Ltmp2:
	.loc	5 35 7 is_stmt 0                @ ../src/board/amcbldc/v120/src/rng.c:35:7
	cbz	r0, .LBB0_2
@ %bb.1:
.Ltmp3:
	.loc	5 37 5 is_stmt 1                @ ../src/board/amcbldc/v120/src/rng.c:37:5
	pop.w	{r7, lr}
.Ltmp4:
	b	Error_Handler
.Ltmp5:
.LBB0_2:
	.loc	5 40 1                          @ ../src/board/amcbldc/v120/src/rng.c:40:1
	pop	{r7, pc}
.Ltmp6:
.Lfunc_end0:
	.size	MX_RNG_Init, .Lfunc_end0-MX_RNG_Init
	.cfi_endproc
	.file	6 "C:\\Users\\grodriguez\\Documents\\iit\\icub-firmware\\emBODY\\eBcode\\arch-arm\\libs\\lowlevel\\stm32hal\\proj" "../api/../src/board/amcbldc/v120/inc/main.h"
	.cantunwind
	.fnend
                                        @ -- End function
	.section	.text.HAL_RNG_MspInit,"ax",%progbits
	.hidden	HAL_RNG_MspInit                 @ -- Begin function HAL_RNG_MspInit
	.globl	HAL_RNG_MspInit
	.p2align	1
	.type	HAL_RNG_MspInit,%function
	.code	16                              @ @HAL_RNG_MspInit
	.thumb_func
HAL_RNG_MspInit:
.Lfunc_begin1:
	.loc	5 43 0                          @ ../src/board/amcbldc/v120/src/rng.c:43:0
	.fnstart
	.cfi_startproc
@ %bb.0:
	@DEBUG_VALUE: HAL_RNG_MspInit:rngHandle <- $r0
	@DEBUG_VALUE: HAL_RNG_MspInit:rngHandle <- $r0
	.pad	#4
	sub	sp, #4
	.cfi_def_cfa_offset 4
.Ltmp7:
	.loc	5 45 17 prologue_end            @ ../src/board/amcbldc/v120/src/rng.c:45:17
	ldr	r0, [r0]
.Ltmp8:
	@DEBUG_VALUE: HAL_RNG_MspInit:rngHandle <- [DW_OP_LLVM_entry_value 1] $r0
	.loc	5 0 17 is_stmt 0                @ ../src/board/amcbldc/v120/src/rng.c:0:17
	movw	r1, #2048
	movt	r1, #20486
.Ltmp9:
	.loc	5 45 6                          @ ../src/board/amcbldc/v120/src/rng.c:45:6
	cmp	r0, r1
	bne	.LBB1_2
.Ltmp10:
@ %bb.1:
	@DEBUG_VALUE: HAL_RNG_MspInit:rngHandle <- [DW_OP_LLVM_entry_value 1] $r0
	.loc	5 0 6                           @ ../src/board/amcbldc/v120/src/rng.c:0:6
	movw	r0, #4172
	movt	r0, #16386
.Ltmp11:
	.loc	5 51 5 is_stmt 1                @ ../src/board/amcbldc/v120/src/rng.c:51:5
	ldr	r1, [r0]
	orr	r1, r1, #67108864
	str	r1, [r0]
	ldr	r0, [r0]
	and	r0, r0, #67108864
	str	r0, [sp]
	ldr	r0, [sp]
.Ltmp12:
.LBB1_2:
	@DEBUG_VALUE: HAL_RNG_MspInit:rngHandle <- [DW_OP_LLVM_entry_value 1] $r0
	.loc	5 56 1                          @ ../src/board/amcbldc/v120/src/rng.c:56:1
	add	sp, #4
	bx	lr
.Ltmp13:
.Lfunc_end1:
	.size	HAL_RNG_MspInit, .Lfunc_end1-HAL_RNG_MspInit
	.cfi_endproc
	.cantunwind
	.fnend
                                        @ -- End function
	.section	.text.HAL_RNG_MspDeInit,"ax",%progbits
	.hidden	HAL_RNG_MspDeInit               @ -- Begin function HAL_RNG_MspDeInit
	.globl	HAL_RNG_MspDeInit
	.p2align	1
	.type	HAL_RNG_MspDeInit,%function
	.code	16                              @ @HAL_RNG_MspDeInit
	.thumb_func
HAL_RNG_MspDeInit:
.Lfunc_begin2:
	.loc	5 59 0                          @ ../src/board/amcbldc/v120/src/rng.c:59:0
	.fnstart
	.cfi_startproc
@ %bb.0:
	@DEBUG_VALUE: HAL_RNG_MspDeInit:rngHandle <- $r0
	@DEBUG_VALUE: HAL_RNG_MspDeInit:rngHandle <- $r0
	.loc	5 61 17 prologue_end            @ ../src/board/amcbldc/v120/src/rng.c:61:17
	ldr	r0, [r0]
.Ltmp14:
	@DEBUG_VALUE: HAL_RNG_MspDeInit:rngHandle <- [DW_OP_LLVM_entry_value 1] $r0
	.loc	5 0 17 is_stmt 0                @ ../src/board/amcbldc/v120/src/rng.c:0:17
	movw	r1, #2048
	movt	r1, #20486
.Ltmp15:
	.loc	5 61 6                          @ ../src/board/amcbldc/v120/src/rng.c:61:6
	cmp	r0, r1
	.loc	5 72 1 is_stmt 1                @ ../src/board/amcbldc/v120/src/rng.c:72:1
	it	ne
	bxne	lr
.Ltmp16:
.LBB2_1:
	@DEBUG_VALUE: HAL_RNG_MspDeInit:rngHandle <- [DW_OP_LLVM_entry_value 1] $r0
	.loc	5 0 1 is_stmt 0                 @ ../src/board/amcbldc/v120/src/rng.c:0:1
	movw	r0, #4172
	movt	r0, #16386
.Ltmp17:
	.loc	5 67 5 is_stmt 1                @ ../src/board/amcbldc/v120/src/rng.c:67:5
	ldr	r1, [r0]
	bic	r1, r1, #67108864
	str	r1, [r0]
.Ltmp18:
	.loc	5 72 1                          @ ../src/board/amcbldc/v120/src/rng.c:72:1
	bx	lr
.Ltmp19:
.Lfunc_end2:
	.size	HAL_RNG_MspDeInit, .Lfunc_end2-HAL_RNG_MspDeInit
	.cfi_endproc
	.cantunwind
	.fnend
                                        @ -- End function
	.hidden	hrng                            @ @hrng
	.type	hrng,%object
	.section	.bss.hrng,"aw",%nobits
	.globl	hrng
	.p2align	2
hrng:
	.zero	20
	.size	hrng, 20

	.section	.debug_loc,"",%progbits
.Ldebug_loc0:
	.long	-1
	.long	.Lfunc_begin1                   @   base address
	.long	.Lfunc_begin1-.Lfunc_begin1
	.long	.Ltmp8-.Lfunc_begin1
	.short	1                               @ Loc expr size
	.byte	80                              @ DW_OP_reg0
	.long	.Ltmp8-.Lfunc_begin1
	.long	.Lfunc_end1-.Lfunc_begin1
	.short	4                               @ Loc expr size
	.byte	243                             @ DW_OP_GNU_entry_value
	.byte	1                               @ 1
	.byte	80                              @ DW_OP_reg0
	.byte	159                             @ DW_OP_stack_value
	.long	0
	.long	0
.Ldebug_loc1:
	.long	-1
	.long	.Lfunc_begin2                   @   base address
	.long	.Lfunc_begin2-.Lfunc_begin2
	.long	.Ltmp14-.Lfunc_begin2
	.short	1                               @ Loc expr size
	.byte	80                              @ DW_OP_reg0
	.long	.Ltmp14-.Lfunc_begin2
	.long	.Lfunc_end2-.Lfunc_begin2
	.short	4                               @ Loc expr size
	.byte	243                             @ DW_OP_GNU_entry_value
	.byte	1                               @ 1
	.byte	80                              @ DW_OP_reg0
	.byte	159                             @ DW_OP_stack_value
	.long	0
	.long	0
	.section	.debug_abbrev,"",%progbits
	.byte	1                               @ Abbreviation Code
	.byte	17                              @ DW_TAG_compile_unit
	.byte	1                               @ DW_CHILDREN_yes
	.byte	37                              @ DW_AT_producer
	.byte	14                              @ DW_FORM_strp
	.byte	19                              @ DW_AT_language
	.byte	5                               @ DW_FORM_data2
	.byte	3                               @ DW_AT_name
	.byte	14                              @ DW_FORM_strp
	.byte	16                              @ DW_AT_stmt_list
	.byte	23                              @ DW_FORM_sec_offset
	.byte	27                              @ DW_AT_comp_dir
	.byte	14                              @ DW_FORM_strp
	.byte	17                              @ DW_AT_low_pc
	.byte	1                               @ DW_FORM_addr
	.byte	85                              @ DW_AT_ranges
	.byte	23                              @ DW_FORM_sec_offset
	.byte	0                               @ EOM(1)
	.byte	0                               @ EOM(2)
	.byte	2                               @ Abbreviation Code
	.byte	52                              @ DW_TAG_variable
	.byte	0                               @ DW_CHILDREN_no
	.byte	3                               @ DW_AT_name
	.byte	14                              @ DW_FORM_strp
	.byte	73                              @ DW_AT_type
	.byte	19                              @ DW_FORM_ref4
	.byte	63                              @ DW_AT_external
	.byte	25                              @ DW_FORM_flag_present
	.byte	58                              @ DW_AT_decl_file
	.byte	11                              @ DW_FORM_data1
	.byte	59                              @ DW_AT_decl_line
	.byte	11                              @ DW_FORM_data1
	.byte	2                               @ DW_AT_location
	.byte	24                              @ DW_FORM_exprloc
	.byte	0                               @ EOM(1)
	.byte	0                               @ EOM(2)
	.byte	3                               @ Abbreviation Code
	.byte	22                              @ DW_TAG_typedef
	.byte	0                               @ DW_CHILDREN_no
	.byte	73                              @ DW_AT_type
	.byte	19                              @ DW_FORM_ref4
	.byte	3                               @ DW_AT_name
	.byte	14                              @ DW_FORM_strp
	.byte	58                              @ DW_AT_decl_file
	.byte	11                              @ DW_FORM_data1
	.byte	59                              @ DW_AT_decl_line
	.byte	11                              @ DW_FORM_data1
	.byte	0                               @ EOM(1)
	.byte	0                               @ EOM(2)
	.byte	4                               @ Abbreviation Code
	.byte	19                              @ DW_TAG_structure_type
	.byte	1                               @ DW_CHILDREN_yes
	.byte	11                              @ DW_AT_byte_size
	.byte	11                              @ DW_FORM_data1
	.byte	58                              @ DW_AT_decl_file
	.byte	11                              @ DW_FORM_data1
	.byte	59                              @ DW_AT_decl_line
	.byte	11                              @ DW_FORM_data1
	.byte	0                               @ EOM(1)
	.byte	0                               @ EOM(2)
	.byte	5                               @ Abbreviation Code
	.byte	13                              @ DW_TAG_member
	.byte	0                               @ DW_CHILDREN_no
	.byte	3                               @ DW_AT_name
	.byte	14                              @ DW_FORM_strp
	.byte	73                              @ DW_AT_type
	.byte	19                              @ DW_FORM_ref4
	.byte	58                              @ DW_AT_decl_file
	.byte	11                              @ DW_FORM_data1
	.byte	59                              @ DW_AT_decl_line
	.byte	11                              @ DW_FORM_data1
	.byte	56                              @ DW_AT_data_member_location
	.byte	11                              @ DW_FORM_data1
	.byte	0                               @ EOM(1)
	.byte	0                               @ EOM(2)
	.byte	6                               @ Abbreviation Code
	.byte	15                              @ DW_TAG_pointer_type
	.byte	0                               @ DW_CHILDREN_no
	.byte	73                              @ DW_AT_type
	.byte	19                              @ DW_FORM_ref4
	.byte	0                               @ EOM(1)
	.byte	0                               @ EOM(2)
	.byte	7                               @ Abbreviation Code
	.byte	22                              @ DW_TAG_typedef
	.byte	0                               @ DW_CHILDREN_no
	.byte	73                              @ DW_AT_type
	.byte	19                              @ DW_FORM_ref4
	.byte	3                               @ DW_AT_name
	.byte	14                              @ DW_FORM_strp
	.byte	58                              @ DW_AT_decl_file
	.byte	11                              @ DW_FORM_data1
	.byte	59                              @ DW_AT_decl_line
	.byte	5                               @ DW_FORM_data2
	.byte	0                               @ EOM(1)
	.byte	0                               @ EOM(2)
	.byte	8                               @ Abbreviation Code
	.byte	19                              @ DW_TAG_structure_type
	.byte	1                               @ DW_CHILDREN_yes
	.byte	11                              @ DW_AT_byte_size
	.byte	11                              @ DW_FORM_data1
	.byte	58                              @ DW_AT_decl_file
	.byte	11                              @ DW_FORM_data1
	.byte	59                              @ DW_AT_decl_line
	.byte	5                               @ DW_FORM_data2
	.byte	0                               @ EOM(1)
	.byte	0                               @ EOM(2)
	.byte	9                               @ Abbreviation Code
	.byte	13                              @ DW_TAG_member
	.byte	0                               @ DW_CHILDREN_no
	.byte	3                               @ DW_AT_name
	.byte	14                              @ DW_FORM_strp
	.byte	73                              @ DW_AT_type
	.byte	19                              @ DW_FORM_ref4
	.byte	58                              @ DW_AT_decl_file
	.byte	11                              @ DW_FORM_data1
	.byte	59                              @ DW_AT_decl_line
	.byte	5                               @ DW_FORM_data2
	.byte	56                              @ DW_AT_data_member_location
	.byte	11                              @ DW_FORM_data1
	.byte	0                               @ EOM(1)
	.byte	0                               @ EOM(2)
	.byte	10                              @ Abbreviation Code
	.byte	53                              @ DW_TAG_volatile_type
	.byte	0                               @ DW_CHILDREN_no
	.byte	73                              @ DW_AT_type
	.byte	19                              @ DW_FORM_ref4
	.byte	0                               @ EOM(1)
	.byte	0                               @ EOM(2)
	.byte	11                              @ Abbreviation Code
	.byte	36                              @ DW_TAG_base_type
	.byte	0                               @ DW_CHILDREN_no
	.byte	3                               @ DW_AT_name
	.byte	14                              @ DW_FORM_strp
	.byte	62                              @ DW_AT_encoding
	.byte	11                              @ DW_FORM_data1
	.byte	11                              @ DW_AT_byte_size
	.byte	11                              @ DW_FORM_data1
	.byte	0                               @ EOM(1)
	.byte	0                               @ EOM(2)
	.byte	12                              @ Abbreviation Code
	.byte	4                               @ DW_TAG_enumeration_type
	.byte	1                               @ DW_CHILDREN_yes
	.byte	73                              @ DW_AT_type
	.byte	19                              @ DW_FORM_ref4
	.byte	11                              @ DW_AT_byte_size
	.byte	11                              @ DW_FORM_data1
	.byte	58                              @ DW_AT_decl_file
	.byte	11                              @ DW_FORM_data1
	.byte	59                              @ DW_AT_decl_line
	.byte	11                              @ DW_FORM_data1
	.byte	0                               @ EOM(1)
	.byte	0                               @ EOM(2)
	.byte	13                              @ Abbreviation Code
	.byte	40                              @ DW_TAG_enumerator
	.byte	0                               @ DW_CHILDREN_no
	.byte	3                               @ DW_AT_name
	.byte	14                              @ DW_FORM_strp
	.byte	28                              @ DW_AT_const_value
	.byte	15                              @ DW_FORM_udata
	.byte	0                               @ EOM(1)
	.byte	0                               @ EOM(2)
	.byte	14                              @ Abbreviation Code
	.byte	46                              @ DW_TAG_subprogram
	.byte	1                               @ DW_CHILDREN_yes
	.byte	17                              @ DW_AT_low_pc
	.byte	1                               @ DW_FORM_addr
	.byte	18                              @ DW_AT_high_pc
	.byte	6                               @ DW_FORM_data4
	.byte	64                              @ DW_AT_frame_base
	.byte	24                              @ DW_FORM_exprloc
	.ascii	"\227B"                         @ DW_AT_GNU_all_call_sites
	.byte	25                              @ DW_FORM_flag_present
	.byte	3                               @ DW_AT_name
	.byte	14                              @ DW_FORM_strp
	.byte	58                              @ DW_AT_decl_file
	.byte	11                              @ DW_FORM_data1
	.byte	59                              @ DW_AT_decl_line
	.byte	11                              @ DW_FORM_data1
	.byte	39                              @ DW_AT_prototyped
	.byte	25                              @ DW_FORM_flag_present
	.byte	63                              @ DW_AT_external
	.byte	25                              @ DW_FORM_flag_present
	.byte	0                               @ EOM(1)
	.byte	0                               @ EOM(2)
	.byte	15                              @ Abbreviation Code
	.ascii	"\211\202\001"                  @ DW_TAG_GNU_call_site
	.byte	0                               @ DW_CHILDREN_no
	.byte	49                              @ DW_AT_abstract_origin
	.byte	19                              @ DW_FORM_ref4
	.ascii	"\225B"                         @ DW_AT_GNU_tail_call
	.byte	25                              @ DW_FORM_flag_present
	.byte	17                              @ DW_AT_low_pc
	.byte	1                               @ DW_FORM_addr
	.byte	0                               @ EOM(1)
	.byte	0                               @ EOM(2)
	.byte	16                              @ Abbreviation Code
	.byte	46                              @ DW_TAG_subprogram
	.byte	0                               @ DW_CHILDREN_no
	.byte	3                               @ DW_AT_name
	.byte	14                              @ DW_FORM_strp
	.byte	58                              @ DW_AT_decl_file
	.byte	11                              @ DW_FORM_data1
	.byte	59                              @ DW_AT_decl_line
	.byte	11                              @ DW_FORM_data1
	.byte	39                              @ DW_AT_prototyped
	.byte	25                              @ DW_FORM_flag_present
	.byte	60                              @ DW_AT_declaration
	.byte	25                              @ DW_FORM_flag_present
	.byte	63                              @ DW_AT_external
	.byte	25                              @ DW_FORM_flag_present
	.byte	0                               @ EOM(1)
	.byte	0                               @ EOM(2)
	.byte	17                              @ Abbreviation Code
	.byte	5                               @ DW_TAG_formal_parameter
	.byte	0                               @ DW_CHILDREN_no
	.byte	2                               @ DW_AT_location
	.byte	23                              @ DW_FORM_sec_offset
	.byte	3                               @ DW_AT_name
	.byte	14                              @ DW_FORM_strp
	.byte	58                              @ DW_AT_decl_file
	.byte	11                              @ DW_FORM_data1
	.byte	59                              @ DW_AT_decl_line
	.byte	11                              @ DW_FORM_data1
	.byte	73                              @ DW_AT_type
	.byte	19                              @ DW_FORM_ref4
	.byte	0                               @ EOM(1)
	.byte	0                               @ EOM(2)
	.byte	18                              @ Abbreviation Code
	.byte	11                              @ DW_TAG_lexical_block
	.byte	1                               @ DW_CHILDREN_yes
	.byte	17                              @ DW_AT_low_pc
	.byte	1                               @ DW_FORM_addr
	.byte	18                              @ DW_AT_high_pc
	.byte	6                               @ DW_FORM_data4
	.byte	0                               @ EOM(1)
	.byte	0                               @ EOM(2)
	.byte	19                              @ Abbreviation Code
	.byte	52                              @ DW_TAG_variable
	.byte	0                               @ DW_CHILDREN_no
	.byte	2                               @ DW_AT_location
	.byte	24                              @ DW_FORM_exprloc
	.byte	3                               @ DW_AT_name
	.byte	14                              @ DW_FORM_strp
	.byte	58                              @ DW_AT_decl_file
	.byte	11                              @ DW_FORM_data1
	.byte	59                              @ DW_AT_decl_line
	.byte	11                              @ DW_FORM_data1
	.byte	73                              @ DW_AT_type
	.byte	19                              @ DW_FORM_ref4
	.byte	0                               @ EOM(1)
	.byte	0                               @ EOM(2)
	.byte	0                               @ EOM(3)
	.section	.debug_info,"",%progbits
.Lcu_begin0:
	.long	.Ldebug_info_end0-.Ldebug_info_start0 @ Length of Unit
.Ldebug_info_start0:
	.short	4                               @ DWARF version number
	.long	.debug_abbrev                   @ Offset Into Abbrev. Section
	.byte	4                               @ Address Size (in bytes)
	.byte	1                               @ Abbrev [1] 0xb:0x415 DW_TAG_compile_unit
	.long	.Linfo_string0                  @ DW_AT_producer
	.short	12                              @ DW_AT_language
	.long	.Linfo_string1                  @ DW_AT_name
	.long	.Lline_table_start0             @ DW_AT_stmt_list
	.long	.Linfo_string2                  @ DW_AT_comp_dir
	.long	0                               @ DW_AT_low_pc
	.long	.Ldebug_ranges0                 @ DW_AT_ranges
	.byte	2                               @ Abbrev [2] 0x26:0x11 DW_TAG_variable
	.long	.Linfo_string3                  @ DW_AT_name
	.long	55                              @ DW_AT_type
                                        @ DW_AT_external
	.byte	5                               @ DW_AT_decl_file
	.byte	27                              @ DW_AT_decl_line
	.byte	5                               @ DW_AT_location
	.byte	3
	.long	hrng
	.byte	3                               @ Abbrev [3] 0x37:0xb DW_TAG_typedef
	.long	66                              @ DW_AT_type
	.long	.Linfo_string28                 @ DW_AT_name
	.byte	3                               @ DW_AT_decl_file
	.byte	106                             @ DW_AT_decl_line
	.byte	4                               @ Abbrev [4] 0x42:0x4d DW_TAG_structure_type
	.byte	20                              @ DW_AT_byte_size
	.byte	3                               @ DW_AT_decl_file
	.byte	83                              @ DW_AT_decl_line
	.byte	5                               @ Abbrev [5] 0x46:0xc DW_TAG_member
	.long	.Linfo_string4                  @ DW_AT_name
	.long	143                             @ DW_AT_type
	.byte	3                               @ DW_AT_decl_file
	.byte	86                              @ DW_AT_decl_line
	.byte	0                               @ DW_AT_data_member_location
	.byte	5                               @ Abbrev [5] 0x52:0xc DW_TAG_member
	.long	.Linfo_string11                 @ DW_AT_name
	.long	228                             @ DW_AT_type
	.byte	3                               @ DW_AT_decl_file
	.byte	88                              @ DW_AT_decl_line
	.byte	4                               @ DW_AT_data_member_location
	.byte	5                               @ Abbrev [5] 0x5e:0xc DW_TAG_member
	.long	.Linfo_string14                 @ DW_AT_name
	.long	256                             @ DW_AT_type
	.byte	3                               @ DW_AT_decl_file
	.byte	90                              @ DW_AT_decl_line
	.byte	8                               @ DW_AT_data_member_location
	.byte	5                               @ Abbrev [5] 0x6a:0xc DW_TAG_member
	.long	.Linfo_string19                 @ DW_AT_name
	.long	295                             @ DW_AT_type
	.byte	3                               @ DW_AT_decl_file
	.byte	92                              @ DW_AT_decl_line
	.byte	9                               @ DW_AT_data_member_location
	.byte	5                               @ Abbrev [5] 0x76:0xc DW_TAG_member
	.long	.Linfo_string26                 @ DW_AT_name
	.long	205                             @ DW_AT_type
	.byte	3                               @ DW_AT_decl_file
	.byte	94                              @ DW_AT_decl_line
	.byte	12                              @ DW_AT_data_member_location
	.byte	5                               @ Abbrev [5] 0x82:0xc DW_TAG_member
	.long	.Linfo_string27                 @ DW_AT_name
	.long	210                             @ DW_AT_type
	.byte	3                               @ DW_AT_decl_file
	.byte	96                              @ DW_AT_decl_line
	.byte	16                              @ DW_AT_data_member_location
	.byte	0                               @ End Of Children Mark
	.byte	6                               @ Abbrev [6] 0x8f:0x5 DW_TAG_pointer_type
	.long	148                             @ DW_AT_type
	.byte	7                               @ Abbrev [7] 0x94:0xc DW_TAG_typedef
	.long	160                             @ DW_AT_type
	.long	.Linfo_string10                 @ DW_AT_name
	.byte	2                               @ DW_AT_decl_file
	.short	983                             @ DW_AT_decl_line
	.byte	8                               @ Abbrev [8] 0xa0:0x2d DW_TAG_structure_type
	.byte	12                              @ DW_AT_byte_size
	.byte	2                               @ DW_AT_decl_file
	.short	978                             @ DW_AT_decl_line
	.byte	9                               @ Abbrev [9] 0xa5:0xd DW_TAG_member
	.long	.Linfo_string5                  @ DW_AT_name
	.long	205                             @ DW_AT_type
	.byte	2                               @ DW_AT_decl_file
	.short	980                             @ DW_AT_decl_line
	.byte	0                               @ DW_AT_data_member_location
	.byte	9                               @ Abbrev [9] 0xb2:0xd DW_TAG_member
	.long	.Linfo_string8                  @ DW_AT_name
	.long	205                             @ DW_AT_type
	.byte	2                               @ DW_AT_decl_file
	.short	981                             @ DW_AT_decl_line
	.byte	4                               @ DW_AT_data_member_location
	.byte	9                               @ Abbrev [9] 0xbf:0xd DW_TAG_member
	.long	.Linfo_string9                  @ DW_AT_name
	.long	205                             @ DW_AT_type
	.byte	2                               @ DW_AT_decl_file
	.short	982                             @ DW_AT_decl_line
	.byte	8                               @ DW_AT_data_member_location
	.byte	0                               @ End Of Children Mark
	.byte	10                              @ Abbrev [10] 0xcd:0x5 DW_TAG_volatile_type
	.long	210                             @ DW_AT_type
	.byte	3                               @ Abbrev [3] 0xd2:0xb DW_TAG_typedef
	.long	221                             @ DW_AT_type
	.long	.Linfo_string7                  @ DW_AT_name
	.byte	1                               @ DW_AT_decl_file
	.byte	64                              @ DW_AT_decl_line
	.byte	11                              @ Abbrev [11] 0xdd:0x7 DW_TAG_base_type
	.long	.Linfo_string6                  @ DW_AT_name
	.byte	7                               @ DW_AT_encoding
	.byte	4                               @ DW_AT_byte_size
	.byte	3                               @ Abbrev [3] 0xe4:0xb DW_TAG_typedef
	.long	239                             @ DW_AT_type
	.long	.Linfo_string13                 @ DW_AT_name
	.byte	3                               @ DW_AT_decl_file
	.byte	54                              @ DW_AT_decl_line
	.byte	4                               @ Abbrev [4] 0xef:0x11 DW_TAG_structure_type
	.byte	4                               @ DW_AT_byte_size
	.byte	3                               @ DW_AT_decl_file
	.byte	51                              @ DW_AT_decl_line
	.byte	5                               @ Abbrev [5] 0xf3:0xc DW_TAG_member
	.long	.Linfo_string12                 @ DW_AT_name
	.long	210                             @ DW_AT_type
	.byte	3                               @ DW_AT_decl_file
	.byte	53                              @ DW_AT_decl_line
	.byte	0                               @ DW_AT_data_member_location
	.byte	0                               @ End Of Children Mark
	.byte	3                               @ Abbrev [3] 0x100:0xb DW_TAG_typedef
	.long	267                             @ DW_AT_type
	.long	.Linfo_string18                 @ DW_AT_name
	.byte	4                               @ DW_AT_decl_file
	.byte	54                              @ DW_AT_decl_line
	.byte	12                              @ Abbrev [12] 0x10b:0x15 DW_TAG_enumeration_type
	.long	288                             @ DW_AT_type
	.byte	1                               @ DW_AT_byte_size
	.byte	4                               @ DW_AT_decl_file
	.byte	50                              @ DW_AT_decl_line
	.byte	13                              @ Abbrev [13] 0x113:0x6 DW_TAG_enumerator
	.long	.Linfo_string16                 @ DW_AT_name
	.byte	0                               @ DW_AT_const_value
	.byte	13                              @ Abbrev [13] 0x119:0x6 DW_TAG_enumerator
	.long	.Linfo_string17                 @ DW_AT_name
	.byte	1                               @ DW_AT_const_value
	.byte	0                               @ End Of Children Mark
	.byte	11                              @ Abbrev [11] 0x120:0x7 DW_TAG_base_type
	.long	.Linfo_string15                 @ DW_AT_name
	.byte	8                               @ DW_AT_encoding
	.byte	1                               @ DW_AT_byte_size
	.byte	10                              @ Abbrev [10] 0x127:0x5 DW_TAG_volatile_type
	.long	300                             @ DW_AT_type
	.byte	3                               @ Abbrev [3] 0x12c:0xb DW_TAG_typedef
	.long	311                             @ DW_AT_type
	.long	.Linfo_string25                 @ DW_AT_name
	.byte	3                               @ DW_AT_decl_file
	.byte	71                              @ DW_AT_decl_line
	.byte	12                              @ Abbrev [12] 0x137:0x27 DW_TAG_enumeration_type
	.long	288                             @ DW_AT_type
	.byte	1                               @ DW_AT_byte_size
	.byte	3                               @ DW_AT_decl_file
	.byte	63                              @ DW_AT_decl_line
	.byte	13                              @ Abbrev [13] 0x13f:0x6 DW_TAG_enumerator
	.long	.Linfo_string20                 @ DW_AT_name
	.byte	0                               @ DW_AT_const_value
	.byte	13                              @ Abbrev [13] 0x145:0x6 DW_TAG_enumerator
	.long	.Linfo_string21                 @ DW_AT_name
	.byte	1                               @ DW_AT_const_value
	.byte	13                              @ Abbrev [13] 0x14b:0x6 DW_TAG_enumerator
	.long	.Linfo_string22                 @ DW_AT_name
	.byte	2                               @ DW_AT_const_value
	.byte	13                              @ Abbrev [13] 0x151:0x6 DW_TAG_enumerator
	.long	.Linfo_string23                 @ DW_AT_name
	.byte	3                               @ DW_AT_const_value
	.byte	13                              @ Abbrev [13] 0x157:0x6 DW_TAG_enumerator
	.long	.Linfo_string24                 @ DW_AT_name
	.byte	4                               @ DW_AT_const_value
	.byte	0                               @ End Of Children Mark
	.byte	12                              @ Abbrev [12] 0x15e:0x21 DW_TAG_enumeration_type
	.long	288                             @ DW_AT_type
	.byte	1                               @ DW_AT_byte_size
	.byte	4                               @ DW_AT_decl_file
	.byte	39                              @ DW_AT_decl_line
	.byte	13                              @ Abbrev [13] 0x166:0x6 DW_TAG_enumerator
	.long	.Linfo_string29                 @ DW_AT_name
	.byte	0                               @ DW_AT_const_value
	.byte	13                              @ Abbrev [13] 0x16c:0x6 DW_TAG_enumerator
	.long	.Linfo_string30                 @ DW_AT_name
	.byte	1                               @ DW_AT_const_value
	.byte	13                              @ Abbrev [13] 0x172:0x6 DW_TAG_enumerator
	.long	.Linfo_string31                 @ DW_AT_name
	.byte	2                               @ DW_AT_const_value
	.byte	13                              @ Abbrev [13] 0x178:0x6 DW_TAG_enumerator
	.long	.Linfo_string32                 @ DW_AT_name
	.byte	3                               @ DW_AT_const_value
	.byte	0                               @ End Of Children Mark
	.byte	6                               @ Abbrev [6] 0x17f:0x5 DW_TAG_pointer_type
	.long	388                             @ DW_AT_type
	.byte	7                               @ Abbrev [7] 0x184:0xc DW_TAG_typedef
	.long	400                             @ DW_AT_type
	.long	.Linfo_string72                 @ DW_AT_name
	.byte	2                               @ DW_AT_decl_file
	.short	707                             @ DW_AT_decl_line
	.byte	8                               @ Abbrev [8] 0x190:0x20e DW_TAG_structure_type
	.byte	160                             @ DW_AT_byte_size
	.byte	2                               @ DW_AT_decl_file
	.short	665                             @ DW_AT_decl_line
	.byte	9                               @ Abbrev [9] 0x195:0xd DW_TAG_member
	.long	.Linfo_string5                  @ DW_AT_name
	.long	205                             @ DW_AT_type
	.byte	2                               @ DW_AT_decl_file
	.short	667                             @ DW_AT_decl_line
	.byte	0                               @ DW_AT_data_member_location
	.byte	9                               @ Abbrev [9] 0x1a2:0xd DW_TAG_member
	.long	.Linfo_string33                 @ DW_AT_name
	.long	205                             @ DW_AT_type
	.byte	2                               @ DW_AT_decl_file
	.short	668                             @ DW_AT_decl_line
	.byte	4                               @ DW_AT_data_member_location
	.byte	9                               @ Abbrev [9] 0x1af:0xd DW_TAG_member
	.long	.Linfo_string34                 @ DW_AT_name
	.long	205                             @ DW_AT_type
	.byte	2                               @ DW_AT_decl_file
	.short	669                             @ DW_AT_decl_line
	.byte	8                               @ DW_AT_data_member_location
	.byte	9                               @ Abbrev [9] 0x1bc:0xd DW_TAG_member
	.long	.Linfo_string35                 @ DW_AT_name
	.long	205                             @ DW_AT_type
	.byte	2                               @ DW_AT_decl_file
	.short	670                             @ DW_AT_decl_line
	.byte	12                              @ DW_AT_data_member_location
	.byte	9                               @ Abbrev [9] 0x1c9:0xd DW_TAG_member
	.long	.Linfo_string36                 @ DW_AT_name
	.long	210                             @ DW_AT_type
	.byte	2                               @ DW_AT_decl_file
	.short	671                             @ DW_AT_decl_line
	.byte	16                              @ DW_AT_data_member_location
	.byte	9                               @ Abbrev [9] 0x1d6:0xd DW_TAG_member
	.long	.Linfo_string37                 @ DW_AT_name
	.long	210                             @ DW_AT_type
	.byte	2                               @ DW_AT_decl_file
	.short	672                             @ DW_AT_decl_line
	.byte	20                              @ DW_AT_data_member_location
	.byte	9                               @ Abbrev [9] 0x1e3:0xd DW_TAG_member
	.long	.Linfo_string38                 @ DW_AT_name
	.long	205                             @ DW_AT_type
	.byte	2                               @ DW_AT_decl_file
	.short	673                             @ DW_AT_decl_line
	.byte	24                              @ DW_AT_data_member_location
	.byte	9                               @ Abbrev [9] 0x1f0:0xd DW_TAG_member
	.long	.Linfo_string39                 @ DW_AT_name
	.long	205                             @ DW_AT_type
	.byte	2                               @ DW_AT_decl_file
	.short	674                             @ DW_AT_decl_line
	.byte	28                              @ DW_AT_data_member_location
	.byte	9                               @ Abbrev [9] 0x1fd:0xd DW_TAG_member
	.long	.Linfo_string40                 @ DW_AT_name
	.long	205                             @ DW_AT_type
	.byte	2                               @ DW_AT_decl_file
	.short	675                             @ DW_AT_decl_line
	.byte	32                              @ DW_AT_data_member_location
	.byte	9                               @ Abbrev [9] 0x20a:0xd DW_TAG_member
	.long	.Linfo_string41                 @ DW_AT_name
	.long	210                             @ DW_AT_type
	.byte	2                               @ DW_AT_decl_file
	.short	676                             @ DW_AT_decl_line
	.byte	36                              @ DW_AT_data_member_location
	.byte	9                               @ Abbrev [9] 0x217:0xd DW_TAG_member
	.long	.Linfo_string42                 @ DW_AT_name
	.long	205                             @ DW_AT_type
	.byte	2                               @ DW_AT_decl_file
	.short	677                             @ DW_AT_decl_line
	.byte	40                              @ DW_AT_data_member_location
	.byte	9                               @ Abbrev [9] 0x224:0xd DW_TAG_member
	.long	.Linfo_string43                 @ DW_AT_name
	.long	205                             @ DW_AT_type
	.byte	2                               @ DW_AT_decl_file
	.short	678                             @ DW_AT_decl_line
	.byte	44                              @ DW_AT_data_member_location
	.byte	9                               @ Abbrev [9] 0x231:0xd DW_TAG_member
	.long	.Linfo_string44                 @ DW_AT_name
	.long	205                             @ DW_AT_type
	.byte	2                               @ DW_AT_decl_file
	.short	679                             @ DW_AT_decl_line
	.byte	48                              @ DW_AT_data_member_location
	.byte	9                               @ Abbrev [9] 0x23e:0xd DW_TAG_member
	.long	.Linfo_string45                 @ DW_AT_name
	.long	210                             @ DW_AT_type
	.byte	2                               @ DW_AT_decl_file
	.short	680                             @ DW_AT_decl_line
	.byte	52                              @ DW_AT_data_member_location
	.byte	9                               @ Abbrev [9] 0x24b:0xd DW_TAG_member
	.long	.Linfo_string46                 @ DW_AT_name
	.long	205                             @ DW_AT_type
	.byte	2                               @ DW_AT_decl_file
	.short	681                             @ DW_AT_decl_line
	.byte	56                              @ DW_AT_data_member_location
	.byte	9                               @ Abbrev [9] 0x258:0xd DW_TAG_member
	.long	.Linfo_string47                 @ DW_AT_name
	.long	205                             @ DW_AT_type
	.byte	2                               @ DW_AT_decl_file
	.short	682                             @ DW_AT_decl_line
	.byte	60                              @ DW_AT_data_member_location
	.byte	9                               @ Abbrev [9] 0x265:0xd DW_TAG_member
	.long	.Linfo_string48                 @ DW_AT_name
	.long	205                             @ DW_AT_type
	.byte	2                               @ DW_AT_decl_file
	.short	683                             @ DW_AT_decl_line
	.byte	64                              @ DW_AT_data_member_location
	.byte	9                               @ Abbrev [9] 0x272:0xd DW_TAG_member
	.long	.Linfo_string49                 @ DW_AT_name
	.long	210                             @ DW_AT_type
	.byte	2                               @ DW_AT_decl_file
	.short	684                             @ DW_AT_decl_line
	.byte	68                              @ DW_AT_data_member_location
	.byte	9                               @ Abbrev [9] 0x27f:0xd DW_TAG_member
	.long	.Linfo_string50                 @ DW_AT_name
	.long	205                             @ DW_AT_type
	.byte	2                               @ DW_AT_decl_file
	.short	685                             @ DW_AT_decl_line
	.byte	72                              @ DW_AT_data_member_location
	.byte	9                               @ Abbrev [9] 0x28c:0xd DW_TAG_member
	.long	.Linfo_string51                 @ DW_AT_name
	.long	205                             @ DW_AT_type
	.byte	2                               @ DW_AT_decl_file
	.short	686                             @ DW_AT_decl_line
	.byte	76                              @ DW_AT_data_member_location
	.byte	9                               @ Abbrev [9] 0x299:0xd DW_TAG_member
	.long	.Linfo_string52                 @ DW_AT_name
	.long	205                             @ DW_AT_type
	.byte	2                               @ DW_AT_decl_file
	.short	687                             @ DW_AT_decl_line
	.byte	80                              @ DW_AT_data_member_location
	.byte	9                               @ Abbrev [9] 0x2a6:0xd DW_TAG_member
	.long	.Linfo_string53                 @ DW_AT_name
	.long	210                             @ DW_AT_type
	.byte	2                               @ DW_AT_decl_file
	.short	688                             @ DW_AT_decl_line
	.byte	84                              @ DW_AT_data_member_location
	.byte	9                               @ Abbrev [9] 0x2b3:0xd DW_TAG_member
	.long	.Linfo_string54                 @ DW_AT_name
	.long	205                             @ DW_AT_type
	.byte	2                               @ DW_AT_decl_file
	.short	689                             @ DW_AT_decl_line
	.byte	88                              @ DW_AT_data_member_location
	.byte	9                               @ Abbrev [9] 0x2c0:0xd DW_TAG_member
	.long	.Linfo_string55                 @ DW_AT_name
	.long	205                             @ DW_AT_type
	.byte	2                               @ DW_AT_decl_file
	.short	690                             @ DW_AT_decl_line
	.byte	92                              @ DW_AT_data_member_location
	.byte	9                               @ Abbrev [9] 0x2cd:0xd DW_TAG_member
	.long	.Linfo_string56                 @ DW_AT_name
	.long	205                             @ DW_AT_type
	.byte	2                               @ DW_AT_decl_file
	.short	691                             @ DW_AT_decl_line
	.byte	96                              @ DW_AT_data_member_location
	.byte	9                               @ Abbrev [9] 0x2da:0xd DW_TAG_member
	.long	.Linfo_string57                 @ DW_AT_name
	.long	210                             @ DW_AT_type
	.byte	2                               @ DW_AT_decl_file
	.short	692                             @ DW_AT_decl_line
	.byte	100                             @ DW_AT_data_member_location
	.byte	9                               @ Abbrev [9] 0x2e7:0xd DW_TAG_member
	.long	.Linfo_string58                 @ DW_AT_name
	.long	205                             @ DW_AT_type
	.byte	2                               @ DW_AT_decl_file
	.short	693                             @ DW_AT_decl_line
	.byte	104                             @ DW_AT_data_member_location
	.byte	9                               @ Abbrev [9] 0x2f4:0xd DW_TAG_member
	.long	.Linfo_string59                 @ DW_AT_name
	.long	205                             @ DW_AT_type
	.byte	2                               @ DW_AT_decl_file
	.short	694                             @ DW_AT_decl_line
	.byte	108                             @ DW_AT_data_member_location
	.byte	9                               @ Abbrev [9] 0x301:0xd DW_TAG_member
	.long	.Linfo_string60                 @ DW_AT_name
	.long	205                             @ DW_AT_type
	.byte	2                               @ DW_AT_decl_file
	.short	695                             @ DW_AT_decl_line
	.byte	112                             @ DW_AT_data_member_location
	.byte	9                               @ Abbrev [9] 0x30e:0xd DW_TAG_member
	.long	.Linfo_string61                 @ DW_AT_name
	.long	210                             @ DW_AT_type
	.byte	2                               @ DW_AT_decl_file
	.short	696                             @ DW_AT_decl_line
	.byte	116                             @ DW_AT_data_member_location
	.byte	9                               @ Abbrev [9] 0x31b:0xd DW_TAG_member
	.long	.Linfo_string62                 @ DW_AT_name
	.long	205                             @ DW_AT_type
	.byte	2                               @ DW_AT_decl_file
	.short	697                             @ DW_AT_decl_line
	.byte	120                             @ DW_AT_data_member_location
	.byte	9                               @ Abbrev [9] 0x328:0xd DW_TAG_member
	.long	.Linfo_string63                 @ DW_AT_name
	.long	205                             @ DW_AT_type
	.byte	2                               @ DW_AT_decl_file
	.short	698                             @ DW_AT_decl_line
	.byte	124                             @ DW_AT_data_member_location
	.byte	9                               @ Abbrev [9] 0x335:0xd DW_TAG_member
	.long	.Linfo_string64                 @ DW_AT_name
	.long	205                             @ DW_AT_type
	.byte	2                               @ DW_AT_decl_file
	.short	699                             @ DW_AT_decl_line
	.byte	128                             @ DW_AT_data_member_location
	.byte	9                               @ Abbrev [9] 0x342:0xd DW_TAG_member
	.long	.Linfo_string65                 @ DW_AT_name
	.long	210                             @ DW_AT_type
	.byte	2                               @ DW_AT_decl_file
	.short	700                             @ DW_AT_decl_line
	.byte	132                             @ DW_AT_data_member_location
	.byte	9                               @ Abbrev [9] 0x34f:0xd DW_TAG_member
	.long	.Linfo_string66                 @ DW_AT_name
	.long	205                             @ DW_AT_type
	.byte	2                               @ DW_AT_decl_file
	.short	701                             @ DW_AT_decl_line
	.byte	136                             @ DW_AT_data_member_location
	.byte	9                               @ Abbrev [9] 0x35c:0xd DW_TAG_member
	.long	.Linfo_string67                 @ DW_AT_name
	.long	210                             @ DW_AT_type
	.byte	2                               @ DW_AT_decl_file
	.short	702                             @ DW_AT_decl_line
	.byte	140                             @ DW_AT_data_member_location
	.byte	9                               @ Abbrev [9] 0x369:0xd DW_TAG_member
	.long	.Linfo_string68                 @ DW_AT_name
	.long	205                             @ DW_AT_type
	.byte	2                               @ DW_AT_decl_file
	.short	703                             @ DW_AT_decl_line
	.byte	144                             @ DW_AT_data_member_location
	.byte	9                               @ Abbrev [9] 0x376:0xd DW_TAG_member
	.long	.Linfo_string69                 @ DW_AT_name
	.long	205                             @ DW_AT_type
	.byte	2                               @ DW_AT_decl_file
	.short	704                             @ DW_AT_decl_line
	.byte	148                             @ DW_AT_data_member_location
	.byte	9                               @ Abbrev [9] 0x383:0xd DW_TAG_member
	.long	.Linfo_string70                 @ DW_AT_name
	.long	205                             @ DW_AT_type
	.byte	2                               @ DW_AT_decl_file
	.short	705                             @ DW_AT_decl_line
	.byte	152                             @ DW_AT_data_member_location
	.byte	9                               @ Abbrev [9] 0x390:0xd DW_TAG_member
	.long	.Linfo_string71                 @ DW_AT_name
	.long	205                             @ DW_AT_type
	.byte	2                               @ DW_AT_decl_file
	.short	706                             @ DW_AT_decl_line
	.byte	156                             @ DW_AT_data_member_location
	.byte	0                               @ End Of Children Mark
	.byte	14                              @ Abbrev [14] 0x39e:0x1b DW_TAG_subprogram
	.long	.Lfunc_begin0                   @ DW_AT_low_pc
	.long	.Lfunc_end0-.Lfunc_begin0       @ DW_AT_high_pc
	.byte	1                               @ DW_AT_frame_base
	.byte	93
                                        @ DW_AT_GNU_all_call_sites
	.long	.Linfo_string74                 @ DW_AT_name
	.byte	5                               @ DW_AT_decl_file
	.byte	30                              @ DW_AT_decl_line
                                        @ DW_AT_prototyped
                                        @ DW_AT_external
	.byte	15                              @ Abbrev [15] 0x3af:0x9 DW_TAG_GNU_call_site
	.long	953                             @ DW_AT_abstract_origin
                                        @ DW_AT_GNU_tail_call
	.long	.Ltmp5                          @ DW_AT_low_pc
	.byte	0                               @ End Of Children Mark
	.byte	16                              @ Abbrev [16] 0x3b9:0x7 DW_TAG_subprogram
	.long	.Linfo_string73                 @ DW_AT_name
	.byte	6                               @ DW_AT_decl_file
	.byte	55                              @ DW_AT_decl_line
                                        @ DW_AT_prototyped
                                        @ DW_AT_declaration
                                        @ DW_AT_external
	.byte	14                              @ Abbrev [14] 0x3c0:0x39 DW_TAG_subprogram
	.long	.Lfunc_begin1                   @ DW_AT_low_pc
	.long	.Lfunc_end1-.Lfunc_begin1       @ DW_AT_high_pc
	.byte	1                               @ DW_AT_frame_base
	.byte	93
                                        @ DW_AT_GNU_all_call_sites
	.long	.Linfo_string75                 @ DW_AT_name
	.byte	5                               @ DW_AT_decl_file
	.byte	42                              @ DW_AT_decl_line
                                        @ DW_AT_prototyped
                                        @ DW_AT_external
	.byte	17                              @ Abbrev [17] 0x3d1:0xf DW_TAG_formal_parameter
	.long	.Ldebug_loc0                    @ DW_AT_location
	.long	.Linfo_string78                 @ DW_AT_name
	.byte	5                               @ DW_AT_decl_file
	.byte	42                              @ DW_AT_decl_line
	.long	1050                            @ DW_AT_type
	.byte	18                              @ Abbrev [18] 0x3e0:0x18 DW_TAG_lexical_block
	.long	.Ltmp11                         @ DW_AT_low_pc
	.long	.Ltmp12-.Ltmp11                 @ DW_AT_high_pc
	.byte	19                              @ Abbrev [19] 0x3e9:0xe DW_TAG_variable
	.byte	2                               @ DW_AT_location
	.byte	145
	.byte	0
	.long	.Linfo_string77                 @ DW_AT_name
	.byte	5                               @ DW_AT_decl_file
	.byte	51                              @ DW_AT_decl_line
	.long	205                             @ DW_AT_type
	.byte	0                               @ End Of Children Mark
	.byte	0                               @ End Of Children Mark
	.byte	14                              @ Abbrev [14] 0x3f9:0x21 DW_TAG_subprogram
	.long	.Lfunc_begin2                   @ DW_AT_low_pc
	.long	.Lfunc_end2-.Lfunc_begin2       @ DW_AT_high_pc
	.byte	1                               @ DW_AT_frame_base
	.byte	93
                                        @ DW_AT_GNU_all_call_sites
	.long	.Linfo_string76                 @ DW_AT_name
	.byte	5                               @ DW_AT_decl_file
	.byte	58                              @ DW_AT_decl_line
                                        @ DW_AT_prototyped
                                        @ DW_AT_external
	.byte	17                              @ Abbrev [17] 0x40a:0xf DW_TAG_formal_parameter
	.long	.Ldebug_loc1                    @ DW_AT_location
	.long	.Linfo_string78                 @ DW_AT_name
	.byte	5                               @ DW_AT_decl_file
	.byte	58                              @ DW_AT_decl_line
	.long	1050                            @ DW_AT_type
	.byte	0                               @ End Of Children Mark
	.byte	6                               @ Abbrev [6] 0x41a:0x5 DW_TAG_pointer_type
	.long	55                              @ DW_AT_type
	.byte	0                               @ End Of Children Mark
.Ldebug_info_end0:
	.section	.debug_ranges,"",%progbits
.Ldebug_ranges0:
	.long	.Lfunc_begin0
	.long	.Lfunc_end0
	.long	.Lfunc_begin1
	.long	.Lfunc_end1
	.long	.Lfunc_begin2
	.long	.Lfunc_end2
	.long	0
	.long	0
	.section	.debug_str,"MS",%progbits,1
.Linfo_string0:
	.asciz	"Component: ARM Compiler 6.16 Tool: armclang [5dfeb700]" @ string offset=0
.Linfo_string1:
	.asciz	"../src/board/amcbldc/v120/src\\rng.c" @ string offset=55
.Linfo_string2:
	.asciz	"C:\\Users\\grodriguez\\Documents\\iit\\icub-firmware\\emBODY\\eBcode\\arch-arm\\libs\\lowlevel\\stm32hal\\proj" @ string offset=91
.Linfo_string3:
	.asciz	"hrng"                          @ string offset=190
.Linfo_string4:
	.asciz	"Instance"                      @ string offset=195
.Linfo_string5:
	.asciz	"CR"                            @ string offset=204
.Linfo_string6:
	.asciz	"unsigned int"                  @ string offset=207
.Linfo_string7:
	.asciz	"uint32_t"                      @ string offset=220
.Linfo_string8:
	.asciz	"SR"                            @ string offset=229
.Linfo_string9:
	.asciz	"DR"                            @ string offset=232
.Linfo_string10:
	.asciz	"RNG_TypeDef"                   @ string offset=235
.Linfo_string11:
	.asciz	"Init"                          @ string offset=247
.Linfo_string12:
	.asciz	"ClockErrorDetection"           @ string offset=252
.Linfo_string13:
	.asciz	"RNG_InitTypeDef"               @ string offset=272
.Linfo_string14:
	.asciz	"Lock"                          @ string offset=288
.Linfo_string15:
	.asciz	"unsigned char"                 @ string offset=293
.Linfo_string16:
	.asciz	"HAL_UNLOCKED"                  @ string offset=307
.Linfo_string17:
	.asciz	"HAL_LOCKED"                    @ string offset=320
.Linfo_string18:
	.asciz	"HAL_LockTypeDef"               @ string offset=331
.Linfo_string19:
	.asciz	"State"                         @ string offset=347
.Linfo_string20:
	.asciz	"HAL_RNG_STATE_RESET"           @ string offset=353
.Linfo_string21:
	.asciz	"HAL_RNG_STATE_READY"           @ string offset=373
.Linfo_string22:
	.asciz	"HAL_RNG_STATE_BUSY"            @ string offset=393
.Linfo_string23:
	.asciz	"HAL_RNG_STATE_TIMEOUT"         @ string offset=412
.Linfo_string24:
	.asciz	"HAL_RNG_STATE_ERROR"           @ string offset=434
.Linfo_string25:
	.asciz	"HAL_RNG_StateTypeDef"          @ string offset=454
.Linfo_string26:
	.asciz	"ErrorCode"                     @ string offset=475
.Linfo_string27:
	.asciz	"RandomNumber"                  @ string offset=485
.Linfo_string28:
	.asciz	"RNG_HandleTypeDef"             @ string offset=498
.Linfo_string29:
	.asciz	"HAL_OK"                        @ string offset=516
.Linfo_string30:
	.asciz	"HAL_ERROR"                     @ string offset=523
.Linfo_string31:
	.asciz	"HAL_BUSY"                      @ string offset=533
.Linfo_string32:
	.asciz	"HAL_TIMEOUT"                   @ string offset=542
.Linfo_string33:
	.asciz	"ICSCR"                         @ string offset=554
.Linfo_string34:
	.asciz	"CFGR"                          @ string offset=560
.Linfo_string35:
	.asciz	"PLLCFGR"                       @ string offset=565
.Linfo_string36:
	.asciz	"RESERVED0"                     @ string offset=573
.Linfo_string37:
	.asciz	"RESERVED1"                     @ string offset=583
.Linfo_string38:
	.asciz	"CIER"                          @ string offset=593
.Linfo_string39:
	.asciz	"CIFR"                          @ string offset=598
.Linfo_string40:
	.asciz	"CICR"                          @ string offset=603
.Linfo_string41:
	.asciz	"RESERVED2"                     @ string offset=608
.Linfo_string42:
	.asciz	"AHB1RSTR"                      @ string offset=618
.Linfo_string43:
	.asciz	"AHB2RSTR"                      @ string offset=627
.Linfo_string44:
	.asciz	"AHB3RSTR"                      @ string offset=636
.Linfo_string45:
	.asciz	"RESERVED3"                     @ string offset=645
.Linfo_string46:
	.asciz	"APB1RSTR1"                     @ string offset=655
.Linfo_string47:
	.asciz	"APB1RSTR2"                     @ string offset=665
.Linfo_string48:
	.asciz	"APB2RSTR"                      @ string offset=675
.Linfo_string49:
	.asciz	"RESERVED4"                     @ string offset=684
.Linfo_string50:
	.asciz	"AHB1ENR"                       @ string offset=694
.Linfo_string51:
	.asciz	"AHB2ENR"                       @ string offset=702
.Linfo_string52:
	.asciz	"AHB3ENR"                       @ string offset=710
.Linfo_string53:
	.asciz	"RESERVED5"                     @ string offset=718
.Linfo_string54:
	.asciz	"APB1ENR1"                      @ string offset=728
.Linfo_string55:
	.asciz	"APB1ENR2"                      @ string offset=737
.Linfo_string56:
	.asciz	"APB2ENR"                       @ string offset=746
.Linfo_string57:
	.asciz	"RESERVED6"                     @ string offset=754
.Linfo_string58:
	.asciz	"AHB1SMENR"                     @ string offset=764
.Linfo_string59:
	.asciz	"AHB2SMENR"                     @ string offset=774
.Linfo_string60:
	.asciz	"AHB3SMENR"                     @ string offset=784
.Linfo_string61:
	.asciz	"RESERVED7"                     @ string offset=794
.Linfo_string62:
	.asciz	"APB1SMENR1"                    @ string offset=804
.Linfo_string63:
	.asciz	"APB1SMENR2"                    @ string offset=815
.Linfo_string64:
	.asciz	"APB2SMENR"                     @ string offset=826
.Linfo_string65:
	.asciz	"RESERVED8"                     @ string offset=836
.Linfo_string66:
	.asciz	"CCIPR"                         @ string offset=846
.Linfo_string67:
	.asciz	"RESERVED9"                     @ string offset=852
.Linfo_string68:
	.asciz	"BDCR"                          @ string offset=862
.Linfo_string69:
	.asciz	"CSR"                           @ string offset=867
.Linfo_string70:
	.asciz	"CRRCR"                         @ string offset=871
.Linfo_string71:
	.asciz	"CCIPR2"                        @ string offset=877
.Linfo_string72:
	.asciz	"RCC_TypeDef"                   @ string offset=884
.Linfo_string73:
	.asciz	"Error_Handler"                 @ string offset=896
.Linfo_string74:
	.asciz	"MX_RNG_Init"                   @ string offset=910
.Linfo_string75:
	.asciz	"HAL_RNG_MspInit"               @ string offset=922
.Linfo_string76:
	.asciz	"HAL_RNG_MspDeInit"             @ string offset=938
.Linfo_string77:
	.asciz	"tmpreg"                        @ string offset=956
.Linfo_string78:
	.asciz	"rngHandle"                     @ string offset=963
	.ident	"Component: ARM Compiler 6.16 Tool: armclang [5dfeb700]"
	.section	".note.GNU-stack","",%progbits
	.eabi_attribute	30, 3	@ Tag_ABI_optimization_goals
	.ARM_attribute	16, 1	@ Tag_AV_eba
	.section	.debug_line,"",%progbits
.Lline_table_start0:
