	.text
	.syntax unified
	.eabi_attribute	67, "2.09"	@ Tag_conformance
	.cpu	cortex-m4
	.eabi_attribute	6, 13	@ Tag_CPU_arch
	.eabi_attribute	7, 77	@ Tag_CPU_arch_profile
	.eabi_attribute	8, 0	@ Tag_ARM_ISA_use
	.eabi_attribute	9, 2	@ Tag_THUMB_ISA_use
	.fpu	fpv4-sp-d16
	.eabi_attribute	27, 1	@ Tag_ABI_HardFP_use
	.eabi_attribute	36, 1	@ Tag_FP_HP_extension
	.eabi_attribute	34, 1	@ Tag_CPU_unaligned_access
	.eabi_attribute	17, 1	@ Tag_ABI_PCS_GOT_use
	.eabi_attribute	20, 2	@ Tag_ABI_FP_denormal
	.eabi_attribute	21, 0	@ Tag_ABI_FP_exceptions
	.eabi_attribute	23, 1	@ Tag_ABI_FP_number_model
	.eabi_attribute	24, 1	@ Tag_ABI_align_needed
	.eabi_attribute	25, 1	@ Tag_ABI_align_preserved
	.eabi_attribute	28, 1	@ Tag_ABI_VFP_args
	.eabi_attribute	38, 1	@ Tag_ABI_FP_16bit_format
	.eabi_attribute	18, 2	@ Tag_ABI_PCS_wchar_t
	.eabi_attribute	26, 1	@ Tag_ABI_enum_size
	.eabi_attribute	14, 0	@ Tag_ABI_PCS_R9_use
	.file	"stm32g4xx_hal_flash_ramfunc.c"
	.file	1 "C:\\Users\\grodriguez\\Documents\\iit\\icub-firmware\\emBODY\\eBcode\\arch-arm\\libs\\lowlevel\\stm32hal\\proj" "../src/driver/stm32g4-v120/inc/stm32g4xx_hal_def.h"
	.file	2 "C:\\Users\\grodriguez\\Documents\\iit\\icub-firmware\\emBODY\\eBcode\\arch-arm\\libs\\lowlevel\\stm32hal\\proj" "../src/driver/stm32g4-v120/inc/stm32g4xx.h"
	.file	3 "C:\\" "Keil_v5\\ARM\\ARMCLANG\\Bin\\..\\include\\stdint.h"
	.file	4 "C:\\Users\\grodriguez\\Documents\\iit\\icub-firmware\\emBODY\\eBcode\\arch-arm\\libs\\lowlevel\\stm32hal\\proj" "../src/driver/stm32g4-v120/inc/stm32g474xx.h"
	.section	.RamFunc,"ax",%progbits
	.hidden	HAL_FLASHEx_EnableRunPowerDown  @ -- Begin function HAL_FLASHEx_EnableRunPowerDown
	.globl	HAL_FLASHEx_EnableRunPowerDown
	.p2align	1
	.type	HAL_FLASHEx_EnableRunPowerDown,%function
	.code	16                              @ @HAL_FLASHEx_EnableRunPowerDown
	.thumb_func
HAL_FLASHEx_EnableRunPowerDown:
.Lfunc_begin0:
	.file	5 "C:\\Users\\grodriguez\\Documents\\iit\\icub-firmware\\emBODY\\eBcode\\arch-arm\\libs\\lowlevel\\stm32hal\\proj" "../src/driver/stm32g4-v120/src/stm32g4xx_hal_flash_ramfunc.c"
	.loc	5 94 0                          @ ../src/driver/stm32g4-v120/src/stm32g4xx_hal_flash_ramfunc.c:94:0
	.fnstart
	.cfi_sections .debug_frame
	.cfi_startproc
@ %bb.0:
	movw	r1, #8192
	movw	r0, #9783
	movt	r1, #16386
	movt	r0, #1045
.Ltmp0:
	.loc	5 96 3 prologue_end             @ ../src/driver/stm32g4-v120/src/stm32g4xx_hal_flash_ramfunc.c:96:3
	str	r0, [r1, #4]
	movw	r0, #64765
	movt	r0, #64251
	str	r0, [r1, #4]
	ldr	r0, [r1]
	orr	r2, r0, #8192
.Ltmp1:
	.loc	5 98 3                          @ ../src/driver/stm32g4-v120/src/stm32g4xx_hal_flash_ramfunc.c:98:3
	movs	r0, #0
.Ltmp2:
	.loc	5 96 3                          @ ../src/driver/stm32g4-v120/src/stm32g4xx_hal_flash_ramfunc.c:96:3
	str	r2, [r1]
.Ltmp3:
	.loc	5 98 3                          @ ../src/driver/stm32g4-v120/src/stm32g4xx_hal_flash_ramfunc.c:98:3
	bx	lr
.Ltmp4:
.Lfunc_end0:
	.size	HAL_FLASHEx_EnableRunPowerDown, .Lfunc_end0-HAL_FLASHEx_EnableRunPowerDown
	.cfi_endproc
	.cantunwind
	.fnend
                                        @ -- End function
	.hidden	HAL_FLASHEx_DisableRunPowerDown @ -- Begin function HAL_FLASHEx_DisableRunPowerDown
	.globl	HAL_FLASHEx_DisableRunPowerDown
	.p2align	1
	.type	HAL_FLASHEx_DisableRunPowerDown,%function
	.code	16                              @ @HAL_FLASHEx_DisableRunPowerDown
	.thumb_func
HAL_FLASHEx_DisableRunPowerDown:
.Lfunc_begin1:
	.loc	5 108 0                         @ ../src/driver/stm32g4-v120/src/stm32g4xx_hal_flash_ramfunc.c:108:0
	.fnstart
	.cfi_startproc
@ %bb.0:
	movw	r1, #8192
	movw	r0, #9783
	movt	r1, #16386
	movt	r0, #1045
.Ltmp5:
	.loc	5 110 3 prologue_end            @ ../src/driver/stm32g4-v120/src/stm32g4xx_hal_flash_ramfunc.c:110:3
	str	r0, [r1, #4]
	movw	r0, #64765
	movt	r0, #64251
	str	r0, [r1, #4]
	ldr	r0, [r1]
	bic	r2, r0, #8192
.Ltmp6:
	.loc	5 112 3                         @ ../src/driver/stm32g4-v120/src/stm32g4xx_hal_flash_ramfunc.c:112:3
	movs	r0, #0
.Ltmp7:
	.loc	5 110 3                         @ ../src/driver/stm32g4-v120/src/stm32g4xx_hal_flash_ramfunc.c:110:3
	str	r2, [r1]
.Ltmp8:
	.loc	5 112 3                         @ ../src/driver/stm32g4-v120/src/stm32g4xx_hal_flash_ramfunc.c:112:3
	bx	lr
.Ltmp9:
.Lfunc_end1:
	.size	HAL_FLASHEx_DisableRunPowerDown, .Lfunc_end1-HAL_FLASHEx_DisableRunPowerDown
	.cfi_endproc
	.cantunwind
	.fnend
                                        @ -- End function
	.hidden	HAL_FLASHEx_OB_DBankConfig      @ -- Begin function HAL_FLASHEx_OB_DBankConfig
	.globl	HAL_FLASHEx_OB_DBankConfig
	.p2align	1
	.type	HAL_FLASHEx_OB_DBankConfig,%function
	.code	16                              @ @HAL_FLASHEx_OB_DBankConfig
	.thumb_func
HAL_FLASHEx_OB_DBankConfig:
.Lfunc_begin2:
	.loc	5 132 0                         @ ../src/driver/stm32g4-v120/src/stm32g4xx_hal_flash_ramfunc.c:132:0
	.fnstart
	.cfi_startproc
@ %bb.0:
	@DEBUG_VALUE: HAL_FLASHEx_OB_DBankConfig:DBankConfig <- $r0
	.loc	5 137 3 prologue_end            @ ../src/driver/stm32g4-v120/src/stm32g4xx_hal_flash_ramfunc.c:137:3
	movw	r12, :lower16:pFlash
	movt	r12, :upper16:pFlash
	ldrb.w	r2, [r12]
.Ltmp10:
	.loc	5 137 3 is_stmt 0               @ ../src/driver/stm32g4-v120/src/stm32g4xx_hal_flash_ramfunc.c:137:3
	cmp	r2, #1
.Ltmp11:
	@DEBUG_VALUE: HAL_FLASHEx_OB_DBankConfig:status <- 1
	@DEBUG_VALUE: HAL_FLASHEx_OB_DBankConfig:DBankConfig <- $r0
	.loc	5 0 3                           @ ../src/driver/stm32g4-v120/src/stm32g4xx_hal_flash_ramfunc.c:0:3
	itt	eq
	moveq	r0, #2
.Ltmp12:
	@DEBUG_VALUE: HAL_FLASHEx_OB_DBankConfig:DBankConfig <- [DW_OP_LLVM_entry_value 1] $r0
	.loc	5 230 1 is_stmt 1               @ ../src/driver/stm32g4-v120/src/stm32g4xx_hal_flash_ramfunc.c:230:1
	bxeq	lr
.Ltmp13:
.LBB2_1:
	@DEBUG_VALUE: HAL_FLASHEx_OB_DBankConfig:DBankConfig <- [DW_OP_LLVM_entry_value 1] $r0
	@DEBUG_VALUE: HAL_FLASHEx_OB_DBankConfig:status <- 1
	.loc	5 0 1 is_stmt 0                 @ ../src/driver/stm32g4-v120/src/stm32g4xx_hal_flash_ramfunc.c:0:1
	movw	r2, #8192
	movt	r2, #16386
	.loc	5 140 16 is_stmt 1              @ ../src/driver/stm32g4-v120/src/stm32g4xx_hal_flash_ramfunc.c:140:16
	ldr	r3, [r2, #36]
.Ltmp14:
	@DEBUG_VALUE: HAL_FLASHEx_OB_DBankConfig:reg <- $r3
	.loc	5 141 20                        @ ../src/driver/stm32g4-v120/src/stm32g4xx_hal_flash_ramfunc.c:141:20
	ldr	r1, [r2, #40]
.Ltmp15:
	.loc	5 141 7 is_stmt 0               @ ../src/driver/stm32g4-v120/src/stm32g4xx_hal_flash_ramfunc.c:141:7
	cmp	r3, r1
	bls	.LBB2_19
.Ltmp16:
@ %bb.2:
	@DEBUG_VALUE: HAL_FLASHEx_OB_DBankConfig:reg <- $r3
	@DEBUG_VALUE: HAL_FLASHEx_OB_DBankConfig:DBankConfig <- [DW_OP_LLVM_entry_value 1] $r0
	@DEBUG_VALUE: HAL_FLASHEx_OB_DBankConfig:status <- 1
	.loc	5 143 18 is_stmt 1              @ ../src/driver/stm32g4-v120/src/stm32g4xx_hal_flash_ramfunc.c:143:18
	ldr	r1, [r2, #68]
.Ltmp17:
	@DEBUG_VALUE: HAL_FLASHEx_OB_DBankConfig:reg <- $r1
	.loc	5 144 22                        @ ../src/driver/stm32g4-v120/src/stm32g4xx_hal_flash_ramfunc.c:144:22
	ldr	r3, [r2, #72]
.Ltmp18:
	.loc	5 144 9 is_stmt 0               @ ../src/driver/stm32g4-v120/src/stm32g4xx_hal_flash_ramfunc.c:144:9
	cmp	r1, r3
	bls	.LBB2_19
.Ltmp19:
@ %bb.3:
	@DEBUG_VALUE: HAL_FLASHEx_OB_DBankConfig:reg <- $r1
	@DEBUG_VALUE: HAL_FLASHEx_OB_DBankConfig:DBankConfig <- [DW_OP_LLVM_entry_value 1] $r0
	@DEBUG_VALUE: HAL_FLASHEx_OB_DBankConfig:status <- 1
	.loc	5 147 7 is_stmt 1               @ ../src/driver/stm32g4-v120/src/stm32g4xx_hal_flash_ramfunc.c:147:7
	ldr	r1, [r2]
.Ltmp20:
	bic	r1, r1, #256
	str	r1, [r2]
.Ltmp21:
	.loc	5 149 11                        @ ../src/driver/stm32g4-v120/src/stm32g4xx_hal_flash_ramfunc.c:149:11
	ldr	r1, [r2]
.Ltmp22:
	.loc	5 149 11 is_stmt 0              @ ../src/driver/stm32g4-v120/src/stm32g4xx_hal_flash_ramfunc.c:149:11
	lsls	r1, r1, #22
	bpl	.LBB2_5
.Ltmp23:
@ %bb.4:
	@DEBUG_VALUE: HAL_FLASHEx_OB_DBankConfig:DBankConfig <- [DW_OP_LLVM_entry_value 1] $r0
	@DEBUG_VALUE: HAL_FLASHEx_OB_DBankConfig:status <- 1
	.loc	5 152 9 is_stmt 1               @ ../src/driver/stm32g4-v120/src/stm32g4xx_hal_flash_ramfunc.c:152:9
	ldr	r1, [r2]
	bic	r1, r1, #512
	str	r1, [r2]
.Ltmp24:
	.loc	5 155 9                         @ ../src/driver/stm32g4-v120/src/stm32g4xx_hal_flash_ramfunc.c:155:9
	ldr	r1, [r2]
	orr	r1, r1, #2048
	str	r1, [r2]
	ldr	r1, [r2]
	bic	r1, r1, #2048
	str	r1, [r2]
.Ltmp25:
.LBB2_5:
	@DEBUG_VALUE: HAL_FLASHEx_OB_DBankConfig:DBankConfig <- [DW_OP_LLVM_entry_value 1] $r0
	@DEBUG_VALUE: HAL_FLASHEx_OB_DBankConfig:status <- 1
	.loc	5 158 11                        @ ../src/driver/stm32g4-v120/src/stm32g4xx_hal_flash_ramfunc.c:158:11
	ldr	r1, [r2]
.Ltmp26:
	.loc	5 158 11 is_stmt 0              @ ../src/driver/stm32g4-v120/src/stm32g4xx_hal_flash_ramfunc.c:158:11
	lsls	r1, r1, #21
	bpl	.LBB2_7
.Ltmp27:
@ %bb.6:
	@DEBUG_VALUE: HAL_FLASHEx_OB_DBankConfig:DBankConfig <- [DW_OP_LLVM_entry_value 1] $r0
	@DEBUG_VALUE: HAL_FLASHEx_OB_DBankConfig:status <- 1
	.loc	5 161 9 is_stmt 1               @ ../src/driver/stm32g4-v120/src/stm32g4xx_hal_flash_ramfunc.c:161:9
	ldr	r1, [r2]
	bic	r1, r1, #1024
	str	r1, [r2]
.Ltmp28:
	.loc	5 164 9                         @ ../src/driver/stm32g4-v120/src/stm32g4xx_hal_flash_ramfunc.c:164:9
	ldr	r1, [r2]
	orr	r1, r1, #4096
	str	r1, [r2]
	ldr	r1, [r2]
	bic	r1, r1, #4096
	str	r1, [r2]
.Ltmp29:
.LBB2_7:
	@DEBUG_VALUE: HAL_FLASHEx_OB_DBankConfig:DBankConfig <- [DW_OP_LLVM_entry_value 1] $r0
	@DEBUG_VALUE: HAL_FLASHEx_OB_DBankConfig:status <- 1
	.loc	5 168 20                        @ ../src/driver/stm32g4-v120/src/stm32g4xx_hal_flash_ramfunc.c:168:20
	ldr	r1, [r2, #44]
.Ltmp30:
	@DEBUG_VALUE: HAL_FLASHEx_OB_DBankConfig:reg <- $r1
	.loc	5 169 17                        @ ../src/driver/stm32g4-v120/src/stm32g4xx_hal_flash_ramfunc.c:169:17
	and	r3, r1, #127
	.loc	5 170 43                        @ ../src/driver/stm32g4-v120/src/stm32g4xx_hal_flash_ramfunc.c:170:43
	ubfx	r1, r1, #16, #7
.Ltmp31:
	.loc	5 169 11                        @ ../src/driver/stm32g4-v120/src/stm32g4xx_hal_flash_ramfunc.c:169:11
	cmp	r3, r1
	bhi	.LBB2_9
.Ltmp32:
@ %bb.8:
	@DEBUG_VALUE: HAL_FLASHEx_OB_DBankConfig:DBankConfig <- [DW_OP_LLVM_entry_value 1] $r0
	@DEBUG_VALUE: HAL_FLASHEx_OB_DBankConfig:status <- 1
	.loc	5 172 9                         @ ../src/driver/stm32g4-v120/src/stm32g4xx_hal_flash_ramfunc.c:172:9
	ldr	r1, [r2, #44]
	bic	r1, r1, #8323199
	adds	r1, #127
	str	r1, [r2, #44]
.Ltmp33:
.LBB2_9:
	@DEBUG_VALUE: HAL_FLASHEx_OB_DBankConfig:DBankConfig <- [DW_OP_LLVM_entry_value 1] $r0
	@DEBUG_VALUE: HAL_FLASHEx_OB_DBankConfig:status <- 1
	.loc	5 176 20                        @ ../src/driver/stm32g4-v120/src/stm32g4xx_hal_flash_ramfunc.c:176:20
	ldr	r1, [r2, #48]
.Ltmp34:
	@DEBUG_VALUE: HAL_FLASHEx_OB_DBankConfig:reg <- $r1
	.loc	5 177 17                        @ ../src/driver/stm32g4-v120/src/stm32g4xx_hal_flash_ramfunc.c:177:17
	and	r3, r1, #127
	.loc	5 178 43                        @ ../src/driver/stm32g4-v120/src/stm32g4xx_hal_flash_ramfunc.c:178:43
	ubfx	r1, r1, #16, #7
.Ltmp35:
	.loc	5 177 11                        @ ../src/driver/stm32g4-v120/src/stm32g4xx_hal_flash_ramfunc.c:177:11
	cmp	r3, r1
	bhi	.LBB2_11
.Ltmp36:
@ %bb.10:
	@DEBUG_VALUE: HAL_FLASHEx_OB_DBankConfig:DBankConfig <- [DW_OP_LLVM_entry_value 1] $r0
	@DEBUG_VALUE: HAL_FLASHEx_OB_DBankConfig:status <- 1
	.loc	5 180 9                         @ ../src/driver/stm32g4-v120/src/stm32g4xx_hal_flash_ramfunc.c:180:9
	ldr	r1, [r2, #48]
	bic	r1, r1, #8323199
	adds	r1, #127
	str	r1, [r2, #48]
.Ltmp37:
.LBB2_11:
	@DEBUG_VALUE: HAL_FLASHEx_OB_DBankConfig:DBankConfig <- [DW_OP_LLVM_entry_value 1] $r0
	@DEBUG_VALUE: HAL_FLASHEx_OB_DBankConfig:status <- 1
	.loc	5 184 20                        @ ../src/driver/stm32g4-v120/src/stm32g4xx_hal_flash_ramfunc.c:184:20
	ldr	r1, [r2, #76]
.Ltmp38:
	@DEBUG_VALUE: HAL_FLASHEx_OB_DBankConfig:reg <- $r1
	.loc	5 185 17                        @ ../src/driver/stm32g4-v120/src/stm32g4xx_hal_flash_ramfunc.c:185:17
	and	r3, r1, #127
	.loc	5 186 43                        @ ../src/driver/stm32g4-v120/src/stm32g4xx_hal_flash_ramfunc.c:186:43
	ubfx	r1, r1, #16, #7
.Ltmp39:
	.loc	5 185 11                        @ ../src/driver/stm32g4-v120/src/stm32g4xx_hal_flash_ramfunc.c:185:11
	cmp	r3, r1
	bhi	.LBB2_13
.Ltmp40:
@ %bb.12:
	@DEBUG_VALUE: HAL_FLASHEx_OB_DBankConfig:DBankConfig <- [DW_OP_LLVM_entry_value 1] $r0
	@DEBUG_VALUE: HAL_FLASHEx_OB_DBankConfig:status <- 1
	.loc	5 188 9                         @ ../src/driver/stm32g4-v120/src/stm32g4xx_hal_flash_ramfunc.c:188:9
	ldr	r1, [r2, #76]
	bic	r1, r1, #8323199
	adds	r1, #127
	str	r1, [r2, #76]
.Ltmp41:
.LBB2_13:
	@DEBUG_VALUE: HAL_FLASHEx_OB_DBankConfig:DBankConfig <- [DW_OP_LLVM_entry_value 1] $r0
	@DEBUG_VALUE: HAL_FLASHEx_OB_DBankConfig:status <- 1
	.loc	5 192 20                        @ ../src/driver/stm32g4-v120/src/stm32g4xx_hal_flash_ramfunc.c:192:20
	ldr	r1, [r2, #80]
.Ltmp42:
	@DEBUG_VALUE: HAL_FLASHEx_OB_DBankConfig:reg <- $r1
	.loc	5 193 17                        @ ../src/driver/stm32g4-v120/src/stm32g4xx_hal_flash_ramfunc.c:193:17
	and	r3, r1, #127
	.loc	5 194 43                        @ ../src/driver/stm32g4-v120/src/stm32g4xx_hal_flash_ramfunc.c:194:43
	ubfx	r1, r1, #16, #7
.Ltmp43:
	.loc	5 193 11                        @ ../src/driver/stm32g4-v120/src/stm32g4xx_hal_flash_ramfunc.c:193:11
	cmp	r3, r1
	bhi	.LBB2_15
.Ltmp44:
@ %bb.14:
	@DEBUG_VALUE: HAL_FLASHEx_OB_DBankConfig:DBankConfig <- [DW_OP_LLVM_entry_value 1] $r0
	@DEBUG_VALUE: HAL_FLASHEx_OB_DBankConfig:status <- 1
	.loc	5 196 9                         @ ../src/driver/stm32g4-v120/src/stm32g4xx_hal_flash_ramfunc.c:196:9
	ldr	r1, [r2, #80]
	bic	r1, r1, #8323199
	adds	r1, #127
	str	r1, [r2, #80]
.Ltmp45:
.LBB2_15:
	@DEBUG_VALUE: HAL_FLASHEx_OB_DBankConfig:DBankConfig <- [DW_OP_LLVM_entry_value 1] $r0
	@DEBUG_VALUE: HAL_FLASHEx_OB_DBankConfig:status <- 1
	.loc	5 200 7                         @ ../src/driver/stm32g4-v120/src/stm32g4xx_hal_flash_ramfunc.c:200:7
	ldr	r1, [r2, #32]
	bic	r1, r1, #4194304
	orrs	r0, r1
	str	r0, [r2, #32]
	.loc	5 203 7                         @ ../src/driver/stm32g4-v120/src/stm32g4xx_hal_flash_ramfunc.c:203:7
	ldr	r0, [r2, #20]
	movw	r1, #19923
	orr	r0, r0, #131072
	str	r0, [r2, #20]
	.loc	5 207 38                        @ ../src/driver/stm32g4-v120/src/stm32g4xx_hal_flash_ramfunc.c:207:38
	movw	r0, :lower16:SystemCoreClock
	movt	r0, :upper16:SystemCoreClock
	ldr	r0, [r0]
	movt	r1, #4194
	.loc	5 207 59 is_stmt 0              @ ../src/driver/stm32g4-v120/src/stm32g4xx_hal_flash_ramfunc.c:207:59
	umull	r0, r1, r0, r1
	lsrs	r0, r1, #9
	mov.w	r1, #1000
	.loc	5 207 35                        @ ../src/driver/stm32g4-v120/src/stm32g4xx_hal_flash_ramfunc.c:207:35
	muls	r0, r1, r0
.Ltmp46:
	@DEBUG_VALUE: HAL_FLASHEx_OB_DBankConfig:count <- $r0
	.loc	5 208 7 is_stmt 1               @ ../src/driver/stm32g4-v120/src/stm32g4xx_hal_flash_ramfunc.c:208:7
	mvns	r0, r0
.Ltmp47:
	.p2align	2
.LBB2_16:                               @ =>This Inner Loop Header: Depth=1
	@DEBUG_VALUE: HAL_FLASHEx_OB_DBankConfig:DBankConfig <- [DW_OP_LLVM_entry_value 1] $r0
	@DEBUG_VALUE: HAL_FLASHEx_OB_DBankConfig:status <- 1
	@DEBUG_VALUE: HAL_FLASHEx_OB_DBankConfig:count <- undef
	.loc	5 210 19                        @ ../src/driver/stm32g4-v120/src/stm32g4xx_hal_flash_ramfunc.c:210:19
	adds	r0, #1
.Ltmp48:
	.loc	5 210 13 is_stmt 0              @ ../src/driver/stm32g4-v120/src/stm32g4xx_hal_flash_ramfunc.c:210:13
	bhs	.LBB2_18
.Ltmp49:
@ %bb.17:                               @   in Loop: Header=BB2_16 Depth=1
	@DEBUG_VALUE: HAL_FLASHEx_OB_DBankConfig:DBankConfig <- [DW_OP_LLVM_entry_value 1] $r0
	@DEBUG_VALUE: HAL_FLASHEx_OB_DBankConfig:status <- 1
	@DEBUG_VALUE: HAL_FLASHEx_OB_DBankConfig:count <- [DW_OP_constu 1, DW_OP_minus, DW_OP_stack_value] undef
	.loc	5 216 14 is_stmt 1              @ ../src/driver/stm32g4-v120/src/stm32g4xx_hal_flash_ramfunc.c:216:14
	ldr	r1, [r2, #16]
.Ltmp50:
	.loc	5 215 7                         @ ../src/driver/stm32g4-v120/src/stm32g4xx_hal_flash_ramfunc.c:215:7
	lsls	r1, r1, #15
	bmi	.LBB2_16
.Ltmp51:
.LBB2_18:
	@DEBUG_VALUE: HAL_FLASHEx_OB_DBankConfig:DBankConfig <- [DW_OP_LLVM_entry_value 1] $r0
	@DEBUG_VALUE: HAL_FLASHEx_OB_DBankConfig:status <- 1
	.loc	5 219 7                         @ ../src/driver/stm32g4-v120/src/stm32g4xx_hal_flash_ramfunc.c:219:7
	ldr	r0, [r2, #20]
	bic	r0, r0, #131072
	str	r0, [r2, #20]
	.loc	5 222 7                         @ ../src/driver/stm32g4-v120/src/stm32g4xx_hal_flash_ramfunc.c:222:7
	ldr	r0, [r2, #20]
	orr	r0, r0, #134217728
	str	r0, [r2, #20]
.Ltmp52:
.LBB2_19:
	@DEBUG_VALUE: HAL_FLASHEx_OB_DBankConfig:DBankConfig <- [DW_OP_LLVM_entry_value 1] $r0
	@DEBUG_VALUE: HAL_FLASHEx_OB_DBankConfig:status <- 1
	.loc	5 0 7 is_stmt 0                 @ ../src/driver/stm32g4-v120/src/stm32g4xx_hal_flash_ramfunc.c:0:7
	movs	r0, #0
.Ltmp53:
	.loc	5 227 3 is_stmt 1               @ ../src/driver/stm32g4-v120/src/stm32g4xx_hal_flash_ramfunc.c:227:3
	strb.w	r0, [r12]
	movs	r0, #1
.Ltmp54:
	.loc	5 230 1                         @ ../src/driver/stm32g4-v120/src/stm32g4xx_hal_flash_ramfunc.c:230:1
	bx	lr
.Ltmp55:
.Lfunc_end2:
	.size	HAL_FLASHEx_OB_DBankConfig, .Lfunc_end2-HAL_FLASHEx_OB_DBankConfig
	.cfi_endproc
	.cantunwind
	.fnend
                                        @ -- End function
	.section	.debug_loc,"",%progbits
.Ldebug_loc0:
	.long	.Lfunc_begin2-.Lfunc_begin0
	.long	.Ltmp12-.Lfunc_begin0
	.short	1                               @ Loc expr size
	.byte	80                              @ DW_OP_reg0
	.long	.Ltmp12-.Lfunc_begin0
	.long	.Lfunc_end2-.Lfunc_begin0
	.short	4                               @ Loc expr size
	.byte	243                             @ DW_OP_GNU_entry_value
	.byte	1                               @ 1
	.byte	80                              @ DW_OP_reg0
	.byte	159                             @ DW_OP_stack_value
	.long	0
	.long	0
.Ldebug_loc1:
	.long	.Ltmp11-.Lfunc_begin0
	.long	.Lfunc_end2-.Lfunc_begin0
	.short	2                               @ Loc expr size
	.byte	49                              @ DW_OP_lit1
	.byte	159                             @ DW_OP_stack_value
	.long	0
	.long	0
.Ldebug_loc2:
	.long	.Ltmp14-.Lfunc_begin0
	.long	.Ltmp17-.Lfunc_begin0
	.short	1                               @ Loc expr size
	.byte	83                              @ DW_OP_reg3
	.long	.Ltmp17-.Lfunc_begin0
	.long	.Ltmp20-.Lfunc_begin0
	.short	1                               @ Loc expr size
	.byte	81                              @ DW_OP_reg1
	.long	.Ltmp30-.Lfunc_begin0
	.long	.Ltmp31-.Lfunc_begin0
	.short	1                               @ Loc expr size
	.byte	81                              @ DW_OP_reg1
	.long	.Ltmp34-.Lfunc_begin0
	.long	.Ltmp35-.Lfunc_begin0
	.short	1                               @ Loc expr size
	.byte	81                              @ DW_OP_reg1
	.long	.Ltmp38-.Lfunc_begin0
	.long	.Ltmp39-.Lfunc_begin0
	.short	1                               @ Loc expr size
	.byte	81                              @ DW_OP_reg1
	.long	.Ltmp42-.Lfunc_begin0
	.long	.Ltmp43-.Lfunc_begin0
	.short	1                               @ Loc expr size
	.byte	81                              @ DW_OP_reg1
	.long	0
	.long	0
.Ldebug_loc3:
	.long	.Ltmp46-.Lfunc_begin0
	.long	.Ltmp47-.Lfunc_begin0
	.short	1                               @ Loc expr size
	.byte	80                              @ DW_OP_reg0
	.long	0
	.long	0
	.section	.debug_abbrev,"",%progbits
	.byte	1                               @ Abbreviation Code
	.byte	17                              @ DW_TAG_compile_unit
	.byte	1                               @ DW_CHILDREN_yes
	.byte	37                              @ DW_AT_producer
	.byte	14                              @ DW_FORM_strp
	.byte	19                              @ DW_AT_language
	.byte	5                               @ DW_FORM_data2
	.byte	3                               @ DW_AT_name
	.byte	14                              @ DW_FORM_strp
	.byte	16                              @ DW_AT_stmt_list
	.byte	23                              @ DW_FORM_sec_offset
	.byte	27                              @ DW_AT_comp_dir
	.byte	14                              @ DW_FORM_strp
	.byte	17                              @ DW_AT_low_pc
	.byte	1                               @ DW_FORM_addr
	.byte	18                              @ DW_AT_high_pc
	.byte	6                               @ DW_FORM_data4
	.byte	0                               @ EOM(1)
	.byte	0                               @ EOM(2)
	.byte	2                               @ Abbreviation Code
	.byte	4                               @ DW_TAG_enumeration_type
	.byte	1                               @ DW_CHILDREN_yes
	.byte	73                              @ DW_AT_type
	.byte	19                              @ DW_FORM_ref4
	.byte	11                              @ DW_AT_byte_size
	.byte	11                              @ DW_FORM_data1
	.byte	58                              @ DW_AT_decl_file
	.byte	11                              @ DW_FORM_data1
	.byte	59                              @ DW_AT_decl_line
	.byte	11                              @ DW_FORM_data1
	.byte	0                               @ EOM(1)
	.byte	0                               @ EOM(2)
	.byte	3                               @ Abbreviation Code
	.byte	40                              @ DW_TAG_enumerator
	.byte	0                               @ DW_CHILDREN_no
	.byte	3                               @ DW_AT_name
	.byte	14                              @ DW_FORM_strp
	.byte	28                              @ DW_AT_const_value
	.byte	15                              @ DW_FORM_udata
	.byte	0                               @ EOM(1)
	.byte	0                               @ EOM(2)
	.byte	4                               @ Abbreviation Code
	.byte	36                              @ DW_TAG_base_type
	.byte	0                               @ DW_CHILDREN_no
	.byte	3                               @ DW_AT_name
	.byte	14                              @ DW_FORM_strp
	.byte	62                              @ DW_AT_encoding
	.byte	11                              @ DW_FORM_data1
	.byte	11                              @ DW_AT_byte_size
	.byte	11                              @ DW_FORM_data1
	.byte	0                               @ EOM(1)
	.byte	0                               @ EOM(2)
	.byte	5                               @ Abbreviation Code
	.byte	15                              @ DW_TAG_pointer_type
	.byte	0                               @ DW_CHILDREN_no
	.byte	73                              @ DW_AT_type
	.byte	19                              @ DW_FORM_ref4
	.byte	0                               @ EOM(1)
	.byte	0                               @ EOM(2)
	.byte	6                               @ Abbreviation Code
	.byte	22                              @ DW_TAG_typedef
	.byte	0                               @ DW_CHILDREN_no
	.byte	73                              @ DW_AT_type
	.byte	19                              @ DW_FORM_ref4
	.byte	3                               @ DW_AT_name
	.byte	14                              @ DW_FORM_strp
	.byte	58                              @ DW_AT_decl_file
	.byte	11                              @ DW_FORM_data1
	.byte	59                              @ DW_AT_decl_line
	.byte	5                               @ DW_FORM_data2
	.byte	0                               @ EOM(1)
	.byte	0                               @ EOM(2)
	.byte	7                               @ Abbreviation Code
	.byte	19                              @ DW_TAG_structure_type
	.byte	1                               @ DW_CHILDREN_yes
	.byte	11                              @ DW_AT_byte_size
	.byte	11                              @ DW_FORM_data1
	.byte	58                              @ DW_AT_decl_file
	.byte	11                              @ DW_FORM_data1
	.byte	59                              @ DW_AT_decl_line
	.byte	5                               @ DW_FORM_data2
	.byte	0                               @ EOM(1)
	.byte	0                               @ EOM(2)
	.byte	8                               @ Abbreviation Code
	.byte	13                              @ DW_TAG_member
	.byte	0                               @ DW_CHILDREN_no
	.byte	3                               @ DW_AT_name
	.byte	14                              @ DW_FORM_strp
	.byte	73                              @ DW_AT_type
	.byte	19                              @ DW_FORM_ref4
	.byte	58                              @ DW_AT_decl_file
	.byte	11                              @ DW_FORM_data1
	.byte	59                              @ DW_AT_decl_line
	.byte	5                               @ DW_FORM_data2
	.byte	56                              @ DW_AT_data_member_location
	.byte	11                              @ DW_FORM_data1
	.byte	0                               @ EOM(1)
	.byte	0                               @ EOM(2)
	.byte	9                               @ Abbreviation Code
	.byte	53                              @ DW_TAG_volatile_type
	.byte	0                               @ DW_CHILDREN_no
	.byte	73                              @ DW_AT_type
	.byte	19                              @ DW_FORM_ref4
	.byte	0                               @ EOM(1)
	.byte	0                               @ EOM(2)
	.byte	10                              @ Abbreviation Code
	.byte	22                              @ DW_TAG_typedef
	.byte	0                               @ DW_CHILDREN_no
	.byte	73                              @ DW_AT_type
	.byte	19                              @ DW_FORM_ref4
	.byte	3                               @ DW_AT_name
	.byte	14                              @ DW_FORM_strp
	.byte	58                              @ DW_AT_decl_file
	.byte	11                              @ DW_FORM_data1
	.byte	59                              @ DW_AT_decl_line
	.byte	11                              @ DW_FORM_data1
	.byte	0                               @ EOM(1)
	.byte	0                               @ EOM(2)
	.byte	11                              @ Abbreviation Code
	.byte	1                               @ DW_TAG_array_type
	.byte	1                               @ DW_CHILDREN_yes
	.byte	73                              @ DW_AT_type
	.byte	19                              @ DW_FORM_ref4
	.byte	0                               @ EOM(1)
	.byte	0                               @ EOM(2)
	.byte	12                              @ Abbreviation Code
	.byte	33                              @ DW_TAG_subrange_type
	.byte	0                               @ DW_CHILDREN_no
	.byte	73                              @ DW_AT_type
	.byte	19                              @ DW_FORM_ref4
	.byte	55                              @ DW_AT_count
	.byte	11                              @ DW_FORM_data1
	.byte	0                               @ EOM(1)
	.byte	0                               @ EOM(2)
	.byte	13                              @ Abbreviation Code
	.byte	36                              @ DW_TAG_base_type
	.byte	0                               @ DW_CHILDREN_no
	.byte	3                               @ DW_AT_name
	.byte	14                              @ DW_FORM_strp
	.byte	11                              @ DW_AT_byte_size
	.byte	11                              @ DW_FORM_data1
	.byte	62                              @ DW_AT_encoding
	.byte	11                              @ DW_FORM_data1
	.byte	0                               @ EOM(1)
	.byte	0                               @ EOM(2)
	.byte	14                              @ Abbreviation Code
	.byte	46                              @ DW_TAG_subprogram
	.byte	0                               @ DW_CHILDREN_no
	.byte	17                              @ DW_AT_low_pc
	.byte	1                               @ DW_FORM_addr
	.byte	18                              @ DW_AT_high_pc
	.byte	6                               @ DW_FORM_data4
	.byte	64                              @ DW_AT_frame_base
	.byte	24                              @ DW_FORM_exprloc
	.ascii	"\227B"                         @ DW_AT_GNU_all_call_sites
	.byte	25                              @ DW_FORM_flag_present
	.byte	3                               @ DW_AT_name
	.byte	14                              @ DW_FORM_strp
	.byte	58                              @ DW_AT_decl_file
	.byte	11                              @ DW_FORM_data1
	.byte	59                              @ DW_AT_decl_line
	.byte	11                              @ DW_FORM_data1
	.byte	39                              @ DW_AT_prototyped
	.byte	25                              @ DW_FORM_flag_present
	.byte	73                              @ DW_AT_type
	.byte	19                              @ DW_FORM_ref4
	.byte	63                              @ DW_AT_external
	.byte	25                              @ DW_FORM_flag_present
	.byte	0                               @ EOM(1)
	.byte	0                               @ EOM(2)
	.byte	15                              @ Abbreviation Code
	.byte	46                              @ DW_TAG_subprogram
	.byte	1                               @ DW_CHILDREN_yes
	.byte	17                              @ DW_AT_low_pc
	.byte	1                               @ DW_FORM_addr
	.byte	18                              @ DW_AT_high_pc
	.byte	6                               @ DW_FORM_data4
	.byte	64                              @ DW_AT_frame_base
	.byte	24                              @ DW_FORM_exprloc
	.ascii	"\227B"                         @ DW_AT_GNU_all_call_sites
	.byte	25                              @ DW_FORM_flag_present
	.byte	3                               @ DW_AT_name
	.byte	14                              @ DW_FORM_strp
	.byte	58                              @ DW_AT_decl_file
	.byte	11                              @ DW_FORM_data1
	.byte	59                              @ DW_AT_decl_line
	.byte	11                              @ DW_FORM_data1
	.byte	39                              @ DW_AT_prototyped
	.byte	25                              @ DW_FORM_flag_present
	.byte	73                              @ DW_AT_type
	.byte	19                              @ DW_FORM_ref4
	.byte	63                              @ DW_AT_external
	.byte	25                              @ DW_FORM_flag_present
	.byte	0                               @ EOM(1)
	.byte	0                               @ EOM(2)
	.byte	16                              @ Abbreviation Code
	.byte	5                               @ DW_TAG_formal_parameter
	.byte	0                               @ DW_CHILDREN_no
	.byte	2                               @ DW_AT_location
	.byte	23                              @ DW_FORM_sec_offset
	.byte	3                               @ DW_AT_name
	.byte	14                              @ DW_FORM_strp
	.byte	58                              @ DW_AT_decl_file
	.byte	11                              @ DW_FORM_data1
	.byte	59                              @ DW_AT_decl_line
	.byte	11                              @ DW_FORM_data1
	.byte	73                              @ DW_AT_type
	.byte	19                              @ DW_FORM_ref4
	.byte	0                               @ EOM(1)
	.byte	0                               @ EOM(2)
	.byte	17                              @ Abbreviation Code
	.byte	52                              @ DW_TAG_variable
	.byte	0                               @ DW_CHILDREN_no
	.byte	2                               @ DW_AT_location
	.byte	23                              @ DW_FORM_sec_offset
	.byte	3                               @ DW_AT_name
	.byte	14                              @ DW_FORM_strp
	.byte	58                              @ DW_AT_decl_file
	.byte	11                              @ DW_FORM_data1
	.byte	59                              @ DW_AT_decl_line
	.byte	11                              @ DW_FORM_data1
	.byte	73                              @ DW_AT_type
	.byte	19                              @ DW_FORM_ref4
	.byte	0                               @ EOM(1)
	.byte	0                               @ EOM(2)
	.byte	0                               @ EOM(3)
	.section	.debug_info,"",%progbits
.Lcu_begin0:
	.long	.Ldebug_info_end0-.Ldebug_info_start0 @ Length of Unit
.Ldebug_info_start0:
	.short	4                               @ DWARF version number
	.long	.debug_abbrev                   @ Offset Into Abbrev. Section
	.byte	4                               @ Address Size (in bytes)
	.byte	1                               @ Abbrev [1] 0xb:0x253 DW_TAG_compile_unit
	.long	.Linfo_string0                  @ DW_AT_producer
	.short	12                              @ DW_AT_language
	.long	.Linfo_string1                  @ DW_AT_name
	.long	.Lline_table_start0             @ DW_AT_stmt_list
	.long	.Linfo_string2                  @ DW_AT_comp_dir
	.long	.Lfunc_begin0                   @ DW_AT_low_pc
	.long	.Lfunc_end2-.Lfunc_begin0       @ DW_AT_high_pc
	.byte	2                               @ Abbrev [2] 0x26:0x21 DW_TAG_enumeration_type
	.long	71                              @ DW_AT_type
	.byte	1                               @ DW_AT_byte_size
	.byte	1                               @ DW_AT_decl_file
	.byte	39                              @ DW_AT_decl_line
	.byte	3                               @ Abbrev [3] 0x2e:0x6 DW_TAG_enumerator
	.long	.Linfo_string4                  @ DW_AT_name
	.byte	0                               @ DW_AT_const_value
	.byte	3                               @ Abbrev [3] 0x34:0x6 DW_TAG_enumerator
	.long	.Linfo_string5                  @ DW_AT_name
	.byte	1                               @ DW_AT_const_value
	.byte	3                               @ Abbrev [3] 0x3a:0x6 DW_TAG_enumerator
	.long	.Linfo_string6                  @ DW_AT_name
	.byte	2                               @ DW_AT_const_value
	.byte	3                               @ Abbrev [3] 0x40:0x6 DW_TAG_enumerator
	.long	.Linfo_string7                  @ DW_AT_name
	.byte	3                               @ DW_AT_const_value
	.byte	0                               @ End Of Children Mark
	.byte	4                               @ Abbrev [4] 0x47:0x7 DW_TAG_base_type
	.long	.Linfo_string3                  @ DW_AT_name
	.byte	8                               @ DW_AT_encoding
	.byte	1                               @ DW_AT_byte_size
	.byte	2                               @ Abbrev [2] 0x4e:0x15 DW_TAG_enumeration_type
	.long	71                              @ DW_AT_type
	.byte	1                               @ DW_AT_byte_size
	.byte	1                               @ DW_AT_decl_file
	.byte	50                              @ DW_AT_decl_line
	.byte	3                               @ Abbrev [3] 0x56:0x6 DW_TAG_enumerator
	.long	.Linfo_string8                  @ DW_AT_name
	.byte	0                               @ DW_AT_const_value
	.byte	3                               @ Abbrev [3] 0x5c:0x6 DW_TAG_enumerator
	.long	.Linfo_string9                  @ DW_AT_name
	.byte	1                               @ DW_AT_const_value
	.byte	0                               @ End Of Children Mark
	.byte	2                               @ Abbrev [2] 0x63:0x15 DW_TAG_enumeration_type
	.long	71                              @ DW_AT_type
	.byte	1                               @ DW_AT_byte_size
	.byte	2                               @ DW_AT_decl_file
	.byte	141                             @ DW_AT_decl_line
	.byte	3                               @ Abbrev [3] 0x6b:0x6 DW_TAG_enumerator
	.long	.Linfo_string10                 @ DW_AT_name
	.byte	0                               @ DW_AT_const_value
	.byte	3                               @ Abbrev [3] 0x71:0x6 DW_TAG_enumerator
	.long	.Linfo_string11                 @ DW_AT_name
	.byte	1                               @ DW_AT_const_value
	.byte	0                               @ End Of Children Mark
	.byte	5                               @ Abbrev [5] 0x78:0x5 DW_TAG_pointer_type
	.long	125                             @ DW_AT_type
	.byte	6                               @ Abbrev [6] 0x7d:0xc DW_TAG_typedef
	.long	137                             @ DW_AT_type
	.long	.Linfo_string36                 @ DW_AT_name
	.byte	4                               @ DW_AT_decl_file
	.short	480                             @ DW_AT_decl_line
	.byte	7                               @ Abbrev [7] 0x89:0x117 DW_TAG_structure_type
	.byte	120                             @ DW_AT_byte_size
	.byte	4                               @ DW_AT_decl_file
	.short	457                             @ DW_AT_decl_line
	.byte	8                               @ Abbrev [8] 0x8e:0xd DW_TAG_member
	.long	.Linfo_string12                 @ DW_AT_name
	.long	416                             @ DW_AT_type
	.byte	4                               @ DW_AT_decl_file
	.short	459                             @ DW_AT_decl_line
	.byte	0                               @ DW_AT_data_member_location
	.byte	8                               @ Abbrev [8] 0x9b:0xd DW_TAG_member
	.long	.Linfo_string15                 @ DW_AT_name
	.long	416                             @ DW_AT_type
	.byte	4                               @ DW_AT_decl_file
	.short	460                             @ DW_AT_decl_line
	.byte	4                               @ DW_AT_data_member_location
	.byte	8                               @ Abbrev [8] 0xa8:0xd DW_TAG_member
	.long	.Linfo_string16                 @ DW_AT_name
	.long	416                             @ DW_AT_type
	.byte	4                               @ DW_AT_decl_file
	.short	461                             @ DW_AT_decl_line
	.byte	8                               @ DW_AT_data_member_location
	.byte	8                               @ Abbrev [8] 0xb5:0xd DW_TAG_member
	.long	.Linfo_string17                 @ DW_AT_name
	.long	416                             @ DW_AT_type
	.byte	4                               @ DW_AT_decl_file
	.short	462                             @ DW_AT_decl_line
	.byte	12                              @ DW_AT_data_member_location
	.byte	8                               @ Abbrev [8] 0xc2:0xd DW_TAG_member
	.long	.Linfo_string18                 @ DW_AT_name
	.long	416                             @ DW_AT_type
	.byte	4                               @ DW_AT_decl_file
	.short	463                             @ DW_AT_decl_line
	.byte	16                              @ DW_AT_data_member_location
	.byte	8                               @ Abbrev [8] 0xcf:0xd DW_TAG_member
	.long	.Linfo_string19                 @ DW_AT_name
	.long	416                             @ DW_AT_type
	.byte	4                               @ DW_AT_decl_file
	.short	464                             @ DW_AT_decl_line
	.byte	20                              @ DW_AT_data_member_location
	.byte	8                               @ Abbrev [8] 0xdc:0xd DW_TAG_member
	.long	.Linfo_string20                 @ DW_AT_name
	.long	416                             @ DW_AT_type
	.byte	4                               @ DW_AT_decl_file
	.short	465                             @ DW_AT_decl_line
	.byte	24                              @ DW_AT_data_member_location
	.byte	8                               @ Abbrev [8] 0xe9:0xd DW_TAG_member
	.long	.Linfo_string21                 @ DW_AT_name
	.long	421                             @ DW_AT_type
	.byte	4                               @ DW_AT_decl_file
	.short	466                             @ DW_AT_decl_line
	.byte	28                              @ DW_AT_data_member_location
	.byte	8                               @ Abbrev [8] 0xf6:0xd DW_TAG_member
	.long	.Linfo_string22                 @ DW_AT_name
	.long	416                             @ DW_AT_type
	.byte	4                               @ DW_AT_decl_file
	.short	467                             @ DW_AT_decl_line
	.byte	32                              @ DW_AT_data_member_location
	.byte	8                               @ Abbrev [8] 0x103:0xd DW_TAG_member
	.long	.Linfo_string23                 @ DW_AT_name
	.long	416                             @ DW_AT_type
	.byte	4                               @ DW_AT_decl_file
	.short	468                             @ DW_AT_decl_line
	.byte	36                              @ DW_AT_data_member_location
	.byte	8                               @ Abbrev [8] 0x110:0xd DW_TAG_member
	.long	.Linfo_string24                 @ DW_AT_name
	.long	416                             @ DW_AT_type
	.byte	4                               @ DW_AT_decl_file
	.short	469                             @ DW_AT_decl_line
	.byte	40                              @ DW_AT_data_member_location
	.byte	8                               @ Abbrev [8] 0x11d:0xd DW_TAG_member
	.long	.Linfo_string25                 @ DW_AT_name
	.long	416                             @ DW_AT_type
	.byte	4                               @ DW_AT_decl_file
	.short	470                             @ DW_AT_decl_line
	.byte	44                              @ DW_AT_data_member_location
	.byte	8                               @ Abbrev [8] 0x12a:0xd DW_TAG_member
	.long	.Linfo_string26                 @ DW_AT_name
	.long	416                             @ DW_AT_type
	.byte	4                               @ DW_AT_decl_file
	.short	471                             @ DW_AT_decl_line
	.byte	48                              @ DW_AT_data_member_location
	.byte	8                               @ Abbrev [8] 0x137:0xd DW_TAG_member
	.long	.Linfo_string27                 @ DW_AT_name
	.long	439                             @ DW_AT_type
	.byte	4                               @ DW_AT_decl_file
	.short	472                             @ DW_AT_decl_line
	.byte	52                              @ DW_AT_data_member_location
	.byte	8                               @ Abbrev [8] 0x144:0xd DW_TAG_member
	.long	.Linfo_string29                 @ DW_AT_name
	.long	416                             @ DW_AT_type
	.byte	4                               @ DW_AT_decl_file
	.short	473                             @ DW_AT_decl_line
	.byte	68                              @ DW_AT_data_member_location
	.byte	8                               @ Abbrev [8] 0x151:0xd DW_TAG_member
	.long	.Linfo_string30                 @ DW_AT_name
	.long	416                             @ DW_AT_type
	.byte	4                               @ DW_AT_decl_file
	.short	474                             @ DW_AT_decl_line
	.byte	72                              @ DW_AT_data_member_location
	.byte	8                               @ Abbrev [8] 0x15e:0xd DW_TAG_member
	.long	.Linfo_string31                 @ DW_AT_name
	.long	416                             @ DW_AT_type
	.byte	4                               @ DW_AT_decl_file
	.short	475                             @ DW_AT_decl_line
	.byte	76                              @ DW_AT_data_member_location
	.byte	8                               @ Abbrev [8] 0x16b:0xd DW_TAG_member
	.long	.Linfo_string32                 @ DW_AT_name
	.long	416                             @ DW_AT_type
	.byte	4                               @ DW_AT_decl_file
	.short	476                             @ DW_AT_decl_line
	.byte	80                              @ DW_AT_data_member_location
	.byte	8                               @ Abbrev [8] 0x178:0xd DW_TAG_member
	.long	.Linfo_string33                 @ DW_AT_name
	.long	458                             @ DW_AT_type
	.byte	4                               @ DW_AT_decl_file
	.short	477                             @ DW_AT_decl_line
	.byte	84                              @ DW_AT_data_member_location
	.byte	8                               @ Abbrev [8] 0x185:0xd DW_TAG_member
	.long	.Linfo_string34                 @ DW_AT_name
	.long	416                             @ DW_AT_type
	.byte	4                               @ DW_AT_decl_file
	.short	478                             @ DW_AT_decl_line
	.byte	112                             @ DW_AT_data_member_location
	.byte	8                               @ Abbrev [8] 0x192:0xd DW_TAG_member
	.long	.Linfo_string35                 @ DW_AT_name
	.long	416                             @ DW_AT_type
	.byte	4                               @ DW_AT_decl_file
	.short	479                             @ DW_AT_decl_line
	.byte	116                             @ DW_AT_data_member_location
	.byte	0                               @ End Of Children Mark
	.byte	9                               @ Abbrev [9] 0x1a0:0x5 DW_TAG_volatile_type
	.long	421                             @ DW_AT_type
	.byte	10                              @ Abbrev [10] 0x1a5:0xb DW_TAG_typedef
	.long	432                             @ DW_AT_type
	.long	.Linfo_string14                 @ DW_AT_name
	.byte	3                               @ DW_AT_decl_file
	.byte	64                              @ DW_AT_decl_line
	.byte	4                               @ Abbrev [4] 0x1b0:0x7 DW_TAG_base_type
	.long	.Linfo_string13                 @ DW_AT_name
	.byte	7                               @ DW_AT_encoding
	.byte	4                               @ DW_AT_byte_size
	.byte	11                              @ Abbrev [11] 0x1b7:0xc DW_TAG_array_type
	.long	421                             @ DW_AT_type
	.byte	12                              @ Abbrev [12] 0x1bc:0x6 DW_TAG_subrange_type
	.long	451                             @ DW_AT_type
	.byte	4                               @ DW_AT_count
	.byte	0                               @ End Of Children Mark
	.byte	13                              @ Abbrev [13] 0x1c3:0x7 DW_TAG_base_type
	.long	.Linfo_string28                 @ DW_AT_name
	.byte	8                               @ DW_AT_byte_size
	.byte	7                               @ DW_AT_encoding
	.byte	11                              @ Abbrev [11] 0x1ca:0xc DW_TAG_array_type
	.long	421                             @ DW_AT_type
	.byte	12                              @ Abbrev [12] 0x1cf:0x6 DW_TAG_subrange_type
	.long	451                             @ DW_AT_type
	.byte	7                               @ DW_AT_count
	.byte	0                               @ End Of Children Mark
	.byte	14                              @ Abbrev [14] 0x1d6:0x15 DW_TAG_subprogram
	.long	.Lfunc_begin0                   @ DW_AT_low_pc
	.long	.Lfunc_end0-.Lfunc_begin0       @ DW_AT_high_pc
	.byte	1                               @ DW_AT_frame_base
	.byte	93
                                        @ DW_AT_GNU_all_call_sites
	.long	.Linfo_string37                 @ DW_AT_name
	.byte	5                               @ DW_AT_decl_file
	.byte	93                              @ DW_AT_decl_line
                                        @ DW_AT_prototyped
	.long	594                             @ DW_AT_type
                                        @ DW_AT_external
	.byte	14                              @ Abbrev [14] 0x1eb:0x15 DW_TAG_subprogram
	.long	.Lfunc_begin1                   @ DW_AT_low_pc
	.long	.Lfunc_end1-.Lfunc_begin1       @ DW_AT_high_pc
	.byte	1                               @ DW_AT_frame_base
	.byte	93
                                        @ DW_AT_GNU_all_call_sites
	.long	.Linfo_string39                 @ DW_AT_name
	.byte	5                               @ DW_AT_decl_file
	.byte	107                             @ DW_AT_decl_line
                                        @ DW_AT_prototyped
	.long	594                             @ DW_AT_type
                                        @ DW_AT_external
	.byte	15                              @ Abbrev [15] 0x200:0x52 DW_TAG_subprogram
	.long	.Lfunc_begin2                   @ DW_AT_low_pc
	.long	.Lfunc_end2-.Lfunc_begin2       @ DW_AT_high_pc
	.byte	1                               @ DW_AT_frame_base
	.byte	93
                                        @ DW_AT_GNU_all_call_sites
	.long	.Linfo_string40                 @ DW_AT_name
	.byte	5                               @ DW_AT_decl_file
	.byte	131                             @ DW_AT_decl_line
                                        @ DW_AT_prototyped
	.long	594                             @ DW_AT_type
                                        @ DW_AT_external
	.byte	16                              @ Abbrev [16] 0x215:0xf DW_TAG_formal_parameter
	.long	.Ldebug_loc0                    @ DW_AT_location
	.long	.Linfo_string41                 @ DW_AT_name
	.byte	5                               @ DW_AT_decl_file
	.byte	131                             @ DW_AT_decl_line
	.long	421                             @ DW_AT_type
	.byte	17                              @ Abbrev [17] 0x224:0xf DW_TAG_variable
	.long	.Ldebug_loc1                    @ DW_AT_location
	.long	.Linfo_string42                 @ DW_AT_name
	.byte	5                               @ DW_AT_decl_file
	.byte	134                             @ DW_AT_decl_line
	.long	594                             @ DW_AT_type
	.byte	17                              @ Abbrev [17] 0x233:0xf DW_TAG_variable
	.long	.Ldebug_loc2                    @ DW_AT_location
	.long	.Linfo_string43                 @ DW_AT_name
	.byte	5                               @ DW_AT_decl_file
	.byte	133                             @ DW_AT_decl_line
	.long	421                             @ DW_AT_type
	.byte	17                              @ Abbrev [17] 0x242:0xf DW_TAG_variable
	.long	.Ldebug_loc3                    @ DW_AT_location
	.long	.Linfo_string44                 @ DW_AT_name
	.byte	5                               @ DW_AT_decl_file
	.byte	133                             @ DW_AT_decl_line
	.long	421                             @ DW_AT_type
	.byte	0                               @ End Of Children Mark
	.byte	10                              @ Abbrev [10] 0x252:0xb DW_TAG_typedef
	.long	38                              @ DW_AT_type
	.long	.Linfo_string38                 @ DW_AT_name
	.byte	1                               @ DW_AT_decl_file
	.byte	45                              @ DW_AT_decl_line
	.byte	0                               @ End Of Children Mark
.Ldebug_info_end0:
	.section	.debug_str,"MS",%progbits,1
.Linfo_string0:
	.asciz	"Component: ARM Compiler 6.16 Tool: armclang [5dfeb700]" @ string offset=0
.Linfo_string1:
	.asciz	"../src/driver/stm32g4-v120/src\\stm32g4xx_hal_flash_ramfunc.c" @ string offset=55
.Linfo_string2:
	.asciz	"C:\\Users\\grodriguez\\Documents\\iit\\icub-firmware\\emBODY\\eBcode\\arch-arm\\libs\\lowlevel\\stm32hal\\proj" @ string offset=116
.Linfo_string3:
	.asciz	"unsigned char"                 @ string offset=215
.Linfo_string4:
	.asciz	"HAL_OK"                        @ string offset=229
.Linfo_string5:
	.asciz	"HAL_ERROR"                     @ string offset=236
.Linfo_string6:
	.asciz	"HAL_BUSY"                      @ string offset=246
.Linfo_string7:
	.asciz	"HAL_TIMEOUT"                   @ string offset=255
.Linfo_string8:
	.asciz	"HAL_UNLOCKED"                  @ string offset=267
.Linfo_string9:
	.asciz	"HAL_LOCKED"                    @ string offset=280
.Linfo_string10:
	.asciz	"RESET"                         @ string offset=291
.Linfo_string11:
	.asciz	"SET"                           @ string offset=297
.Linfo_string12:
	.asciz	"ACR"                           @ string offset=301
.Linfo_string13:
	.asciz	"unsigned int"                  @ string offset=305
.Linfo_string14:
	.asciz	"uint32_t"                      @ string offset=318
.Linfo_string15:
	.asciz	"PDKEYR"                        @ string offset=327
.Linfo_string16:
	.asciz	"KEYR"                          @ string offset=334
.Linfo_string17:
	.asciz	"OPTKEYR"                       @ string offset=339
.Linfo_string18:
	.asciz	"SR"                            @ string offset=347
.Linfo_string19:
	.asciz	"CR"                            @ string offset=350
.Linfo_string20:
	.asciz	"ECCR"                          @ string offset=353
.Linfo_string21:
	.asciz	"RESERVED1"                     @ string offset=358
.Linfo_string22:
	.asciz	"OPTR"                          @ string offset=368
.Linfo_string23:
	.asciz	"PCROP1SR"                      @ string offset=373
.Linfo_string24:
	.asciz	"PCROP1ER"                      @ string offset=382
.Linfo_string25:
	.asciz	"WRP1AR"                        @ string offset=391
.Linfo_string26:
	.asciz	"WRP1BR"                        @ string offset=398
.Linfo_string27:
	.asciz	"RESERVED2"                     @ string offset=405
.Linfo_string28:
	.asciz	"__ARRAY_SIZE_TYPE__"           @ string offset=415
.Linfo_string29:
	.asciz	"PCROP2SR"                      @ string offset=435
.Linfo_string30:
	.asciz	"PCROP2ER"                      @ string offset=444
.Linfo_string31:
	.asciz	"WRP2AR"                        @ string offset=453
.Linfo_string32:
	.asciz	"WRP2BR"                        @ string offset=460
.Linfo_string33:
	.asciz	"RESERVED3"                     @ string offset=467
.Linfo_string34:
	.asciz	"SEC1R"                         @ string offset=477
.Linfo_string35:
	.asciz	"SEC2R"                         @ string offset=483
.Linfo_string36:
	.asciz	"FLASH_TypeDef"                 @ string offset=489
.Linfo_string37:
	.asciz	"HAL_FLASHEx_EnableRunPowerDown" @ string offset=503
.Linfo_string38:
	.asciz	"HAL_StatusTypeDef"             @ string offset=534
.Linfo_string39:
	.asciz	"HAL_FLASHEx_DisableRunPowerDown" @ string offset=552
.Linfo_string40:
	.asciz	"HAL_FLASHEx_OB_DBankConfig"    @ string offset=584
.Linfo_string41:
	.asciz	"DBankConfig"                   @ string offset=611
.Linfo_string42:
	.asciz	"status"                        @ string offset=623
.Linfo_string43:
	.asciz	"reg"                           @ string offset=630
.Linfo_string44:
	.asciz	"count"                         @ string offset=634
	.ident	"Component: ARM Compiler 6.16 Tool: armclang [5dfeb700]"
	.section	".note.GNU-stack","",%progbits
	.eabi_attribute	30, 3	@ Tag_ABI_optimization_goals
	.ARM_attribute	16, 1	@ Tag_AV_eba
	.section	.debug_line,"",%progbits
.Lline_table_start0:
