	.text
	.syntax unified
	.eabi_attribute	67, "2.09"	@ Tag_conformance
	.cpu	cortex-m4
	.eabi_attribute	6, 13	@ Tag_CPU_arch
	.eabi_attribute	7, 77	@ Tag_CPU_arch_profile
	.eabi_attribute	8, 0	@ Tag_ARM_ISA_use
	.eabi_attribute	9, 2	@ Tag_THUMB_ISA_use
	.fpu	fpv4-sp-d16
	.eabi_attribute	27, 1	@ Tag_ABI_HardFP_use
	.eabi_attribute	36, 1	@ Tag_FP_HP_extension
	.eabi_attribute	34, 1	@ Tag_CPU_unaligned_access
	.eabi_attribute	17, 1	@ Tag_ABI_PCS_GOT_use
	.eabi_attribute	20, 2	@ Tag_ABI_FP_denormal
	.eabi_attribute	21, 0	@ Tag_ABI_FP_exceptions
	.eabi_attribute	23, 1	@ Tag_ABI_FP_number_model
	.eabi_attribute	24, 1	@ Tag_ABI_align_needed
	.eabi_attribute	25, 1	@ Tag_ABI_align_preserved
	.eabi_attribute	28, 1	@ Tag_ABI_VFP_args
	.eabi_attribute	38, 1	@ Tag_ABI_FP_16bit_format
	.eabi_attribute	18, 2	@ Tag_ABI_PCS_wchar_t
	.eabi_attribute	26, 1	@ Tag_ABI_enum_size
	.eabi_attribute	14, 0	@ Tag_ABI_PCS_R9_use
	.file	"stm32g4xx_hal_crc_ex.c"
	.file	1 "C:\\Users\\grodriguez\\Documents\\iit\\icub-firmware\\emBODY\\eBcode\\arch-arm\\libs\\lowlevel\\stm32hal\\proj" "../src/driver/stm32g4-v120/inc/stm32g4xx_hal_def.h"
	.file	2 "C:\\Users\\grodriguez\\Documents\\iit\\icub-firmware\\emBODY\\eBcode\\arch-arm\\libs\\lowlevel\\stm32hal\\proj" "../api\\../src/driver/stm32g4-v120/inc/stm32g4xx_hal_crc.h"
	.file	3 "C:\\" "Keil_v5\\ARM\\ARMCLANG\\Bin\\..\\include\\stdint.h"
	.section	.text.HAL_CRCEx_Polynomial_Set,"ax",%progbits
	.hidden	HAL_CRCEx_Polynomial_Set        @ -- Begin function HAL_CRCEx_Polynomial_Set
	.globl	HAL_CRCEx_Polynomial_Set
	.p2align	2
	.type	HAL_CRCEx_Polynomial_Set,%function
	.code	16                              @ @HAL_CRCEx_Polynomial_Set
	.thumb_func
HAL_CRCEx_Polynomial_Set:
.Lfunc_begin0:
	.file	4 "C:\\Users\\grodriguez\\Documents\\iit\\icub-firmware\\emBODY\\eBcode\\arch-arm\\libs\\lowlevel\\stm32hal\\proj" "../src/driver/stm32g4-v120/src/stm32g4xx_hal_crc_ex.c"
	.loc	4 90 0                          @ ../src/driver/stm32g4-v120/src/stm32g4xx_hal_crc_ex.c:90:0
	.fnstart
	.cfi_sections .debug_frame
	.cfi_startproc
@ %bb.0:
	@DEBUG_VALUE: HAL_CRCEx_Polynomial_Set:hcrc <- $r0
	@DEBUG_VALUE: HAL_CRCEx_Polynomial_Set:hcrc <- $r0
	@DEBUG_VALUE: HAL_CRCEx_Polynomial_Set:Pol <- $r1
	@DEBUG_VALUE: HAL_CRCEx_Polynomial_Set:Pol <- $r1
	@DEBUG_VALUE: HAL_CRCEx_Polynomial_Set:PolyLength <- $r2
	@DEBUG_VALUE: HAL_CRCEx_Polynomial_Set:PolyLength <- $r2
	movs	r3, #30
.Ltmp0:
	@DEBUG_VALUE: HAL_CRCEx_Polynomial_Set:msb <- 31
	@DEBUG_VALUE: HAL_CRCEx_Polynomial_Set:status <- 0
	.p2align	2
.LBB0_1:                                @ =>This Inner Loop Header: Depth=1
	@DEBUG_VALUE: HAL_CRCEx_Polynomial_Set:PolyLength <- $r2
	@DEBUG_VALUE: HAL_CRCEx_Polynomial_Set:Pol <- $r1
	@DEBUG_VALUE: HAL_CRCEx_Polynomial_Set:hcrc <- $r0
	@DEBUG_VALUE: HAL_CRCEx_Polynomial_Set:status <- 0
	.loc	4 0 0 prologue_end              @ ../src/driver/stm32g4-v120/src/stm32g4xx_hal_crc_ex.c:0:0
	mov	r12, r3
.Ltmp1:
	@DEBUG_VALUE: HAL_CRCEx_Polynomial_Set:msb <- $r12
	.loc	4 104 23                        @ ../src/driver/stm32g4-v120/src/stm32g4xx_hal_crc_ex.c:104:23
	adds	r3, #1
	beq	.LBB0_3
.Ltmp2:
@ %bb.2:                                @   in Loop: Header=BB0_1 Depth=1
	@DEBUG_VALUE: HAL_CRCEx_Polynomial_Set:msb <- $r12
	@DEBUG_VALUE: HAL_CRCEx_Polynomial_Set:PolyLength <- $r2
	@DEBUG_VALUE: HAL_CRCEx_Polynomial_Set:Pol <- $r1
	@DEBUG_VALUE: HAL_CRCEx_Polynomial_Set:hcrc <- $r0
	@DEBUG_VALUE: HAL_CRCEx_Polynomial_Set:status <- 0
	.loc	4 104 60 is_stmt 0              @ ../src/driver/stm32g4-v120/src/stm32g4xx_hal_crc_ex.c:104:60
	and	r3, r12, #31
	.loc	4 104 3                         @ ../src/driver/stm32g4-v120/src/stm32g4xx_hal_crc_ex.c:104:3
	lsr.w	r3, r1, r3
	lsls	r3, r3, #31
	sub.w	r3, r12, #1
	beq	.LBB0_1
.Ltmp3:
.LBB0_3:
	@DEBUG_VALUE: HAL_CRCEx_Polynomial_Set:msb <- $r12
	@DEBUG_VALUE: HAL_CRCEx_Polynomial_Set:PolyLength <- $r2
	@DEBUG_VALUE: HAL_CRCEx_Polynomial_Set:Pol <- $r1
	@DEBUG_VALUE: HAL_CRCEx_Polynomial_Set:hcrc <- $r0
	@DEBUG_VALUE: HAL_CRCEx_Polynomial_Set:status <- 0
	.save	{r7, lr}
	push	{r7, lr}
	.cfi_def_cfa_offset 8
	.cfi_offset lr, -4
	.cfi_offset r7, -8
	.loc	4 108 3 is_stmt 1               @ ../src/driver/stm32g4-v120/src/stm32g4xx_hal_crc_ex.c:108:3
	ror.w	lr, r2, #3
	cmp.w	lr, #3
	bhi	.LBB0_10
.Ltmp4:
@ %bb.4:
	@DEBUG_VALUE: HAL_CRCEx_Polynomial_Set:msb <- $r12
	@DEBUG_VALUE: HAL_CRCEx_Polynomial_Set:PolyLength <- $r2
	@DEBUG_VALUE: HAL_CRCEx_Polynomial_Set:Pol <- $r1
	@DEBUG_VALUE: HAL_CRCEx_Polynomial_Set:hcrc <- $r0
	@DEBUG_VALUE: HAL_CRCEx_Polynomial_Set:status <- 0
	.loc	4 0 3 is_stmt 0                 @ ../src/driver/stm32g4-v120/src/stm32g4xx_hal_crc_ex.c:0:3
.LCPI0_0:
	tbb	[pc, lr]
.Ltmp5:
@ %bb.5:
.LJTI0_0:
	.byte	(.LBB0_7-(.LCPI0_0+4))/2
	.byte	(.LBB0_6-(.LCPI0_0+4))/2
	.byte	(.LBB0_8-(.LCPI0_0+4))/2
	.byte	(.LBB0_9-(.LCPI0_0+4))/2
	.p2align	1
.LBB0_6:
.Ltmp6:
	@DEBUG_VALUE: HAL_CRCEx_Polynomial_Set:msb <- $r12
	@DEBUG_VALUE: HAL_CRCEx_Polynomial_Set:PolyLength <- $r2
	@DEBUG_VALUE: HAL_CRCEx_Polynomial_Set:Pol <- $r1
	@DEBUG_VALUE: HAL_CRCEx_Polynomial_Set:hcrc <- $r0
	@DEBUG_VALUE: HAL_CRCEx_Polynomial_Set:status <- 0
	@DEBUG_VALUE: HAL_CRCEx_Polynomial_Set:status <- undef
	.loc	4 136 7 is_stmt 1               @ ../src/driver/stm32g4-v120/src/stm32g4xx_hal_crc_ex.c:136:7
	cmp.w	r12, #15
	bhi	.LBB0_10
.Ltmp7:
.LBB0_7:
	@DEBUG_VALUE: HAL_CRCEx_Polynomial_Set:msb <- $r12
	@DEBUG_VALUE: HAL_CRCEx_Polynomial_Set:PolyLength <- $r2
	@DEBUG_VALUE: HAL_CRCEx_Polynomial_Set:Pol <- $r1
	@DEBUG_VALUE: HAL_CRCEx_Polynomial_Set:hcrc <- $r0
	.loc	4 139 5                         @ ../src/driver/stm32g4-v120/src/stm32g4xx_hal_crc_ex.c:139:5
	ldr	r0, [r0]
.Ltmp8:
	@DEBUG_VALUE: HAL_CRCEx_Polynomial_Set:hcrc <- [DW_OP_LLVM_entry_value 1] $r0
	str	r1, [r0, #20]
	.loc	4 142 5                         @ ../src/driver/stm32g4-v120/src/stm32g4xx_hal_crc_ex.c:142:5
	ldr	r1, [r0, #8]
.Ltmp9:
	@DEBUG_VALUE: HAL_CRCEx_Polynomial_Set:Pol <- [DW_OP_LLVM_entry_value 1] $r1
	bic	r1, r1, #24
	orrs	r1, r2
	str	r1, [r0, #8]
	movs	r0, #0
.Ltmp10:
	.loc	4 145 3                         @ ../src/driver/stm32g4-v120/src/stm32g4xx_hal_crc_ex.c:145:3
	pop	{r7, pc}
.Ltmp11:
.LBB0_8:
	@DEBUG_VALUE: HAL_CRCEx_Polynomial_Set:msb <- $r12
	@DEBUG_VALUE: HAL_CRCEx_Polynomial_Set:PolyLength <- $r2
	@DEBUG_VALUE: HAL_CRCEx_Polynomial_Set:Pol <- $r1
	@DEBUG_VALUE: HAL_CRCEx_Polynomial_Set:hcrc <- $r0
	@DEBUG_VALUE: HAL_CRCEx_Polynomial_Set:status <- 0
	@DEBUG_VALUE: HAL_CRCEx_Polynomial_Set:status <- undef
	.loc	4 136 7                         @ ../src/driver/stm32g4-v120/src/stm32g4xx_hal_crc_ex.c:136:7
	cmp.w	r12, #7
	bls	.LBB0_7
	b	.LBB0_10
.Ltmp12:
.LBB0_9:
	@DEBUG_VALUE: HAL_CRCEx_Polynomial_Set:msb <- $r12
	@DEBUG_VALUE: HAL_CRCEx_Polynomial_Set:PolyLength <- $r2
	@DEBUG_VALUE: HAL_CRCEx_Polynomial_Set:Pol <- $r1
	@DEBUG_VALUE: HAL_CRCEx_Polynomial_Set:hcrc <- $r0
	@DEBUG_VALUE: HAL_CRCEx_Polynomial_Set:status <- 0
	@DEBUG_VALUE: HAL_CRCEx_Polynomial_Set:status <- undef
	cmp.w	r12, #6
	bls	.LBB0_7
.Ltmp13:
.LBB0_10:
	@DEBUG_VALUE: HAL_CRCEx_Polynomial_Set:msb <- $r12
	@DEBUG_VALUE: HAL_CRCEx_Polynomial_Set:PolyLength <- $r2
	@DEBUG_VALUE: HAL_CRCEx_Polynomial_Set:Pol <- $r1
	@DEBUG_VALUE: HAL_CRCEx_Polynomial_Set:hcrc <- $r0
	.loc	4 0 7 is_stmt 0                 @ ../src/driver/stm32g4-v120/src/stm32g4xx_hal_crc_ex.c:0:7
	movs	r0, #1
.Ltmp14:
	@DEBUG_VALUE: HAL_CRCEx_Polynomial_Set:hcrc <- [DW_OP_LLVM_entry_value 1] $r0
	.loc	4 145 3 is_stmt 1               @ ../src/driver/stm32g4-v120/src/stm32g4xx_hal_crc_ex.c:145:3
	pop	{r7, pc}
.Ltmp15:
.Lfunc_end0:
	.size	HAL_CRCEx_Polynomial_Set, .Lfunc_end0-HAL_CRCEx_Polynomial_Set
	.cfi_endproc
	.cantunwind
	.fnend
                                        @ -- End function
	.section	.text.HAL_CRCEx_Input_Data_Reverse,"ax",%progbits
	.hidden	HAL_CRCEx_Input_Data_Reverse    @ -- Begin function HAL_CRCEx_Input_Data_Reverse
	.globl	HAL_CRCEx_Input_Data_Reverse
	.p2align	1
	.type	HAL_CRCEx_Input_Data_Reverse,%function
	.code	16                              @ @HAL_CRCEx_Input_Data_Reverse
	.thumb_func
HAL_CRCEx_Input_Data_Reverse:
.Lfunc_begin1:
	.loc	4 160 0                         @ ../src/driver/stm32g4-v120/src/stm32g4xx_hal_crc_ex.c:160:0
	.fnstart
	.cfi_startproc
@ %bb.0:
	@DEBUG_VALUE: HAL_CRCEx_Input_Data_Reverse:hcrc <- $r0
	@DEBUG_VALUE: HAL_CRCEx_Input_Data_Reverse:InputReverseMode <- $r1
	mov	r2, r0
	movs	r0, #2
.Ltmp16:
	@DEBUG_VALUE: HAL_CRCEx_Input_Data_Reverse:hcrc <- [DW_OP_LLVM_entry_value 1] $r0
	@DEBUG_VALUE: HAL_CRCEx_Input_Data_Reverse:hcrc <- $r2
	.loc	4 165 15 prologue_end           @ ../src/driver/stm32g4-v120/src/stm32g4xx_hal_crc_ex.c:165:15
	strb	r0, [r2, #29]
	.loc	4 168 3                         @ ../src/driver/stm32g4-v120/src/stm32g4xx_hal_crc_ex.c:168:3
	ldr	r0, [r2]
	ldr	r3, [r0, #8]
	@DEBUG_VALUE: HAL_CRCEx_Input_Data_Reverse:InputReverseMode <- $r1
	bic	r3, r3, #96
	orrs	r1, r3
.Ltmp17:
	@DEBUG_VALUE: HAL_CRCEx_Input_Data_Reverse:InputReverseMode <- [DW_OP_LLVM_entry_value 1] $r1
	str	r1, [r0, #8]
	movs	r1, #1
	.loc	4 173 3                         @ ../src/driver/stm32g4-v120/src/stm32g4xx_hal_crc_ex.c:173:3
	movs	r0, #0
	.loc	4 170 15                        @ ../src/driver/stm32g4-v120/src/stm32g4xx_hal_crc_ex.c:170:15
	strb	r1, [r2, #29]
	.loc	4 173 3                         @ ../src/driver/stm32g4-v120/src/stm32g4xx_hal_crc_ex.c:173:3
	bx	lr
.Ltmp18:
.Lfunc_end1:
	.size	HAL_CRCEx_Input_Data_Reverse, .Lfunc_end1-HAL_CRCEx_Input_Data_Reverse
	.cfi_endproc
	.cantunwind
	.fnend
                                        @ -- End function
	.section	.text.HAL_CRCEx_Output_Data_Reverse,"ax",%progbits
	.hidden	HAL_CRCEx_Output_Data_Reverse   @ -- Begin function HAL_CRCEx_Output_Data_Reverse
	.globl	HAL_CRCEx_Output_Data_Reverse
	.p2align	1
	.type	HAL_CRCEx_Output_Data_Reverse,%function
	.code	16                              @ @HAL_CRCEx_Output_Data_Reverse
	.thumb_func
HAL_CRCEx_Output_Data_Reverse:
.Lfunc_begin2:
	.loc	4 186 0                         @ ../src/driver/stm32g4-v120/src/stm32g4xx_hal_crc_ex.c:186:0
	.fnstart
	.cfi_startproc
@ %bb.0:
	@DEBUG_VALUE: HAL_CRCEx_Output_Data_Reverse:hcrc <- $r0
	@DEBUG_VALUE: HAL_CRCEx_Output_Data_Reverse:OutputReverseMode <- $r1
	mov	r2, r0
	movs	r0, #2
.Ltmp19:
	@DEBUG_VALUE: HAL_CRCEx_Output_Data_Reverse:hcrc <- [DW_OP_LLVM_entry_value 1] $r0
	@DEBUG_VALUE: HAL_CRCEx_Output_Data_Reverse:hcrc <- $r2
	.loc	4 191 15 prologue_end           @ ../src/driver/stm32g4-v120/src/stm32g4xx_hal_crc_ex.c:191:15
	strb	r0, [r2, #29]
	.loc	4 194 3                         @ ../src/driver/stm32g4-v120/src/stm32g4xx_hal_crc_ex.c:194:3
	ldr	r0, [r2]
	ldr	r3, [r0, #8]
	@DEBUG_VALUE: HAL_CRCEx_Output_Data_Reverse:OutputReverseMode <- $r1
	bic	r3, r3, #128
	orrs	r1, r3
.Ltmp20:
	@DEBUG_VALUE: HAL_CRCEx_Output_Data_Reverse:OutputReverseMode <- [DW_OP_LLVM_entry_value 1] $r1
	str	r1, [r0, #8]
	movs	r1, #1
	.loc	4 200 3                         @ ../src/driver/stm32g4-v120/src/stm32g4xx_hal_crc_ex.c:200:3
	movs	r0, #0
	.loc	4 197 15                        @ ../src/driver/stm32g4-v120/src/stm32g4xx_hal_crc_ex.c:197:15
	strb	r1, [r2, #29]
	.loc	4 200 3                         @ ../src/driver/stm32g4-v120/src/stm32g4xx_hal_crc_ex.c:200:3
	bx	lr
.Ltmp21:
.Lfunc_end2:
	.size	HAL_CRCEx_Output_Data_Reverse, .Lfunc_end2-HAL_CRCEx_Output_Data_Reverse
	.cfi_endproc
	.cantunwind
	.fnend
                                        @ -- End function
	.file	5 "C:\\Users\\grodriguez\\Documents\\iit\\icub-firmware\\emBODY\\eBcode\\arch-arm\\libs\\lowlevel\\stm32hal\\proj" "../src/driver/stm32g4-v120/inc/stm32g474xx.h"
	.section	.debug_loc,"",%progbits
.Ldebug_loc0:
	.long	-1
	.long	.Lfunc_begin0                   @   base address
	.long	.Lfunc_begin0-.Lfunc_begin0
	.long	.Ltmp5-.Lfunc_begin0
	.short	1                               @ Loc expr size
	.byte	80                              @ DW_OP_reg0
	.long	.Ltmp6-.Lfunc_begin0
	.long	.Ltmp8-.Lfunc_begin0
	.short	1                               @ Loc expr size
	.byte	80                              @ DW_OP_reg0
	.long	.Ltmp8-.Lfunc_begin0
	.long	.Ltmp11-.Lfunc_begin0
	.short	4                               @ Loc expr size
	.byte	243                             @ DW_OP_GNU_entry_value
	.byte	1                               @ 1
	.byte	80                              @ DW_OP_reg0
	.byte	159                             @ DW_OP_stack_value
	.long	.Ltmp11-.Lfunc_begin0
	.long	.Ltmp14-.Lfunc_begin0
	.short	1                               @ Loc expr size
	.byte	80                              @ DW_OP_reg0
	.long	.Ltmp14-.Lfunc_begin0
	.long	.Lfunc_end0-.Lfunc_begin0
	.short	4                               @ Loc expr size
	.byte	243                             @ DW_OP_GNU_entry_value
	.byte	1                               @ 1
	.byte	80                              @ DW_OP_reg0
	.byte	159                             @ DW_OP_stack_value
	.long	0
	.long	0
.Ldebug_loc1:
	.long	-1
	.long	.Lfunc_begin0                   @   base address
	.long	.Lfunc_begin0-.Lfunc_begin0
	.long	.Ltmp5-.Lfunc_begin0
	.short	1                               @ Loc expr size
	.byte	81                              @ DW_OP_reg1
	.long	.Ltmp6-.Lfunc_begin0
	.long	.Ltmp9-.Lfunc_begin0
	.short	1                               @ Loc expr size
	.byte	81                              @ DW_OP_reg1
	.long	.Ltmp9-.Lfunc_begin0
	.long	.Ltmp11-.Lfunc_begin0
	.short	4                               @ Loc expr size
	.byte	243                             @ DW_OP_GNU_entry_value
	.byte	1                               @ 1
	.byte	81                              @ DW_OP_reg1
	.byte	159                             @ DW_OP_stack_value
	.long	.Ltmp11-.Lfunc_begin0
	.long	.Lfunc_end0-.Lfunc_begin0
	.short	1                               @ Loc expr size
	.byte	81                              @ DW_OP_reg1
	.long	0
	.long	0
.Ldebug_loc2:
	.long	-1
	.long	.Lfunc_begin0                   @   base address
	.long	.Lfunc_begin0-.Lfunc_begin0
	.long	.Ltmp5-.Lfunc_begin0
	.short	1                               @ Loc expr size
	.byte	82                              @ DW_OP_reg2
	.long	.Ltmp6-.Lfunc_begin0
	.long	.Lfunc_end0-.Lfunc_begin0
	.short	1                               @ Loc expr size
	.byte	82                              @ DW_OP_reg2
	.long	0
	.long	0
.Ldebug_loc3:
	.long	-1
	.long	.Lfunc_begin0                   @   base address
	.long	.Ltmp1-.Lfunc_begin0
	.long	.Ltmp5-.Lfunc_begin0
	.short	1                               @ Loc expr size
	.byte	92                              @ DW_OP_reg12
	.long	.Ltmp6-.Lfunc_begin0
	.long	.Lfunc_end0-.Lfunc_begin0
	.short	1                               @ Loc expr size
	.byte	92                              @ DW_OP_reg12
	.long	0
	.long	0
.Ldebug_loc4:
	.long	-1
	.long	.Lfunc_begin0                   @   base address
	.long	.Ltmp0-.Lfunc_begin0
	.long	.Ltmp5-.Lfunc_begin0
	.short	2                               @ Loc expr size
	.byte	48                              @ DW_OP_lit0
	.byte	159                             @ DW_OP_stack_value
	.long	0
	.long	0
.Ldebug_loc5:
	.long	-1
	.long	.Lfunc_begin1                   @   base address
	.long	.Lfunc_begin1-.Lfunc_begin1
	.long	.Ltmp16-.Lfunc_begin1
	.short	1                               @ Loc expr size
	.byte	80                              @ DW_OP_reg0
	.long	.Ltmp16-.Lfunc_begin1
	.long	.Lfunc_end1-.Lfunc_begin1
	.short	1                               @ Loc expr size
	.byte	82                              @ DW_OP_reg2
	.long	0
	.long	0
.Ldebug_loc6:
	.long	-1
	.long	.Lfunc_begin1                   @   base address
	.long	.Lfunc_begin1-.Lfunc_begin1
	.long	.Ltmp17-.Lfunc_begin1
	.short	1                               @ Loc expr size
	.byte	81                              @ DW_OP_reg1
	.long	.Ltmp17-.Lfunc_begin1
	.long	.Lfunc_end1-.Lfunc_begin1
	.short	4                               @ Loc expr size
	.byte	243                             @ DW_OP_GNU_entry_value
	.byte	1                               @ 1
	.byte	81                              @ DW_OP_reg1
	.byte	159                             @ DW_OP_stack_value
	.long	0
	.long	0
.Ldebug_loc7:
	.long	-1
	.long	.Lfunc_begin2                   @   base address
	.long	.Lfunc_begin2-.Lfunc_begin2
	.long	.Ltmp19-.Lfunc_begin2
	.short	1                               @ Loc expr size
	.byte	80                              @ DW_OP_reg0
	.long	.Ltmp19-.Lfunc_begin2
	.long	.Lfunc_end2-.Lfunc_begin2
	.short	1                               @ Loc expr size
	.byte	82                              @ DW_OP_reg2
	.long	0
	.long	0
.Ldebug_loc8:
	.long	-1
	.long	.Lfunc_begin2                   @   base address
	.long	.Lfunc_begin2-.Lfunc_begin2
	.long	.Ltmp20-.Lfunc_begin2
	.short	1                               @ Loc expr size
	.byte	81                              @ DW_OP_reg1
	.long	.Ltmp20-.Lfunc_begin2
	.long	.Lfunc_end2-.Lfunc_begin2
	.short	4                               @ Loc expr size
	.byte	243                             @ DW_OP_GNU_entry_value
	.byte	1                               @ 1
	.byte	81                              @ DW_OP_reg1
	.byte	159                             @ DW_OP_stack_value
	.long	0
	.long	0
	.section	.debug_abbrev,"",%progbits
	.byte	1                               @ Abbreviation Code
	.byte	17                              @ DW_TAG_compile_unit
	.byte	1                               @ DW_CHILDREN_yes
	.byte	37                              @ DW_AT_producer
	.byte	14                              @ DW_FORM_strp
	.byte	19                              @ DW_AT_language
	.byte	5                               @ DW_FORM_data2
	.byte	3                               @ DW_AT_name
	.byte	14                              @ DW_FORM_strp
	.byte	16                              @ DW_AT_stmt_list
	.byte	23                              @ DW_FORM_sec_offset
	.byte	27                              @ DW_AT_comp_dir
	.byte	14                              @ DW_FORM_strp
	.byte	17                              @ DW_AT_low_pc
	.byte	1                               @ DW_FORM_addr
	.byte	85                              @ DW_AT_ranges
	.byte	23                              @ DW_FORM_sec_offset
	.byte	0                               @ EOM(1)
	.byte	0                               @ EOM(2)
	.byte	2                               @ Abbreviation Code
	.byte	4                               @ DW_TAG_enumeration_type
	.byte	1                               @ DW_CHILDREN_yes
	.byte	73                              @ DW_AT_type
	.byte	19                              @ DW_FORM_ref4
	.byte	11                              @ DW_AT_byte_size
	.byte	11                              @ DW_FORM_data1
	.byte	58                              @ DW_AT_decl_file
	.byte	11                              @ DW_FORM_data1
	.byte	59                              @ DW_AT_decl_line
	.byte	11                              @ DW_FORM_data1
	.byte	0                               @ EOM(1)
	.byte	0                               @ EOM(2)
	.byte	3                               @ Abbreviation Code
	.byte	40                              @ DW_TAG_enumerator
	.byte	0                               @ DW_CHILDREN_no
	.byte	3                               @ DW_AT_name
	.byte	14                              @ DW_FORM_strp
	.byte	28                              @ DW_AT_const_value
	.byte	15                              @ DW_FORM_udata
	.byte	0                               @ EOM(1)
	.byte	0                               @ EOM(2)
	.byte	4                               @ Abbreviation Code
	.byte	36                              @ DW_TAG_base_type
	.byte	0                               @ DW_CHILDREN_no
	.byte	3                               @ DW_AT_name
	.byte	14                              @ DW_FORM_strp
	.byte	62                              @ DW_AT_encoding
	.byte	11                              @ DW_FORM_data1
	.byte	11                              @ DW_AT_byte_size
	.byte	11                              @ DW_FORM_data1
	.byte	0                               @ EOM(1)
	.byte	0                               @ EOM(2)
	.byte	5                               @ Abbreviation Code
	.byte	22                              @ DW_TAG_typedef
	.byte	0                               @ DW_CHILDREN_no
	.byte	73                              @ DW_AT_type
	.byte	19                              @ DW_FORM_ref4
	.byte	3                               @ DW_AT_name
	.byte	14                              @ DW_FORM_strp
	.byte	58                              @ DW_AT_decl_file
	.byte	11                              @ DW_FORM_data1
	.byte	59                              @ DW_AT_decl_line
	.byte	11                              @ DW_FORM_data1
	.byte	0                               @ EOM(1)
	.byte	0                               @ EOM(2)
	.byte	6                               @ Abbreviation Code
	.byte	46                              @ DW_TAG_subprogram
	.byte	1                               @ DW_CHILDREN_yes
	.byte	17                              @ DW_AT_low_pc
	.byte	1                               @ DW_FORM_addr
	.byte	18                              @ DW_AT_high_pc
	.byte	6                               @ DW_FORM_data4
	.byte	64                              @ DW_AT_frame_base
	.byte	24                              @ DW_FORM_exprloc
	.ascii	"\227B"                         @ DW_AT_GNU_all_call_sites
	.byte	25                              @ DW_FORM_flag_present
	.byte	3                               @ DW_AT_name
	.byte	14                              @ DW_FORM_strp
	.byte	58                              @ DW_AT_decl_file
	.byte	11                              @ DW_FORM_data1
	.byte	59                              @ DW_AT_decl_line
	.byte	11                              @ DW_FORM_data1
	.byte	39                              @ DW_AT_prototyped
	.byte	25                              @ DW_FORM_flag_present
	.byte	73                              @ DW_AT_type
	.byte	19                              @ DW_FORM_ref4
	.byte	63                              @ DW_AT_external
	.byte	25                              @ DW_FORM_flag_present
	.byte	0                               @ EOM(1)
	.byte	0                               @ EOM(2)
	.byte	7                               @ Abbreviation Code
	.byte	5                               @ DW_TAG_formal_parameter
	.byte	0                               @ DW_CHILDREN_no
	.byte	2                               @ DW_AT_location
	.byte	23                              @ DW_FORM_sec_offset
	.byte	3                               @ DW_AT_name
	.byte	14                              @ DW_FORM_strp
	.byte	58                              @ DW_AT_decl_file
	.byte	11                              @ DW_FORM_data1
	.byte	59                              @ DW_AT_decl_line
	.byte	11                              @ DW_FORM_data1
	.byte	73                              @ DW_AT_type
	.byte	19                              @ DW_FORM_ref4
	.byte	0                               @ EOM(1)
	.byte	0                               @ EOM(2)
	.byte	8                               @ Abbreviation Code
	.byte	52                              @ DW_TAG_variable
	.byte	0                               @ DW_CHILDREN_no
	.byte	2                               @ DW_AT_location
	.byte	23                              @ DW_FORM_sec_offset
	.byte	3                               @ DW_AT_name
	.byte	14                              @ DW_FORM_strp
	.byte	58                              @ DW_AT_decl_file
	.byte	11                              @ DW_FORM_data1
	.byte	59                              @ DW_AT_decl_line
	.byte	11                              @ DW_FORM_data1
	.byte	73                              @ DW_AT_type
	.byte	19                              @ DW_FORM_ref4
	.byte	0                               @ EOM(1)
	.byte	0                               @ EOM(2)
	.byte	9                               @ Abbreviation Code
	.byte	15                              @ DW_TAG_pointer_type
	.byte	0                               @ DW_CHILDREN_no
	.byte	73                              @ DW_AT_type
	.byte	19                              @ DW_FORM_ref4
	.byte	0                               @ EOM(1)
	.byte	0                               @ EOM(2)
	.byte	10                              @ Abbreviation Code
	.byte	19                              @ DW_TAG_structure_type
	.byte	1                               @ DW_CHILDREN_yes
	.byte	11                              @ DW_AT_byte_size
	.byte	11                              @ DW_FORM_data1
	.byte	58                              @ DW_AT_decl_file
	.byte	11                              @ DW_FORM_data1
	.byte	59                              @ DW_AT_decl_line
	.byte	11                              @ DW_FORM_data1
	.byte	0                               @ EOM(1)
	.byte	0                               @ EOM(2)
	.byte	11                              @ Abbreviation Code
	.byte	13                              @ DW_TAG_member
	.byte	0                               @ DW_CHILDREN_no
	.byte	3                               @ DW_AT_name
	.byte	14                              @ DW_FORM_strp
	.byte	73                              @ DW_AT_type
	.byte	19                              @ DW_FORM_ref4
	.byte	58                              @ DW_AT_decl_file
	.byte	11                              @ DW_FORM_data1
	.byte	59                              @ DW_AT_decl_line
	.byte	11                              @ DW_FORM_data1
	.byte	56                              @ DW_AT_data_member_location
	.byte	11                              @ DW_FORM_data1
	.byte	0                               @ EOM(1)
	.byte	0                               @ EOM(2)
	.byte	12                              @ Abbreviation Code
	.byte	22                              @ DW_TAG_typedef
	.byte	0                               @ DW_CHILDREN_no
	.byte	73                              @ DW_AT_type
	.byte	19                              @ DW_FORM_ref4
	.byte	3                               @ DW_AT_name
	.byte	14                              @ DW_FORM_strp
	.byte	58                              @ DW_AT_decl_file
	.byte	11                              @ DW_FORM_data1
	.byte	59                              @ DW_AT_decl_line
	.byte	5                               @ DW_FORM_data2
	.byte	0                               @ EOM(1)
	.byte	0                               @ EOM(2)
	.byte	13                              @ Abbreviation Code
	.byte	19                              @ DW_TAG_structure_type
	.byte	1                               @ DW_CHILDREN_yes
	.byte	11                              @ DW_AT_byte_size
	.byte	11                              @ DW_FORM_data1
	.byte	58                              @ DW_AT_decl_file
	.byte	11                              @ DW_FORM_data1
	.byte	59                              @ DW_AT_decl_line
	.byte	5                               @ DW_FORM_data2
	.byte	0                               @ EOM(1)
	.byte	0                               @ EOM(2)
	.byte	14                              @ Abbreviation Code
	.byte	13                              @ DW_TAG_member
	.byte	0                               @ DW_CHILDREN_no
	.byte	3                               @ DW_AT_name
	.byte	14                              @ DW_FORM_strp
	.byte	73                              @ DW_AT_type
	.byte	19                              @ DW_FORM_ref4
	.byte	58                              @ DW_AT_decl_file
	.byte	11                              @ DW_FORM_data1
	.byte	59                              @ DW_AT_decl_line
	.byte	5                               @ DW_FORM_data2
	.byte	56                              @ DW_AT_data_member_location
	.byte	11                              @ DW_FORM_data1
	.byte	0                               @ EOM(1)
	.byte	0                               @ EOM(2)
	.byte	15                              @ Abbreviation Code
	.byte	53                              @ DW_TAG_volatile_type
	.byte	0                               @ DW_CHILDREN_no
	.byte	73                              @ DW_AT_type
	.byte	19                              @ DW_FORM_ref4
	.byte	0                               @ EOM(1)
	.byte	0                               @ EOM(2)
	.byte	0                               @ EOM(3)
	.section	.debug_info,"",%progbits
.Lcu_begin0:
	.long	.Ldebug_info_end0-.Ldebug_info_start0 @ Length of Unit
.Ldebug_info_start0:
	.short	4                               @ DWARF version number
	.long	.debug_abbrev                   @ Offset Into Abbrev. Section
	.byte	4                               @ Address Size (in bytes)
	.byte	1                               @ Abbrev [1] 0xb:0x2ab DW_TAG_compile_unit
	.long	.Linfo_string0                  @ DW_AT_producer
	.short	12                              @ DW_AT_language
	.long	.Linfo_string1                  @ DW_AT_name
	.long	.Lline_table_start0             @ DW_AT_stmt_list
	.long	.Linfo_string2                  @ DW_AT_comp_dir
	.long	0                               @ DW_AT_low_pc
	.long	.Ldebug_ranges0                 @ DW_AT_ranges
	.byte	2                               @ Abbrev [2] 0x26:0x21 DW_TAG_enumeration_type
	.long	71                              @ DW_AT_type
	.byte	1                               @ DW_AT_byte_size
	.byte	1                               @ DW_AT_decl_file
	.byte	39                              @ DW_AT_decl_line
	.byte	3                               @ Abbrev [3] 0x2e:0x6 DW_TAG_enumerator
	.long	.Linfo_string4                  @ DW_AT_name
	.byte	0                               @ DW_AT_const_value
	.byte	3                               @ Abbrev [3] 0x34:0x6 DW_TAG_enumerator
	.long	.Linfo_string5                  @ DW_AT_name
	.byte	1                               @ DW_AT_const_value
	.byte	3                               @ Abbrev [3] 0x3a:0x6 DW_TAG_enumerator
	.long	.Linfo_string6                  @ DW_AT_name
	.byte	2                               @ DW_AT_const_value
	.byte	3                               @ Abbrev [3] 0x40:0x6 DW_TAG_enumerator
	.long	.Linfo_string7                  @ DW_AT_name
	.byte	3                               @ DW_AT_const_value
	.byte	0                               @ End Of Children Mark
	.byte	4                               @ Abbrev [4] 0x47:0x7 DW_TAG_base_type
	.long	.Linfo_string3                  @ DW_AT_name
	.byte	8                               @ DW_AT_encoding
	.byte	1                               @ DW_AT_byte_size
	.byte	2                               @ Abbrev [2] 0x4e:0x15 DW_TAG_enumeration_type
	.long	71                              @ DW_AT_type
	.byte	1                               @ DW_AT_byte_size
	.byte	1                               @ DW_AT_decl_file
	.byte	50                              @ DW_AT_decl_line
	.byte	3                               @ Abbrev [3] 0x56:0x6 DW_TAG_enumerator
	.long	.Linfo_string8                  @ DW_AT_name
	.byte	0                               @ DW_AT_const_value
	.byte	3                               @ Abbrev [3] 0x5c:0x6 DW_TAG_enumerator
	.long	.Linfo_string9                  @ DW_AT_name
	.byte	1                               @ DW_AT_const_value
	.byte	0                               @ End Of Children Mark
	.byte	2                               @ Abbrev [2] 0x63:0x27 DW_TAG_enumeration_type
	.long	71                              @ DW_AT_type
	.byte	1                               @ DW_AT_byte_size
	.byte	2                               @ DW_AT_decl_file
	.byte	47                              @ DW_AT_decl_line
	.byte	3                               @ Abbrev [3] 0x6b:0x6 DW_TAG_enumerator
	.long	.Linfo_string10                 @ DW_AT_name
	.byte	0                               @ DW_AT_const_value
	.byte	3                               @ Abbrev [3] 0x71:0x6 DW_TAG_enumerator
	.long	.Linfo_string11                 @ DW_AT_name
	.byte	1                               @ DW_AT_const_value
	.byte	3                               @ Abbrev [3] 0x77:0x6 DW_TAG_enumerator
	.long	.Linfo_string12                 @ DW_AT_name
	.byte	2                               @ DW_AT_const_value
	.byte	3                               @ Abbrev [3] 0x7d:0x6 DW_TAG_enumerator
	.long	.Linfo_string13                 @ DW_AT_name
	.byte	3                               @ DW_AT_const_value
	.byte	3                               @ Abbrev [3] 0x83:0x6 DW_TAG_enumerator
	.long	.Linfo_string14                 @ DW_AT_name
	.byte	4                               @ DW_AT_const_value
	.byte	0                               @ End Of Children Mark
	.byte	5                               @ Abbrev [5] 0x8a:0xb DW_TAG_typedef
	.long	149                             @ DW_AT_type
	.long	.Linfo_string16                 @ DW_AT_name
	.byte	3                               @ DW_AT_decl_file
	.byte	64                              @ DW_AT_decl_line
	.byte	4                               @ Abbrev [4] 0x95:0x7 DW_TAG_base_type
	.long	.Linfo_string15                 @ DW_AT_name
	.byte	7                               @ DW_AT_encoding
	.byte	4                               @ DW_AT_byte_size
	.byte	6                               @ Abbrev [6] 0x9c:0x61 DW_TAG_subprogram
	.long	.Lfunc_begin0                   @ DW_AT_low_pc
	.long	.Lfunc_end0-.Lfunc_begin0       @ DW_AT_high_pc
	.byte	1                               @ DW_AT_frame_base
	.byte	93
                                        @ DW_AT_GNU_all_call_sites
	.long	.Linfo_string17                 @ DW_AT_name
	.byte	4                               @ DW_AT_decl_file
	.byte	89                              @ DW_AT_decl_line
                                        @ DW_AT_prototyped
	.long	357                             @ DW_AT_type
                                        @ DW_AT_external
	.byte	7                               @ Abbrev [7] 0xb1:0xf DW_TAG_formal_parameter
	.long	.Ldebug_loc0                    @ DW_AT_location
	.long	.Linfo_string21                 @ DW_AT_name
	.byte	4                               @ DW_AT_decl_file
	.byte	89                              @ DW_AT_decl_line
	.long	368                             @ DW_AT_type
	.byte	7                               @ Abbrev [7] 0xc0:0xf DW_TAG_formal_parameter
	.long	.Ldebug_loc1                    @ DW_AT_location
	.long	.Linfo_string46                 @ DW_AT_name
	.byte	4                               @ DW_AT_decl_file
	.byte	89                              @ DW_AT_decl_line
	.long	138                             @ DW_AT_type
	.byte	7                               @ Abbrev [7] 0xcf:0xf DW_TAG_formal_parameter
	.long	.Ldebug_loc2                    @ DW_AT_location
	.long	.Linfo_string47                 @ DW_AT_name
	.byte	4                               @ DW_AT_decl_file
	.byte	89                              @ DW_AT_decl_line
	.long	138                             @ DW_AT_type
	.byte	8                               @ Abbrev [8] 0xde:0xf DW_TAG_variable
	.long	.Ldebug_loc3                    @ DW_AT_location
	.long	.Linfo_string48                 @ DW_AT_name
	.byte	4                               @ DW_AT_decl_file
	.byte	92                              @ DW_AT_decl_line
	.long	138                             @ DW_AT_type
	.byte	8                               @ Abbrev [8] 0xed:0xf DW_TAG_variable
	.long	.Ldebug_loc4                    @ DW_AT_location
	.long	.Linfo_string49                 @ DW_AT_name
	.byte	4                               @ DW_AT_decl_file
	.byte	91                              @ DW_AT_decl_line
	.long	357                             @ DW_AT_type
	.byte	0                               @ End Of Children Mark
	.byte	6                               @ Abbrev [6] 0xfd:0x34 DW_TAG_subprogram
	.long	.Lfunc_begin1                   @ DW_AT_low_pc
	.long	.Lfunc_end1-.Lfunc_begin1       @ DW_AT_high_pc
	.byte	1                               @ DW_AT_frame_base
	.byte	93
                                        @ DW_AT_GNU_all_call_sites
	.long	.Linfo_string19                 @ DW_AT_name
	.byte	4                               @ DW_AT_decl_file
	.byte	159                             @ DW_AT_decl_line
                                        @ DW_AT_prototyped
	.long	357                             @ DW_AT_type
                                        @ DW_AT_external
	.byte	7                               @ Abbrev [7] 0x112:0xf DW_TAG_formal_parameter
	.long	.Ldebug_loc5                    @ DW_AT_location
	.long	.Linfo_string21                 @ DW_AT_name
	.byte	4                               @ DW_AT_decl_file
	.byte	159                             @ DW_AT_decl_line
	.long	368                             @ DW_AT_type
	.byte	7                               @ Abbrev [7] 0x121:0xf DW_TAG_formal_parameter
	.long	.Ldebug_loc6                    @ DW_AT_location
	.long	.Linfo_string50                 @ DW_AT_name
	.byte	4                               @ DW_AT_decl_file
	.byte	159                             @ DW_AT_decl_line
	.long	138                             @ DW_AT_type
	.byte	0                               @ End Of Children Mark
	.byte	6                               @ Abbrev [6] 0x131:0x34 DW_TAG_subprogram
	.long	.Lfunc_begin2                   @ DW_AT_low_pc
	.long	.Lfunc_end2-.Lfunc_begin2       @ DW_AT_high_pc
	.byte	1                               @ DW_AT_frame_base
	.byte	93
                                        @ DW_AT_GNU_all_call_sites
	.long	.Linfo_string20                 @ DW_AT_name
	.byte	4                               @ DW_AT_decl_file
	.byte	185                             @ DW_AT_decl_line
                                        @ DW_AT_prototyped
	.long	357                             @ DW_AT_type
                                        @ DW_AT_external
	.byte	7                               @ Abbrev [7] 0x146:0xf DW_TAG_formal_parameter
	.long	.Ldebug_loc7                    @ DW_AT_location
	.long	.Linfo_string21                 @ DW_AT_name
	.byte	4                               @ DW_AT_decl_file
	.byte	185                             @ DW_AT_decl_line
	.long	368                             @ DW_AT_type
	.byte	7                               @ Abbrev [7] 0x155:0xf DW_TAG_formal_parameter
	.long	.Ldebug_loc8                    @ DW_AT_location
	.long	.Linfo_string51                 @ DW_AT_name
	.byte	4                               @ DW_AT_decl_file
	.byte	185                             @ DW_AT_decl_line
	.long	138                             @ DW_AT_type
	.byte	0                               @ End Of Children Mark
	.byte	5                               @ Abbrev [5] 0x165:0xb DW_TAG_typedef
	.long	38                              @ DW_AT_type
	.long	.Linfo_string18                 @ DW_AT_name
	.byte	1                               @ DW_AT_decl_file
	.byte	45                              @ DW_AT_decl_line
	.byte	9                               @ Abbrev [9] 0x170:0x5 DW_TAG_pointer_type
	.long	373                             @ DW_AT_type
	.byte	5                               @ Abbrev [5] 0x175:0xb DW_TAG_typedef
	.long	384                             @ DW_AT_type
	.long	.Linfo_string45                 @ DW_AT_name
	.byte	2                               @ DW_AT_decl_file
	.byte	121                             @ DW_AT_decl_line
	.byte	10                              @ Abbrev [10] 0x180:0x41 DW_TAG_structure_type
	.byte	36                              @ DW_AT_byte_size
	.byte	2                               @ DW_AT_decl_file
	.byte	103                             @ DW_AT_decl_line
	.byte	11                              @ Abbrev [11] 0x184:0xc DW_TAG_member
	.long	.Linfo_string22                 @ DW_AT_name
	.long	449                             @ DW_AT_type
	.byte	2                               @ DW_AT_decl_file
	.byte	105                             @ DW_AT_decl_line
	.byte	0                               @ DW_AT_data_member_location
	.byte	11                              @ Abbrev [11] 0x190:0xc DW_TAG_member
	.long	.Linfo_string30                 @ DW_AT_name
	.long	555                             @ DW_AT_type
	.byte	2                               @ DW_AT_decl_file
	.byte	107                             @ DW_AT_decl_line
	.byte	4                               @ DW_AT_data_member_location
	.byte	11                              @ Abbrev [11] 0x19c:0xc DW_TAG_member
	.long	.Linfo_string40                 @ DW_AT_name
	.long	666                             @ DW_AT_type
	.byte	2                               @ DW_AT_decl_file
	.byte	109                             @ DW_AT_decl_line
	.byte	28                              @ DW_AT_data_member_location
	.byte	11                              @ Abbrev [11] 0x1a8:0xc DW_TAG_member
	.long	.Linfo_string42                 @ DW_AT_name
	.long	677                             @ DW_AT_type
	.byte	2                               @ DW_AT_decl_file
	.byte	111                             @ DW_AT_decl_line
	.byte	29                              @ DW_AT_data_member_location
	.byte	11                              @ Abbrev [11] 0x1b4:0xc DW_TAG_member
	.long	.Linfo_string44                 @ DW_AT_name
	.long	138                             @ DW_AT_type
	.byte	2                               @ DW_AT_decl_file
	.byte	113                             @ DW_AT_decl_line
	.byte	32                              @ DW_AT_data_member_location
	.byte	0                               @ End Of Children Mark
	.byte	9                               @ Abbrev [9] 0x1c1:0x5 DW_TAG_pointer_type
	.long	454                             @ DW_AT_type
	.byte	12                              @ Abbrev [12] 0x1c6:0xc DW_TAG_typedef
	.long	466                             @ DW_AT_type
	.long	.Linfo_string29                 @ DW_AT_name
	.byte	5                               @ DW_AT_decl_file
	.short	329                             @ DW_AT_decl_line
	.byte	13                              @ Abbrev [13] 0x1d2:0x54 DW_TAG_structure_type
	.byte	24                              @ DW_AT_byte_size
	.byte	5                               @ DW_AT_decl_file
	.short	321                             @ DW_AT_decl_line
	.byte	14                              @ Abbrev [14] 0x1d7:0xd DW_TAG_member
	.long	.Linfo_string23                 @ DW_AT_name
	.long	550                             @ DW_AT_type
	.byte	5                               @ DW_AT_decl_file
	.short	323                             @ DW_AT_decl_line
	.byte	0                               @ DW_AT_data_member_location
	.byte	14                              @ Abbrev [14] 0x1e4:0xd DW_TAG_member
	.long	.Linfo_string24                 @ DW_AT_name
	.long	550                             @ DW_AT_type
	.byte	5                               @ DW_AT_decl_file
	.short	324                             @ DW_AT_decl_line
	.byte	4                               @ DW_AT_data_member_location
	.byte	14                              @ Abbrev [14] 0x1f1:0xd DW_TAG_member
	.long	.Linfo_string25                 @ DW_AT_name
	.long	550                             @ DW_AT_type
	.byte	5                               @ DW_AT_decl_file
	.short	325                             @ DW_AT_decl_line
	.byte	8                               @ DW_AT_data_member_location
	.byte	14                              @ Abbrev [14] 0x1fe:0xd DW_TAG_member
	.long	.Linfo_string26                 @ DW_AT_name
	.long	138                             @ DW_AT_type
	.byte	5                               @ DW_AT_decl_file
	.short	326                             @ DW_AT_decl_line
	.byte	12                              @ DW_AT_data_member_location
	.byte	14                              @ Abbrev [14] 0x20b:0xd DW_TAG_member
	.long	.Linfo_string27                 @ DW_AT_name
	.long	550                             @ DW_AT_type
	.byte	5                               @ DW_AT_decl_file
	.short	327                             @ DW_AT_decl_line
	.byte	16                              @ DW_AT_data_member_location
	.byte	14                              @ Abbrev [14] 0x218:0xd DW_TAG_member
	.long	.Linfo_string28                 @ DW_AT_name
	.long	550                             @ DW_AT_type
	.byte	5                               @ DW_AT_decl_file
	.short	328                             @ DW_AT_decl_line
	.byte	20                              @ DW_AT_data_member_location
	.byte	0                               @ End Of Children Mark
	.byte	15                              @ Abbrev [15] 0x226:0x5 DW_TAG_volatile_type
	.long	138                             @ DW_AT_type
	.byte	5                               @ Abbrev [5] 0x22b:0xb DW_TAG_typedef
	.long	566                             @ DW_AT_type
	.long	.Linfo_string39                 @ DW_AT_name
	.byte	2                               @ DW_AT_decl_file
	.byte	98                              @ DW_AT_decl_line
	.byte	10                              @ Abbrev [10] 0x236:0x59 DW_TAG_structure_type
	.byte	24                              @ DW_AT_byte_size
	.byte	2                               @ DW_AT_decl_file
	.byte	59                              @ DW_AT_decl_line
	.byte	11                              @ Abbrev [11] 0x23a:0xc DW_TAG_member
	.long	.Linfo_string31                 @ DW_AT_name
	.long	655                             @ DW_AT_type
	.byte	2                               @ DW_AT_decl_file
	.byte	61                              @ DW_AT_decl_line
	.byte	0                               @ DW_AT_data_member_location
	.byte	11                              @ Abbrev [11] 0x246:0xc DW_TAG_member
	.long	.Linfo_string33                 @ DW_AT_name
	.long	655                             @ DW_AT_type
	.byte	2                               @ DW_AT_decl_file
	.byte	67                              @ DW_AT_decl_line
	.byte	1                               @ DW_AT_data_member_location
	.byte	11                              @ Abbrev [11] 0x252:0xc DW_TAG_member
	.long	.Linfo_string34                 @ DW_AT_name
	.long	138                             @ DW_AT_type
	.byte	2                               @ DW_AT_decl_file
	.byte	72                              @ DW_AT_decl_line
	.byte	4                               @ DW_AT_data_member_location
	.byte	11                              @ Abbrev [11] 0x25e:0xc DW_TAG_member
	.long	.Linfo_string35                 @ DW_AT_name
	.long	138                             @ DW_AT_type
	.byte	2                               @ DW_AT_decl_file
	.byte	77                              @ DW_AT_decl_line
	.byte	8                               @ DW_AT_data_member_location
	.byte	11                              @ Abbrev [11] 0x26a:0xc DW_TAG_member
	.long	.Linfo_string36                 @ DW_AT_name
	.long	138                             @ DW_AT_type
	.byte	2                               @ DW_AT_decl_file
	.byte	84                              @ DW_AT_decl_line
	.byte	12                              @ DW_AT_data_member_location
	.byte	11                              @ Abbrev [11] 0x276:0xc DW_TAG_member
	.long	.Linfo_string37                 @ DW_AT_name
	.long	138                             @ DW_AT_type
	.byte	2                               @ DW_AT_decl_file
	.byte	87                              @ DW_AT_decl_line
	.byte	16                              @ DW_AT_data_member_location
	.byte	11                              @ Abbrev [11] 0x282:0xc DW_TAG_member
	.long	.Linfo_string38                 @ DW_AT_name
	.long	138                             @ DW_AT_type
	.byte	2                               @ DW_AT_decl_file
	.byte	94                              @ DW_AT_decl_line
	.byte	20                              @ DW_AT_data_member_location
	.byte	0                               @ End Of Children Mark
	.byte	5                               @ Abbrev [5] 0x28f:0xb DW_TAG_typedef
	.long	71                              @ DW_AT_type
	.long	.Linfo_string32                 @ DW_AT_name
	.byte	3                               @ DW_AT_decl_file
	.byte	62                              @ DW_AT_decl_line
	.byte	5                               @ Abbrev [5] 0x29a:0xb DW_TAG_typedef
	.long	78                              @ DW_AT_type
	.long	.Linfo_string41                 @ DW_AT_name
	.byte	1                               @ DW_AT_decl_file
	.byte	54                              @ DW_AT_decl_line
	.byte	15                              @ Abbrev [15] 0x2a5:0x5 DW_TAG_volatile_type
	.long	682                             @ DW_AT_type
	.byte	5                               @ Abbrev [5] 0x2aa:0xb DW_TAG_typedef
	.long	99                              @ DW_AT_type
	.long	.Linfo_string43                 @ DW_AT_name
	.byte	2                               @ DW_AT_decl_file
	.byte	54                              @ DW_AT_decl_line
	.byte	0                               @ End Of Children Mark
.Ldebug_info_end0:
	.section	.debug_ranges,"",%progbits
.Ldebug_ranges0:
	.long	.Lfunc_begin0
	.long	.Lfunc_end0
	.long	.Lfunc_begin1
	.long	.Lfunc_end1
	.long	.Lfunc_begin2
	.long	.Lfunc_end2
	.long	0
	.long	0
	.section	.debug_str,"MS",%progbits,1
.Linfo_string0:
	.asciz	"Component: ARM Compiler 6.16 Tool: armclang [5dfeb700]" @ string offset=0
.Linfo_string1:
	.asciz	"../src/driver/stm32g4-v120/src\\stm32g4xx_hal_crc_ex.c" @ string offset=55
.Linfo_string2:
	.asciz	"C:\\Users\\grodriguez\\Documents\\iit\\icub-firmware\\emBODY\\eBcode\\arch-arm\\libs\\lowlevel\\stm32hal\\proj" @ string offset=109
.Linfo_string3:
	.asciz	"unsigned char"                 @ string offset=208
.Linfo_string4:
	.asciz	"HAL_OK"                        @ string offset=222
.Linfo_string5:
	.asciz	"HAL_ERROR"                     @ string offset=229
.Linfo_string6:
	.asciz	"HAL_BUSY"                      @ string offset=239
.Linfo_string7:
	.asciz	"HAL_TIMEOUT"                   @ string offset=248
.Linfo_string8:
	.asciz	"HAL_UNLOCKED"                  @ string offset=260
.Linfo_string9:
	.asciz	"HAL_LOCKED"                    @ string offset=273
.Linfo_string10:
	.asciz	"HAL_CRC_STATE_RESET"           @ string offset=284
.Linfo_string11:
	.asciz	"HAL_CRC_STATE_READY"           @ string offset=304
.Linfo_string12:
	.asciz	"HAL_CRC_STATE_BUSY"            @ string offset=324
.Linfo_string13:
	.asciz	"HAL_CRC_STATE_TIMEOUT"         @ string offset=343
.Linfo_string14:
	.asciz	"HAL_CRC_STATE_ERROR"           @ string offset=365
.Linfo_string15:
	.asciz	"unsigned int"                  @ string offset=385
.Linfo_string16:
	.asciz	"uint32_t"                      @ string offset=398
.Linfo_string17:
	.asciz	"HAL_CRCEx_Polynomial_Set"      @ string offset=407
.Linfo_string18:
	.asciz	"HAL_StatusTypeDef"             @ string offset=432
.Linfo_string19:
	.asciz	"HAL_CRCEx_Input_Data_Reverse"  @ string offset=450
.Linfo_string20:
	.asciz	"HAL_CRCEx_Output_Data_Reverse" @ string offset=479
.Linfo_string21:
	.asciz	"hcrc"                          @ string offset=509
.Linfo_string22:
	.asciz	"Instance"                      @ string offset=514
.Linfo_string23:
	.asciz	"DR"                            @ string offset=523
.Linfo_string24:
	.asciz	"IDR"                           @ string offset=526
.Linfo_string25:
	.asciz	"CR"                            @ string offset=530
.Linfo_string26:
	.asciz	"RESERVED0"                     @ string offset=533
.Linfo_string27:
	.asciz	"INIT"                          @ string offset=543
.Linfo_string28:
	.asciz	"POL"                           @ string offset=548
.Linfo_string29:
	.asciz	"CRC_TypeDef"                   @ string offset=552
.Linfo_string30:
	.asciz	"Init"                          @ string offset=564
.Linfo_string31:
	.asciz	"DefaultPolynomialUse"          @ string offset=569
.Linfo_string32:
	.asciz	"uint8_t"                       @ string offset=590
.Linfo_string33:
	.asciz	"DefaultInitValueUse"           @ string offset=598
.Linfo_string34:
	.asciz	"GeneratingPolynomial"          @ string offset=618
.Linfo_string35:
	.asciz	"CRCLength"                     @ string offset=639
.Linfo_string36:
	.asciz	"InitValue"                     @ string offset=649
.Linfo_string37:
	.asciz	"InputDataInversionMode"        @ string offset=659
.Linfo_string38:
	.asciz	"OutputDataInversionMode"       @ string offset=682
.Linfo_string39:
	.asciz	"CRC_InitTypeDef"               @ string offset=706
.Linfo_string40:
	.asciz	"Lock"                          @ string offset=722
.Linfo_string41:
	.asciz	"HAL_LockTypeDef"               @ string offset=727
.Linfo_string42:
	.asciz	"State"                         @ string offset=743
.Linfo_string43:
	.asciz	"HAL_CRC_StateTypeDef"          @ string offset=749
.Linfo_string44:
	.asciz	"InputDataFormat"               @ string offset=770
.Linfo_string45:
	.asciz	"CRC_HandleTypeDef"             @ string offset=786
.Linfo_string46:
	.asciz	"Pol"                           @ string offset=804
.Linfo_string47:
	.asciz	"PolyLength"                    @ string offset=808
.Linfo_string48:
	.asciz	"msb"                           @ string offset=819
.Linfo_string49:
	.asciz	"status"                        @ string offset=823
.Linfo_string50:
	.asciz	"InputReverseMode"              @ string offset=830
.Linfo_string51:
	.asciz	"OutputReverseMode"             @ string offset=847
	.ident	"Component: ARM Compiler 6.16 Tool: armclang [5dfeb700]"
	.section	".note.GNU-stack","",%progbits
	.eabi_attribute	30, 3	@ Tag_ABI_optimization_goals
	.ARM_attribute	16, 1	@ Tag_AV_eba
	.section	.debug_line,"",%progbits
.Lline_table_start0:
