	.text
	.syntax unified
	.eabi_attribute	67, "2.09"	@ Tag_conformance
	.cpu	cortex-m4
	.eabi_attribute	6, 13	@ Tag_CPU_arch
	.eabi_attribute	7, 77	@ Tag_CPU_arch_profile
	.eabi_attribute	8, 0	@ Tag_ARM_ISA_use
	.eabi_attribute	9, 2	@ Tag_THUMB_ISA_use
	.fpu	fpv4-sp-d16
	.eabi_attribute	27, 1	@ Tag_ABI_HardFP_use
	.eabi_attribute	36, 1	@ Tag_FP_HP_extension
	.eabi_attribute	34, 1	@ Tag_CPU_unaligned_access
	.eabi_attribute	17, 1	@ Tag_ABI_PCS_GOT_use
	.eabi_attribute	20, 2	@ Tag_ABI_FP_denormal
	.eabi_attribute	21, 0	@ Tag_ABI_FP_exceptions
	.eabi_attribute	23, 1	@ Tag_ABI_FP_number_model
	.eabi_attribute	24, 1	@ Tag_ABI_align_needed
	.eabi_attribute	25, 1	@ Tag_ABI_align_preserved
	.eabi_attribute	28, 1	@ Tag_ABI_VFP_args
	.eabi_attribute	38, 1	@ Tag_ABI_FP_16bit_format
	.eabi_attribute	18, 2	@ Tag_ABI_PCS_wchar_t
	.eabi_attribute	26, 1	@ Tag_ABI_enum_size
	.eabi_attribute	14, 0	@ Tag_ABI_PCS_R9_use
	.file	"stm32g4xx_hal_dma_ex.c"
	.file	1 "C:\\Users\\grodriguez\\Documents\\iit\\icub-firmware\\emBODY\\eBcode\\arch-arm\\libs\\lowlevel\\stm32hal\\proj" "../src/driver/stm32g4-v120/inc/stm32g4xx_hal_def.h"
	.file	2 "C:\\Users\\grodriguez\\Documents\\iit\\icub-firmware\\emBODY\\eBcode\\arch-arm\\libs\\lowlevel\\stm32hal\\proj" "../api\\../src/driver/stm32g4-v120/inc/stm32g4xx_hal_dma.h"
	.file	3 "C:\\Users\\grodriguez\\Documents\\iit\\icub-firmware\\emBODY\\eBcode\\arch-arm\\libs\\lowlevel\\stm32hal\\proj" "../src/driver/stm32g4-v120/inc/stm32g4xx.h"
	.file	4 "C:\\" "Keil_v5\\ARM\\ARMCLANG\\Bin\\..\\include\\stdint.h"
	.section	.text.HAL_DMAEx_ConfigMuxSync,"ax",%progbits
	.hidden	HAL_DMAEx_ConfigMuxSync         @ -- Begin function HAL_DMAEx_ConfigMuxSync
	.globl	HAL_DMAEx_ConfigMuxSync
	.p2align	1
	.type	HAL_DMAEx_ConfigMuxSync,%function
	.code	16                              @ @HAL_DMAEx_ConfigMuxSync
	.thumb_func
HAL_DMAEx_ConfigMuxSync:
.Lfunc_begin0:
	.file	5 "C:\\Users\\grodriguez\\Documents\\iit\\icub-firmware\\emBODY\\eBcode\\arch-arm\\libs\\lowlevel\\stm32hal\\proj" "../src/driver/stm32g4-v120/src/stm32g4xx_hal_dma_ex.c"
	.loc	5 97 0                          @ ../src/driver/stm32g4-v120/src/stm32g4xx_hal_dma_ex.c:97:0
	.fnstart
	.cfi_sections .debug_frame
	.cfi_startproc
@ %bb.0:
	@DEBUG_VALUE: HAL_DMAEx_ConfigMuxSync:hdma <- $r0
	@DEBUG_VALUE: HAL_DMAEx_ConfigMuxSync:hdma <- $r0
	@DEBUG_VALUE: HAL_DMAEx_ConfigMuxSync:pSyncConfig <- $r1
	.save	{r4, r5, r7, lr}
	push	{r4, r5, r7, lr}
	.cfi_def_cfa_offset 16
	.cfi_offset lr, -4
	.cfi_offset r7, -8
	.cfi_offset r5, -12
	.cfi_offset r4, -16
.Ltmp0:
	.loc	5 109 13 prologue_end           @ ../src/driver/stm32g4-v120/src/stm32g4xx_hal_dma_ex.c:109:13
	ldrb.w	r2, [r0, #37]
.Ltmp1:
	.loc	5 109 7 is_stmt 0               @ ../src/driver/stm32g4-v120/src/stm32g4xx_hal_dma_ex.c:109:7
	cmp	r2, #1
	@DEBUG_VALUE: HAL_DMAEx_ConfigMuxSync:pSyncConfig <- $r1
	bne	.LBB0_3
.Ltmp2:
@ %bb.1:
	@DEBUG_VALUE: HAL_DMAEx_ConfigMuxSync:pSyncConfig <- $r1
	@DEBUG_VALUE: HAL_DMAEx_ConfigMuxSync:hdma <- $r0
	.loc	5 112 5 is_stmt 1               @ ../src/driver/stm32g4-v120/src/stm32g4xx_hal_dma_ex.c:112:5
	ldrb.w	r2, [r0, #36]
.Ltmp3:
	.loc	5 112 5 is_stmt 0               @ ../src/driver/stm32g4-v120/src/stm32g4xx_hal_dma_ex.c:112:5
	cmp	r2, #1
	bne	.LBB0_4
.Ltmp4:
@ %bb.2:
	@DEBUG_VALUE: HAL_DMAEx_ConfigMuxSync:pSyncConfig <- $r1
	@DEBUG_VALUE: HAL_DMAEx_ConfigMuxSync:hdma <- $r0
	.loc	5 0 5                           @ ../src/driver/stm32g4-v120/src/stm32g4xx_hal_dma_ex.c:0:5
	movs	r1, #2
.Ltmp5:
	@DEBUG_VALUE: HAL_DMAEx_ConfigMuxSync:pSyncConfig <- [DW_OP_LLVM_entry_value 1] $r1
	b	.LBB0_5
.Ltmp6:
.LBB0_3:
	@DEBUG_VALUE: HAL_DMAEx_ConfigMuxSync:pSyncConfig <- $r1
	@DEBUG_VALUE: HAL_DMAEx_ConfigMuxSync:hdma <- $r0
	movs	r1, #1
.Ltmp7:
	@DEBUG_VALUE: HAL_DMAEx_ConfigMuxSync:pSyncConfig <- [DW_OP_LLVM_entry_value 1] $r1
	b	.LBB0_5
.Ltmp8:
.LBB0_4:
	@DEBUG_VALUE: HAL_DMAEx_ConfigMuxSync:pSyncConfig <- $r1
	@DEBUG_VALUE: HAL_DMAEx_ConfigMuxSync:hdma <- $r0
	.loc	5 115 5 is_stmt 1               @ ../src/driver/stm32g4-v120/src/stm32g4xx_hal_dma_ex.c:115:5
	ldr	r2, [r0, #72]
	ldr	r3, [r2]
	ldr.w	lr, [r1, #12]
	uxtb.w	r12, r3
	movs	r3, #0
	movt	r3, #65528
	add.w	lr, r3, lr, lsl #19
	ldrd	r3, r4, [r1]
	ldrb	r5, [r1, #8]
	orr.w	r3, r12, r3, lsl #24
	orrs	r3, r4
	ldrb	r1, [r1, #9]
.Ltmp9:
	@DEBUG_VALUE: HAL_DMAEx_ConfigMuxSync:pSyncConfig <- [DW_OP_LLVM_entry_value 1] $r1
	orr.w	r3, r3, lr
	orr.w	r3, r3, r5, lsl #16
	orr.w	r1, r3, r1, lsl #9
	str	r1, [r2]
	movs	r1, #0
.Ltmp10:
	.loc	5 122 5                         @ ../src/driver/stm32g4-v120/src/stm32g4xx_hal_dma_ex.c:122:5
	strb.w	r1, [r0, #36]
.Ltmp11:
.LBB0_5:
	@DEBUG_VALUE: HAL_DMAEx_ConfigMuxSync:hdma <- $r0
	@DEBUG_VALUE: HAL_DMAEx_ConfigMuxSync:pSyncConfig <- [DW_OP_LLVM_entry_value 1] $r1
	.loc	5 131 1                         @ ../src/driver/stm32g4-v120/src/stm32g4xx_hal_dma_ex.c:131:1
	mov	r0, r1
.Ltmp12:
	@DEBUG_VALUE: HAL_DMAEx_ConfigMuxSync:hdma <- [DW_OP_LLVM_entry_value 1] $r0
	pop	{r4, r5, r7, pc}
.Ltmp13:
.Lfunc_end0:
	.size	HAL_DMAEx_ConfigMuxSync, .Lfunc_end0-HAL_DMAEx_ConfigMuxSync
	.cfi_endproc
	.cantunwind
	.fnend
                                        @ -- End function
	.section	.text.HAL_DMAEx_ConfigMuxRequestGenerator,"ax",%progbits
	.hidden	HAL_DMAEx_ConfigMuxRequestGenerator @ -- Begin function HAL_DMAEx_ConfigMuxRequestGenerator
	.globl	HAL_DMAEx_ConfigMuxRequestGenerator
	.p2align	1
	.type	HAL_DMAEx_ConfigMuxRequestGenerator,%function
	.code	16                              @ @HAL_DMAEx_ConfigMuxRequestGenerator
	.thumb_func
HAL_DMAEx_ConfigMuxRequestGenerator:
.Lfunc_begin1:
	.loc	5 144 0                         @ ../src/driver/stm32g4-v120/src/stm32g4xx_hal_dma_ex.c:144:0
	.fnstart
	.cfi_startproc
@ %bb.0:
	@DEBUG_VALUE: HAL_DMAEx_ConfigMuxRequestGenerator:hdma <- $r0
	@DEBUG_VALUE: HAL_DMAEx_ConfigMuxRequestGenerator:hdma <- $r0
	@DEBUG_VALUE: HAL_DMAEx_ConfigMuxRequestGenerator:pRequestGeneratorConfig <- $r1
	.save	{r7, lr}
	push	{r7, lr}
	.cfi_def_cfa_offset 8
	.cfi_offset lr, -4
	.cfi_offset r7, -8
.Ltmp14:
	.loc	5 156 14 prologue_end           @ ../src/driver/stm32g4-v120/src/stm32g4xx_hal_dma_ex.c:156:14
	ldrb.w	r2, [r0, #37]
	.loc	5 156 44 is_stmt 0              @ ../src/driver/stm32g4-v120/src/stm32g4xx_hal_dma_ex.c:156:44
	cmp	r2, #1
	@DEBUG_VALUE: HAL_DMAEx_ConfigMuxRequestGenerator:pRequestGeneratorConfig <- $r1
	bne	.LBB1_4
.Ltmp15:
@ %bb.1:
	@DEBUG_VALUE: HAL_DMAEx_ConfigMuxRequestGenerator:pRequestGeneratorConfig <- $r1
	@DEBUG_VALUE: HAL_DMAEx_ConfigMuxRequestGenerator:hdma <- $r0
	.loc	5 156 54                        @ ../src/driver/stm32g4-v120/src/stm32g4xx_hal_dma_ex.c:156:54
	ldr	r2, [r0, #84]
.Ltmp16:
	.loc	5 156 7                         @ ../src/driver/stm32g4-v120/src/stm32g4xx_hal_dma_ex.c:156:7
	cbz	r2, .LBB1_4
.Ltmp17:
@ %bb.2:
	@DEBUG_VALUE: HAL_DMAEx_ConfigMuxRequestGenerator:pRequestGeneratorConfig <- $r1
	@DEBUG_VALUE: HAL_DMAEx_ConfigMuxRequestGenerator:hdma <- $r0
	.loc	5 159 5 is_stmt 1               @ ../src/driver/stm32g4-v120/src/stm32g4xx_hal_dma_ex.c:159:5
	ldrb.w	r3, [r0, #36]
.Ltmp18:
	.loc	5 159 5 is_stmt 0               @ ../src/driver/stm32g4-v120/src/stm32g4xx_hal_dma_ex.c:159:5
	cmp	r3, #1
	bne	.LBB1_6
.Ltmp19:
@ %bb.3:
	@DEBUG_VALUE: HAL_DMAEx_ConfigMuxRequestGenerator:pRequestGeneratorConfig <- $r1
	@DEBUG_VALUE: HAL_DMAEx_ConfigMuxRequestGenerator:hdma <- $r0
	.loc	5 0 5                           @ ../src/driver/stm32g4-v120/src/stm32g4xx_hal_dma_ex.c:0:5
	movs	r1, #2
.Ltmp20:
	@DEBUG_VALUE: HAL_DMAEx_ConfigMuxRequestGenerator:pRequestGeneratorConfig <- [DW_OP_LLVM_entry_value 1] $r1
	b	.LBB1_5
.Ltmp21:
.LBB1_4:
	@DEBUG_VALUE: HAL_DMAEx_ConfigMuxRequestGenerator:pRequestGeneratorConfig <- $r1
	@DEBUG_VALUE: HAL_DMAEx_ConfigMuxRequestGenerator:hdma <- $r0
	movs	r1, #1
.Ltmp22:
	@DEBUG_VALUE: HAL_DMAEx_ConfigMuxRequestGenerator:pRequestGeneratorConfig <- [DW_OP_LLVM_entry_value 1] $r1
.LBB1_5:
	@DEBUG_VALUE: HAL_DMAEx_ConfigMuxRequestGenerator:hdma <- $r0
	@DEBUG_VALUE: HAL_DMAEx_ConfigMuxRequestGenerator:pRequestGeneratorConfig <- [DW_OP_LLVM_entry_value 1] $r1
	.loc	5 174 1 is_stmt 1               @ ../src/driver/stm32g4-v120/src/stm32g4xx_hal_dma_ex.c:174:1
	mov	r0, r1
.Ltmp23:
	@DEBUG_VALUE: HAL_DMAEx_ConfigMuxRequestGenerator:hdma <- [DW_OP_LLVM_entry_value 1] $r0
	pop	{r7, pc}
.Ltmp24:
.LBB1_6:
	@DEBUG_VALUE: HAL_DMAEx_ConfigMuxRequestGenerator:pRequestGeneratorConfig <- $r1
	@DEBUG_VALUE: HAL_DMAEx_ConfigMuxRequestGenerator:hdma <- $r0
	.loc	5 162 61                        @ ../src/driver/stm32g4-v120/src/stm32g4xx_hal_dma_ex.c:162:61
	ldrd	r12, lr, [r1]
	.loc	5 163 63                        @ ../src/driver/stm32g4-v120/src/stm32g4xx_hal_dma_ex.c:163:63
	ldr	r1, [r1, #8]
.Ltmp25:
	@DEBUG_VALUE: HAL_DMAEx_ConfigMuxRequestGenerator:pRequestGeneratorConfig <- [DW_OP_LLVM_entry_value 1] $r1
	.loc	5 0 63 is_stmt 0                @ ../src/driver/stm32g4-v120/src/stm32g4xx_hal_dma_ex.c:0:63
	movs	r3, #0
	movt	r3, #65528
	.loc	5 163 83                        @ ../src/driver/stm32g4-v120/src/stm32g4xx_hal_dma_ex.c:163:83
	add.w	r1, r3, r1, lsl #19
	.loc	5 162 70 is_stmt 1              @ ../src/driver/stm32g4-v120/src/stm32g4xx_hal_dma_ex.c:162:70
	orr.w	r3, lr, r12
	.loc	5 163 131                       @ ../src/driver/stm32g4-v120/src/stm32g4xx_hal_dma_ex.c:163:131
	orrs	r1, r3
	.loc	5 162 34                        @ ../src/driver/stm32g4-v120/src/stm32g4xx_hal_dma_ex.c:162:34
	str	r1, [r2]
	movs	r1, #0
.Ltmp26:
	.loc	5 166 5                         @ ../src/driver/stm32g4-v120/src/stm32g4xx_hal_dma_ex.c:166:5
	strb.w	r1, [r0, #36]
	b	.LBB1_5
.Ltmp27:
.Lfunc_end1:
	.size	HAL_DMAEx_ConfigMuxRequestGenerator, .Lfunc_end1-HAL_DMAEx_ConfigMuxRequestGenerator
	.cfi_endproc
	.cantunwind
	.fnend
                                        @ -- End function
	.section	.text.HAL_DMAEx_EnableMuxRequestGenerator,"ax",%progbits
	.hidden	HAL_DMAEx_EnableMuxRequestGenerator @ -- Begin function HAL_DMAEx_EnableMuxRequestGenerator
	.globl	HAL_DMAEx_EnableMuxRequestGenerator
	.p2align	1
	.type	HAL_DMAEx_EnableMuxRequestGenerator,%function
	.code	16                              @ @HAL_DMAEx_EnableMuxRequestGenerator
	.thumb_func
HAL_DMAEx_EnableMuxRequestGenerator:
.Lfunc_begin2:
	.loc	5 183 0                         @ ../src/driver/stm32g4-v120/src/stm32g4xx_hal_dma_ex.c:183:0
	.fnstart
	.cfi_startproc
@ %bb.0:
	@DEBUG_VALUE: HAL_DMAEx_EnableMuxRequestGenerator:hdma <- $r0
	@DEBUG_VALUE: HAL_DMAEx_EnableMuxRequestGenerator:hdma <- $r0
	.loc	5 190 14 prologue_end           @ ../src/driver/stm32g4-v120/src/stm32g4xx_hal_dma_ex.c:190:14
	ldrb.w	r1, [r0, #37]
	.loc	5 190 44 is_stmt 0              @ ../src/driver/stm32g4-v120/src/stm32g4xx_hal_dma_ex.c:190:44
	cbz	r1, .LBB2_3
.Ltmp28:
@ %bb.1:
	@DEBUG_VALUE: HAL_DMAEx_EnableMuxRequestGenerator:hdma <- $r0
	.loc	5 190 54                        @ ../src/driver/stm32g4-v120/src/stm32g4xx_hal_dma_ex.c:190:54
	ldr	r0, [r0, #84]
.Ltmp29:
	@DEBUG_VALUE: HAL_DMAEx_EnableMuxRequestGenerator:hdma <- [DW_OP_LLVM_entry_value 1] $r0
	.loc	5 190 7                         @ ../src/driver/stm32g4-v120/src/stm32g4xx_hal_dma_ex.c:190:7
	cbz	r0, .LBB2_3
.Ltmp30:
@ %bb.2:
	@DEBUG_VALUE: HAL_DMAEx_EnableMuxRequestGenerator:hdma <- [DW_OP_LLVM_entry_value 1] $r0
	.loc	5 194 34 is_stmt 1              @ ../src/driver/stm32g4-v120/src/stm32g4xx_hal_dma_ex.c:194:34
	ldr	r1, [r0]
	orr	r1, r1, #65536
	str	r1, [r0]
	movs	r0, #0
.Ltmp31:
	.loc	5 202 1                         @ ../src/driver/stm32g4-v120/src/stm32g4xx_hal_dma_ex.c:202:1
	bx	lr
.Ltmp32:
.LBB2_3:
	.loc	5 0 1 is_stmt 0                 @ ../src/driver/stm32g4-v120/src/stm32g4xx_hal_dma_ex.c:0:1
	movs	r0, #1
	.loc	5 202 1                         @ ../src/driver/stm32g4-v120/src/stm32g4xx_hal_dma_ex.c:202:1
	bx	lr
.Ltmp33:
.Lfunc_end2:
	.size	HAL_DMAEx_EnableMuxRequestGenerator, .Lfunc_end2-HAL_DMAEx_EnableMuxRequestGenerator
	.cfi_endproc
	.cantunwind
	.fnend
                                        @ -- End function
	.section	.text.HAL_DMAEx_DisableMuxRequestGenerator,"ax",%progbits
	.hidden	HAL_DMAEx_DisableMuxRequestGenerator @ -- Begin function HAL_DMAEx_DisableMuxRequestGenerator
	.globl	HAL_DMAEx_DisableMuxRequestGenerator
	.p2align	1
	.type	HAL_DMAEx_DisableMuxRequestGenerator,%function
	.code	16                              @ @HAL_DMAEx_DisableMuxRequestGenerator
	.thumb_func
HAL_DMAEx_DisableMuxRequestGenerator:
.Lfunc_begin3:
	.loc	5 211 0 is_stmt 1               @ ../src/driver/stm32g4-v120/src/stm32g4xx_hal_dma_ex.c:211:0
	.fnstart
	.cfi_startproc
@ %bb.0:
	@DEBUG_VALUE: HAL_DMAEx_DisableMuxRequestGenerator:hdma <- $r0
	@DEBUG_VALUE: HAL_DMAEx_DisableMuxRequestGenerator:hdma <- $r0
	.loc	5 218 14 prologue_end           @ ../src/driver/stm32g4-v120/src/stm32g4xx_hal_dma_ex.c:218:14
	ldrb.w	r1, [r0, #37]
	.loc	5 218 44 is_stmt 0              @ ../src/driver/stm32g4-v120/src/stm32g4xx_hal_dma_ex.c:218:44
	cbz	r1, .LBB3_3
.Ltmp34:
@ %bb.1:
	@DEBUG_VALUE: HAL_DMAEx_DisableMuxRequestGenerator:hdma <- $r0
	.loc	5 218 54                        @ ../src/driver/stm32g4-v120/src/stm32g4xx_hal_dma_ex.c:218:54
	ldr	r0, [r0, #84]
.Ltmp35:
	@DEBUG_VALUE: HAL_DMAEx_DisableMuxRequestGenerator:hdma <- [DW_OP_LLVM_entry_value 1] $r0
	.loc	5 218 7                         @ ../src/driver/stm32g4-v120/src/stm32g4xx_hal_dma_ex.c:218:7
	cbz	r0, .LBB3_3
.Ltmp36:
@ %bb.2:
	@DEBUG_VALUE: HAL_DMAEx_DisableMuxRequestGenerator:hdma <- [DW_OP_LLVM_entry_value 1] $r0
	.loc	5 222 34 is_stmt 1              @ ../src/driver/stm32g4-v120/src/stm32g4xx_hal_dma_ex.c:222:34
	ldr	r1, [r0]
	bic	r1, r1, #65536
	str	r1, [r0]
	movs	r0, #0
.Ltmp37:
	.loc	5 230 1                         @ ../src/driver/stm32g4-v120/src/stm32g4xx_hal_dma_ex.c:230:1
	bx	lr
.Ltmp38:
.LBB3_3:
	.loc	5 0 1 is_stmt 0                 @ ../src/driver/stm32g4-v120/src/stm32g4xx_hal_dma_ex.c:0:1
	movs	r0, #1
	.loc	5 230 1                         @ ../src/driver/stm32g4-v120/src/stm32g4xx_hal_dma_ex.c:230:1
	bx	lr
.Ltmp39:
.Lfunc_end3:
	.size	HAL_DMAEx_DisableMuxRequestGenerator, .Lfunc_end3-HAL_DMAEx_DisableMuxRequestGenerator
	.cfi_endproc
	.cantunwind
	.fnend
                                        @ -- End function
	.section	.text.HAL_DMAEx_MUX_IRQHandler,"ax",%progbits
	.hidden	HAL_DMAEx_MUX_IRQHandler        @ -- Begin function HAL_DMAEx_MUX_IRQHandler
	.globl	HAL_DMAEx_MUX_IRQHandler
	.p2align	1
	.type	HAL_DMAEx_MUX_IRQHandler,%function
	.code	16                              @ @HAL_DMAEx_MUX_IRQHandler
	.thumb_func
HAL_DMAEx_MUX_IRQHandler:
.Lfunc_begin4:
	.loc	5 239 0 is_stmt 1               @ ../src/driver/stm32g4-v120/src/stm32g4xx_hal_dma_ex.c:239:0
	.fnstart
	.cfi_startproc
@ %bb.0:
	@DEBUG_VALUE: HAL_DMAEx_MUX_IRQHandler:hdma <- $r0
	.save	{r4, lr}
	push	{r4, lr}
	.cfi_def_cfa_offset 8
	.cfi_offset lr, -4
	.cfi_offset r4, -8
	mov	r4, r0
.Ltmp40:
	@DEBUG_VALUE: HAL_DMAEx_MUX_IRQHandler:hdma <- $r4
	.loc	5 241 14 prologue_end           @ ../src/driver/stm32g4-v120/src/stm32g4xx_hal_dma_ex.c:241:14
	ldr	r0, [r0, #76]
	.loc	5 241 47 is_stmt 0              @ ../src/driver/stm32g4-v120/src/stm32g4xx_hal_dma_ex.c:241:47
	ldr	r2, [r4, #80]
	.loc	5 241 35                        @ ../src/driver/stm32g4-v120/src/stm32g4xx_hal_dma_ex.c:241:35
	ldr	r1, [r0]
.Ltmp41:
	.loc	5 241 7                         @ ../src/driver/stm32g4-v120/src/stm32g4xx_hal_dma_ex.c:241:7
	tst	r2, r1
	beq	.LBB4_3
.Ltmp42:
@ %bb.1:
	@DEBUG_VALUE: HAL_DMAEx_MUX_IRQHandler:hdma <- $r4
	.loc	5 244 11 is_stmt 1              @ ../src/driver/stm32g4-v120/src/stm32g4xx_hal_dma_ex.c:244:11
	ldr	r3, [r4, #72]
.Ltmp43:
	.loc	5 252 15                        @ ../src/driver/stm32g4-v120/src/stm32g4xx_hal_dma_ex.c:252:15
	ldr.w	r12, [r4, #52]
.Ltmp44:
	.loc	5 244 30                        @ ../src/driver/stm32g4-v120/src/stm32g4xx_hal_dma_ex.c:244:30
	ldr	r1, [r3]
	.loc	5 252 9                         @ ../src/driver/stm32g4-v120/src/stm32g4xx_hal_dma_ex.c:252:9
	cmp.w	r12, #0
	.loc	5 244 30                        @ ../src/driver/stm32g4-v120/src/stm32g4xx_hal_dma_ex.c:244:30
	bic	r1, r1, #256
	str	r1, [r3]
	.loc	5 247 36                        @ ../src/driver/stm32g4-v120/src/stm32g4xx_hal_dma_ex.c:247:36
	str	r2, [r0, #4]
	.loc	5 250 21                        @ ../src/driver/stm32g4-v120/src/stm32g4xx_hal_dma_ex.c:250:21
	ldr	r0, [r4, #60]
	orr	r0, r0, #512
	str	r0, [r4, #60]
	.loc	5 252 9                         @ ../src/driver/stm32g4-v120/src/stm32g4xx_hal_dma_ex.c:252:9
	beq	.LBB4_3
.Ltmp45:
@ %bb.2:
	@DEBUG_VALUE: HAL_DMAEx_MUX_IRQHandler:hdma <- $r4
	.loc	5 255 7                         @ ../src/driver/stm32g4-v120/src/stm32g4xx_hal_dma_ex.c:255:7
	mov	r0, r4
	blx	r12
.Ltmp46:
.LBB4_3:
	@DEBUG_VALUE: HAL_DMAEx_MUX_IRQHandler:hdma <- $r4
	.loc	5 259 13                        @ ../src/driver/stm32g4-v120/src/stm32g4xx_hal_dma_ex.c:259:13
	ldr	r0, [r4, #84]
.Ltmp47:
	.loc	5 259 7 is_stmt 0               @ ../src/driver/stm32g4-v120/src/stm32g4xx_hal_dma_ex.c:259:7
	cbz	r0, .LBB4_7
.Ltmp48:
@ %bb.4:
	@DEBUG_VALUE: HAL_DMAEx_MUX_IRQHandler:hdma <- $r4
	.loc	5 262 16 is_stmt 1              @ ../src/driver/stm32g4-v120/src/stm32g4xx_hal_dma_ex.c:262:16
	ldrd	r1, r2, [r4, #88]
	.loc	5 262 40 is_stmt 0              @ ../src/driver/stm32g4-v120/src/stm32g4xx_hal_dma_ex.c:262:40
	ldr	r3, [r1]
.Ltmp49:
	.loc	5 262 9                         @ ../src/driver/stm32g4-v120/src/stm32g4xx_hal_dma_ex.c:262:9
	tst	r2, r3
	beq	.LBB4_7
.Ltmp50:
@ %bb.5:
	@DEBUG_VALUE: HAL_DMAEx_MUX_IRQHandler:hdma <- $r4
	.loc	5 265 36 is_stmt 1              @ ../src/driver/stm32g4-v120/src/stm32g4xx_hal_dma_ex.c:265:36
	ldr	r3, [r0]
	bic	r3, r3, #256
	str	r3, [r0]
	.loc	5 268 43                        @ ../src/driver/stm32g4-v120/src/stm32g4xx_hal_dma_ex.c:268:43
	str	r2, [r1, #4]
	.loc	5 271 23                        @ ../src/driver/stm32g4-v120/src/stm32g4xx_hal_dma_ex.c:271:23
	ldr	r0, [r4, #60]
	orr	r0, r0, #1024
	str	r0, [r4, #60]
.Ltmp51:
	.loc	5 273 17                        @ ../src/driver/stm32g4-v120/src/stm32g4xx_hal_dma_ex.c:273:17
	ldr	r1, [r4, #52]
.Ltmp52:
	.loc	5 273 11 is_stmt 0              @ ../src/driver/stm32g4-v120/src/stm32g4xx_hal_dma_ex.c:273:11
	cbz	r1, .LBB4_7
.Ltmp53:
@ %bb.6:
	@DEBUG_VALUE: HAL_DMAEx_MUX_IRQHandler:hdma <- $r4
	.loc	5 276 9 is_stmt 1               @ ../src/driver/stm32g4-v120/src/stm32g4xx_hal_dma_ex.c:276:9
	mov	r0, r4
	pop.w	{r4, lr}
.Ltmp54:
	@DEBUG_VALUE: HAL_DMAEx_MUX_IRQHandler:hdma <- [DW_OP_LLVM_entry_value 1] $r0
	bx	r1
.Ltmp55:
.LBB4_7:
	@DEBUG_VALUE: HAL_DMAEx_MUX_IRQHandler:hdma <- $r4
	.loc	5 280 1                         @ ../src/driver/stm32g4-v120/src/stm32g4xx_hal_dma_ex.c:280:1
	pop	{r4, pc}
.Ltmp56:
.Lfunc_end4:
	.size	HAL_DMAEx_MUX_IRQHandler, .Lfunc_end4-HAL_DMAEx_MUX_IRQHandler
	.cfi_endproc
	.cantunwind
	.fnend
                                        @ -- End function
	.file	6 "C:\\Users\\grodriguez\\Documents\\iit\\icub-firmware\\emBODY\\eBcode\\arch-arm\\libs\\lowlevel\\stm32hal\\proj" "../src/driver/stm32g4-v120/inc/stm32g474xx.h"
	.file	7 "C:\\Users\\grodriguez\\Documents\\iit\\icub-firmware\\emBODY\\eBcode\\arch-arm\\libs\\lowlevel\\stm32hal\\proj" "../src/driver/stm32g4-v120/inc/stm32g4xx_hal_dma_ex.h"
	.section	.debug_loc,"",%progbits
.Ldebug_loc0:
	.long	-1
	.long	.Lfunc_begin0                   @   base address
	.long	.Lfunc_begin0-.Lfunc_begin0
	.long	.Ltmp12-.Lfunc_begin0
	.short	1                               @ Loc expr size
	.byte	80                              @ DW_OP_reg0
	.long	.Ltmp12-.Lfunc_begin0
	.long	.Lfunc_end0-.Lfunc_begin0
	.short	4                               @ Loc expr size
	.byte	243                             @ DW_OP_GNU_entry_value
	.byte	1                               @ 1
	.byte	80                              @ DW_OP_reg0
	.byte	159                             @ DW_OP_stack_value
	.long	0
	.long	0
.Ldebug_loc1:
	.long	-1
	.long	.Lfunc_begin0                   @   base address
	.long	.Lfunc_begin0-.Lfunc_begin0
	.long	.Ltmp5-.Lfunc_begin0
	.short	1                               @ Loc expr size
	.byte	81                              @ DW_OP_reg1
	.long	.Ltmp5-.Lfunc_begin0
	.long	.Ltmp6-.Lfunc_begin0
	.short	4                               @ Loc expr size
	.byte	243                             @ DW_OP_GNU_entry_value
	.byte	1                               @ 1
	.byte	81                              @ DW_OP_reg1
	.byte	159                             @ DW_OP_stack_value
	.long	.Ltmp6-.Lfunc_begin0
	.long	.Ltmp7-.Lfunc_begin0
	.short	1                               @ Loc expr size
	.byte	81                              @ DW_OP_reg1
	.long	.Ltmp7-.Lfunc_begin0
	.long	.Ltmp8-.Lfunc_begin0
	.short	4                               @ Loc expr size
	.byte	243                             @ DW_OP_GNU_entry_value
	.byte	1                               @ 1
	.byte	81                              @ DW_OP_reg1
	.byte	159                             @ DW_OP_stack_value
	.long	.Ltmp8-.Lfunc_begin0
	.long	.Ltmp9-.Lfunc_begin0
	.short	1                               @ Loc expr size
	.byte	81                              @ DW_OP_reg1
	.long	.Ltmp9-.Lfunc_begin0
	.long	.Lfunc_end0-.Lfunc_begin0
	.short	4                               @ Loc expr size
	.byte	243                             @ DW_OP_GNU_entry_value
	.byte	1                               @ 1
	.byte	81                              @ DW_OP_reg1
	.byte	159                             @ DW_OP_stack_value
	.long	0
	.long	0
.Ldebug_loc2:
	.long	-1
	.long	.Lfunc_begin1                   @   base address
	.long	.Lfunc_begin1-.Lfunc_begin1
	.long	.Ltmp23-.Lfunc_begin1
	.short	1                               @ Loc expr size
	.byte	80                              @ DW_OP_reg0
	.long	.Ltmp23-.Lfunc_begin1
	.long	.Ltmp24-.Lfunc_begin1
	.short	4                               @ Loc expr size
	.byte	243                             @ DW_OP_GNU_entry_value
	.byte	1                               @ 1
	.byte	80                              @ DW_OP_reg0
	.byte	159                             @ DW_OP_stack_value
	.long	.Ltmp24-.Lfunc_begin1
	.long	.Lfunc_end1-.Lfunc_begin1
	.short	1                               @ Loc expr size
	.byte	80                              @ DW_OP_reg0
	.long	0
	.long	0
.Ldebug_loc3:
	.long	-1
	.long	.Lfunc_begin1                   @   base address
	.long	.Lfunc_begin1-.Lfunc_begin1
	.long	.Ltmp20-.Lfunc_begin1
	.short	1                               @ Loc expr size
	.byte	81                              @ DW_OP_reg1
	.long	.Ltmp20-.Lfunc_begin1
	.long	.Ltmp21-.Lfunc_begin1
	.short	4                               @ Loc expr size
	.byte	243                             @ DW_OP_GNU_entry_value
	.byte	1                               @ 1
	.byte	81                              @ DW_OP_reg1
	.byte	159                             @ DW_OP_stack_value
	.long	.Ltmp21-.Lfunc_begin1
	.long	.Ltmp22-.Lfunc_begin1
	.short	1                               @ Loc expr size
	.byte	81                              @ DW_OP_reg1
	.long	.Ltmp22-.Lfunc_begin1
	.long	.Ltmp24-.Lfunc_begin1
	.short	4                               @ Loc expr size
	.byte	243                             @ DW_OP_GNU_entry_value
	.byte	1                               @ 1
	.byte	81                              @ DW_OP_reg1
	.byte	159                             @ DW_OP_stack_value
	.long	.Ltmp24-.Lfunc_begin1
	.long	.Ltmp25-.Lfunc_begin1
	.short	1                               @ Loc expr size
	.byte	81                              @ DW_OP_reg1
	.long	.Ltmp25-.Lfunc_begin1
	.long	.Lfunc_end1-.Lfunc_begin1
	.short	4                               @ Loc expr size
	.byte	243                             @ DW_OP_GNU_entry_value
	.byte	1                               @ 1
	.byte	81                              @ DW_OP_reg1
	.byte	159                             @ DW_OP_stack_value
	.long	0
	.long	0
.Ldebug_loc4:
	.long	-1
	.long	.Lfunc_begin2                   @   base address
	.long	.Lfunc_begin2-.Lfunc_begin2
	.long	.Ltmp29-.Lfunc_begin2
	.short	1                               @ Loc expr size
	.byte	80                              @ DW_OP_reg0
	.long	.Ltmp29-.Lfunc_begin2
	.long	.Ltmp32-.Lfunc_begin2
	.short	4                               @ Loc expr size
	.byte	243                             @ DW_OP_GNU_entry_value
	.byte	1                               @ 1
	.byte	80                              @ DW_OP_reg0
	.byte	159                             @ DW_OP_stack_value
	.long	0
	.long	0
.Ldebug_loc5:
	.long	-1
	.long	.Lfunc_begin3                   @   base address
	.long	.Lfunc_begin3-.Lfunc_begin3
	.long	.Ltmp35-.Lfunc_begin3
	.short	1                               @ Loc expr size
	.byte	80                              @ DW_OP_reg0
	.long	.Ltmp35-.Lfunc_begin3
	.long	.Ltmp38-.Lfunc_begin3
	.short	4                               @ Loc expr size
	.byte	243                             @ DW_OP_GNU_entry_value
	.byte	1                               @ 1
	.byte	80                              @ DW_OP_reg0
	.byte	159                             @ DW_OP_stack_value
	.long	0
	.long	0
.Ldebug_loc6:
	.long	-1
	.long	.Lfunc_begin4                   @   base address
	.long	.Lfunc_begin4-.Lfunc_begin4
	.long	.Ltmp40-.Lfunc_begin4
	.short	1                               @ Loc expr size
	.byte	80                              @ DW_OP_reg0
	.long	.Ltmp40-.Lfunc_begin4
	.long	.Ltmp54-.Lfunc_begin4
	.short	1                               @ Loc expr size
	.byte	84                              @ DW_OP_reg4
	.long	.Ltmp54-.Lfunc_begin4
	.long	.Ltmp55-.Lfunc_begin4
	.short	4                               @ Loc expr size
	.byte	243                             @ DW_OP_GNU_entry_value
	.byte	1                               @ 1
	.byte	80                              @ DW_OP_reg0
	.byte	159                             @ DW_OP_stack_value
	.long	.Ltmp55-.Lfunc_begin4
	.long	.Ltmp56-.Lfunc_begin4
	.short	1                               @ Loc expr size
	.byte	84                              @ DW_OP_reg4
	.long	0
	.long	0
	.section	.debug_abbrev,"",%progbits
	.byte	1                               @ Abbreviation Code
	.byte	17                              @ DW_TAG_compile_unit
	.byte	1                               @ DW_CHILDREN_yes
	.byte	37                              @ DW_AT_producer
	.byte	14                              @ DW_FORM_strp
	.byte	19                              @ DW_AT_language
	.byte	5                               @ DW_FORM_data2
	.byte	3                               @ DW_AT_name
	.byte	14                              @ DW_FORM_strp
	.byte	16                              @ DW_AT_stmt_list
	.byte	23                              @ DW_FORM_sec_offset
	.byte	27                              @ DW_AT_comp_dir
	.byte	14                              @ DW_FORM_strp
	.byte	17                              @ DW_AT_low_pc
	.byte	1                               @ DW_FORM_addr
	.byte	85                              @ DW_AT_ranges
	.byte	23                              @ DW_FORM_sec_offset
	.byte	0                               @ EOM(1)
	.byte	0                               @ EOM(2)
	.byte	2                               @ Abbreviation Code
	.byte	4                               @ DW_TAG_enumeration_type
	.byte	1                               @ DW_CHILDREN_yes
	.byte	73                              @ DW_AT_type
	.byte	19                              @ DW_FORM_ref4
	.byte	11                              @ DW_AT_byte_size
	.byte	11                              @ DW_FORM_data1
	.byte	58                              @ DW_AT_decl_file
	.byte	11                              @ DW_FORM_data1
	.byte	59                              @ DW_AT_decl_line
	.byte	11                              @ DW_FORM_data1
	.byte	0                               @ EOM(1)
	.byte	0                               @ EOM(2)
	.byte	3                               @ Abbreviation Code
	.byte	40                              @ DW_TAG_enumerator
	.byte	0                               @ DW_CHILDREN_no
	.byte	3                               @ DW_AT_name
	.byte	14                              @ DW_FORM_strp
	.byte	28                              @ DW_AT_const_value
	.byte	15                              @ DW_FORM_udata
	.byte	0                               @ EOM(1)
	.byte	0                               @ EOM(2)
	.byte	4                               @ Abbreviation Code
	.byte	36                              @ DW_TAG_base_type
	.byte	0                               @ DW_CHILDREN_no
	.byte	3                               @ DW_AT_name
	.byte	14                              @ DW_FORM_strp
	.byte	62                              @ DW_AT_encoding
	.byte	11                              @ DW_FORM_data1
	.byte	11                              @ DW_AT_byte_size
	.byte	11                              @ DW_FORM_data1
	.byte	0                               @ EOM(1)
	.byte	0                               @ EOM(2)
	.byte	5                               @ Abbreviation Code
	.byte	22                              @ DW_TAG_typedef
	.byte	0                               @ DW_CHILDREN_no
	.byte	73                              @ DW_AT_type
	.byte	19                              @ DW_FORM_ref4
	.byte	3                               @ DW_AT_name
	.byte	14                              @ DW_FORM_strp
	.byte	58                              @ DW_AT_decl_file
	.byte	11                              @ DW_FORM_data1
	.byte	59                              @ DW_AT_decl_line
	.byte	11                              @ DW_FORM_data1
	.byte	0                               @ EOM(1)
	.byte	0                               @ EOM(2)
	.byte	6                               @ Abbreviation Code
	.byte	46                              @ DW_TAG_subprogram
	.byte	1                               @ DW_CHILDREN_yes
	.byte	17                              @ DW_AT_low_pc
	.byte	1                               @ DW_FORM_addr
	.byte	18                              @ DW_AT_high_pc
	.byte	6                               @ DW_FORM_data4
	.byte	64                              @ DW_AT_frame_base
	.byte	24                              @ DW_FORM_exprloc
	.ascii	"\227B"                         @ DW_AT_GNU_all_call_sites
	.byte	25                              @ DW_FORM_flag_present
	.byte	3                               @ DW_AT_name
	.byte	14                              @ DW_FORM_strp
	.byte	58                              @ DW_AT_decl_file
	.byte	11                              @ DW_FORM_data1
	.byte	59                              @ DW_AT_decl_line
	.byte	11                              @ DW_FORM_data1
	.byte	39                              @ DW_AT_prototyped
	.byte	25                              @ DW_FORM_flag_present
	.byte	73                              @ DW_AT_type
	.byte	19                              @ DW_FORM_ref4
	.byte	63                              @ DW_AT_external
	.byte	25                              @ DW_FORM_flag_present
	.byte	0                               @ EOM(1)
	.byte	0                               @ EOM(2)
	.byte	7                               @ Abbreviation Code
	.byte	5                               @ DW_TAG_formal_parameter
	.byte	0                               @ DW_CHILDREN_no
	.byte	2                               @ DW_AT_location
	.byte	23                              @ DW_FORM_sec_offset
	.byte	3                               @ DW_AT_name
	.byte	14                              @ DW_FORM_strp
	.byte	58                              @ DW_AT_decl_file
	.byte	11                              @ DW_FORM_data1
	.byte	59                              @ DW_AT_decl_line
	.byte	11                              @ DW_FORM_data1
	.byte	73                              @ DW_AT_type
	.byte	19                              @ DW_FORM_ref4
	.byte	0                               @ EOM(1)
	.byte	0                               @ EOM(2)
	.byte	8                               @ Abbreviation Code
	.byte	46                              @ DW_TAG_subprogram
	.byte	1                               @ DW_CHILDREN_yes
	.byte	17                              @ DW_AT_low_pc
	.byte	1                               @ DW_FORM_addr
	.byte	18                              @ DW_AT_high_pc
	.byte	6                               @ DW_FORM_data4
	.byte	64                              @ DW_AT_frame_base
	.byte	24                              @ DW_FORM_exprloc
	.ascii	"\227B"                         @ DW_AT_GNU_all_call_sites
	.byte	25                              @ DW_FORM_flag_present
	.byte	3                               @ DW_AT_name
	.byte	14                              @ DW_FORM_strp
	.byte	58                              @ DW_AT_decl_file
	.byte	11                              @ DW_FORM_data1
	.byte	59                              @ DW_AT_decl_line
	.byte	11                              @ DW_FORM_data1
	.byte	39                              @ DW_AT_prototyped
	.byte	25                              @ DW_FORM_flag_present
	.byte	63                              @ DW_AT_external
	.byte	25                              @ DW_FORM_flag_present
	.byte	0                               @ EOM(1)
	.byte	0                               @ EOM(2)
	.byte	9                               @ Abbreviation Code
	.ascii	"\211\202\001"                  @ DW_TAG_GNU_call_site
	.byte	0                               @ DW_CHILDREN_no
	.ascii	"\223B"                         @ DW_AT_GNU_call_site_target
	.byte	24                              @ DW_FORM_exprloc
	.ascii	"\225B"                         @ DW_AT_GNU_tail_call
	.byte	25                              @ DW_FORM_flag_present
	.byte	17                              @ DW_AT_low_pc
	.byte	1                               @ DW_FORM_addr
	.byte	0                               @ EOM(1)
	.byte	0                               @ EOM(2)
	.byte	10                              @ Abbreviation Code
	.byte	15                              @ DW_TAG_pointer_type
	.byte	0                               @ DW_CHILDREN_no
	.byte	73                              @ DW_AT_type
	.byte	19                              @ DW_FORM_ref4
	.byte	0                               @ EOM(1)
	.byte	0                               @ EOM(2)
	.byte	11                              @ Abbreviation Code
	.byte	19                              @ DW_TAG_structure_type
	.byte	1                               @ DW_CHILDREN_yes
	.byte	3                               @ DW_AT_name
	.byte	14                              @ DW_FORM_strp
	.byte	11                              @ DW_AT_byte_size
	.byte	11                              @ DW_FORM_data1
	.byte	58                              @ DW_AT_decl_file
	.byte	11                              @ DW_FORM_data1
	.byte	59                              @ DW_AT_decl_line
	.byte	11                              @ DW_FORM_data1
	.byte	0                               @ EOM(1)
	.byte	0                               @ EOM(2)
	.byte	12                              @ Abbreviation Code
	.byte	13                              @ DW_TAG_member
	.byte	0                               @ DW_CHILDREN_no
	.byte	3                               @ DW_AT_name
	.byte	14                              @ DW_FORM_strp
	.byte	73                              @ DW_AT_type
	.byte	19                              @ DW_FORM_ref4
	.byte	58                              @ DW_AT_decl_file
	.byte	11                              @ DW_FORM_data1
	.byte	59                              @ DW_AT_decl_line
	.byte	11                              @ DW_FORM_data1
	.byte	56                              @ DW_AT_data_member_location
	.byte	11                              @ DW_FORM_data1
	.byte	0                               @ EOM(1)
	.byte	0                               @ EOM(2)
	.byte	13                              @ Abbreviation Code
	.byte	22                              @ DW_TAG_typedef
	.byte	0                               @ DW_CHILDREN_no
	.byte	73                              @ DW_AT_type
	.byte	19                              @ DW_FORM_ref4
	.byte	3                               @ DW_AT_name
	.byte	14                              @ DW_FORM_strp
	.byte	58                              @ DW_AT_decl_file
	.byte	11                              @ DW_FORM_data1
	.byte	59                              @ DW_AT_decl_line
	.byte	5                               @ DW_FORM_data2
	.byte	0                               @ EOM(1)
	.byte	0                               @ EOM(2)
	.byte	14                              @ Abbreviation Code
	.byte	19                              @ DW_TAG_structure_type
	.byte	1                               @ DW_CHILDREN_yes
	.byte	11                              @ DW_AT_byte_size
	.byte	11                              @ DW_FORM_data1
	.byte	58                              @ DW_AT_decl_file
	.byte	11                              @ DW_FORM_data1
	.byte	59                              @ DW_AT_decl_line
	.byte	5                               @ DW_FORM_data2
	.byte	0                               @ EOM(1)
	.byte	0                               @ EOM(2)
	.byte	15                              @ Abbreviation Code
	.byte	13                              @ DW_TAG_member
	.byte	0                               @ DW_CHILDREN_no
	.byte	3                               @ DW_AT_name
	.byte	14                              @ DW_FORM_strp
	.byte	73                              @ DW_AT_type
	.byte	19                              @ DW_FORM_ref4
	.byte	58                              @ DW_AT_decl_file
	.byte	11                              @ DW_FORM_data1
	.byte	59                              @ DW_AT_decl_line
	.byte	5                               @ DW_FORM_data2
	.byte	56                              @ DW_AT_data_member_location
	.byte	11                              @ DW_FORM_data1
	.byte	0                               @ EOM(1)
	.byte	0                               @ EOM(2)
	.byte	16                              @ Abbreviation Code
	.byte	53                              @ DW_TAG_volatile_type
	.byte	0                               @ DW_CHILDREN_no
	.byte	73                              @ DW_AT_type
	.byte	19                              @ DW_FORM_ref4
	.byte	0                               @ EOM(1)
	.byte	0                               @ EOM(2)
	.byte	17                              @ Abbreviation Code
	.byte	19                              @ DW_TAG_structure_type
	.byte	1                               @ DW_CHILDREN_yes
	.byte	11                              @ DW_AT_byte_size
	.byte	11                              @ DW_FORM_data1
	.byte	58                              @ DW_AT_decl_file
	.byte	11                              @ DW_FORM_data1
	.byte	59                              @ DW_AT_decl_line
	.byte	11                              @ DW_FORM_data1
	.byte	0                               @ EOM(1)
	.byte	0                               @ EOM(2)
	.byte	18                              @ Abbreviation Code
	.byte	15                              @ DW_TAG_pointer_type
	.byte	0                               @ DW_CHILDREN_no
	.byte	0                               @ EOM(1)
	.byte	0                               @ EOM(2)
	.byte	19                              @ Abbreviation Code
	.byte	21                              @ DW_TAG_subroutine_type
	.byte	1                               @ DW_CHILDREN_yes
	.byte	39                              @ DW_AT_prototyped
	.byte	25                              @ DW_FORM_flag_present
	.byte	0                               @ EOM(1)
	.byte	0                               @ EOM(2)
	.byte	20                              @ Abbreviation Code
	.byte	5                               @ DW_TAG_formal_parameter
	.byte	0                               @ DW_CHILDREN_no
	.byte	73                              @ DW_AT_type
	.byte	19                              @ DW_FORM_ref4
	.byte	0                               @ EOM(1)
	.byte	0                               @ EOM(2)
	.byte	0                               @ EOM(3)
	.section	.debug_info,"",%progbits
.Lcu_begin0:
	.long	.Ldebug_info_end0-.Ldebug_info_start0 @ Length of Unit
.Ldebug_info_start0:
	.short	4                               @ DWARF version number
	.long	.debug_abbrev                   @ Offset Into Abbrev. Section
	.byte	4                               @ Address Size (in bytes)
	.byte	1                               @ Abbrev [1] 0xb:0x4d4 DW_TAG_compile_unit
	.long	.Linfo_string0                  @ DW_AT_producer
	.short	12                              @ DW_AT_language
	.long	.Linfo_string1                  @ DW_AT_name
	.long	.Lline_table_start0             @ DW_AT_stmt_list
	.long	.Linfo_string2                  @ DW_AT_comp_dir
	.long	0                               @ DW_AT_low_pc
	.long	.Ldebug_ranges0                 @ DW_AT_ranges
	.byte	2                               @ Abbrev [2] 0x26:0x21 DW_TAG_enumeration_type
	.long	71                              @ DW_AT_type
	.byte	1                               @ DW_AT_byte_size
	.byte	1                               @ DW_AT_decl_file
	.byte	39                              @ DW_AT_decl_line
	.byte	3                               @ Abbrev [3] 0x2e:0x6 DW_TAG_enumerator
	.long	.Linfo_string4                  @ DW_AT_name
	.byte	0                               @ DW_AT_const_value
	.byte	3                               @ Abbrev [3] 0x34:0x6 DW_TAG_enumerator
	.long	.Linfo_string5                  @ DW_AT_name
	.byte	1                               @ DW_AT_const_value
	.byte	3                               @ Abbrev [3] 0x3a:0x6 DW_TAG_enumerator
	.long	.Linfo_string6                  @ DW_AT_name
	.byte	2                               @ DW_AT_const_value
	.byte	3                               @ Abbrev [3] 0x40:0x6 DW_TAG_enumerator
	.long	.Linfo_string7                  @ DW_AT_name
	.byte	3                               @ DW_AT_const_value
	.byte	0                               @ End Of Children Mark
	.byte	4                               @ Abbrev [4] 0x47:0x7 DW_TAG_base_type
	.long	.Linfo_string3                  @ DW_AT_name
	.byte	8                               @ DW_AT_encoding
	.byte	1                               @ DW_AT_byte_size
	.byte	2                               @ Abbrev [2] 0x4e:0x15 DW_TAG_enumeration_type
	.long	71                              @ DW_AT_type
	.byte	1                               @ DW_AT_byte_size
	.byte	1                               @ DW_AT_decl_file
	.byte	50                              @ DW_AT_decl_line
	.byte	3                               @ Abbrev [3] 0x56:0x6 DW_TAG_enumerator
	.long	.Linfo_string8                  @ DW_AT_name
	.byte	0                               @ DW_AT_const_value
	.byte	3                               @ Abbrev [3] 0x5c:0x6 DW_TAG_enumerator
	.long	.Linfo_string9                  @ DW_AT_name
	.byte	1                               @ DW_AT_const_value
	.byte	0                               @ End Of Children Mark
	.byte	2                               @ Abbrev [2] 0x63:0x21 DW_TAG_enumeration_type
	.long	71                              @ DW_AT_type
	.byte	1                               @ DW_AT_byte_size
	.byte	2                               @ DW_AT_decl_file
	.byte	80                              @ DW_AT_decl_line
	.byte	3                               @ Abbrev [3] 0x6b:0x6 DW_TAG_enumerator
	.long	.Linfo_string10                 @ DW_AT_name
	.byte	0                               @ DW_AT_const_value
	.byte	3                               @ Abbrev [3] 0x71:0x6 DW_TAG_enumerator
	.long	.Linfo_string11                 @ DW_AT_name
	.byte	1                               @ DW_AT_const_value
	.byte	3                               @ Abbrev [3] 0x77:0x6 DW_TAG_enumerator
	.long	.Linfo_string12                 @ DW_AT_name
	.byte	2                               @ DW_AT_const_value
	.byte	3                               @ Abbrev [3] 0x7d:0x6 DW_TAG_enumerator
	.long	.Linfo_string13                 @ DW_AT_name
	.byte	3                               @ DW_AT_const_value
	.byte	0                               @ End Of Children Mark
	.byte	2                               @ Abbrev [2] 0x84:0x15 DW_TAG_enumeration_type
	.long	71                              @ DW_AT_type
	.byte	1                               @ DW_AT_byte_size
	.byte	3                               @ DW_AT_decl_file
	.byte	147                             @ DW_AT_decl_line
	.byte	3                               @ Abbrev [3] 0x8c:0x6 DW_TAG_enumerator
	.long	.Linfo_string14                 @ DW_AT_name
	.byte	0                               @ DW_AT_const_value
	.byte	3                               @ Abbrev [3] 0x92:0x6 DW_TAG_enumerator
	.long	.Linfo_string15                 @ DW_AT_name
	.byte	1                               @ DW_AT_const_value
	.byte	0                               @ End Of Children Mark
	.byte	5                               @ Abbrev [5] 0x99:0xb DW_TAG_typedef
	.long	164                             @ DW_AT_type
	.long	.Linfo_string17                 @ DW_AT_name
	.byte	4                               @ DW_AT_decl_file
	.byte	64                              @ DW_AT_decl_line
	.byte	4                               @ Abbrev [4] 0xa4:0x7 DW_TAG_base_type
	.long	.Linfo_string16                 @ DW_AT_name
	.byte	7                               @ DW_AT_encoding
	.byte	4                               @ DW_AT_byte_size
	.byte	6                               @ Abbrev [6] 0xab:0x34 DW_TAG_subprogram
	.long	.Lfunc_begin0                   @ DW_AT_low_pc
	.long	.Lfunc_end0-.Lfunc_begin0       @ DW_AT_high_pc
	.byte	1                               @ DW_AT_frame_base
	.byte	93
                                        @ DW_AT_GNU_all_call_sites
	.long	.Linfo_string18                 @ DW_AT_name
	.byte	5                               @ DW_AT_decl_file
	.byte	96                              @ DW_AT_decl_line
                                        @ DW_AT_prototyped
	.long	389                             @ DW_AT_type
                                        @ DW_AT_external
	.byte	7                               @ Abbrev [7] 0xc0:0xf DW_TAG_formal_parameter
	.long	.Ldebug_loc0                    @ DW_AT_location
	.long	.Linfo_string24                 @ DW_AT_name
	.byte	5                               @ DW_AT_decl_file
	.byte	96                              @ DW_AT_decl_line
	.long	400                             @ DW_AT_type
	.byte	7                               @ Abbrev [7] 0xcf:0xf DW_TAG_formal_parameter
	.long	.Ldebug_loc1                    @ DW_AT_location
	.long	.Linfo_string73                 @ DW_AT_name
	.byte	5                               @ DW_AT_decl_file
	.byte	96                              @ DW_AT_decl_line
	.long	1097                            @ DW_AT_type
	.byte	0                               @ End Of Children Mark
	.byte	6                               @ Abbrev [6] 0xdf:0x34 DW_TAG_subprogram
	.long	.Lfunc_begin1                   @ DW_AT_low_pc
	.long	.Lfunc_end1-.Lfunc_begin1       @ DW_AT_high_pc
	.byte	1                               @ DW_AT_frame_base
	.byte	93
                                        @ DW_AT_GNU_all_call_sites
	.long	.Linfo_string20                 @ DW_AT_name
	.byte	5                               @ DW_AT_decl_file
	.byte	142                             @ DW_AT_decl_line
                                        @ DW_AT_prototyped
	.long	389                             @ DW_AT_type
                                        @ DW_AT_external
	.byte	7                               @ Abbrev [7] 0xf4:0xf DW_TAG_formal_parameter
	.long	.Ldebug_loc2                    @ DW_AT_location
	.long	.Linfo_string24                 @ DW_AT_name
	.byte	5                               @ DW_AT_decl_file
	.byte	142                             @ DW_AT_decl_line
	.long	400                             @ DW_AT_type
	.byte	7                               @ Abbrev [7] 0x103:0xf DW_TAG_formal_parameter
	.long	.Ldebug_loc3                    @ DW_AT_location
	.long	.Linfo_string81                 @ DW_AT_name
	.byte	5                               @ DW_AT_decl_file
	.byte	143                             @ DW_AT_decl_line
	.long	1189                            @ DW_AT_type
	.byte	0                               @ End Of Children Mark
	.byte	6                               @ Abbrev [6] 0x113:0x25 DW_TAG_subprogram
	.long	.Lfunc_begin2                   @ DW_AT_low_pc
	.long	.Lfunc_end2-.Lfunc_begin2       @ DW_AT_high_pc
	.byte	1                               @ DW_AT_frame_base
	.byte	93
                                        @ DW_AT_GNU_all_call_sites
	.long	.Linfo_string21                 @ DW_AT_name
	.byte	5                               @ DW_AT_decl_file
	.byte	182                             @ DW_AT_decl_line
                                        @ DW_AT_prototyped
	.long	389                             @ DW_AT_type
                                        @ DW_AT_external
	.byte	7                               @ Abbrev [7] 0x128:0xf DW_TAG_formal_parameter
	.long	.Ldebug_loc4                    @ DW_AT_location
	.long	.Linfo_string24                 @ DW_AT_name
	.byte	5                               @ DW_AT_decl_file
	.byte	182                             @ DW_AT_decl_line
	.long	400                             @ DW_AT_type
	.byte	0                               @ End Of Children Mark
	.byte	6                               @ Abbrev [6] 0x138:0x25 DW_TAG_subprogram
	.long	.Lfunc_begin3                   @ DW_AT_low_pc
	.long	.Lfunc_end3-.Lfunc_begin3       @ DW_AT_high_pc
	.byte	1                               @ DW_AT_frame_base
	.byte	93
                                        @ DW_AT_GNU_all_call_sites
	.long	.Linfo_string22                 @ DW_AT_name
	.byte	5                               @ DW_AT_decl_file
	.byte	210                             @ DW_AT_decl_line
                                        @ DW_AT_prototyped
	.long	389                             @ DW_AT_type
                                        @ DW_AT_external
	.byte	7                               @ Abbrev [7] 0x14d:0xf DW_TAG_formal_parameter
	.long	.Ldebug_loc5                    @ DW_AT_location
	.long	.Linfo_string24                 @ DW_AT_name
	.byte	5                               @ DW_AT_decl_file
	.byte	210                             @ DW_AT_decl_line
	.long	400                             @ DW_AT_type
	.byte	0                               @ End Of Children Mark
	.byte	8                               @ Abbrev [8] 0x15d:0x28 DW_TAG_subprogram
	.long	.Lfunc_begin4                   @ DW_AT_low_pc
	.long	.Lfunc_end4-.Lfunc_begin4       @ DW_AT_high_pc
	.byte	1                               @ DW_AT_frame_base
	.byte	93
                                        @ DW_AT_GNU_all_call_sites
	.long	.Linfo_string23                 @ DW_AT_name
	.byte	5                               @ DW_AT_decl_file
	.byte	238                             @ DW_AT_decl_line
                                        @ DW_AT_prototyped
                                        @ DW_AT_external
	.byte	7                               @ Abbrev [7] 0x16e:0xf DW_TAG_formal_parameter
	.long	.Ldebug_loc6                    @ DW_AT_location
	.long	.Linfo_string24                 @ DW_AT_name
	.byte	5                               @ DW_AT_decl_file
	.byte	238                             @ DW_AT_decl_line
	.long	400                             @ DW_AT_type
	.byte	9                               @ Abbrev [9] 0x17d:0x7 DW_TAG_GNU_call_site
	.byte	1                               @ DW_AT_GNU_call_site_target
	.byte	81
                                        @ DW_AT_GNU_tail_call
	.long	.Ltmp55                         @ DW_AT_low_pc
	.byte	0                               @ End Of Children Mark
	.byte	5                               @ Abbrev [5] 0x185:0xb DW_TAG_typedef
	.long	38                              @ DW_AT_type
	.long	.Linfo_string19                 @ DW_AT_name
	.byte	1                               @ DW_AT_decl_file
	.byte	45                              @ DW_AT_decl_line
	.byte	10                              @ Abbrev [10] 0x190:0x5 DW_TAG_pointer_type
	.long	405                             @ DW_AT_type
	.byte	5                               @ Abbrev [5] 0x195:0xb DW_TAG_typedef
	.long	416                             @ DW_AT_type
	.long	.Linfo_string72                 @ DW_AT_name
	.byte	2                               @ DW_AT_decl_file
	.byte	152                             @ DW_AT_decl_line
	.byte	11                              @ Abbrev [11] 0x1a0:0xe1 DW_TAG_structure_type
	.long	.Linfo_string71                 @ DW_AT_name
	.byte	96                              @ DW_AT_byte_size
	.byte	2                               @ DW_AT_decl_file
	.byte	114                             @ DW_AT_decl_line
	.byte	12                              @ Abbrev [12] 0x1a8:0xc DW_TAG_member
	.long	.Linfo_string25                 @ DW_AT_name
	.long	641                             @ DW_AT_type
	.byte	2                               @ DW_AT_decl_file
	.byte	116                             @ DW_AT_decl_line
	.byte	0                               @ DW_AT_data_member_location
	.byte	12                              @ Abbrev [12] 0x1b4:0xc DW_TAG_member
	.long	.Linfo_string31                 @ DW_AT_name
	.long	721                             @ DW_AT_type
	.byte	2                               @ DW_AT_decl_file
	.byte	118                             @ DW_AT_decl_line
	.byte	4                               @ DW_AT_data_member_location
	.byte	12                              @ Abbrev [12] 0x1c0:0xc DW_TAG_member
	.long	.Linfo_string41                 @ DW_AT_name
	.long	833                             @ DW_AT_type
	.byte	2                               @ DW_AT_decl_file
	.byte	120                             @ DW_AT_decl_line
	.byte	36                              @ DW_AT_data_member_location
	.byte	12                              @ Abbrev [12] 0x1cc:0xc DW_TAG_member
	.long	.Linfo_string43                 @ DW_AT_name
	.long	844                             @ DW_AT_type
	.byte	2                               @ DW_AT_decl_file
	.byte	122                             @ DW_AT_decl_line
	.byte	37                              @ DW_AT_data_member_location
	.byte	12                              @ Abbrev [12] 0x1d8:0xc DW_TAG_member
	.long	.Linfo_string45                 @ DW_AT_name
	.long	860                             @ DW_AT_type
	.byte	2                               @ DW_AT_decl_file
	.byte	124                             @ DW_AT_decl_line
	.byte	40                              @ DW_AT_data_member_location
	.byte	12                              @ Abbrev [12] 0x1e4:0xc DW_TAG_member
	.long	.Linfo_string46                 @ DW_AT_name
	.long	861                             @ DW_AT_type
	.byte	2                               @ DW_AT_decl_file
	.byte	126                             @ DW_AT_decl_line
	.byte	44                              @ DW_AT_data_member_location
	.byte	12                              @ Abbrev [12] 0x1f0:0xc DW_TAG_member
	.long	.Linfo_string47                 @ DW_AT_name
	.long	861                             @ DW_AT_type
	.byte	2                               @ DW_AT_decl_file
	.byte	128                             @ DW_AT_decl_line
	.byte	48                              @ DW_AT_data_member_location
	.byte	12                              @ Abbrev [12] 0x1fc:0xc DW_TAG_member
	.long	.Linfo_string48                 @ DW_AT_name
	.long	861                             @ DW_AT_type
	.byte	2                               @ DW_AT_decl_file
	.byte	130                             @ DW_AT_decl_line
	.byte	52                              @ DW_AT_data_member_location
	.byte	12                              @ Abbrev [12] 0x208:0xc DW_TAG_member
	.long	.Linfo_string49                 @ DW_AT_name
	.long	861                             @ DW_AT_type
	.byte	2                               @ DW_AT_decl_file
	.byte	132                             @ DW_AT_decl_line
	.byte	56                              @ DW_AT_data_member_location
	.byte	12                              @ Abbrev [12] 0x214:0xc DW_TAG_member
	.long	.Linfo_string50                 @ DW_AT_name
	.long	716                             @ DW_AT_type
	.byte	2                               @ DW_AT_decl_file
	.byte	134                             @ DW_AT_decl_line
	.byte	60                              @ DW_AT_data_member_location
	.byte	12                              @ Abbrev [12] 0x220:0xc DW_TAG_member
	.long	.Linfo_string51                 @ DW_AT_name
	.long	878                             @ DW_AT_type
	.byte	2                               @ DW_AT_decl_file
	.byte	136                             @ DW_AT_decl_line
	.byte	64                              @ DW_AT_data_member_location
	.byte	12                              @ Abbrev [12] 0x22c:0xc DW_TAG_member
	.long	.Linfo_string55                 @ DW_AT_name
	.long	153                             @ DW_AT_type
	.byte	2                               @ DW_AT_decl_file
	.byte	138                             @ DW_AT_decl_line
	.byte	68                              @ DW_AT_data_member_location
	.byte	12                              @ Abbrev [12] 0x238:0xc DW_TAG_member
	.long	.Linfo_string56                 @ DW_AT_name
	.long	927                             @ DW_AT_type
	.byte	2                               @ DW_AT_decl_file
	.byte	140                             @ DW_AT_decl_line
	.byte	72                              @ DW_AT_data_member_location
	.byte	12                              @ Abbrev [12] 0x244:0xc DW_TAG_member
	.long	.Linfo_string58                 @ DW_AT_name
	.long	963                             @ DW_AT_type
	.byte	2                               @ DW_AT_decl_file
	.byte	142                             @ DW_AT_decl_line
	.byte	76                              @ DW_AT_data_member_location
	.byte	12                              @ Abbrev [12] 0x250:0xc DW_TAG_member
	.long	.Linfo_string62                 @ DW_AT_name
	.long	153                             @ DW_AT_type
	.byte	2                               @ DW_AT_decl_file
	.byte	144                             @ DW_AT_decl_line
	.byte	80                              @ DW_AT_data_member_location
	.byte	12                              @ Abbrev [12] 0x25c:0xc DW_TAG_member
	.long	.Linfo_string63                 @ DW_AT_name
	.long	1012                            @ DW_AT_type
	.byte	2                               @ DW_AT_decl_file
	.byte	146                             @ DW_AT_decl_line
	.byte	84                              @ DW_AT_data_member_location
	.byte	12                              @ Abbrev [12] 0x268:0xc DW_TAG_member
	.long	.Linfo_string66                 @ DW_AT_name
	.long	1048                            @ DW_AT_type
	.byte	2                               @ DW_AT_decl_file
	.byte	148                             @ DW_AT_decl_line
	.byte	88                              @ DW_AT_data_member_location
	.byte	12                              @ Abbrev [12] 0x274:0xc DW_TAG_member
	.long	.Linfo_string70                 @ DW_AT_name
	.long	153                             @ DW_AT_type
	.byte	2                               @ DW_AT_decl_file
	.byte	150                             @ DW_AT_decl_line
	.byte	92                              @ DW_AT_data_member_location
	.byte	0                               @ End Of Children Mark
	.byte	10                              @ Abbrev [10] 0x281:0x5 DW_TAG_pointer_type
	.long	646                             @ DW_AT_type
	.byte	13                              @ Abbrev [13] 0x286:0xc DW_TAG_typedef
	.long	658                             @ DW_AT_type
	.long	.Linfo_string30                 @ DW_AT_name
	.byte	6                               @ DW_AT_decl_file
	.short	397                             @ DW_AT_decl_line
	.byte	14                              @ Abbrev [14] 0x292:0x3a DW_TAG_structure_type
	.byte	16                              @ DW_AT_byte_size
	.byte	6                               @ DW_AT_decl_file
	.short	391                             @ DW_AT_decl_line
	.byte	15                              @ Abbrev [15] 0x297:0xd DW_TAG_member
	.long	.Linfo_string26                 @ DW_AT_name
	.long	716                             @ DW_AT_type
	.byte	6                               @ DW_AT_decl_file
	.short	393                             @ DW_AT_decl_line
	.byte	0                               @ DW_AT_data_member_location
	.byte	15                              @ Abbrev [15] 0x2a4:0xd DW_TAG_member
	.long	.Linfo_string27                 @ DW_AT_name
	.long	716                             @ DW_AT_type
	.byte	6                               @ DW_AT_decl_file
	.short	394                             @ DW_AT_decl_line
	.byte	4                               @ DW_AT_data_member_location
	.byte	15                              @ Abbrev [15] 0x2b1:0xd DW_TAG_member
	.long	.Linfo_string28                 @ DW_AT_name
	.long	716                             @ DW_AT_type
	.byte	6                               @ DW_AT_decl_file
	.short	395                             @ DW_AT_decl_line
	.byte	8                               @ DW_AT_data_member_location
	.byte	15                              @ Abbrev [15] 0x2be:0xd DW_TAG_member
	.long	.Linfo_string29                 @ DW_AT_name
	.long	716                             @ DW_AT_type
	.byte	6                               @ DW_AT_decl_file
	.short	396                             @ DW_AT_decl_line
	.byte	12                              @ DW_AT_data_member_location
	.byte	0                               @ End Of Children Mark
	.byte	16                              @ Abbrev [16] 0x2cc:0x5 DW_TAG_volatile_type
	.long	153                             @ DW_AT_type
	.byte	5                               @ Abbrev [5] 0x2d1:0xb DW_TAG_typedef
	.long	732                             @ DW_AT_type
	.long	.Linfo_string40                 @ DW_AT_name
	.byte	2                               @ DW_AT_decl_file
	.byte	75                              @ DW_AT_decl_line
	.byte	17                              @ Abbrev [17] 0x2dc:0x65 DW_TAG_structure_type
	.byte	32                              @ DW_AT_byte_size
	.byte	2                               @ DW_AT_decl_file
	.byte	47                              @ DW_AT_decl_line
	.byte	12                              @ Abbrev [12] 0x2e0:0xc DW_TAG_member
	.long	.Linfo_string32                 @ DW_AT_name
	.long	153                             @ DW_AT_type
	.byte	2                               @ DW_AT_decl_file
	.byte	49                              @ DW_AT_decl_line
	.byte	0                               @ DW_AT_data_member_location
	.byte	12                              @ Abbrev [12] 0x2ec:0xc DW_TAG_member
	.long	.Linfo_string33                 @ DW_AT_name
	.long	153                             @ DW_AT_type
	.byte	2                               @ DW_AT_decl_file
	.byte	52                              @ DW_AT_decl_line
	.byte	4                               @ DW_AT_data_member_location
	.byte	12                              @ Abbrev [12] 0x2f8:0xc DW_TAG_member
	.long	.Linfo_string34                 @ DW_AT_name
	.long	153                             @ DW_AT_type
	.byte	2                               @ DW_AT_decl_file
	.byte	56                              @ DW_AT_decl_line
	.byte	8                               @ DW_AT_data_member_location
	.byte	12                              @ Abbrev [12] 0x304:0xc DW_TAG_member
	.long	.Linfo_string35                 @ DW_AT_name
	.long	153                             @ DW_AT_type
	.byte	2                               @ DW_AT_decl_file
	.byte	59                              @ DW_AT_decl_line
	.byte	12                              @ DW_AT_data_member_location
	.byte	12                              @ Abbrev [12] 0x310:0xc DW_TAG_member
	.long	.Linfo_string36                 @ DW_AT_name
	.long	153                             @ DW_AT_type
	.byte	2                               @ DW_AT_decl_file
	.byte	62                              @ DW_AT_decl_line
	.byte	16                              @ DW_AT_data_member_location
	.byte	12                              @ Abbrev [12] 0x31c:0xc DW_TAG_member
	.long	.Linfo_string37                 @ DW_AT_name
	.long	153                             @ DW_AT_type
	.byte	2                               @ DW_AT_decl_file
	.byte	65                              @ DW_AT_decl_line
	.byte	20                              @ DW_AT_data_member_location
	.byte	12                              @ Abbrev [12] 0x328:0xc DW_TAG_member
	.long	.Linfo_string38                 @ DW_AT_name
	.long	153                             @ DW_AT_type
	.byte	2                               @ DW_AT_decl_file
	.byte	68                              @ DW_AT_decl_line
	.byte	24                              @ DW_AT_data_member_location
	.byte	12                              @ Abbrev [12] 0x334:0xc DW_TAG_member
	.long	.Linfo_string39                 @ DW_AT_name
	.long	153                             @ DW_AT_type
	.byte	2                               @ DW_AT_decl_file
	.byte	73                              @ DW_AT_decl_line
	.byte	28                              @ DW_AT_data_member_location
	.byte	0                               @ End Of Children Mark
	.byte	5                               @ Abbrev [5] 0x341:0xb DW_TAG_typedef
	.long	78                              @ DW_AT_type
	.long	.Linfo_string42                 @ DW_AT_name
	.byte	1                               @ DW_AT_decl_file
	.byte	54                              @ DW_AT_decl_line
	.byte	16                              @ Abbrev [16] 0x34c:0x5 DW_TAG_volatile_type
	.long	849                             @ DW_AT_type
	.byte	5                               @ Abbrev [5] 0x351:0xb DW_TAG_typedef
	.long	99                              @ DW_AT_type
	.long	.Linfo_string44                 @ DW_AT_name
	.byte	2                               @ DW_AT_decl_file
	.byte	86                              @ DW_AT_decl_line
	.byte	18                              @ Abbrev [18] 0x35c:0x1 DW_TAG_pointer_type
	.byte	10                              @ Abbrev [10] 0x35d:0x5 DW_TAG_pointer_type
	.long	866                             @ DW_AT_type
	.byte	19                              @ Abbrev [19] 0x362:0x7 DW_TAG_subroutine_type
                                        @ DW_AT_prototyped
	.byte	20                              @ Abbrev [20] 0x363:0x5 DW_TAG_formal_parameter
	.long	873                             @ DW_AT_type
	.byte	0                               @ End Of Children Mark
	.byte	10                              @ Abbrev [10] 0x369:0x5 DW_TAG_pointer_type
	.long	416                             @ DW_AT_type
	.byte	10                              @ Abbrev [10] 0x36e:0x5 DW_TAG_pointer_type
	.long	883                             @ DW_AT_type
	.byte	13                              @ Abbrev [13] 0x373:0xc DW_TAG_typedef
	.long	895                             @ DW_AT_type
	.long	.Linfo_string54                 @ DW_AT_name
	.byte	6                               @ DW_AT_decl_file
	.short	403                             @ DW_AT_decl_line
	.byte	14                              @ Abbrev [14] 0x37f:0x20 DW_TAG_structure_type
	.byte	8                               @ DW_AT_byte_size
	.byte	6                               @ DW_AT_decl_file
	.short	399                             @ DW_AT_decl_line
	.byte	15                              @ Abbrev [15] 0x384:0xd DW_TAG_member
	.long	.Linfo_string52                 @ DW_AT_name
	.long	716                             @ DW_AT_type
	.byte	6                               @ DW_AT_decl_file
	.short	401                             @ DW_AT_decl_line
	.byte	0                               @ DW_AT_data_member_location
	.byte	15                              @ Abbrev [15] 0x391:0xd DW_TAG_member
	.long	.Linfo_string53                 @ DW_AT_name
	.long	716                             @ DW_AT_type
	.byte	6                               @ DW_AT_decl_file
	.short	402                             @ DW_AT_decl_line
	.byte	4                               @ DW_AT_data_member_location
	.byte	0                               @ End Of Children Mark
	.byte	10                              @ Abbrev [10] 0x39f:0x5 DW_TAG_pointer_type
	.long	932                             @ DW_AT_type
	.byte	13                              @ Abbrev [13] 0x3a4:0xc DW_TAG_typedef
	.long	944                             @ DW_AT_type
	.long	.Linfo_string57                 @ DW_AT_name
	.byte	6                               @ DW_AT_decl_file
	.short	412                             @ DW_AT_decl_line
	.byte	14                              @ Abbrev [14] 0x3b0:0x13 DW_TAG_structure_type
	.byte	4                               @ DW_AT_byte_size
	.byte	6                               @ DW_AT_decl_file
	.short	409                             @ DW_AT_decl_line
	.byte	15                              @ Abbrev [15] 0x3b5:0xd DW_TAG_member
	.long	.Linfo_string26                 @ DW_AT_name
	.long	716                             @ DW_AT_type
	.byte	6                               @ DW_AT_decl_file
	.short	411                             @ DW_AT_decl_line
	.byte	0                               @ DW_AT_data_member_location
	.byte	0                               @ End Of Children Mark
	.byte	10                              @ Abbrev [10] 0x3c3:0x5 DW_TAG_pointer_type
	.long	968                             @ DW_AT_type
	.byte	13                              @ Abbrev [13] 0x3c8:0xc DW_TAG_typedef
	.long	980                             @ DW_AT_type
	.long	.Linfo_string61                 @ DW_AT_name
	.byte	6                               @ DW_AT_decl_file
	.short	418                             @ DW_AT_decl_line
	.byte	14                              @ Abbrev [14] 0x3d4:0x20 DW_TAG_structure_type
	.byte	8                               @ DW_AT_byte_size
	.byte	6                               @ DW_AT_decl_file
	.short	414                             @ DW_AT_decl_line
	.byte	15                              @ Abbrev [15] 0x3d9:0xd DW_TAG_member
	.long	.Linfo_string59                 @ DW_AT_name
	.long	716                             @ DW_AT_type
	.byte	6                               @ DW_AT_decl_file
	.short	416                             @ DW_AT_decl_line
	.byte	0                               @ DW_AT_data_member_location
	.byte	15                              @ Abbrev [15] 0x3e6:0xd DW_TAG_member
	.long	.Linfo_string60                 @ DW_AT_name
	.long	716                             @ DW_AT_type
	.byte	6                               @ DW_AT_decl_file
	.short	417                             @ DW_AT_decl_line
	.byte	4                               @ DW_AT_data_member_location
	.byte	0                               @ End Of Children Mark
	.byte	10                              @ Abbrev [10] 0x3f4:0x5 DW_TAG_pointer_type
	.long	1017                            @ DW_AT_type
	.byte	13                              @ Abbrev [13] 0x3f9:0xc DW_TAG_typedef
	.long	1029                            @ DW_AT_type
	.long	.Linfo_string65                 @ DW_AT_name
	.byte	6                               @ DW_AT_decl_file
	.short	423                             @ DW_AT_decl_line
	.byte	14                              @ Abbrev [14] 0x405:0x13 DW_TAG_structure_type
	.byte	4                               @ DW_AT_byte_size
	.byte	6                               @ DW_AT_decl_file
	.short	420                             @ DW_AT_decl_line
	.byte	15                              @ Abbrev [15] 0x40a:0xd DW_TAG_member
	.long	.Linfo_string64                 @ DW_AT_name
	.long	716                             @ DW_AT_type
	.byte	6                               @ DW_AT_decl_file
	.short	422                             @ DW_AT_decl_line
	.byte	0                               @ DW_AT_data_member_location
	.byte	0                               @ End Of Children Mark
	.byte	10                              @ Abbrev [10] 0x418:0x5 DW_TAG_pointer_type
	.long	1053                            @ DW_AT_type
	.byte	13                              @ Abbrev [13] 0x41d:0xc DW_TAG_typedef
	.long	1065                            @ DW_AT_type
	.long	.Linfo_string69                 @ DW_AT_name
	.byte	6                               @ DW_AT_decl_file
	.short	429                             @ DW_AT_decl_line
	.byte	14                              @ Abbrev [14] 0x429:0x20 DW_TAG_structure_type
	.byte	8                               @ DW_AT_byte_size
	.byte	6                               @ DW_AT_decl_file
	.short	425                             @ DW_AT_decl_line
	.byte	15                              @ Abbrev [15] 0x42e:0xd DW_TAG_member
	.long	.Linfo_string67                 @ DW_AT_name
	.long	716                             @ DW_AT_type
	.byte	6                               @ DW_AT_decl_file
	.short	427                             @ DW_AT_decl_line
	.byte	0                               @ DW_AT_data_member_location
	.byte	15                              @ Abbrev [15] 0x43b:0xd DW_TAG_member
	.long	.Linfo_string68                 @ DW_AT_name
	.long	716                             @ DW_AT_type
	.byte	6                               @ DW_AT_decl_file
	.short	428                             @ DW_AT_decl_line
	.byte	4                               @ DW_AT_data_member_location
	.byte	0                               @ End Of Children Mark
	.byte	10                              @ Abbrev [10] 0x449:0x5 DW_TAG_pointer_type
	.long	1102                            @ DW_AT_type
	.byte	5                               @ Abbrev [5] 0x44e:0xb DW_TAG_typedef
	.long	1113                            @ DW_AT_type
	.long	.Linfo_string80                 @ DW_AT_name
	.byte	7                               @ DW_AT_decl_file
	.byte	71                              @ DW_AT_decl_line
	.byte	17                              @ Abbrev [17] 0x459:0x41 DW_TAG_structure_type
	.byte	16                              @ DW_AT_byte_size
	.byte	7                               @ DW_AT_decl_file
	.byte	52                              @ DW_AT_decl_line
	.byte	12                              @ Abbrev [12] 0x45d:0xc DW_TAG_member
	.long	.Linfo_string74                 @ DW_AT_name
	.long	153                             @ DW_AT_type
	.byte	7                               @ DW_AT_decl_file
	.byte	54                              @ DW_AT_decl_line
	.byte	0                               @ DW_AT_data_member_location
	.byte	12                              @ Abbrev [12] 0x469:0xc DW_TAG_member
	.long	.Linfo_string75                 @ DW_AT_name
	.long	153                             @ DW_AT_type
	.byte	7                               @ DW_AT_decl_file
	.byte	57                              @ DW_AT_decl_line
	.byte	4                               @ DW_AT_data_member_location
	.byte	12                              @ Abbrev [12] 0x475:0xc DW_TAG_member
	.long	.Linfo_string76                 @ DW_AT_name
	.long	1178                            @ DW_AT_type
	.byte	7                               @ DW_AT_decl_file
	.byte	60                              @ DW_AT_decl_line
	.byte	8                               @ DW_AT_data_member_location
	.byte	12                              @ Abbrev [12] 0x481:0xc DW_TAG_member
	.long	.Linfo_string78                 @ DW_AT_name
	.long	1178                            @ DW_AT_type
	.byte	7                               @ DW_AT_decl_file
	.byte	64                              @ DW_AT_decl_line
	.byte	9                               @ DW_AT_data_member_location
	.byte	12                              @ Abbrev [12] 0x48d:0xc DW_TAG_member
	.long	.Linfo_string79                 @ DW_AT_name
	.long	153                             @ DW_AT_type
	.byte	7                               @ DW_AT_decl_file
	.byte	67                              @ DW_AT_decl_line
	.byte	12                              @ DW_AT_data_member_location
	.byte	0                               @ End Of Children Mark
	.byte	5                               @ Abbrev [5] 0x49a:0xb DW_TAG_typedef
	.long	132                             @ DW_AT_type
	.long	.Linfo_string77                 @ DW_AT_name
	.byte	3                               @ DW_AT_decl_file
	.byte	151                             @ DW_AT_decl_line
	.byte	10                              @ Abbrev [10] 0x4a5:0x5 DW_TAG_pointer_type
	.long	1194                            @ DW_AT_type
	.byte	5                               @ Abbrev [5] 0x4aa:0xb DW_TAG_typedef
	.long	1205                            @ DW_AT_type
	.long	.Linfo_string84                 @ DW_AT_name
	.byte	7                               @ DW_AT_decl_file
	.byte	88                              @ DW_AT_decl_line
	.byte	17                              @ Abbrev [17] 0x4b5:0x29 DW_TAG_structure_type
	.byte	12                              @ DW_AT_byte_size
	.byte	7                               @ DW_AT_decl_file
	.byte	77                              @ DW_AT_decl_line
	.byte	12                              @ Abbrev [12] 0x4b9:0xc DW_TAG_member
	.long	.Linfo_string82                 @ DW_AT_name
	.long	153                             @ DW_AT_type
	.byte	7                               @ DW_AT_decl_file
	.byte	79                              @ DW_AT_decl_line
	.byte	0                               @ DW_AT_data_member_location
	.byte	12                              @ Abbrev [12] 0x4c5:0xc DW_TAG_member
	.long	.Linfo_string83                 @ DW_AT_name
	.long	153                             @ DW_AT_type
	.byte	7                               @ DW_AT_decl_file
	.byte	82                              @ DW_AT_decl_line
	.byte	4                               @ DW_AT_data_member_location
	.byte	12                              @ Abbrev [12] 0x4d1:0xc DW_TAG_member
	.long	.Linfo_string79                 @ DW_AT_name
	.long	153                             @ DW_AT_type
	.byte	7                               @ DW_AT_decl_file
	.byte	85                              @ DW_AT_decl_line
	.byte	8                               @ DW_AT_data_member_location
	.byte	0                               @ End Of Children Mark
	.byte	0                               @ End Of Children Mark
.Ldebug_info_end0:
	.section	.debug_ranges,"",%progbits
.Ldebug_ranges0:
	.long	.Lfunc_begin0
	.long	.Lfunc_end0
	.long	.Lfunc_begin1
	.long	.Lfunc_end1
	.long	.Lfunc_begin2
	.long	.Lfunc_end2
	.long	.Lfunc_begin3
	.long	.Lfunc_end3
	.long	.Lfunc_begin4
	.long	.Lfunc_end4
	.long	0
	.long	0
	.section	.debug_str,"MS",%progbits,1
.Linfo_string0:
	.asciz	"Component: ARM Compiler 6.16 Tool: armclang [5dfeb700]" @ string offset=0
.Linfo_string1:
	.asciz	"../src/driver/stm32g4-v120/src\\stm32g4xx_hal_dma_ex.c" @ string offset=55
.Linfo_string2:
	.asciz	"C:\\Users\\grodriguez\\Documents\\iit\\icub-firmware\\emBODY\\eBcode\\arch-arm\\libs\\lowlevel\\stm32hal\\proj" @ string offset=109
.Linfo_string3:
	.asciz	"unsigned char"                 @ string offset=208
.Linfo_string4:
	.asciz	"HAL_OK"                        @ string offset=222
.Linfo_string5:
	.asciz	"HAL_ERROR"                     @ string offset=229
.Linfo_string6:
	.asciz	"HAL_BUSY"                      @ string offset=239
.Linfo_string7:
	.asciz	"HAL_TIMEOUT"                   @ string offset=248
.Linfo_string8:
	.asciz	"HAL_UNLOCKED"                  @ string offset=260
.Linfo_string9:
	.asciz	"HAL_LOCKED"                    @ string offset=273
.Linfo_string10:
	.asciz	"HAL_DMA_STATE_RESET"           @ string offset=284
.Linfo_string11:
	.asciz	"HAL_DMA_STATE_READY"           @ string offset=304
.Linfo_string12:
	.asciz	"HAL_DMA_STATE_BUSY"            @ string offset=324
.Linfo_string13:
	.asciz	"HAL_DMA_STATE_TIMEOUT"         @ string offset=343
.Linfo_string14:
	.asciz	"DISABLE"                       @ string offset=365
.Linfo_string15:
	.asciz	"ENABLE"                        @ string offset=373
.Linfo_string16:
	.asciz	"unsigned int"                  @ string offset=380
.Linfo_string17:
	.asciz	"uint32_t"                      @ string offset=393
.Linfo_string18:
	.asciz	"HAL_DMAEx_ConfigMuxSync"       @ string offset=402
.Linfo_string19:
	.asciz	"HAL_StatusTypeDef"             @ string offset=426
.Linfo_string20:
	.asciz	"HAL_DMAEx_ConfigMuxRequestGenerator" @ string offset=444
.Linfo_string21:
	.asciz	"HAL_DMAEx_EnableMuxRequestGenerator" @ string offset=480
.Linfo_string22:
	.asciz	"HAL_DMAEx_DisableMuxRequestGenerator" @ string offset=516
.Linfo_string23:
	.asciz	"HAL_DMAEx_MUX_IRQHandler"      @ string offset=553
.Linfo_string24:
	.asciz	"hdma"                          @ string offset=578
.Linfo_string25:
	.asciz	"Instance"                      @ string offset=583
.Linfo_string26:
	.asciz	"CCR"                           @ string offset=592
.Linfo_string27:
	.asciz	"CNDTR"                         @ string offset=596
.Linfo_string28:
	.asciz	"CPAR"                          @ string offset=602
.Linfo_string29:
	.asciz	"CMAR"                          @ string offset=607
.Linfo_string30:
	.asciz	"DMA_Channel_TypeDef"           @ string offset=612
.Linfo_string31:
	.asciz	"Init"                          @ string offset=632
.Linfo_string32:
	.asciz	"Request"                       @ string offset=637
.Linfo_string33:
	.asciz	"Direction"                     @ string offset=645
.Linfo_string34:
	.asciz	"PeriphInc"                     @ string offset=655
.Linfo_string35:
	.asciz	"MemInc"                        @ string offset=665
.Linfo_string36:
	.asciz	"PeriphDataAlignment"           @ string offset=672
.Linfo_string37:
	.asciz	"MemDataAlignment"              @ string offset=692
.Linfo_string38:
	.asciz	"Mode"                          @ string offset=709
.Linfo_string39:
	.asciz	"Priority"                      @ string offset=714
.Linfo_string40:
	.asciz	"DMA_InitTypeDef"               @ string offset=723
.Linfo_string41:
	.asciz	"Lock"                          @ string offset=739
.Linfo_string42:
	.asciz	"HAL_LockTypeDef"               @ string offset=744
.Linfo_string43:
	.asciz	"State"                         @ string offset=760
.Linfo_string44:
	.asciz	"HAL_DMA_StateTypeDef"          @ string offset=766
.Linfo_string45:
	.asciz	"Parent"                        @ string offset=787
.Linfo_string46:
	.asciz	"XferCpltCallback"              @ string offset=794
.Linfo_string47:
	.asciz	"XferHalfCpltCallback"          @ string offset=811
.Linfo_string48:
	.asciz	"XferErrorCallback"             @ string offset=832
.Linfo_string49:
	.asciz	"XferAbortCallback"             @ string offset=850
.Linfo_string50:
	.asciz	"ErrorCode"                     @ string offset=868
.Linfo_string51:
	.asciz	"DmaBaseAddress"                @ string offset=878
.Linfo_string52:
	.asciz	"ISR"                           @ string offset=893
.Linfo_string53:
	.asciz	"IFCR"                          @ string offset=897
.Linfo_string54:
	.asciz	"DMA_TypeDef"                   @ string offset=902
.Linfo_string55:
	.asciz	"ChannelIndex"                  @ string offset=914
.Linfo_string56:
	.asciz	"DMAmuxChannel"                 @ string offset=927
.Linfo_string57:
	.asciz	"DMAMUX_Channel_TypeDef"        @ string offset=941
.Linfo_string58:
	.asciz	"DMAmuxChannelStatus"           @ string offset=964
.Linfo_string59:
	.asciz	"CSR"                           @ string offset=984
.Linfo_string60:
	.asciz	"CFR"                           @ string offset=988
.Linfo_string61:
	.asciz	"DMAMUX_ChannelStatus_TypeDef"  @ string offset=992
.Linfo_string62:
	.asciz	"DMAmuxChannelStatusMask"       @ string offset=1021
.Linfo_string63:
	.asciz	"DMAmuxRequestGen"              @ string offset=1045
.Linfo_string64:
	.asciz	"RGCR"                          @ string offset=1062
.Linfo_string65:
	.asciz	"DMAMUX_RequestGen_TypeDef"     @ string offset=1067
.Linfo_string66:
	.asciz	"DMAmuxRequestGenStatus"        @ string offset=1093
.Linfo_string67:
	.asciz	"RGSR"                          @ string offset=1116
.Linfo_string68:
	.asciz	"RGCFR"                         @ string offset=1121
.Linfo_string69:
	.asciz	"DMAMUX_RequestGenStatus_TypeDef" @ string offset=1127
.Linfo_string70:
	.asciz	"DMAmuxRequestGenStatusMask"    @ string offset=1159
.Linfo_string71:
	.asciz	"__DMA_HandleTypeDef"           @ string offset=1186
.Linfo_string72:
	.asciz	"DMA_HandleTypeDef"             @ string offset=1206
.Linfo_string73:
	.asciz	"pSyncConfig"                   @ string offset=1224
.Linfo_string74:
	.asciz	"SyncSignalID"                  @ string offset=1236
.Linfo_string75:
	.asciz	"SyncPolarity"                  @ string offset=1249
.Linfo_string76:
	.asciz	"SyncEnable"                    @ string offset=1262
.Linfo_string77:
	.asciz	"FunctionalState"               @ string offset=1273
.Linfo_string78:
	.asciz	"EventEnable"                   @ string offset=1289
.Linfo_string79:
	.asciz	"RequestNumber"                 @ string offset=1301
.Linfo_string80:
	.asciz	"HAL_DMA_MuxSyncConfigTypeDef"  @ string offset=1315
.Linfo_string81:
	.asciz	"pRequestGeneratorConfig"       @ string offset=1344
.Linfo_string82:
	.asciz	"SignalID"                      @ string offset=1368
.Linfo_string83:
	.asciz	"Polarity"                      @ string offset=1377
.Linfo_string84:
	.asciz	"HAL_DMA_MuxRequestGeneratorConfigTypeDef" @ string offset=1386
	.ident	"Component: ARM Compiler 6.16 Tool: armclang [5dfeb700]"
	.section	".note.GNU-stack","",%progbits
	.eabi_attribute	30, 3	@ Tag_ABI_optimization_goals
	.ARM_attribute	16, 1	@ Tag_AV_eba
	.section	.debug_line,"",%progbits
.Lline_table_start0:
